<?xml version="1.0" encoding="UTF-8"?>
<testsuite xmlns:xsi="http://www.w3.org/2001/XMLSchema-instance" xsi:noNamespaceSchemaLocation="https://maven.apache.org/surefire/maven-surefire-plugin/xsd/surefire-test-report-3.0.xsd" version="3.0" name="mx.gob.oadprs.sicosel.services.FolioServiceSpec" time="7.673" tests="1" errors="0" skipped="0" failures="0">
  <properties>
    <property name="awt.toolkit" value="sun.awt.X11.XToolkit"/>
    <property name="java.specification.version" value="11"/>
    <property name="sun.cpu.isalist" value=""/>
    <property name="sun.jnu.encoding" value="UTF-8"/>
    <property name="java.class.path" value="/home/pinky/Proyectos/infotec/psr/target/test-classes:/home/pinky/Proyectos/infotec/psr/target/classes:/home/pinky/.m2/repository/org/springframework/boot/spring-boot-starter-data-jpa/2.6.3/spring-boot-starter-data-jpa-2.6.3.jar:/home/pinky/.m2/repository/org/springframework/boot/spring-boot-starter-aop/2.6.3/spring-boot-starter-aop-2.6.3.jar:/home/pinky/.m2/repository/org/aspectj/aspectjweaver/1.9.7/aspectjweaver-1.9.7.jar:/home/pinky/.m2/repository/org/springframework/boot/spring-boot-starter-jdbc/2.6.3/spring-boot-starter-jdbc-2.6.3.jar:/home/pinky/.m2/repository/com/zaxxer/HikariCP/4.0.3/HikariCP-4.0.3.jar:/home/pinky/.m2/repository/org/springframework/spring-jdbc/5.3.15/spring-jdbc-5.3.15.jar:/home/pinky/.m2/repository/jakarta/transaction/jakarta.transaction-api/1.3.3/jakarta.transaction-api-1.3.3.jar:/home/pinky/.m2/repository/jakarta/persistence/jakarta.persistence-api/2.2.3/jakarta.persistence-api-2.2.3.jar:/home/pinky/.m2/repository/org/hibernate/hibernate-core/5.6.4.Final/hibernate-core-5.6.4.Final.jar:/home/pinky/.m2/repository/org/jboss/logging/jboss-logging/3.4.3.Final/jboss-logging-3.4.3.Final.jar:/home/pinky/.m2/repository/net/bytebuddy/byte-buddy/1.11.22/byte-buddy-1.11.22.jar:/home/pinky/.m2/repository/antlr/antlr/2.7.7/antlr-2.7.7.jar:/home/pinky/.m2/repository/org/jboss/jandex/2.4.2.Final/jandex-2.4.2.Final.jar:/home/pinky/.m2/repository/com/fasterxml/classmate/1.5.1/classmate-1.5.1.jar:/home/pinky/.m2/repository/org/hibernate/common/hibernate-commons-annotations/5.1.2.Final/hibernate-commons-annotations-5.1.2.Final.jar:/home/pinky/.m2/repository/org/glassfish/jaxb/jaxb-runtime/2.3.5/jaxb-runtime-2.3.5.jar:/home/pinky/.m2/repository/org/glassfish/jaxb/txw2/2.3.5/txw2-2.3.5.jar:/home/pinky/.m2/repository/com/sun/istack/istack-commons-runtime/3.0.12/istack-commons-runtime-3.0.12.jar:/home/pinky/.m2/repository/com/sun/activation/jakarta.activation/1.2.2/jakarta.activation-1.2.2.jar:/home/pinky/.m2/repository/org/springframework/data/spring-data-jpa/2.6.1/spring-data-jpa-2.6.1.jar:/home/pinky/.m2/repository/org/springframework/data/spring-data-commons/2.6.1/spring-data-commons-2.6.1.jar:/home/pinky/.m2/repository/org/springframework/spring-orm/5.3.15/spring-orm-5.3.15.jar:/home/pinky/.m2/repository/org/springframework/spring-tx/5.3.15/spring-tx-5.3.15.jar:/home/pinky/.m2/repository/org/slf4j/slf4j-api/1.7.33/slf4j-api-1.7.33.jar:/home/pinky/.m2/repository/org/springframework/spring-aspects/5.3.15/spring-aspects-5.3.15.jar:/home/pinky/.m2/repository/org/springframework/boot/spring-boot-starter-validation/2.6.3/spring-boot-starter-validation-2.6.3.jar:/home/pinky/.m2/repository/org/springframework/boot/spring-boot-starter/2.6.3/spring-boot-starter-2.6.3.jar:/home/pinky/.m2/repository/org/springframework/boot/spring-boot/2.6.3/spring-boot-2.6.3.jar:/home/pinky/.m2/repository/org/springframework/boot/spring-boot-autoconfigure/2.6.3/spring-boot-autoconfigure-2.6.3.jar:/home/pinky/.m2/repository/org/springframework/boot/spring-boot-starter-logging/2.6.3/spring-boot-starter-logging-2.6.3.jar:/home/pinky/.m2/repository/ch/qos/logback/logback-classic/1.2.10/logback-classic-1.2.10.jar:/home/pinky/.m2/repository/ch/qos/logback/logback-core/1.2.10/logback-core-1.2.10.jar:/home/pinky/.m2/repository/org/apache/logging/log4j/log4j-to-slf4j/2.17.1/log4j-to-slf4j-2.17.1.jar:/home/pinky/.m2/repository/org/apache/logging/log4j/log4j-api/2.17.1/log4j-api-2.17.1.jar:/home/pinky/.m2/repository/org/slf4j/jul-to-slf4j/1.7.33/jul-to-slf4j-1.7.33.jar:/home/pinky/.m2/repository/jakarta/annotation/jakarta.annotation-api/1.3.5/jakarta.annotation-api-1.3.5.jar:/home/pinky/.m2/repository/org/yaml/snakeyaml/1.29/snakeyaml-1.29.jar:/home/pinky/.m2/repository/org/apache/tomcat/embed/tomcat-embed-el/9.0.56/tomcat-embed-el-9.0.56.jar:/home/pinky/.m2/repository/org/hibernate/validator/hibernate-validator/6.2.0.Final/hibernate-validator-6.2.0.Final.jar:/home/pinky/.m2/repository/jakarta/validation/jakarta.validation-api/2.0.2/jakarta.validation-api-2.0.2.jar:/home/pinky/.m2/repository/org/springframework/boot/spring-boot-starter-web/2.6.3/spring-boot-starter-web-2.6.3.jar:/home/pinky/.m2/repository/org/springframework/boot/spring-boot-starter-json/2.6.3/spring-boot-starter-json-2.6.3.jar:/home/pinky/.m2/repository/com/fasterxml/jackson/datatype/jackson-datatype-jdk8/2.13.1/jackson-datatype-jdk8-2.13.1.jar:/home/pinky/.m2/repository/com/fasterxml/jackson/datatype/jackson-datatype-jsr310/2.13.1/jackson-datatype-jsr310-2.13.1.jar:/home/pinky/.m2/repository/com/fasterxml/jackson/module/jackson-module-parameter-names/2.13.1/jackson-module-parameter-names-2.13.1.jar:/home/pinky/.m2/repository/org/springframework/boot/spring-boot-starter-tomcat/2.6.3/spring-boot-starter-tomcat-2.6.3.jar:/home/pinky/.m2/repository/org/apache/tomcat/embed/tomcat-embed-core/9.0.56/tomcat-embed-core-9.0.56.jar:/home/pinky/.m2/repository/org/apache/tomcat/embed/tomcat-embed-websocket/9.0.56/tomcat-embed-websocket-9.0.56.jar:/home/pinky/.m2/repository/org/springframework/spring-web/5.3.15/spring-web-5.3.15.jar:/home/pinky/.m2/repository/org/springframework/spring-webmvc/5.3.15/spring-webmvc-5.3.15.jar:/home/pinky/.m2/repository/org/springframework/boot/spring-boot-starter-webflux/2.6.3/spring-boot-starter-webflux-2.6.3.jar:/home/pinky/.m2/repository/org/springframework/boot/spring-boot-starter-reactor-netty/2.6.3/spring-boot-starter-reactor-netty-2.6.3.jar:/home/pinky/.m2/repository/io/projectreactor/netty/reactor-netty-http/1.0.15/reactor-netty-http-1.0.15.jar:/home/pinky/.m2/repository/io/netty/netty-codec-http/4.1.73.Final/netty-codec-http-4.1.73.Final.jar:/home/pinky/.m2/repository/io/netty/netty-common/4.1.73.Final/netty-common-4.1.73.Final.jar:/home/pinky/.m2/repository/io/netty/netty-buffer/4.1.73.Final/netty-buffer-4.1.73.Final.jar:/home/pinky/.m2/repository/io/netty/netty-transport/4.1.73.Final/netty-transport-4.1.73.Final.jar:/home/pinky/.m2/repository/io/netty/netty-codec/4.1.73.Final/netty-codec-4.1.73.Final.jar:/home/pinky/.m2/repository/io/netty/netty-handler/4.1.73.Final/netty-handler-4.1.73.Final.jar:/home/pinky/.m2/repository/io/netty/netty-tcnative-classes/2.0.46.Final/netty-tcnative-classes-2.0.46.Final.jar:/home/pinky/.m2/repository/io/netty/netty-codec-http2/4.1.73.Final/netty-codec-http2-4.1.73.Final.jar:/home/pinky/.m2/repository/io/netty/netty-resolver-dns/4.1.73.Final/netty-resolver-dns-4.1.73.Final.jar:/home/pinky/.m2/repository/io/netty/netty-resolver/4.1.73.Final/netty-resolver-4.1.73.Final.jar:/home/pinky/.m2/repository/io/netty/netty-codec-dns/4.1.73.Final/netty-codec-dns-4.1.73.Final.jar:/home/pinky/.m2/repository/io/netty/netty-resolver-dns-native-macos/4.1.73.Final/netty-resolver-dns-native-macos-4.1.73.Final-osx-x86_64.jar:/home/pinky/.m2/repository/io/netty/netty-resolver-dns-classes-macos/4.1.73.Final/netty-resolver-dns-classes-macos-4.1.73.Final.jar:/home/pinky/.m2/repository/io/netty/netty-transport-native-epoll/4.1.73.Final/netty-transport-native-epoll-4.1.73.Final-linux-x86_64.jar:/home/pinky/.m2/repository/io/netty/netty-transport-native-unix-common/4.1.73.Final/netty-transport-native-unix-common-4.1.73.Final.jar:/home/pinky/.m2/repository/io/netty/netty-transport-classes-epoll/4.1.73.Final/netty-transport-classes-epoll-4.1.73.Final.jar:/home/pinky/.m2/repository/io/projectreactor/netty/reactor-netty-core/1.0.15/reactor-netty-core-1.0.15.jar:/home/pinky/.m2/repository/io/netty/netty-handler-proxy/4.1.73.Final/netty-handler-proxy-4.1.73.Final.jar:/home/pinky/.m2/repository/io/netty/netty-codec-socks/4.1.73.Final/netty-codec-socks-4.1.73.Final.jar:/home/pinky/.m2/repository/org/springframework/spring-webflux/5.3.15/spring-webflux-5.3.15.jar:/home/pinky/.m2/repository/org/liquibase/liquibase-core/4.5.0/liquibase-core-4.5.0.jar:/home/pinky/.m2/repository/javax/xml/bind/jaxb-api/2.3.1/jaxb-api-2.3.1.jar:/home/pinky/.m2/repository/javax/activation/javax.activation-api/1.2.0/javax.activation-api-1.2.0.jar:/home/pinky/.m2/repository/org/springframework/security/spring-security-web/5.1.1.RELEASE/spring-security-web-5.1.1.RELEASE.jar:/home/pinky/.m2/repository/org/springframework/security/spring-security-core/5.6.1/spring-security-core-5.6.1.jar:/home/pinky/.m2/repository/org/springframework/security/spring-security-crypto/5.6.1/spring-security-crypto-5.6.1.jar:/home/pinky/.m2/repository/org/springframework/spring-aop/5.3.15/spring-aop-5.3.15.jar:/home/pinky/.m2/repository/org/springframework/spring-beans/5.3.15/spring-beans-5.3.15.jar:/home/pinky/.m2/repository/org/springframework/spring-context/5.3.15/spring-context-5.3.15.jar:/home/pinky/.m2/repository/org/springframework/spring-core/5.3.15/spring-core-5.3.15.jar:/home/pinky/.m2/repository/org/springframework/spring-jcl/5.3.15/spring-jcl-5.3.15.jar:/home/pinky/.m2/repository/org/springframework/spring-expression/5.3.15/spring-expression-5.3.15.jar:/home/pinky/.m2/repository/org/springframework/security/spring-security-config/5.1.1.RELEASE/spring-security-config-5.1.1.RELEASE.jar:/home/pinky/.m2/repository/org/postgresql/postgresql/42.3.1/postgresql-42.3.1.jar:/home/pinky/.m2/repository/org/checkerframework/checker-qual/3.5.0/checker-qual-3.5.0.jar:/home/pinky/.m2/repository/com/h2database/h2/1.4.200/h2-1.4.200.jar:/home/pinky/.m2/repository/org/projectlombok/lombok/1.18.22/lombok-1.18.22.jar:/home/pinky/.m2/repository/org/springframework/boot/spring-boot-starter-test/2.6.3/spring-boot-starter-test-2.6.3.jar:/home/pinky/.m2/repository/org/springframework/boot/spring-boot-test/2.6.3/spring-boot-test-2.6.3.jar:/home/pinky/.m2/repository/org/springframework/boot/spring-boot-test-autoconfigure/2.6.3/spring-boot-test-autoconfigure-2.6.3.jar:/home/pinky/.m2/repository/com/jayway/jsonpath/json-path/2.6.0/json-path-2.6.0.jar:/home/pinky/.m2/repository/net/minidev/json-smart/2.4.7/json-smart-2.4.7.jar:/home/pinky/.m2/repository/net/minidev/accessors-smart/2.4.7/accessors-smart-2.4.7.jar:/home/pinky/.m2/repository/org/ow2/asm/asm/9.1/asm-9.1.jar:/home/pinky/.m2/repository/jakarta/xml/bind/jakarta.xml.bind-api/2.3.3/jakarta.xml.bind-api-2.3.3.jar:/home/pinky/.m2/repository/jakarta/activation/jakarta.activation-api/1.2.2/jakarta.activation-api-1.2.2.jar:/home/pinky/.m2/repository/org/assertj/assertj-core/3.21.0/assertj-core-3.21.0.jar:/home/pinky/.m2/repository/org/hamcrest/hamcrest/2.2/hamcrest-2.2.jar:/home/pinky/.m2/repository/org/junit/jupiter/junit-jupiter/5.8.2/junit-jupiter-5.8.2.jar:/home/pinky/.m2/repository/org/junit/jupiter/junit-jupiter-params/5.8.2/junit-jupiter-params-5.8.2.jar:/home/pinky/.m2/repository/org/junit/jupiter/junit-jupiter-engine/5.8.2/junit-jupiter-engine-5.8.2.jar:/home/pinky/.m2/repository/org/mockito/mockito-core/4.0.0/mockito-core-4.0.0.jar:/home/pinky/.m2/repository/net/bytebuddy/byte-buddy-agent/1.11.22/byte-buddy-agent-1.11.22.jar:/home/pinky/.m2/repository/org/objenesis/objenesis/3.2/objenesis-3.2.jar:/home/pinky/.m2/repository/org/mockito/mockito-junit-jupiter/4.0.0/mockito-junit-jupiter-4.0.0.jar:/home/pinky/.m2/repository/org/skyscreamer/jsonassert/1.5.0/jsonassert-1.5.0.jar:/home/pinky/.m2/repository/com/vaadin/external/google/android-json/0.0.20131108.vaadin1/android-json-0.0.20131108.vaadin1.jar:/home/pinky/.m2/repository/org/springframework/spring-test/5.3.15/spring-test-5.3.15.jar:/home/pinky/.m2/repository/org/xmlunit/xmlunit-core/2.8.4/xmlunit-core-2.8.4.jar:/home/pinky/.m2/repository/io/projectreactor/reactor-test/3.4.14/reactor-test-3.4.14.jar:/home/pinky/.m2/repository/io/projectreactor/reactor-core/3.4.14/reactor-core-3.4.14.jar:/home/pinky/.m2/repository/org/reactivestreams/reactive-streams/1.0.3/reactive-streams-1.0.3.jar:/home/pinky/.m2/repository/org/spockframework/spock-core/2.1-M2-groovy-3.0/spock-core-2.1-M2-groovy-3.0.jar:/home/pinky/.m2/repository/org/codehaus/groovy/groovy/3.0.9/groovy-3.0.9.jar:/home/pinky/.m2/repository/org/junit/platform/junit-platform-engine/1.8.2/junit-platform-engine-1.8.2.jar:/home/pinky/.m2/repository/com/google/guava/guava/31.0.1-jre/guava-31.0.1-jre.jar:/home/pinky/.m2/repository/com/google/guava/failureaccess/1.0.1/failureaccess-1.0.1.jar:/home/pinky/.m2/repository/com/google/guava/listenablefuture/9999.0-empty-to-avoid-conflict-with-guava/listenablefuture-9999.0-empty-to-avoid-conflict-with-guava.jar:/home/pinky/.m2/repository/com/google/code/findbugs/jsr305/3.0.2/jsr305-3.0.2.jar:/home/pinky/.m2/repository/com/google/errorprone/error_prone_annotations/2.7.1/error_prone_annotations-2.7.1.jar:/home/pinky/.m2/repository/com/google/j2objc/j2objc-annotations/1.3/j2objc-annotations-1.3.jar:/home/pinky/.m2/repository/org/apache/commons/commons-lang3/3.0/commons-lang3-3.0.jar:/home/pinky/.m2/repository/org/spockframework/spock-spring/2.1-M2-groovy-3.0/spock-spring-2.1-M2-groovy-3.0.jar:/home/pinky/.m2/repository/org/junit/jupiter/junit-jupiter-api/5.8.2/junit-jupiter-api-5.8.2.jar:/home/pinky/.m2/repository/org/opentest4j/opentest4j/1.2.0/opentest4j-1.2.0.jar:/home/pinky/.m2/repository/org/junit/platform/junit-platform-commons/1.8.2/junit-platform-commons-1.8.2.jar:/home/pinky/.m2/repository/org/apiguardian/apiguardian-api/1.1.2/apiguardian-api-1.1.2.jar:/home/pinky/.m2/repository/io/jsonwebtoken/jjwt/0.9.1/jjwt-0.9.1.jar:/home/pinky/.m2/repository/com/fasterxml/jackson/core/jackson-databind/2.13.1/jackson-databind-2.13.1.jar:/home/pinky/.m2/repository/com/fasterxml/jackson/core/jackson-annotations/2.13.1/jackson-annotations-2.13.1.jar:/home/pinky/.m2/repository/com/fasterxml/jackson/core/jackson-core/2.13.1/jackson-core-2.13.1.jar:"/>
    <property name="java.vm.vendor" value="AdoptOpenJDK"/>
    <property name="sun.arch.data.model" value="64"/>
    <property name="catalina.useNaming" value="false"/>
    <property name="java.vendor.url" value="https://adoptopenjdk.net/"/>
    <property name="user.timezone" value="America/Mexico_City"/>
    <property name="java.vm.specification.version" value="11"/>
    <property name="os.name" value="Linux"/>
    <property name="sun.java.launcher" value="SUN_STANDARD"/>
    <property name="user.country" value="MX"/>
    <property name="sun.boot.library.path" value="/home/pinky/.sdkman/candidates/java/11.0.9.hs-adpt/lib"/>
    <property name="sun.java.command" value="/home/pinky/Proyectos/infotec/psr/target/surefire/surefirebooter4144934571116460068.jar /home/pinky/Proyectos/infotec/psr/target/surefire 2022-02-03T09-12-08_160-jvmRun1 surefire12223831397758769788tmp surefire_013156327507245007194tmp"/>
    <property name="jdk.debug" value="release"/>
    <property name="surefire.test.class.path" value="/home/pinky/Proyectos/infotec/psr/target/test-classes:/home/pinky/Proyectos/infotec/psr/target/classes:/home/pinky/.m2/repository/org/springframework/boot/spring-boot-starter-data-jpa/2.6.3/spring-boot-starter-data-jpa-2.6.3.jar:/home/pinky/.m2/repository/org/springframework/boot/spring-boot-starter-aop/2.6.3/spring-boot-starter-aop-2.6.3.jar:/home/pinky/.m2/repository/org/aspectj/aspectjweaver/1.9.7/aspectjweaver-1.9.7.jar:/home/pinky/.m2/repository/org/springframework/boot/spring-boot-starter-jdbc/2.6.3/spring-boot-starter-jdbc-2.6.3.jar:/home/pinky/.m2/repository/com/zaxxer/HikariCP/4.0.3/HikariCP-4.0.3.jar:/home/pinky/.m2/repository/org/springframework/spring-jdbc/5.3.15/spring-jdbc-5.3.15.jar:/home/pinky/.m2/repository/jakarta/transaction/jakarta.transaction-api/1.3.3/jakarta.transaction-api-1.3.3.jar:/home/pinky/.m2/repository/jakarta/persistence/jakarta.persistence-api/2.2.3/jakarta.persistence-api-2.2.3.jar:/home/pinky/.m2/repository/org/hibernate/hibernate-core/5.6.4.Final/hibernate-core-5.6.4.Final.jar:/home/pinky/.m2/repository/org/jboss/logging/jboss-logging/3.4.3.Final/jboss-logging-3.4.3.Final.jar:/home/pinky/.m2/repository/net/bytebuddy/byte-buddy/1.11.22/byte-buddy-1.11.22.jar:/home/pinky/.m2/repository/antlr/antlr/2.7.7/antlr-2.7.7.jar:/home/pinky/.m2/repository/org/jboss/jandex/2.4.2.Final/jandex-2.4.2.Final.jar:/home/pinky/.m2/repository/com/fasterxml/classmate/1.5.1/classmate-1.5.1.jar:/home/pinky/.m2/repository/org/hibernate/common/hibernate-commons-annotations/5.1.2.Final/hibernate-commons-annotations-5.1.2.Final.jar:/home/pinky/.m2/repository/org/glassfish/jaxb/jaxb-runtime/2.3.5/jaxb-runtime-2.3.5.jar:/home/pinky/.m2/repository/org/glassfish/jaxb/txw2/2.3.5/txw2-2.3.5.jar:/home/pinky/.m2/repository/com/sun/istack/istack-commons-runtime/3.0.12/istack-commons-runtime-3.0.12.jar:/home/pinky/.m2/repository/com/sun/activation/jakarta.activation/1.2.2/jakarta.activation-1.2.2.jar:/home/pinky/.m2/repository/org/springframework/data/spring-data-jpa/2.6.1/spring-data-jpa-2.6.1.jar:/home/pinky/.m2/repository/org/springframework/data/spring-data-commons/2.6.1/spring-data-commons-2.6.1.jar:/home/pinky/.m2/repository/org/springframework/spring-orm/5.3.15/spring-orm-5.3.15.jar:/home/pinky/.m2/repository/org/springframework/spring-tx/5.3.15/spring-tx-5.3.15.jar:/home/pinky/.m2/repository/org/slf4j/slf4j-api/1.7.33/slf4j-api-1.7.33.jar:/home/pinky/.m2/repository/org/springframework/spring-aspects/5.3.15/spring-aspects-5.3.15.jar:/home/pinky/.m2/repository/org/springframework/boot/spring-boot-starter-validation/2.6.3/spring-boot-starter-validation-2.6.3.jar:/home/pinky/.m2/repository/org/springframework/boot/spring-boot-starter/2.6.3/spring-boot-starter-2.6.3.jar:/home/pinky/.m2/repository/org/springframework/boot/spring-boot/2.6.3/spring-boot-2.6.3.jar:/home/pinky/.m2/repository/org/springframework/boot/spring-boot-autoconfigure/2.6.3/spring-boot-autoconfigure-2.6.3.jar:/home/pinky/.m2/repository/org/springframework/boot/spring-boot-starter-logging/2.6.3/spring-boot-starter-logging-2.6.3.jar:/home/pinky/.m2/repository/ch/qos/logback/logback-classic/1.2.10/logback-classic-1.2.10.jar:/home/pinky/.m2/repository/ch/qos/logback/logback-core/1.2.10/logback-core-1.2.10.jar:/home/pinky/.m2/repository/org/apache/logging/log4j/log4j-to-slf4j/2.17.1/log4j-to-slf4j-2.17.1.jar:/home/pinky/.m2/repository/org/apache/logging/log4j/log4j-api/2.17.1/log4j-api-2.17.1.jar:/home/pinky/.m2/repository/org/slf4j/jul-to-slf4j/1.7.33/jul-to-slf4j-1.7.33.jar:/home/pinky/.m2/repository/jakarta/annotation/jakarta.annotation-api/1.3.5/jakarta.annotation-api-1.3.5.jar:/home/pinky/.m2/repository/org/yaml/snakeyaml/1.29/snakeyaml-1.29.jar:/home/pinky/.m2/repository/org/apache/tomcat/embed/tomcat-embed-el/9.0.56/tomcat-embed-el-9.0.56.jar:/home/pinky/.m2/repository/org/hibernate/validator/hibernate-validator/6.2.0.Final/hibernate-validator-6.2.0.Final.jar:/home/pinky/.m2/repository/jakarta/validation/jakarta.validation-api/2.0.2/jakarta.validation-api-2.0.2.jar:/home/pinky/.m2/repository/org/springframework/boot/spring-boot-starter-web/2.6.3/spring-boot-starter-web-2.6.3.jar:/home/pinky/.m2/repository/org/springframework/boot/spring-boot-starter-json/2.6.3/spring-boot-starter-json-2.6.3.jar:/home/pinky/.m2/repository/com/fasterxml/jackson/datatype/jackson-datatype-jdk8/2.13.1/jackson-datatype-jdk8-2.13.1.jar:/home/pinky/.m2/repository/com/fasterxml/jackson/datatype/jackson-datatype-jsr310/2.13.1/jackson-datatype-jsr310-2.13.1.jar:/home/pinky/.m2/repository/com/fasterxml/jackson/module/jackson-module-parameter-names/2.13.1/jackson-module-parameter-names-2.13.1.jar:/home/pinky/.m2/repository/org/springframework/boot/spring-boot-starter-tomcat/2.6.3/spring-boot-starter-tomcat-2.6.3.jar:/home/pinky/.m2/repository/org/apache/tomcat/embed/tomcat-embed-core/9.0.56/tomcat-embed-core-9.0.56.jar:/home/pinky/.m2/repository/org/apache/tomcat/embed/tomcat-embed-websocket/9.0.56/tomcat-embed-websocket-9.0.56.jar:/home/pinky/.m2/repository/org/springframework/spring-web/5.3.15/spring-web-5.3.15.jar:/home/pinky/.m2/repository/org/springframework/spring-webmvc/5.3.15/spring-webmvc-5.3.15.jar:/home/pinky/.m2/repository/org/springframework/boot/spring-boot-starter-webflux/2.6.3/spring-boot-starter-webflux-2.6.3.jar:/home/pinky/.m2/repository/org/springframework/boot/spring-boot-starter-reactor-netty/2.6.3/spring-boot-starter-reactor-netty-2.6.3.jar:/home/pinky/.m2/repository/io/projectreactor/netty/reactor-netty-http/1.0.15/reactor-netty-http-1.0.15.jar:/home/pinky/.m2/repository/io/netty/netty-codec-http/4.1.73.Final/netty-codec-http-4.1.73.Final.jar:/home/pinky/.m2/repository/io/netty/netty-common/4.1.73.Final/netty-common-4.1.73.Final.jar:/home/pinky/.m2/repository/io/netty/netty-buffer/4.1.73.Final/netty-buffer-4.1.73.Final.jar:/home/pinky/.m2/repository/io/netty/netty-transport/4.1.73.Final/netty-transport-4.1.73.Final.jar:/home/pinky/.m2/repository/io/netty/netty-codec/4.1.73.Final/netty-codec-4.1.73.Final.jar:/home/pinky/.m2/repository/io/netty/netty-handler/4.1.73.Final/netty-handler-4.1.73.Final.jar:/home/pinky/.m2/repository/io/netty/netty-tcnative-classes/2.0.46.Final/netty-tcnative-classes-2.0.46.Final.jar:/home/pinky/.m2/repository/io/netty/netty-codec-http2/4.1.73.Final/netty-codec-http2-4.1.73.Final.jar:/home/pinky/.m2/repository/io/netty/netty-resolver-dns/4.1.73.Final/netty-resolver-dns-4.1.73.Final.jar:/home/pinky/.m2/repository/io/netty/netty-resolver/4.1.73.Final/netty-resolver-4.1.73.Final.jar:/home/pinky/.m2/repository/io/netty/netty-codec-dns/4.1.73.Final/netty-codec-dns-4.1.73.Final.jar:/home/pinky/.m2/repository/io/netty/netty-resolver-dns-native-macos/4.1.73.Final/netty-resolver-dns-native-macos-4.1.73.Final-osx-x86_64.jar:/home/pinky/.m2/repository/io/netty/netty-resolver-dns-classes-macos/4.1.73.Final/netty-resolver-dns-classes-macos-4.1.73.Final.jar:/home/pinky/.m2/repository/io/netty/netty-transport-native-epoll/4.1.73.Final/netty-transport-native-epoll-4.1.73.Final-linux-x86_64.jar:/home/pinky/.m2/repository/io/netty/netty-transport-native-unix-common/4.1.73.Final/netty-transport-native-unix-common-4.1.73.Final.jar:/home/pinky/.m2/repository/io/netty/netty-transport-classes-epoll/4.1.73.Final/netty-transport-classes-epoll-4.1.73.Final.jar:/home/pinky/.m2/repository/io/projectreactor/netty/reactor-netty-core/1.0.15/reactor-netty-core-1.0.15.jar:/home/pinky/.m2/repository/io/netty/netty-handler-proxy/4.1.73.Final/netty-handler-proxy-4.1.73.Final.jar:/home/pinky/.m2/repository/io/netty/netty-codec-socks/4.1.73.Final/netty-codec-socks-4.1.73.Final.jar:/home/pinky/.m2/repository/org/springframework/spring-webflux/5.3.15/spring-webflux-5.3.15.jar:/home/pinky/.m2/repository/org/liquibase/liquibase-core/4.5.0/liquibase-core-4.5.0.jar:/home/pinky/.m2/repository/javax/xml/bind/jaxb-api/2.3.1/jaxb-api-2.3.1.jar:/home/pinky/.m2/repository/javax/activation/javax.activation-api/1.2.0/javax.activation-api-1.2.0.jar:/home/pinky/.m2/repository/org/springframework/security/spring-security-web/5.1.1.RELEASE/spring-security-web-5.1.1.RELEASE.jar:/home/pinky/.m2/repository/org/springframework/security/spring-security-core/5.6.1/spring-security-core-5.6.1.jar:/home/pinky/.m2/repository/org/springframework/security/spring-security-crypto/5.6.1/spring-security-crypto-5.6.1.jar:/home/pinky/.m2/repository/org/springframework/spring-aop/5.3.15/spring-aop-5.3.15.jar:/home/pinky/.m2/repository/org/springframework/spring-beans/5.3.15/spring-beans-5.3.15.jar:/home/pinky/.m2/repository/org/springframework/spring-context/5.3.15/spring-context-5.3.15.jar:/home/pinky/.m2/repository/org/springframework/spring-core/5.3.15/spring-core-5.3.15.jar:/home/pinky/.m2/repository/org/springframework/spring-jcl/5.3.15/spring-jcl-5.3.15.jar:/home/pinky/.m2/repository/org/springframework/spring-expression/5.3.15/spring-expression-5.3.15.jar:/home/pinky/.m2/repository/org/springframework/security/spring-security-config/5.1.1.RELEASE/spring-security-config-5.1.1.RELEASE.jar:/home/pinky/.m2/repository/org/postgresql/postgresql/42.3.1/postgresql-42.3.1.jar:/home/pinky/.m2/repository/org/checkerframework/checker-qual/3.5.0/checker-qual-3.5.0.jar:/home/pinky/.m2/repository/com/h2database/h2/1.4.200/h2-1.4.200.jar:/home/pinky/.m2/repository/org/projectlombok/lombok/1.18.22/lombok-1.18.22.jar:/home/pinky/.m2/repository/org/springframework/boot/spring-boot-starter-test/2.6.3/spring-boot-starter-test-2.6.3.jar:/home/pinky/.m2/repository/org/springframework/boot/spring-boot-test/2.6.3/spring-boot-test-2.6.3.jar:/home/pinky/.m2/repository/org/springframework/boot/spring-boot-test-autoconfigure/2.6.3/spring-boot-test-autoconfigure-2.6.3.jar:/home/pinky/.m2/repository/com/jayway/jsonpath/json-path/2.6.0/json-path-2.6.0.jar:/home/pinky/.m2/repository/net/minidev/json-smart/2.4.7/json-smart-2.4.7.jar:/home/pinky/.m2/repository/net/minidev/accessors-smart/2.4.7/accessors-smart-2.4.7.jar:/home/pinky/.m2/repository/org/ow2/asm/asm/9.1/asm-9.1.jar:/home/pinky/.m2/repository/jakarta/xml/bind/jakarta.xml.bind-api/2.3.3/jakarta.xml.bind-api-2.3.3.jar:/home/pinky/.m2/repository/jakarta/activation/jakarta.activation-api/1.2.2/jakarta.activation-api-1.2.2.jar:/home/pinky/.m2/repository/org/assertj/assertj-core/3.21.0/assertj-core-3.21.0.jar:/home/pinky/.m2/repository/org/hamcrest/hamcrest/2.2/hamcrest-2.2.jar:/home/pinky/.m2/repository/org/junit/jupiter/junit-jupiter/5.8.2/junit-jupiter-5.8.2.jar:/home/pinky/.m2/repository/org/junit/jupiter/junit-jupiter-params/5.8.2/junit-jupiter-params-5.8.2.jar:/home/pinky/.m2/repository/org/junit/jupiter/junit-jupiter-engine/5.8.2/junit-jupiter-engine-5.8.2.jar:/home/pinky/.m2/repository/org/mockito/mockito-core/4.0.0/mockito-core-4.0.0.jar:/home/pinky/.m2/repository/net/bytebuddy/byte-buddy-agent/1.11.22/byte-buddy-agent-1.11.22.jar:/home/pinky/.m2/repository/org/objenesis/objenesis/3.2/objenesis-3.2.jar:/home/pinky/.m2/repository/org/mockito/mockito-junit-jupiter/4.0.0/mockito-junit-jupiter-4.0.0.jar:/home/pinky/.m2/repository/org/skyscreamer/jsonassert/1.5.0/jsonassert-1.5.0.jar:/home/pinky/.m2/repository/com/vaadin/external/google/android-json/0.0.20131108.vaadin1/android-json-0.0.20131108.vaadin1.jar:/home/pinky/.m2/repository/org/springframework/spring-test/5.3.15/spring-test-5.3.15.jar:/home/pinky/.m2/repository/org/xmlunit/xmlunit-core/2.8.4/xmlunit-core-2.8.4.jar:/home/pinky/.m2/repository/io/projectreactor/reactor-test/3.4.14/reactor-test-3.4.14.jar:/home/pinky/.m2/repository/io/projectreactor/reactor-core/3.4.14/reactor-core-3.4.14.jar:/home/pinky/.m2/repository/org/reactivestreams/reactive-streams/1.0.3/reactive-streams-1.0.3.jar:/home/pinky/.m2/repository/org/spockframework/spock-core/2.1-M2-groovy-3.0/spock-core-2.1-M2-groovy-3.0.jar:/home/pinky/.m2/repository/org/codehaus/groovy/groovy/3.0.9/groovy-3.0.9.jar:/home/pinky/.m2/repository/org/junit/platform/junit-platform-engine/1.8.2/junit-platform-engine-1.8.2.jar:/home/pinky/.m2/repository/com/google/guava/guava/31.0.1-jre/guava-31.0.1-jre.jar:/home/pinky/.m2/repository/com/google/guava/failureaccess/1.0.1/failureaccess-1.0.1.jar:/home/pinky/.m2/repository/com/google/guava/listenablefuture/9999.0-empty-to-avoid-conflict-with-guava/listenablefuture-9999.0-empty-to-avoid-conflict-with-guava.jar:/home/pinky/.m2/repository/com/google/code/findbugs/jsr305/3.0.2/jsr305-3.0.2.jar:/home/pinky/.m2/repository/com/google/errorprone/error_prone_annotations/2.7.1/error_prone_annotations-2.7.1.jar:/home/pinky/.m2/repository/com/google/j2objc/j2objc-annotations/1.3/j2objc-annotations-1.3.jar:/home/pinky/.m2/repository/org/apache/commons/commons-lang3/3.0/commons-lang3-3.0.jar:/home/pinky/.m2/repository/org/spockframework/spock-spring/2.1-M2-groovy-3.0/spock-spring-2.1-M2-groovy-3.0.jar:/home/pinky/.m2/repository/org/junit/jupiter/junit-jupiter-api/5.8.2/junit-jupiter-api-5.8.2.jar:/home/pinky/.m2/repository/org/opentest4j/opentest4j/1.2.0/opentest4j-1.2.0.jar:/home/pinky/.m2/repository/org/junit/platform/junit-platform-commons/1.8.2/junit-platform-commons-1.8.2.jar:/home/pinky/.m2/repository/org/apiguardian/apiguardian-api/1.1.2/apiguardian-api-1.1.2.jar:/home/pinky/.m2/repository/io/jsonwebtoken/jjwt/0.9.1/jjwt-0.9.1.jar:/home/pinky/.m2/repository/com/fasterxml/jackson/core/jackson-databind/2.13.1/jackson-databind-2.13.1.jar:/home/pinky/.m2/repository/com/fasterxml/jackson/core/jackson-annotations/2.13.1/jackson-annotations-2.13.1.jar:/home/pinky/.m2/repository/com/fasterxml/jackson/core/jackson-core/2.13.1/jackson-core-2.13.1.jar:"/>
    <property name="sun.cpu.endian" value="little"/>
    <property name="user.home" value="/home/pinky"/>
    <property name="user.language" value="es"/>
    <property name="java.specification.vendor" value="Oracle Corporation"/>
    <property name="java.version.date" value="2020-11-04"/>
    <property name="java.home" value="/home/pinky/.sdkman/candidates/java/11.0.9.hs-adpt"/>
    <property name="file.separator" value="/"/>
    <property name="basedir" value="/home/pinky/Proyectos/infotec/psr"/>
    <property name="java.vm.compressedOopsMode" value="Zero based"/>
    <property name="line.separator" value="&#10;"/>
    <property name="java.specification.name" value="Java Platform API Specification"/>
    <property name="java.vm.specification.vendor" value="Oracle Corporation"/>
    <property name="FILE_LOG_CHARSET" value="UTF-8"/>
    <property name="java.awt.graphicsenv" value="sun.awt.X11GraphicsEnvironment"/>
    <property name="java.awt.headless" value="true"/>
    <property name="surefire.real.class.path" value="/home/pinky/Proyectos/infotec/psr/target/surefire/surefirebooter4144934571116460068.jar"/>
    <property name="sun.management.compiler" value="HotSpot 64-Bit Tiered Compilers"/>
    <property name="java.runtime.version" value="11.0.9.1+1"/>
    <property name="user.name" value="pinky"/>
    <property name="path.separator" value=":"/>
    <property name="os.version" value="5.8.0-63-generic"/>
    <property name="java.runtime.name" value="OpenJDK Runtime Environment"/>
    <property name="file.encoding" value="UTF-8"/>
    <property name="spring.beaninfo.ignore" value="true"/>
    <property name="java.vm.name" value="OpenJDK 64-Bit Server VM"/>
    <property name="java.vendor.version" value="AdoptOpenJDK"/>
    <property name="localRepository" value="/home/pinky/.m2/repository"/>
    <property name="java.vendor.url.bug" value="https://github.com/AdoptOpenJDK/openjdk-support/issues"/>
    <property name="java.io.tmpdir" value="/tmp"/>
    <property name="catalina.home" value="/tmp/tomcat.0.8604675853345389474"/>
    <property name="com.zaxxer.hikari.pool_number" value="1"/>
    <property name="java.version" value="11.0.9.1"/>
    <property name="user.dir" value="/home/pinky/Proyectos/infotec/psr"/>
    <property name="os.arch" value="amd64"/>
    <property name="java.vm.specification.name" value="Java Virtual Machine Specification"/>
    <property name="PID" value="25760"/>
    <property name="java.awt.printerjob" value="sun.print.PSPrinterJob"/>
    <property name="sun.os.patch.level" value="unknown"/>
    <property name="CONSOLE_LOG_CHARSET" value="UTF-8"/>
    <property name="catalina.base" value="/tmp/tomcat.0.8604675853345389474"/>
    <property name="java.library.path" value="/usr/java/packages/lib:/usr/lib64:/lib64:/lib:/usr/lib"/>
    <property name="java.vm.info" value="mixed mode"/>
    <property name="java.vendor" value="AdoptOpenJDK"/>
    <property name="java.vm.version" value="11.0.9.1+1"/>
    <property name="sun.io.unicode.encoding" value="UnicodeLittle"/>
    <property name="java.class.version" value="55.0"/>
  </properties>
  <testcase name="Debe testear la generacion de folio" classname="mx.gob.oadprs.sicosel.services.FolioServiceSpec" time="0.307">
    <system-out><![CDATA[09:12:08.935 [main] DEBUG org.springframework.test.annotation.ProfileValueUtils - Retrieved @ProfileValueSourceConfiguration [null] for test class [mx.gob.oadprs.sicosel.services.FolioServiceSpec]
09:12:08.938 [main] DEBUG org.springframework.test.annotation.ProfileValueUtils - Retrieved ProfileValueSource type [class org.springframework.test.annotation.SystemProfileValueSource] for class [mx.gob.oadprs.sicosel.services.FolioServiceSpec]
09:12:08.938 [main] DEBUG org.springframework.test.annotation.ProfileValueUtils - Retrieved @ProfileValueSourceConfiguration [null] for test class [mx.gob.oadprs.sicosel.services.FolioServiceSpec]
09:12:08.938 [main] DEBUG org.springframework.test.annotation.ProfileValueUtils - Retrieved ProfileValueSource type [class org.springframework.test.annotation.SystemProfileValueSource] for class [mx.gob.oadprs.sicosel.services.FolioServiceSpec]
09:12:08.942 [main] DEBUG org.springframework.test.context.BootstrapUtils - Instantiating CacheAwareContextLoaderDelegate from class [org.springframework.test.context.cache.DefaultCacheAwareContextLoaderDelegate]
09:12:08.946 [main] DEBUG org.springframework.test.context.BootstrapUtils - Instantiating BootstrapContext using constructor [public org.springframework.test.context.support.DefaultBootstrapContext(java.lang.Class,org.springframework.test.context.CacheAwareContextLoaderDelegate)]
09:12:08.954 [main] DEBUG org.springframework.test.context.BootstrapUtils - Instantiating TestContextBootstrapper for test class [mx.gob.oadprs.sicosel.services.FolioServiceSpec] from class [org.springframework.boot.test.context.SpringBootTestContextBootstrapper]
09:12:08.961 [main] INFO org.springframework.boot.test.context.SpringBootTestContextBootstrapper - Neither @ContextConfiguration nor @ContextHierarchy found for test class [mx.gob.oadprs.sicosel.services.FolioServiceSpec], using SpringBootContextLoader
09:12:08.963 [main] DEBUG org.springframework.test.context.support.AbstractContextLoader - Did not detect default resource location for test class [mx.gob.oadprs.sicosel.services.FolioServiceSpec]: class path resource [mx/gob/oadprs/sicosel/services/FolioServiceSpec-context.xml] does not exist
09:12:08.964 [main] DEBUG org.springframework.test.context.support.AbstractContextLoader - Did not detect default resource location for test class [mx.gob.oadprs.sicosel.services.FolioServiceSpec]: class path resource [mx/gob/oadprs/sicosel/services/FolioServiceSpecContext.groovy] does not exist
09:12:08.964 [main] INFO org.springframework.test.context.support.AbstractContextLoader - Could not detect default resource locations for test class [mx.gob.oadprs.sicosel.services.FolioServiceSpec]: no resource found for suffixes {-context.xml, Context.groovy}.
09:12:08.964 [main] INFO org.springframework.test.context.support.AnnotationConfigContextLoaderUtils - Could not detect default configuration classes for test class [mx.gob.oadprs.sicosel.services.FolioServiceSpec]: FolioServiceSpec does not declare any static, non-private, non-final, nested classes annotated with @Configuration.
09:12:09.000 [main] DEBUG org.springframework.test.context.support.ActiveProfilesUtils - Could not find an 'annotation declaring class' for annotation type [org.springframework.test.context.ActiveProfiles] and class [mx.gob.oadprs.sicosel.services.FolioServiceSpec]
09:12:09.042 [main] DEBUG org.springframework.context.annotation.ClassPathScanningCandidateComponentProvider - Identified candidate component class: file [/home/pinky/Proyectos/infotec/psr/target/classes/mx/gob/oadprs/sicosel/PsrApplication.class]
09:12:09.043 [main] INFO org.springframework.boot.test.context.SpringBootTestContextBootstrapper - Found @SpringBootConfiguration mx.gob.oadprs.sicosel.PsrApplication for test class mx.gob.oadprs.sicosel.services.FolioServiceSpec
09:12:09.108 [main] DEBUG org.springframework.boot.test.context.SpringBootTestContextBootstrapper - @TestExecutionListeners is not present for class [mx.gob.oadprs.sicosel.services.FolioServiceSpec]: using defaults.
09:12:09.108 [main] INFO org.springframework.boot.test.context.SpringBootTestContextBootstrapper - Loaded default TestExecutionListener class names from location [META-INF/spring.factories]: [org.springframework.boot.test.mock.mockito.MockitoTestExecutionListener, org.springframework.boot.test.mock.mockito.ResetMocksTestExecutionListener, org.springframework.boot.test.autoconfigure.restdocs.RestDocsTestExecutionListener, org.springframework.boot.test.autoconfigure.web.client.MockRestServiceServerResetTestExecutionListener, org.springframework.boot.test.autoconfigure.web.servlet.MockMvcPrintOnlyOnFailureTestExecutionListener, org.springframework.boot.test.autoconfigure.web.servlet.WebDriverTestExecutionListener, org.springframework.boot.test.autoconfigure.webservices.client.MockWebServiceServerTestExecutionListener, org.springframework.test.context.web.ServletTestExecutionListener, org.springframework.test.context.support.DirtiesContextBeforeModesTestExecutionListener, org.springframework.test.context.event.ApplicationEventsTestExecutionListener, org.springframework.test.context.support.DependencyInjectionTestExecutionListener, org.springframework.test.context.support.DirtiesContextTestExecutionListener, org.springframework.test.context.transaction.TransactionalTestExecutionListener, org.springframework.test.context.jdbc.SqlScriptsTestExecutionListener, org.springframework.test.context.event.EventPublishingTestExecutionListener, org.spockframework.spring.SpringMockTestExecutionListener]
09:12:09.120 [main] INFO org.springframework.boot.test.context.SpringBootTestContextBootstrapper - Using TestExecutionListeners: [org.springframework.test.context.web.ServletTestExecutionListener@75d0911a, org.springframework.test.context.support.DirtiesContextBeforeModesTestExecutionListener@75e91545, org.springframework.test.context.event.ApplicationEventsTestExecutionListener@60d1a32f, org.springframework.boot.test.mock.mockito.MockitoTestExecutionListener@531c311e, org.springframework.boot.test.autoconfigure.SpringBootDependencyInjectionTestExecutionListener@22b53226, org.springframework.test.context.support.DirtiesContextTestExecutionListener@1fcb4808, org.springframework.test.context.transaction.TransactionalTestExecutionListener@726e5805, org.springframework.test.context.jdbc.SqlScriptsTestExecutionListener@40c80397, org.springframework.test.context.event.EventPublishingTestExecutionListener@4b672daa, org.springframework.boot.test.mock.mockito.ResetMocksTestExecutionListener@ea9b7c6, org.springframework.boot.test.autoconfigure.restdocs.RestDocsTestExecutionListener@e077866, org.springframework.boot.test.autoconfigure.web.client.MockRestServiceServerResetTestExecutionListener@ed3068a, org.springframework.boot.test.autoconfigure.web.servlet.MockMvcPrintOnlyOnFailureTestExecutionListener@7c2b6087, org.springframework.boot.test.autoconfigure.web.servlet.WebDriverTestExecutionListener@3fffff43, org.springframework.boot.test.autoconfigure.webservices.client.MockWebServiceServerTestExecutionListener@a8e6492, org.spockframework.spring.SpringMockTestExecutionListener@1c7fd41f]
09:12:09.141 [main] DEBUG org.springframework.test.annotation.ProfileValueUtils - Retrieved @ProfileValueSourceConfiguration [null] for test class [mx.gob.oadprs.sicosel.controllers.LoginControllerSpec]
09:12:09.141 [main] DEBUG org.springframework.test.annotation.ProfileValueUtils - Retrieved ProfileValueSource type [class org.springframework.test.annotation.SystemProfileValueSource] for class [mx.gob.oadprs.sicosel.controllers.LoginControllerSpec]
09:12:09.141 [main] DEBUG org.springframework.test.annotation.ProfileValueUtils - Retrieved @ProfileValueSourceConfiguration [null] for test class [mx.gob.oadprs.sicosel.controllers.LoginControllerSpec]
09:12:09.141 [main] DEBUG org.springframework.test.annotation.ProfileValueUtils - Retrieved ProfileValueSource type [class org.springframework.test.annotation.SystemProfileValueSource] for class [mx.gob.oadprs.sicosel.controllers.LoginControllerSpec]
09:12:09.141 [main] DEBUG org.springframework.test.annotation.ProfileValueUtils - Retrieved @ProfileValueSourceConfiguration [null] for test class [mx.gob.oadprs.sicosel.controllers.LoginControllerSpec]
09:12:09.141 [main] DEBUG org.springframework.test.annotation.ProfileValueUtils - Retrieved ProfileValueSource type [class org.springframework.test.annotation.SystemProfileValueSource] for class [mx.gob.oadprs.sicosel.controllers.LoginControllerSpec]
09:12:09.141 [main] DEBUG org.springframework.test.context.BootstrapUtils - Instantiating CacheAwareContextLoaderDelegate from class [org.springframework.test.context.cache.DefaultCacheAwareContextLoaderDelegate]
09:12:09.141 [main] DEBUG org.springframework.test.context.BootstrapUtils - Instantiating BootstrapContext using constructor [public org.springframework.test.context.support.DefaultBootstrapContext(java.lang.Class,org.springframework.test.context.CacheAwareContextLoaderDelegate)]
09:12:09.142 [main] DEBUG org.springframework.test.context.BootstrapUtils - Instantiating TestContextBootstrapper for test class [mx.gob.oadprs.sicosel.controllers.LoginControllerSpec] from class [org.springframework.boot.test.context.SpringBootTestContextBootstrapper]
09:12:09.142 [main] INFO org.springframework.boot.test.context.SpringBootTestContextBootstrapper - Neither @ContextConfiguration nor @ContextHierarchy found for test class [mx.gob.oadprs.sicosel.controllers.LoginControllerSpec], using SpringBootContextLoader
09:12:09.143 [main] DEBUG org.springframework.test.context.support.AbstractContextLoader - Did not detect default resource location for test class [mx.gob.oadprs.sicosel.controllers.LoginControllerSpec]: class path resource [mx/gob/oadprs/sicosel/controllers/LoginControllerSpec-context.xml] does not exist
09:12:09.143 [main] DEBUG org.springframework.test.context.support.AbstractContextLoader - Did not detect default resource location for test class [mx.gob.oadprs.sicosel.controllers.LoginControllerSpec]: class path resource [mx/gob/oadprs/sicosel/controllers/LoginControllerSpecContext.groovy] does not exist
09:12:09.143 [main] INFO org.springframework.test.context.support.AbstractContextLoader - Could not detect default resource locations for test class [mx.gob.oadprs.sicosel.controllers.LoginControllerSpec]: no resource found for suffixes {-context.xml, Context.groovy}.
09:12:09.144 [main] INFO org.springframework.test.context.support.AnnotationConfigContextLoaderUtils - Could not detect default configuration classes for test class [mx.gob.oadprs.sicosel.controllers.LoginControllerSpec]: LoginControllerSpec does not declare any static, non-private, non-final, nested classes annotated with @Configuration.
09:12:09.146 [main] DEBUG org.springframework.test.context.support.ActiveProfilesUtils - Could not find an 'annotation declaring class' for annotation type [org.springframework.test.context.ActiveProfiles] and class [mx.gob.oadprs.sicosel.controllers.LoginControllerSpec]
09:12:09.165 [main] DEBUG org.springframework.context.annotation.ClassPathScanningCandidateComponentProvider - Identified candidate component class: file [/home/pinky/Proyectos/infotec/psr/target/classes/mx/gob/oadprs/sicosel/PsrApplication.class]
09:12:09.165 [main] INFO org.springframework.boot.test.context.SpringBootTestContextBootstrapper - Found @SpringBootConfiguration mx.gob.oadprs.sicosel.PsrApplication for test class mx.gob.oadprs.sicosel.controllers.LoginControllerSpec
09:12:09.167 [main] DEBUG org.springframework.boot.test.context.SpringBootTestContextBootstrapper - @TestExecutionListeners is not present for class [mx.gob.oadprs.sicosel.controllers.LoginControllerSpec]: using defaults.
09:12:09.167 [main] INFO org.springframework.boot.test.context.SpringBootTestContextBootstrapper - Loaded default TestExecutionListener class names from location [META-INF/spring.factories]: [org.springframework.boot.test.mock.mockito.MockitoTestExecutionListener, org.springframework.boot.test.mock.mockito.ResetMocksTestExecutionListener, org.springframework.boot.test.autoconfigure.restdocs.RestDocsTestExecutionListener, org.springframework.boot.test.autoconfigure.web.client.MockRestServiceServerResetTestExecutionListener, org.springframework.boot.test.autoconfigure.web.servlet.MockMvcPrintOnlyOnFailureTestExecutionListener, org.springframework.boot.test.autoconfigure.web.servlet.WebDriverTestExecutionListener, org.springframework.boot.test.autoconfigure.webservices.client.MockWebServiceServerTestExecutionListener, org.springframework.test.context.web.ServletTestExecutionListener, org.springframework.test.context.support.DirtiesContextBeforeModesTestExecutionListener, org.springframework.test.context.event.ApplicationEventsTestExecutionListener, org.springframework.test.context.support.DependencyInjectionTestExecutionListener, org.springframework.test.context.support.DirtiesContextTestExecutionListener, org.springframework.test.context.transaction.TransactionalTestExecutionListener, org.springframework.test.context.jdbc.SqlScriptsTestExecutionListener, org.springframework.test.context.event.EventPublishingTestExecutionListener, org.spockframework.spring.SpringMockTestExecutionListener]
09:12:09.168 [main] INFO org.springframework.boot.test.context.SpringBootTestContextBootstrapper - Using TestExecutionListeners: [org.springframework.test.context.web.ServletTestExecutionListener@5b04476e, org.springframework.test.context.support.DirtiesContextBeforeModesTestExecutionListener@5ad10c1a, org.springframework.test.context.event.ApplicationEventsTestExecutionListener@6bb75258, org.springframework.boot.test.mock.mockito.MockitoTestExecutionListener@c260bdc, org.springframework.boot.test.autoconfigure.SpringBootDependencyInjectionTestExecutionListener@75e01201, org.springframework.test.context.support.DirtiesContextTestExecutionListener@2783717b, org.springframework.test.context.transaction.TransactionalTestExecutionListener@76f7d241, org.springframework.test.context.jdbc.SqlScriptsTestExecutionListener@4a335fa8, org.springframework.test.context.event.EventPublishingTestExecutionListener@3f363cf5, org.springframework.boot.test.mock.mockito.ResetMocksTestExecutionListener@3829ac1, org.springframework.boot.test.autoconfigure.restdocs.RestDocsTestExecutionListener@4baf352a, org.springframework.boot.test.autoconfigure.web.client.MockRestServiceServerResetTestExecutionListener@1bb1fde8, org.springframework.boot.test.autoconfigure.web.servlet.MockMvcPrintOnlyOnFailureTestExecutionListener@15eebbff, org.springframework.boot.test.autoconfigure.web.servlet.WebDriverTestExecutionListener@22d6f11, org.springframework.boot.test.autoconfigure.webservices.client.MockWebServiceServerTestExecutionListener@30990c1b, org.spockframework.spring.SpringMockTestExecutionListener@2453f95d]
09:12:09.173 [main] DEBUG org.springframework.test.annotation.ProfileValueUtils - Retrieved @ProfileValueSourceConfiguration [null] for test class [mx.gob.oadprs.sicosel.controllers.SentenciadoControllerSpec]
09:12:09.173 [main] DEBUG org.springframework.test.annotation.ProfileValueUtils - Retrieved ProfileValueSource type [class org.springframework.test.annotation.SystemProfileValueSource] for class [mx.gob.oadprs.sicosel.controllers.SentenciadoControllerSpec]
09:12:09.173 [main] DEBUG org.springframework.test.annotation.ProfileValueUtils - Retrieved @ProfileValueSourceConfiguration [null] for test class [mx.gob.oadprs.sicosel.controllers.SentenciadoControllerSpec]
09:12:09.173 [main] DEBUG org.springframework.test.annotation.ProfileValueUtils - Retrieved ProfileValueSource type [class org.springframework.test.annotation.SystemProfileValueSource] for class [mx.gob.oadprs.sicosel.controllers.SentenciadoControllerSpec]
09:12:09.174 [main] DEBUG org.springframework.test.annotation.ProfileValueUtils - Retrieved @ProfileValueSourceConfiguration [null] for test class [mx.gob.oadprs.sicosel.controllers.SentenciadoControllerSpec]
09:12:09.174 [main] DEBUG org.springframework.test.annotation.ProfileValueUtils - Retrieved ProfileValueSource type [class org.springframework.test.annotation.SystemProfileValueSource] for class [mx.gob.oadprs.sicosel.controllers.SentenciadoControllerSpec]
09:12:09.174 [main] DEBUG org.springframework.test.annotation.ProfileValueUtils - Retrieved @ProfileValueSourceConfiguration [null] for test class [mx.gob.oadprs.sicosel.controllers.SentenciadoControllerSpec]
09:12:09.174 [main] DEBUG org.springframework.test.annotation.ProfileValueUtils - Retrieved ProfileValueSource type [class org.springframework.test.annotation.SystemProfileValueSource] for class [mx.gob.oadprs.sicosel.controllers.SentenciadoControllerSpec]
09:12:09.174 [main] DEBUG org.springframework.test.annotation.ProfileValueUtils - Retrieved @ProfileValueSourceConfiguration [null] for test class [mx.gob.oadprs.sicosel.controllers.SentenciadoControllerSpec]
09:12:09.174 [main] DEBUG org.springframework.test.annotation.ProfileValueUtils - Retrieved ProfileValueSource type [class org.springframework.test.annotation.SystemProfileValueSource] for class [mx.gob.oadprs.sicosel.controllers.SentenciadoControllerSpec]
09:12:09.174 [main] DEBUG org.springframework.test.annotation.ProfileValueUtils - Retrieved @ProfileValueSourceConfiguration [null] for test class [mx.gob.oadprs.sicosel.controllers.SentenciadoControllerSpec]
09:12:09.174 [main] DEBUG org.springframework.test.annotation.ProfileValueUtils - Retrieved ProfileValueSource type [class org.springframework.test.annotation.SystemProfileValueSource] for class [mx.gob.oadprs.sicosel.controllers.SentenciadoControllerSpec]
09:12:09.174 [main] DEBUG org.springframework.test.context.BootstrapUtils - Instantiating CacheAwareContextLoaderDelegate from class [org.springframework.test.context.cache.DefaultCacheAwareContextLoaderDelegate]
09:12:09.174 [main] DEBUG org.springframework.test.context.BootstrapUtils - Instantiating BootstrapContext using constructor [public org.springframework.test.context.support.DefaultBootstrapContext(java.lang.Class,org.springframework.test.context.CacheAwareContextLoaderDelegate)]
09:12:09.175 [main] DEBUG org.springframework.test.context.BootstrapUtils - Instantiating TestContextBootstrapper for test class [mx.gob.oadprs.sicosel.controllers.SentenciadoControllerSpec] from class [org.springframework.boot.test.context.SpringBootTestContextBootstrapper]
09:12:09.175 [main] INFO org.springframework.boot.test.context.SpringBootTestContextBootstrapper - Neither @ContextConfiguration nor @ContextHierarchy found for test class [mx.gob.oadprs.sicosel.controllers.SentenciadoControllerSpec], using SpringBootContextLoader
09:12:09.176 [main] DEBUG org.springframework.test.context.support.AbstractContextLoader - Did not detect default resource location for test class [mx.gob.oadprs.sicosel.controllers.SentenciadoControllerSpec]: class path resource [mx/gob/oadprs/sicosel/controllers/SentenciadoControllerSpec-context.xml] does not exist
09:12:09.176 [main] DEBUG org.springframework.test.context.support.AbstractContextLoader - Did not detect default resource location for test class [mx.gob.oadprs.sicosel.controllers.SentenciadoControllerSpec]: class path resource [mx/gob/oadprs/sicosel/controllers/SentenciadoControllerSpecContext.groovy] does not exist
09:12:09.176 [main] INFO org.springframework.test.context.support.AbstractContextLoader - Could not detect default resource locations for test class [mx.gob.oadprs.sicosel.controllers.SentenciadoControllerSpec]: no resource found for suffixes {-context.xml, Context.groovy}.
09:12:09.176 [main] INFO org.springframework.test.context.support.AnnotationConfigContextLoaderUtils - Could not detect default configuration classes for test class [mx.gob.oadprs.sicosel.controllers.SentenciadoControllerSpec]: SentenciadoControllerSpec does not declare any static, non-private, non-final, nested classes annotated with @Configuration.
09:12:09.178 [main] DEBUG org.springframework.test.context.support.ActiveProfilesUtils - Could not find an 'annotation declaring class' for annotation type [org.springframework.test.context.ActiveProfiles] and class [mx.gob.oadprs.sicosel.controllers.SentenciadoControllerSpec]
09:12:09.179 [main] INFO org.springframework.boot.test.context.SpringBootTestContextBootstrapper - Found @SpringBootConfiguration mx.gob.oadprs.sicosel.PsrApplication for test class mx.gob.oadprs.sicosel.controllers.SentenciadoControllerSpec
09:12:09.180 [main] DEBUG org.springframework.boot.test.context.SpringBootTestContextBootstrapper - @TestExecutionListeners is not present for class [mx.gob.oadprs.sicosel.controllers.SentenciadoControllerSpec]: using defaults.
09:12:09.180 [main] INFO org.springframework.boot.test.context.SpringBootTestContextBootstrapper - Loaded default TestExecutionListener class names from location [META-INF/spring.factories]: [org.springframework.boot.test.mock.mockito.MockitoTestExecutionListener, org.springframework.boot.test.mock.mockito.ResetMocksTestExecutionListener, org.springframework.boot.test.autoconfigure.restdocs.RestDocsTestExecutionListener, org.springframework.boot.test.autoconfigure.web.client.MockRestServiceServerResetTestExecutionListener, org.springframework.boot.test.autoconfigure.web.servlet.MockMvcPrintOnlyOnFailureTestExecutionListener, org.springframework.boot.test.autoconfigure.web.servlet.WebDriverTestExecutionListener, org.springframework.boot.test.autoconfigure.webservices.client.MockWebServiceServerTestExecutionListener, org.springframework.test.context.web.ServletTestExecutionListener, org.springframework.test.context.support.DirtiesContextBeforeModesTestExecutionListener, org.springframework.test.context.event.ApplicationEventsTestExecutionListener, org.springframework.test.context.support.DependencyInjectionTestExecutionListener, org.springframework.test.context.support.DirtiesContextTestExecutionListener, org.springframework.test.context.transaction.TransactionalTestExecutionListener, org.springframework.test.context.jdbc.SqlScriptsTestExecutionListener, org.springframework.test.context.event.EventPublishingTestExecutionListener, org.spockframework.spring.SpringMockTestExecutionListener]
09:12:09.180 [main] INFO org.springframework.boot.test.context.SpringBootTestContextBootstrapper - Using TestExecutionListeners: [org.springframework.test.context.web.ServletTestExecutionListener@5ed731d0, org.springframework.test.context.support.DirtiesContextBeforeModesTestExecutionListener@3234f74e, org.springframework.test.context.event.ApplicationEventsTestExecutionListener@7bc10d84, org.springframework.boot.test.mock.mockito.MockitoTestExecutionListener@275fe372, org.springframework.boot.test.autoconfigure.SpringBootDependencyInjectionTestExecutionListener@40e10ff8, org.springframework.test.context.support.DirtiesContextTestExecutionListener@557a1e2d, org.springframework.test.context.transaction.TransactionalTestExecutionListener@26a4842b, org.springframework.test.context.jdbc.SqlScriptsTestExecutionListener@7e38a7fe, org.springframework.test.context.event.EventPublishingTestExecutionListener@366ef90e, org.springframework.boot.test.mock.mockito.ResetMocksTestExecutionListener@33e01298, org.springframework.boot.test.autoconfigure.restdocs.RestDocsTestExecutionListener@31e75d13, org.springframework.boot.test.autoconfigure.web.client.MockRestServiceServerResetTestExecutionListener@a5b0b86, org.springframework.boot.test.autoconfigure.web.servlet.MockMvcPrintOnlyOnFailureTestExecutionListener@4b3c354a, org.springframework.boot.test.autoconfigure.web.servlet.WebDriverTestExecutionListener@78fb9a67, org.springframework.boot.test.autoconfigure.webservices.client.MockWebServiceServerTestExecutionListener@73ff4fae, org.spockframework.spring.SpringMockTestExecutionListener@21aa6d6c]
09:12:09.184 [main] DEBUG org.springframework.test.annotation.ProfileValueUtils - Retrieved @ProfileValueSourceConfiguration [null] for test class [mx.gob.oadprs.sicosel.controllers.PaisControllerSpec]
09:12:09.184 [main] DEBUG org.springframework.test.annotation.ProfileValueUtils - Retrieved ProfileValueSource type [class org.springframework.test.annotation.SystemProfileValueSource] for class [mx.gob.oadprs.sicosel.controllers.PaisControllerSpec]
09:12:09.184 [main] DEBUG org.springframework.test.annotation.ProfileValueUtils - Retrieved @ProfileValueSourceConfiguration [null] for test class [mx.gob.oadprs.sicosel.controllers.PaisControllerSpec]
09:12:09.184 [main] DEBUG org.springframework.test.annotation.ProfileValueUtils - Retrieved ProfileValueSource type [class org.springframework.test.annotation.SystemProfileValueSource] for class [mx.gob.oadprs.sicosel.controllers.PaisControllerSpec]
09:12:09.184 [main] DEBUG org.springframework.test.context.BootstrapUtils - Instantiating CacheAwareContextLoaderDelegate from class [org.springframework.test.context.cache.DefaultCacheAwareContextLoaderDelegate]
09:12:09.184 [main] DEBUG org.springframework.test.context.BootstrapUtils - Instantiating BootstrapContext using constructor [public org.springframework.test.context.support.DefaultBootstrapContext(java.lang.Class,org.springframework.test.context.CacheAwareContextLoaderDelegate)]
09:12:09.184 [main] DEBUG org.springframework.test.context.BootstrapUtils - Instantiating TestContextBootstrapper for test class [mx.gob.oadprs.sicosel.controllers.PaisControllerSpec] from class [org.springframework.boot.test.context.SpringBootTestContextBootstrapper]
09:12:09.185 [main] INFO org.springframework.boot.test.context.SpringBootTestContextBootstrapper - Neither @ContextConfiguration nor @ContextHierarchy found for test class [mx.gob.oadprs.sicosel.controllers.PaisControllerSpec], using SpringBootContextLoader
09:12:09.185 [main] DEBUG org.springframework.test.context.support.AbstractContextLoader - Did not detect default resource location for test class [mx.gob.oadprs.sicosel.controllers.PaisControllerSpec]: class path resource [mx/gob/oadprs/sicosel/controllers/PaisControllerSpec-context.xml] does not exist
09:12:09.185 [main] DEBUG org.springframework.test.context.support.AbstractContextLoader - Did not detect default resource location for test class [mx.gob.oadprs.sicosel.controllers.PaisControllerSpec]: class path resource [mx/gob/oadprs/sicosel/controllers/PaisControllerSpecContext.groovy] does not exist
09:12:09.185 [main] INFO org.springframework.test.context.support.AbstractContextLoader - Could not detect default resource locations for test class [mx.gob.oadprs.sicosel.controllers.PaisControllerSpec]: no resource found for suffixes {-context.xml, Context.groovy}.
09:12:09.186 [main] INFO org.springframework.test.context.support.AnnotationConfigContextLoaderUtils - Could not detect default configuration classes for test class [mx.gob.oadprs.sicosel.controllers.PaisControllerSpec]: PaisControllerSpec does not declare any static, non-private, non-final, nested classes annotated with @Configuration.
09:12:09.187 [main] DEBUG org.springframework.test.context.support.ActiveProfilesUtils - Could not find an 'annotation declaring class' for annotation type [org.springframework.test.context.ActiveProfiles] and class [mx.gob.oadprs.sicosel.controllers.PaisControllerSpec]
09:12:09.188 [main] INFO org.springframework.boot.test.context.SpringBootTestContextBootstrapper - Found @SpringBootConfiguration mx.gob.oadprs.sicosel.PsrApplication for test class mx.gob.oadprs.sicosel.controllers.PaisControllerSpec
09:12:09.189 [main] DEBUG org.springframework.boot.test.context.SpringBootTestContextBootstrapper - @TestExecutionListeners is not present for class [mx.gob.oadprs.sicosel.controllers.PaisControllerSpec]: using defaults.
09:12:09.189 [main] INFO org.springframework.boot.test.context.SpringBootTestContextBootstrapper - Loaded default TestExecutionListener class names from location [META-INF/spring.factories]: [org.springframework.boot.test.mock.mockito.MockitoTestExecutionListener, org.springframework.boot.test.mock.mockito.ResetMocksTestExecutionListener, org.springframework.boot.test.autoconfigure.restdocs.RestDocsTestExecutionListener, org.springframework.boot.test.autoconfigure.web.client.MockRestServiceServerResetTestExecutionListener, org.springframework.boot.test.autoconfigure.web.servlet.MockMvcPrintOnlyOnFailureTestExecutionListener, org.springframework.boot.test.autoconfigure.web.servlet.WebDriverTestExecutionListener, org.springframework.boot.test.autoconfigure.webservices.client.MockWebServiceServerTestExecutionListener, org.springframework.test.context.web.ServletTestExecutionListener, org.springframework.test.context.support.DirtiesContextBeforeModesTestExecutionListener, org.springframework.test.context.event.ApplicationEventsTestExecutionListener, org.springframework.test.context.support.DependencyInjectionTestExecutionListener, org.springframework.test.context.support.DirtiesContextTestExecutionListener, org.springframework.test.context.transaction.TransactionalTestExecutionListener, org.springframework.test.context.jdbc.SqlScriptsTestExecutionListener, org.springframework.test.context.event.EventPublishingTestExecutionListener, org.spockframework.spring.SpringMockTestExecutionListener]
09:12:09.189 [main] INFO org.springframework.boot.test.context.SpringBootTestContextBootstrapper - Using TestExecutionListeners: [org.springframework.test.context.web.ServletTestExecutionListener@2f9a01c1, org.springframework.test.context.support.DirtiesContextBeforeModesTestExecutionListener@2611b9a3, org.springframework.test.context.event.ApplicationEventsTestExecutionListener@54227100, org.springframework.boot.test.mock.mockito.MockitoTestExecutionListener@6b5894c8, org.springframework.boot.test.autoconfigure.SpringBootDependencyInjectionTestExecutionListener@1433046b, org.springframework.test.context.support.DirtiesContextTestExecutionListener@3f446bef, org.springframework.test.context.transaction.TransactionalTestExecutionListener@7829b776, org.springframework.test.context.jdbc.SqlScriptsTestExecutionListener@5778826f, org.springframework.test.context.event.EventPublishingTestExecutionListener@5b64c4b7, org.springframework.boot.test.mock.mockito.ResetMocksTestExecutionListener@4763c727, org.springframework.boot.test.autoconfigure.restdocs.RestDocsTestExecutionListener@72445aba, org.springframework.boot.test.autoconfigure.web.client.MockRestServiceServerResetTestExecutionListener@61bcd567, org.springframework.boot.test.autoconfigure.web.servlet.MockMvcPrintOnlyOnFailureTestExecutionListener@1c80e49b, org.springframework.boot.test.autoconfigure.web.servlet.WebDriverTestExecutionListener@458342d3, org.springframework.boot.test.autoconfigure.webservices.client.MockWebServiceServerTestExecutionListener@15c25153, org.spockframework.spring.SpringMockTestExecutionListener@1252b961]
09:12:09.195 [main] DEBUG org.springframework.test.annotation.ProfileValueUtils - Retrieved @ProfileValueSourceConfiguration [null] for test class [mx.gob.oadprs.sicosel.controllers.CatalogosControllerSpec]
09:12:09.195 [main] DEBUG org.springframework.test.annotation.ProfileValueUtils - Retrieved ProfileValueSource type [class org.springframework.test.annotation.SystemProfileValueSource] for class [mx.gob.oadprs.sicosel.controllers.CatalogosControllerSpec]
09:12:09.195 [main] DEBUG org.springframework.test.annotation.ProfileValueUtils - Retrieved @ProfileValueSourceConfiguration [null] for test class [mx.gob.oadprs.sicosel.controllers.CatalogosControllerSpec]
09:12:09.195 [main] DEBUG org.springframework.test.annotation.ProfileValueUtils - Retrieved ProfileValueSource type [class org.springframework.test.annotation.SystemProfileValueSource] for class [mx.gob.oadprs.sicosel.controllers.CatalogosControllerSpec]
09:12:09.196 [main] DEBUG org.springframework.test.annotation.ProfileValueUtils - Retrieved @ProfileValueSourceConfiguration [null] for test class [mx.gob.oadprs.sicosel.controllers.CatalogosControllerSpec]
09:12:09.196 [main] DEBUG org.springframework.test.annotation.ProfileValueUtils - Retrieved ProfileValueSource type [class org.springframework.test.annotation.SystemProfileValueSource] for class [mx.gob.oadprs.sicosel.controllers.CatalogosControllerSpec]
09:12:09.196 [main] DEBUG org.springframework.test.annotation.ProfileValueUtils - Retrieved @ProfileValueSourceConfiguration [null] for test class [mx.gob.oadprs.sicosel.controllers.CatalogosControllerSpec]
09:12:09.196 [main] DEBUG org.springframework.test.annotation.ProfileValueUtils - Retrieved ProfileValueSource type [class org.springframework.test.annotation.SystemProfileValueSource] for class [mx.gob.oadprs.sicosel.controllers.CatalogosControllerSpec]
09:12:09.196 [main] DEBUG org.springframework.test.annotation.ProfileValueUtils - Retrieved @ProfileValueSourceConfiguration [null] for test class [mx.gob.oadprs.sicosel.controllers.CatalogosControllerSpec]
09:12:09.196 [main] DEBUG org.springframework.test.annotation.ProfileValueUtils - Retrieved ProfileValueSource type [class org.springframework.test.annotation.SystemProfileValueSource] for class [mx.gob.oadprs.sicosel.controllers.CatalogosControllerSpec]
09:12:09.196 [main] DEBUG org.springframework.test.annotation.ProfileValueUtils - Retrieved @ProfileValueSourceConfiguration [null] for test class [mx.gob.oadprs.sicosel.controllers.CatalogosControllerSpec]
09:12:09.196 [main] DEBUG org.springframework.test.annotation.ProfileValueUtils - Retrieved ProfileValueSource type [class org.springframework.test.annotation.SystemProfileValueSource] for class [mx.gob.oadprs.sicosel.controllers.CatalogosControllerSpec]
09:12:09.196 [main] DEBUG org.springframework.test.annotation.ProfileValueUtils - Retrieved @ProfileValueSourceConfiguration [null] for test class [mx.gob.oadprs.sicosel.controllers.CatalogosControllerSpec]
09:12:09.196 [main] DEBUG org.springframework.test.annotation.ProfileValueUtils - Retrieved ProfileValueSource type [class org.springframework.test.annotation.SystemProfileValueSource] for class [mx.gob.oadprs.sicosel.controllers.CatalogosControllerSpec]
09:12:09.196 [main] DEBUG org.springframework.test.annotation.ProfileValueUtils - Retrieved @ProfileValueSourceConfiguration [null] for test class [mx.gob.oadprs.sicosel.controllers.CatalogosControllerSpec]
09:12:09.196 [main] DEBUG org.springframework.test.annotation.ProfileValueUtils - Retrieved ProfileValueSource type [class org.springframework.test.annotation.SystemProfileValueSource] for class [mx.gob.oadprs.sicosel.controllers.CatalogosControllerSpec]
09:12:09.196 [main] DEBUG org.springframework.test.annotation.ProfileValueUtils - Retrieved @ProfileValueSourceConfiguration [null] for test class [mx.gob.oadprs.sicosel.controllers.CatalogosControllerSpec]
09:12:09.196 [main] DEBUG org.springframework.test.annotation.ProfileValueUtils - Retrieved ProfileValueSource type [class org.springframework.test.annotation.SystemProfileValueSource] for class [mx.gob.oadprs.sicosel.controllers.CatalogosControllerSpec]
09:12:09.196 [main] DEBUG org.springframework.test.annotation.ProfileValueUtils - Retrieved @ProfileValueSourceConfiguration [null] for test class [mx.gob.oadprs.sicosel.controllers.CatalogosControllerSpec]
09:12:09.196 [main] DEBUG org.springframework.test.annotation.ProfileValueUtils - Retrieved ProfileValueSource type [class org.springframework.test.annotation.SystemProfileValueSource] for class [mx.gob.oadprs.sicosel.controllers.CatalogosControllerSpec]
09:12:09.197 [main] DEBUG org.springframework.test.annotation.ProfileValueUtils - Retrieved @ProfileValueSourceConfiguration [null] for test class [mx.gob.oadprs.sicosel.controllers.CatalogosControllerSpec]
09:12:09.197 [main] DEBUG org.springframework.test.annotation.ProfileValueUtils - Retrieved ProfileValueSource type [class org.springframework.test.annotation.SystemProfileValueSource] for class [mx.gob.oadprs.sicosel.controllers.CatalogosControllerSpec]
09:12:09.197 [main] DEBUG org.springframework.test.context.BootstrapUtils - Instantiating CacheAwareContextLoaderDelegate from class [org.springframework.test.context.cache.DefaultCacheAwareContextLoaderDelegate]
09:12:09.197 [main] DEBUG org.springframework.test.context.BootstrapUtils - Instantiating BootstrapContext using constructor [public org.springframework.test.context.support.DefaultBootstrapContext(java.lang.Class,org.springframework.test.context.CacheAwareContextLoaderDelegate)]
09:12:09.197 [main] DEBUG org.springframework.test.context.BootstrapUtils - Instantiating TestContextBootstrapper for test class [mx.gob.oadprs.sicosel.controllers.CatalogosControllerSpec] from class [org.springframework.boot.test.context.SpringBootTestContextBootstrapper]
09:12:09.198 [main] INFO org.springframework.boot.test.context.SpringBootTestContextBootstrapper - Neither @ContextConfiguration nor @ContextHierarchy found for test class [mx.gob.oadprs.sicosel.controllers.CatalogosControllerSpec], using SpringBootContextLoader
09:12:09.198 [main] DEBUG org.springframework.test.context.support.AbstractContextLoader - Did not detect default resource location for test class [mx.gob.oadprs.sicosel.controllers.CatalogosControllerSpec]: class path resource [mx/gob/oadprs/sicosel/controllers/CatalogosControllerSpec-context.xml] does not exist
09:12:09.198 [main] DEBUG org.springframework.test.context.support.AbstractContextLoader - Did not detect default resource location for test class [mx.gob.oadprs.sicosel.controllers.CatalogosControllerSpec]: class path resource [mx/gob/oadprs/sicosel/controllers/CatalogosControllerSpecContext.groovy] does not exist
09:12:09.198 [main] INFO org.springframework.test.context.support.AbstractContextLoader - Could not detect default resource locations for test class [mx.gob.oadprs.sicosel.controllers.CatalogosControllerSpec]: no resource found for suffixes {-context.xml, Context.groovy}.
09:12:09.199 [main] INFO org.springframework.test.context.support.AnnotationConfigContextLoaderUtils - Could not detect default configuration classes for test class [mx.gob.oadprs.sicosel.controllers.CatalogosControllerSpec]: CatalogosControllerSpec does not declare any static, non-private, non-final, nested classes annotated with @Configuration.
09:12:09.201 [main] DEBUG org.springframework.test.context.support.ActiveProfilesUtils - Could not find an 'annotation declaring class' for annotation type [org.springframework.test.context.ActiveProfiles] and class [mx.gob.oadprs.sicosel.controllers.CatalogosControllerSpec]
09:12:09.201 [main] INFO org.springframework.boot.test.context.SpringBootTestContextBootstrapper - Found @SpringBootConfiguration mx.gob.oadprs.sicosel.PsrApplication for test class mx.gob.oadprs.sicosel.controllers.CatalogosControllerSpec
09:12:09.202 [main] DEBUG org.springframework.boot.test.context.SpringBootTestContextBootstrapper - @TestExecutionListeners is not present for class [mx.gob.oadprs.sicosel.controllers.CatalogosControllerSpec]: using defaults.
09:12:09.202 [main] INFO org.springframework.boot.test.context.SpringBootTestContextBootstrapper - Loaded default TestExecutionListener class names from location [META-INF/spring.factories]: [org.springframework.boot.test.mock.mockito.MockitoTestExecutionListener, org.springframework.boot.test.mock.mockito.ResetMocksTestExecutionListener, org.springframework.boot.test.autoconfigure.restdocs.RestDocsTestExecutionListener, org.springframework.boot.test.autoconfigure.web.client.MockRestServiceServerResetTestExecutionListener, org.springframework.boot.test.autoconfigure.web.servlet.MockMvcPrintOnlyOnFailureTestExecutionListener, org.springframework.boot.test.autoconfigure.web.servlet.WebDriverTestExecutionListener, org.springframework.boot.test.autoconfigure.webservices.client.MockWebServiceServerTestExecutionListener, org.springframework.test.context.web.ServletTestExecutionListener, org.springframework.test.context.support.DirtiesContextBeforeModesTestExecutionListener, org.springframework.test.context.event.ApplicationEventsTestExecutionListener, org.springframework.test.context.support.DependencyInjectionTestExecutionListener, org.springframework.test.context.support.DirtiesContextTestExecutionListener, org.springframework.test.context.transaction.TransactionalTestExecutionListener, org.springframework.test.context.jdbc.SqlScriptsTestExecutionListener, org.springframework.test.context.event.EventPublishingTestExecutionListener, org.spockframework.spring.SpringMockTestExecutionListener]
09:12:09.202 [main] INFO org.springframework.boot.test.context.SpringBootTestContextBootstrapper - Using TestExecutionListeners: [org.springframework.test.context.web.ServletTestExecutionListener@6b54655f, org.springframework.test.context.support.DirtiesContextBeforeModesTestExecutionListener@665e9289, org.springframework.test.context.event.ApplicationEventsTestExecutionListener@7d3430a7, org.springframework.boot.test.mock.mockito.MockitoTestExecutionListener@6f603e89, org.springframework.boot.test.autoconfigure.SpringBootDependencyInjectionTestExecutionListener@2756c0a7, org.springframework.test.context.support.DirtiesContextTestExecutionListener@350ec41e, org.springframework.test.context.transaction.TransactionalTestExecutionListener@69637b10, org.springframework.test.context.jdbc.SqlScriptsTestExecutionListener@71984c3, org.springframework.test.context.event.EventPublishingTestExecutionListener@165b2f7f, org.springframework.boot.test.mock.mockito.ResetMocksTestExecutionListener@5536379e, org.springframework.boot.test.autoconfigure.restdocs.RestDocsTestExecutionListener@277f7dd3, org.springframework.boot.test.autoconfigure.web.client.MockRestServiceServerResetTestExecutionListener@6c8bca63, org.springframework.boot.test.autoconfigure.web.servlet.MockMvcPrintOnlyOnFailureTestExecutionListener@2364305a, org.springframework.boot.test.autoconfigure.web.servlet.WebDriverTestExecutionListener@470a696f, org.springframework.boot.test.autoconfigure.webservices.client.MockWebServiceServerTestExecutionListener@1bc715b8, org.spockframework.spring.SpringMockTestExecutionListener@292d1c71]
09:12:09.207 [main] DEBUG org.springframework.test.annotation.ProfileValueUtils - Retrieved @ProfileValueSourceConfiguration [null] for test class [mx.gob.oadprs.sicosel.controllers.DomicilioControllerSpec]
09:12:09.207 [main] DEBUG org.springframework.test.annotation.ProfileValueUtils - Retrieved ProfileValueSource type [class org.springframework.test.annotation.SystemProfileValueSource] for class [mx.gob.oadprs.sicosel.controllers.DomicilioControllerSpec]
09:12:09.207 [main] DEBUG org.springframework.test.annotation.ProfileValueUtils - Retrieved @ProfileValueSourceConfiguration [null] for test class [mx.gob.oadprs.sicosel.controllers.DomicilioControllerSpec]
09:12:09.207 [main] DEBUG org.springframework.test.annotation.ProfileValueUtils - Retrieved ProfileValueSource type [class org.springframework.test.annotation.SystemProfileValueSource] for class [mx.gob.oadprs.sicosel.controllers.DomicilioControllerSpec]
09:12:09.207 [main] DEBUG org.springframework.test.annotation.ProfileValueUtils - Retrieved @ProfileValueSourceConfiguration [null] for test class [mx.gob.oadprs.sicosel.controllers.DomicilioControllerSpec]
09:12:09.207 [main] DEBUG org.springframework.test.annotation.ProfileValueUtils - Retrieved ProfileValueSource type [class org.springframework.test.annotation.SystemProfileValueSource] for class [mx.gob.oadprs.sicosel.controllers.DomicilioControllerSpec]
09:12:09.207 [main] DEBUG org.springframework.test.context.BootstrapUtils - Instantiating CacheAwareContextLoaderDelegate from class [org.springframework.test.context.cache.DefaultCacheAwareContextLoaderDelegate]
09:12:09.207 [main] DEBUG org.springframework.test.context.BootstrapUtils - Instantiating BootstrapContext using constructor [public org.springframework.test.context.support.DefaultBootstrapContext(java.lang.Class,org.springframework.test.context.CacheAwareContextLoaderDelegate)]
09:12:09.208 [main] DEBUG org.springframework.test.context.BootstrapUtils - Instantiating TestContextBootstrapper for test class [mx.gob.oadprs.sicosel.controllers.DomicilioControllerSpec] from class [org.springframework.boot.test.context.SpringBootTestContextBootstrapper]
09:12:09.208 [main] INFO org.springframework.boot.test.context.SpringBootTestContextBootstrapper - Neither @ContextConfiguration nor @ContextHierarchy found for test class [mx.gob.oadprs.sicosel.controllers.DomicilioControllerSpec], using SpringBootContextLoader
09:12:09.208 [main] DEBUG org.springframework.test.context.support.AbstractContextLoader - Did not detect default resource location for test class [mx.gob.oadprs.sicosel.controllers.DomicilioControllerSpec]: class path resource [mx/gob/oadprs/sicosel/controllers/DomicilioControllerSpec-context.xml] does not exist
09:12:09.209 [main] DEBUG org.springframework.test.context.support.AbstractContextLoader - Did not detect default resource location for test class [mx.gob.oadprs.sicosel.controllers.DomicilioControllerSpec]: class path resource [mx/gob/oadprs/sicosel/controllers/DomicilioControllerSpecContext.groovy] does not exist
09:12:09.209 [main] INFO org.springframework.test.context.support.AbstractContextLoader - Could not detect default resource locations for test class [mx.gob.oadprs.sicosel.controllers.DomicilioControllerSpec]: no resource found for suffixes {-context.xml, Context.groovy}.
09:12:09.209 [main] INFO org.springframework.test.context.support.AnnotationConfigContextLoaderUtils - Could not detect default configuration classes for test class [mx.gob.oadprs.sicosel.controllers.DomicilioControllerSpec]: DomicilioControllerSpec does not declare any static, non-private, non-final, nested classes annotated with @Configuration.
09:12:09.211 [main] DEBUG org.springframework.test.context.support.ActiveProfilesUtils - Could not find an 'annotation declaring class' for annotation type [org.springframework.test.context.ActiveProfiles] and class [mx.gob.oadprs.sicosel.controllers.DomicilioControllerSpec]
09:12:09.212 [main] INFO org.springframework.boot.test.context.SpringBootTestContextBootstrapper - Found @SpringBootConfiguration mx.gob.oadprs.sicosel.PsrApplication for test class mx.gob.oadprs.sicosel.controllers.DomicilioControllerSpec
09:12:09.213 [main] DEBUG org.springframework.boot.test.context.SpringBootTestContextBootstrapper - @TestExecutionListeners is not present for class [mx.gob.oadprs.sicosel.controllers.DomicilioControllerSpec]: using defaults.
09:12:09.213 [main] INFO org.springframework.boot.test.context.SpringBootTestContextBootstrapper - Loaded default TestExecutionListener class names from location [META-INF/spring.factories]: [org.springframework.boot.test.mock.mockito.MockitoTestExecutionListener, org.springframework.boot.test.mock.mockito.ResetMocksTestExecutionListener, org.springframework.boot.test.autoconfigure.restdocs.RestDocsTestExecutionListener, org.springframework.boot.test.autoconfigure.web.client.MockRestServiceServerResetTestExecutionListener, org.springframework.boot.test.autoconfigure.web.servlet.MockMvcPrintOnlyOnFailureTestExecutionListener, org.springframework.boot.test.autoconfigure.web.servlet.WebDriverTestExecutionListener, org.springframework.boot.test.autoconfigure.webservices.client.MockWebServiceServerTestExecutionListener, org.springframework.test.context.web.ServletTestExecutionListener, org.springframework.test.context.support.DirtiesContextBeforeModesTestExecutionListener, org.springframework.test.context.event.ApplicationEventsTestExecutionListener, org.springframework.test.context.support.DependencyInjectionTestExecutionListener, org.springframework.test.context.support.DirtiesContextTestExecutionListener, org.springframework.test.context.transaction.TransactionalTestExecutionListener, org.springframework.test.context.jdbc.SqlScriptsTestExecutionListener, org.springframework.test.context.event.EventPublishingTestExecutionListener, org.spockframework.spring.SpringMockTestExecutionListener]
09:12:09.214 [main] INFO org.springframework.boot.test.context.SpringBootTestContextBootstrapper - Using TestExecutionListeners: [org.springframework.test.context.web.ServletTestExecutionListener@1de5f0ef, org.springframework.test.context.support.DirtiesContextBeforeModesTestExecutionListener@376a312c, org.springframework.test.context.event.ApplicationEventsTestExecutionListener@28d6290, org.springframework.boot.test.mock.mockito.MockitoTestExecutionListener@6ca0256d, org.springframework.boot.test.autoconfigure.SpringBootDependencyInjectionTestExecutionListener@5ef0d29e, org.springframework.test.context.support.DirtiesContextTestExecutionListener@38f57b3d, org.springframework.test.context.transaction.TransactionalTestExecutionListener@51850751, org.springframework.test.context.jdbc.SqlScriptsTestExecutionListener@3ce3db41, org.springframework.test.context.event.EventPublishingTestExecutionListener@64df9a61, org.springframework.boot.test.mock.mockito.ResetMocksTestExecutionListener@77602954, org.springframework.boot.test.autoconfigure.restdocs.RestDocsTestExecutionListener@e260766, org.springframework.boot.test.autoconfigure.web.client.MockRestServiceServerResetTestExecutionListener@2c3dec30, org.springframework.boot.test.autoconfigure.web.servlet.MockMvcPrintOnlyOnFailureTestExecutionListener@34a97744, org.springframework.boot.test.autoconfigure.web.servlet.WebDriverTestExecutionListener@4275c20c, org.springframework.boot.test.autoconfigure.webservices.client.MockWebServiceServerTestExecutionListener@7c56e013, org.spockframework.spring.SpringMockTestExecutionListener@3fc9dfc5]
09:12:09.218 [main] DEBUG org.springframework.test.annotation.ProfileValueUtils - Retrieved @ProfileValueSourceConfiguration [null] for test class [mx.gob.oadprs.sicosel.utils.AltisonantesSpec]
09:12:09.218 [main] DEBUG org.springframework.test.annotation.ProfileValueUtils - Retrieved ProfileValueSource type [class org.springframework.test.annotation.SystemProfileValueSource] for class [mx.gob.oadprs.sicosel.utils.AltisonantesSpec]
09:12:09.218 [main] DEBUG org.springframework.test.annotation.ProfileValueUtils - Retrieved @ProfileValueSourceConfiguration [null] for test class [mx.gob.oadprs.sicosel.utils.AltisonantesSpec]
09:12:09.219 [main] DEBUG org.springframework.test.annotation.ProfileValueUtils - Retrieved ProfileValueSource type [class org.springframework.test.annotation.SystemProfileValueSource] for class [mx.gob.oadprs.sicosel.utils.AltisonantesSpec]
09:12:09.219 [main] DEBUG org.springframework.test.context.BootstrapUtils - Instantiating CacheAwareContextLoaderDelegate from class [org.springframework.test.context.cache.DefaultCacheAwareContextLoaderDelegate]
09:12:09.219 [main] DEBUG org.springframework.test.context.BootstrapUtils - Instantiating BootstrapContext using constructor [public org.springframework.test.context.support.DefaultBootstrapContext(java.lang.Class,org.springframework.test.context.CacheAwareContextLoaderDelegate)]
09:12:09.219 [main] DEBUG org.springframework.test.context.BootstrapUtils - Instantiating TestContextBootstrapper for test class [mx.gob.oadprs.sicosel.utils.AltisonantesSpec] from class [org.springframework.boot.test.context.SpringBootTestContextBootstrapper]
09:12:09.220 [main] INFO org.springframework.boot.test.context.SpringBootTestContextBootstrapper - Neither @ContextConfiguration nor @ContextHierarchy found for test class [mx.gob.oadprs.sicosel.utils.AltisonantesSpec], using SpringBootContextLoader
09:12:09.220 [main] DEBUG org.springframework.test.context.support.AbstractContextLoader - Did not detect default resource location for test class [mx.gob.oadprs.sicosel.utils.AltisonantesSpec]: class path resource [mx/gob/oadprs/sicosel/utils/AltisonantesSpec-context.xml] does not exist
09:12:09.221 [main] DEBUG org.springframework.test.context.support.AbstractContextLoader - Did not detect default resource location for test class [mx.gob.oadprs.sicosel.utils.AltisonantesSpec]: class path resource [mx/gob/oadprs/sicosel/utils/AltisonantesSpecContext.groovy] does not exist
09:12:09.221 [main] INFO org.springframework.test.context.support.AbstractContextLoader - Could not detect default resource locations for test class [mx.gob.oadprs.sicosel.utils.AltisonantesSpec]: no resource found for suffixes {-context.xml, Context.groovy}.
09:12:09.221 [main] INFO org.springframework.test.context.support.AnnotationConfigContextLoaderUtils - Could not detect default configuration classes for test class [mx.gob.oadprs.sicosel.utils.AltisonantesSpec]: AltisonantesSpec does not declare any static, non-private, non-final, nested classes annotated with @Configuration.
09:12:09.223 [main] DEBUG org.springframework.test.context.support.ActiveProfilesUtils - Could not find an 'annotation declaring class' for annotation type [org.springframework.test.context.ActiveProfiles] and class [mx.gob.oadprs.sicosel.utils.AltisonantesSpec]
09:12:09.228 [main] DEBUG org.springframework.context.annotation.ClassPathScanningCandidateComponentProvider - Identified candidate component class: file [/home/pinky/Proyectos/infotec/psr/target/classes/mx/gob/oadprs/sicosel/PsrApplication.class]
09:12:09.228 [main] INFO org.springframework.boot.test.context.SpringBootTestContextBootstrapper - Found @SpringBootConfiguration mx.gob.oadprs.sicosel.PsrApplication for test class mx.gob.oadprs.sicosel.utils.AltisonantesSpec
09:12:09.229 [main] DEBUG org.springframework.boot.test.context.SpringBootTestContextBootstrapper - @TestExecutionListeners is not present for class [mx.gob.oadprs.sicosel.utils.AltisonantesSpec]: using defaults.
09:12:09.229 [main] INFO org.springframework.boot.test.context.SpringBootTestContextBootstrapper - Loaded default TestExecutionListener class names from location [META-INF/spring.factories]: [org.springframework.boot.test.mock.mockito.MockitoTestExecutionListener, org.springframework.boot.test.mock.mockito.ResetMocksTestExecutionListener, org.springframework.boot.test.autoconfigure.restdocs.RestDocsTestExecutionListener, org.springframework.boot.test.autoconfigure.web.client.MockRestServiceServerResetTestExecutionListener, org.springframework.boot.test.autoconfigure.web.servlet.MockMvcPrintOnlyOnFailureTestExecutionListener, org.springframework.boot.test.autoconfigure.web.servlet.WebDriverTestExecutionListener, org.springframework.boot.test.autoconfigure.webservices.client.MockWebServiceServerTestExecutionListener, org.springframework.test.context.web.ServletTestExecutionListener, org.springframework.test.context.support.DirtiesContextBeforeModesTestExecutionListener, org.springframework.test.context.event.ApplicationEventsTestExecutionListener, org.springframework.test.context.support.DependencyInjectionTestExecutionListener, org.springframework.test.context.support.DirtiesContextTestExecutionListener, org.springframework.test.context.transaction.TransactionalTestExecutionListener, org.springframework.test.context.jdbc.SqlScriptsTestExecutionListener, org.springframework.test.context.event.EventPublishingTestExecutionListener, org.spockframework.spring.SpringMockTestExecutionListener]
09:12:09.230 [main] INFO org.springframework.boot.test.context.SpringBootTestContextBootstrapper - Using TestExecutionListeners: [org.springframework.test.context.web.ServletTestExecutionListener@58bf8650, org.springframework.test.context.support.DirtiesContextBeforeModesTestExecutionListener@73c60324, org.springframework.test.context.event.ApplicationEventsTestExecutionListener@71ae31b0, org.springframework.boot.test.mock.mockito.MockitoTestExecutionListener@4ba534b0, org.springframework.boot.test.autoconfigure.SpringBootDependencyInjectionTestExecutionListener@6f0ca692, org.springframework.test.context.support.DirtiesContextTestExecutionListener@2c104774, org.springframework.test.context.transaction.TransactionalTestExecutionListener@2cb3d0f7, org.springframework.test.context.jdbc.SqlScriptsTestExecutionListener@4e517165, org.springframework.test.context.event.EventPublishingTestExecutionListener@44e3760b, org.springframework.boot.test.mock.mockito.ResetMocksTestExecutionListener@6a66a204, org.springframework.boot.test.autoconfigure.restdocs.RestDocsTestExecutionListener@5860f3d7, org.springframework.boot.test.autoconfigure.web.client.MockRestServiceServerResetTestExecutionListener@1d7f7be7, org.springframework.boot.test.autoconfigure.web.servlet.MockMvcPrintOnlyOnFailureTestExecutionListener@42f3156d, org.springframework.boot.test.autoconfigure.web.servlet.WebDriverTestExecutionListener@1ddae9b5, org.springframework.boot.test.autoconfigure.webservices.client.MockWebServiceServerTestExecutionListener@427b5f92, org.spockframework.spring.SpringMockTestExecutionListener@24bdb479]
09:12:09.241 [main] DEBUG org.springframework.test.annotation.ProfileValueUtils - Retrieved @ProfileValueSourceConfiguration [null] for test class [mx.gob.oadprs.sicosel.services.FolioServiceSpec]
09:12:09.241 [main] DEBUG org.springframework.test.annotation.ProfileValueUtils - Retrieved ProfileValueSource type [class org.springframework.test.annotation.SystemProfileValueSource] for class [mx.gob.oadprs.sicosel.services.FolioServiceSpec]
09:12:09.241 [main] DEBUG org.springframework.test.annotation.ProfileValueUtils - Retrieved @ProfileValueSourceConfiguration [null] for test class [mx.gob.oadprs.sicosel.services.FolioServiceSpec]
09:12:09.241 [main] DEBUG org.springframework.test.annotation.ProfileValueUtils - Retrieved ProfileValueSource type [class org.springframework.test.annotation.SystemProfileValueSource] for class [mx.gob.oadprs.sicosel.services.FolioServiceSpec]
09:12:09.241 [main] DEBUG org.springframework.test.context.BootstrapUtils - Instantiating CacheAwareContextLoaderDelegate from class [org.springframework.test.context.cache.DefaultCacheAwareContextLoaderDelegate]
09:12:09.241 [main] DEBUG org.springframework.test.context.BootstrapUtils - Instantiating BootstrapContext using constructor [public org.springframework.test.context.support.DefaultBootstrapContext(java.lang.Class,org.springframework.test.context.CacheAwareContextLoaderDelegate)]
09:12:09.242 [main] DEBUG org.springframework.test.context.BootstrapUtils - Instantiating TestContextBootstrapper for test class [mx.gob.oadprs.sicosel.services.FolioServiceSpec] from class [org.springframework.boot.test.context.SpringBootTestContextBootstrapper]
09:12:09.242 [main] INFO org.springframework.boot.test.context.SpringBootTestContextBootstrapper - Neither @ContextConfiguration nor @ContextHierarchy found for test class [mx.gob.oadprs.sicosel.services.FolioServiceSpec], using SpringBootContextLoader
09:12:09.243 [main] DEBUG org.springframework.test.context.support.AbstractContextLoader - Did not detect default resource location for test class [mx.gob.oadprs.sicosel.services.FolioServiceSpec]: class path resource [mx/gob/oadprs/sicosel/services/FolioServiceSpec-context.xml] does not exist
09:12:09.243 [main] DEBUG org.springframework.test.context.support.AbstractContextLoader - Did not detect default resource location for test class [mx.gob.oadprs.sicosel.services.FolioServiceSpec]: class path resource [mx/gob/oadprs/sicosel/services/FolioServiceSpecContext.groovy] does not exist
09:12:09.243 [main] INFO org.springframework.test.context.support.AbstractContextLoader - Could not detect default resource locations for test class [mx.gob.oadprs.sicosel.services.FolioServiceSpec]: no resource found for suffixes {-context.xml, Context.groovy}.
09:12:09.243 [main] INFO org.springframework.test.context.support.AnnotationConfigContextLoaderUtils - Could not detect default configuration classes for test class [mx.gob.oadprs.sicosel.services.FolioServiceSpec]: FolioServiceSpec does not declare any static, non-private, non-final, nested classes annotated with @Configuration.
09:12:09.244 [main] DEBUG org.springframework.test.context.support.ActiveProfilesUtils - Could not find an 'annotation declaring class' for annotation type [org.springframework.test.context.ActiveProfiles] and class [mx.gob.oadprs.sicosel.services.FolioServiceSpec]
09:12:09.244 [main] INFO org.springframework.boot.test.context.SpringBootTestContextBootstrapper - Found @SpringBootConfiguration mx.gob.oadprs.sicosel.PsrApplication for test class mx.gob.oadprs.sicosel.services.FolioServiceSpec
09:12:09.245 [main] DEBUG org.springframework.boot.test.context.SpringBootTestContextBootstrapper - @TestExecutionListeners is not present for class [mx.gob.oadprs.sicosel.services.FolioServiceSpec]: using defaults.
09:12:09.245 [main] INFO org.springframework.boot.test.context.SpringBootTestContextBootstrapper - Loaded default TestExecutionListener class names from location [META-INF/spring.factories]: [org.springframework.boot.test.mock.mockito.MockitoTestExecutionListener, org.springframework.boot.test.mock.mockito.ResetMocksTestExecutionListener, org.springframework.boot.test.autoconfigure.restdocs.RestDocsTestExecutionListener, org.springframework.boot.test.autoconfigure.web.client.MockRestServiceServerResetTestExecutionListener, org.springframework.boot.test.autoconfigure.web.servlet.MockMvcPrintOnlyOnFailureTestExecutionListener, org.springframework.boot.test.autoconfigure.web.servlet.WebDriverTestExecutionListener, org.springframework.boot.test.autoconfigure.webservices.client.MockWebServiceServerTestExecutionListener, org.springframework.test.context.web.ServletTestExecutionListener, org.springframework.test.context.support.DirtiesContextBeforeModesTestExecutionListener, org.springframework.test.context.event.ApplicationEventsTestExecutionListener, org.springframework.test.context.support.DependencyInjectionTestExecutionListener, org.springframework.test.context.support.DirtiesContextTestExecutionListener, org.springframework.test.context.transaction.TransactionalTestExecutionListener, org.springframework.test.context.jdbc.SqlScriptsTestExecutionListener, org.springframework.test.context.event.EventPublishingTestExecutionListener, org.spockframework.spring.SpringMockTestExecutionListener]
09:12:09.246 [main] INFO org.springframework.boot.test.context.SpringBootTestContextBootstrapper - Using TestExecutionListeners: [org.springframework.test.context.web.ServletTestExecutionListener@4c6daf0, org.springframework.test.context.support.DirtiesContextBeforeModesTestExecutionListener@10650953, org.springframework.test.context.event.ApplicationEventsTestExecutionListener@659eef7, org.springframework.boot.test.mock.mockito.MockitoTestExecutionListener@162be91c, org.springframework.boot.test.autoconfigure.SpringBootDependencyInjectionTestExecutionListener@2488b073, org.springframework.test.context.support.DirtiesContextTestExecutionListener@1c9f0a20, org.springframework.test.context.transaction.TransactionalTestExecutionListener@55787112, org.springframework.test.context.jdbc.SqlScriptsTestExecutionListener@1cd201a8, org.springframework.test.context.event.EventPublishingTestExecutionListener@7db82169, org.springframework.boot.test.mock.mockito.ResetMocksTestExecutionListener@1992eaf4, org.springframework.boot.test.autoconfigure.restdocs.RestDocsTestExecutionListener@f74e835, org.springframework.boot.test.autoconfigure.web.client.MockRestServiceServerResetTestExecutionListener@3276732, org.springframework.boot.test.autoconfigure.web.servlet.MockMvcPrintOnlyOnFailureTestExecutionListener@3f28bd56, org.springframework.boot.test.autoconfigure.web.servlet.WebDriverTestExecutionListener@31e3250d, org.springframework.boot.test.autoconfigure.webservices.client.MockWebServiceServerTestExecutionListener@19fe4644, org.spockframework.spring.SpringMockTestExecutionListener@21d8bcbe]
09:12:09.246 [main] DEBUG org.springframework.test.annotation.ProfileValueUtils - Retrieved @ProfileValueSourceConfiguration [null] for test class [mx.gob.oadprs.sicosel.controllers.LoginControllerSpec]
09:12:09.246 [main] DEBUG org.springframework.test.annotation.ProfileValueUtils - Retrieved ProfileValueSource type [class org.springframework.test.annotation.SystemProfileValueSource] for class [mx.gob.oadprs.sicosel.controllers.LoginControllerSpec]
09:12:09.246 [main] DEBUG org.springframework.test.annotation.ProfileValueUtils - Retrieved @ProfileValueSourceConfiguration [null] for test class [mx.gob.oadprs.sicosel.controllers.LoginControllerSpec]
09:12:09.246 [main] DEBUG org.springframework.test.annotation.ProfileValueUtils - Retrieved ProfileValueSource type [class org.springframework.test.annotation.SystemProfileValueSource] for class [mx.gob.oadprs.sicosel.controllers.LoginControllerSpec]
09:12:09.246 [main] DEBUG org.springframework.test.annotation.ProfileValueUtils - Retrieved @ProfileValueSourceConfiguration [null] for test class [mx.gob.oadprs.sicosel.controllers.LoginControllerSpec]
09:12:09.246 [main] DEBUG org.springframework.test.annotation.ProfileValueUtils - Retrieved ProfileValueSource type [class org.springframework.test.annotation.SystemProfileValueSource] for class [mx.gob.oadprs.sicosel.controllers.LoginControllerSpec]
09:12:09.246 [main] DEBUG org.springframework.test.context.BootstrapUtils - Instantiating CacheAwareContextLoaderDelegate from class [org.springframework.test.context.cache.DefaultCacheAwareContextLoaderDelegate]
09:12:09.246 [main] DEBUG org.springframework.test.context.BootstrapUtils - Instantiating BootstrapContext using constructor [public org.springframework.test.context.support.DefaultBootstrapContext(java.lang.Class,org.springframework.test.context.CacheAwareContextLoaderDelegate)]
09:12:09.247 [main] DEBUG org.springframework.test.context.BootstrapUtils - Instantiating TestContextBootstrapper for test class [mx.gob.oadprs.sicosel.controllers.LoginControllerSpec] from class [org.springframework.boot.test.context.SpringBootTestContextBootstrapper]
09:12:09.247 [main] INFO org.springframework.boot.test.context.SpringBootTestContextBootstrapper - Neither @ContextConfiguration nor @ContextHierarchy found for test class [mx.gob.oadprs.sicosel.controllers.LoginControllerSpec], using SpringBootContextLoader
09:12:09.247 [main] DEBUG org.springframework.test.context.support.AbstractContextLoader - Did not detect default resource location for test class [mx.gob.oadprs.sicosel.controllers.LoginControllerSpec]: class path resource [mx/gob/oadprs/sicosel/controllers/LoginControllerSpec-context.xml] does not exist
09:12:09.247 [main] DEBUG org.springframework.test.context.support.AbstractContextLoader - Did not detect default resource location for test class [mx.gob.oadprs.sicosel.controllers.LoginControllerSpec]: class path resource [mx/gob/oadprs/sicosel/controllers/LoginControllerSpecContext.groovy] does not exist
09:12:09.247 [main] INFO org.springframework.test.context.support.AbstractContextLoader - Could not detect default resource locations for test class [mx.gob.oadprs.sicosel.controllers.LoginControllerSpec]: no resource found for suffixes {-context.xml, Context.groovy}.
09:12:09.247 [main] INFO org.springframework.test.context.support.AnnotationConfigContextLoaderUtils - Could not detect default configuration classes for test class [mx.gob.oadprs.sicosel.controllers.LoginControllerSpec]: LoginControllerSpec does not declare any static, non-private, non-final, nested classes annotated with @Configuration.
09:12:09.249 [main] DEBUG org.springframework.test.context.support.ActiveProfilesUtils - Could not find an 'annotation declaring class' for annotation type [org.springframework.test.context.ActiveProfiles] and class [mx.gob.oadprs.sicosel.controllers.LoginControllerSpec]
09:12:09.249 [main] INFO org.springframework.boot.test.context.SpringBootTestContextBootstrapper - Found @SpringBootConfiguration mx.gob.oadprs.sicosel.PsrApplication for test class mx.gob.oadprs.sicosel.controllers.LoginControllerSpec
09:12:09.250 [main] DEBUG org.springframework.boot.test.context.SpringBootTestContextBootstrapper - @TestExecutionListeners is not present for class [mx.gob.oadprs.sicosel.controllers.LoginControllerSpec]: using defaults.
09:12:09.250 [main] INFO org.springframework.boot.test.context.SpringBootTestContextBootstrapper - Loaded default TestExecutionListener class names from location [META-INF/spring.factories]: [org.springframework.boot.test.mock.mockito.MockitoTestExecutionListener, org.springframework.boot.test.mock.mockito.ResetMocksTestExecutionListener, org.springframework.boot.test.autoconfigure.restdocs.RestDocsTestExecutionListener, org.springframework.boot.test.autoconfigure.web.client.MockRestServiceServerResetTestExecutionListener, org.springframework.boot.test.autoconfigure.web.servlet.MockMvcPrintOnlyOnFailureTestExecutionListener, org.springframework.boot.test.autoconfigure.web.servlet.WebDriverTestExecutionListener, org.springframework.boot.test.autoconfigure.webservices.client.MockWebServiceServerTestExecutionListener, org.springframework.test.context.web.ServletTestExecutionListener, org.springframework.test.context.support.DirtiesContextBeforeModesTestExecutionListener, org.springframework.test.context.event.ApplicationEventsTestExecutionListener, org.springframework.test.context.support.DependencyInjectionTestExecutionListener, org.springframework.test.context.support.DirtiesContextTestExecutionListener, org.springframework.test.context.transaction.TransactionalTestExecutionListener, org.springframework.test.context.jdbc.SqlScriptsTestExecutionListener, org.springframework.test.context.event.EventPublishingTestExecutionListener, org.spockframework.spring.SpringMockTestExecutionListener]
09:12:09.251 [main] INFO org.springframework.boot.test.context.SpringBootTestContextBootstrapper - Using TestExecutionListeners: [org.springframework.test.context.web.ServletTestExecutionListener@5be067de, org.springframework.test.context.support.DirtiesContextBeforeModesTestExecutionListener@7383eae2, org.springframework.test.context.event.ApplicationEventsTestExecutionListener@18245eb0, org.springframework.boot.test.mock.mockito.MockitoTestExecutionListener@7c7d3c46, org.springframework.boot.test.autoconfigure.SpringBootDependencyInjectionTestExecutionListener@24fb6a80, org.springframework.test.context.support.DirtiesContextTestExecutionListener@48c35007, org.springframework.test.context.transaction.TransactionalTestExecutionListener@72a85671, org.springframework.test.context.jdbc.SqlScriptsTestExecutionListener@6722db6e, org.springframework.test.context.event.EventPublishingTestExecutionListener@18f20260, org.springframework.boot.test.mock.mockito.ResetMocksTestExecutionListener@4ae33a11, org.springframework.boot.test.autoconfigure.restdocs.RestDocsTestExecutionListener@7a48e6e2, org.springframework.boot.test.autoconfigure.web.client.MockRestServiceServerResetTestExecutionListener@b40bb6e, org.springframework.boot.test.autoconfigure.web.servlet.MockMvcPrintOnlyOnFailureTestExecutionListener@3a94964, org.springframework.boot.test.autoconfigure.web.servlet.WebDriverTestExecutionListener@5049d8b2, org.springframework.boot.test.autoconfigure.webservices.client.MockWebServiceServerTestExecutionListener@6d0b5baf, org.spockframework.spring.SpringMockTestExecutionListener@631e06ab]
09:12:09.251 [main] DEBUG org.springframework.test.annotation.ProfileValueUtils - Retrieved @ProfileValueSourceConfiguration [null] for test class [mx.gob.oadprs.sicosel.controllers.SentenciadoControllerSpec]
09:12:09.252 [main] DEBUG org.springframework.test.annotation.ProfileValueUtils - Retrieved ProfileValueSource type [class org.springframework.test.annotation.SystemProfileValueSource] for class [mx.gob.oadprs.sicosel.controllers.SentenciadoControllerSpec]
09:12:09.252 [main] DEBUG org.springframework.test.annotation.ProfileValueUtils - Retrieved @ProfileValueSourceConfiguration [null] for test class [mx.gob.oadprs.sicosel.controllers.SentenciadoControllerSpec]
09:12:09.252 [main] DEBUG org.springframework.test.annotation.ProfileValueUtils - Retrieved ProfileValueSource type [class org.springframework.test.annotation.SystemProfileValueSource] for class [mx.gob.oadprs.sicosel.controllers.SentenciadoControllerSpec]
09:12:09.252 [main] DEBUG org.springframework.test.annotation.ProfileValueUtils - Retrieved @ProfileValueSourceConfiguration [null] for test class [mx.gob.oadprs.sicosel.controllers.SentenciadoControllerSpec]
09:12:09.252 [main] DEBUG org.springframework.test.annotation.ProfileValueUtils - Retrieved ProfileValueSource type [class org.springframework.test.annotation.SystemProfileValueSource] for class [mx.gob.oadprs.sicosel.controllers.SentenciadoControllerSpec]
09:12:09.252 [main] DEBUG org.springframework.test.annotation.ProfileValueUtils - Retrieved @ProfileValueSourceConfiguration [null] for test class [mx.gob.oadprs.sicosel.controllers.SentenciadoControllerSpec]
09:12:09.252 [main] DEBUG org.springframework.test.annotation.ProfileValueUtils - Retrieved ProfileValueSource type [class org.springframework.test.annotation.SystemProfileValueSource] for class [mx.gob.oadprs.sicosel.controllers.SentenciadoControllerSpec]
09:12:09.252 [main] DEBUG org.springframework.test.annotation.ProfileValueUtils - Retrieved @ProfileValueSourceConfiguration [null] for test class [mx.gob.oadprs.sicosel.controllers.SentenciadoControllerSpec]
09:12:09.252 [main] DEBUG org.springframework.test.annotation.ProfileValueUtils - Retrieved ProfileValueSource type [class org.springframework.test.annotation.SystemProfileValueSource] for class [mx.gob.oadprs.sicosel.controllers.SentenciadoControllerSpec]
09:12:09.252 [main] DEBUG org.springframework.test.annotation.ProfileValueUtils - Retrieved @ProfileValueSourceConfiguration [null] for test class [mx.gob.oadprs.sicosel.controllers.SentenciadoControllerSpec]
09:12:09.252 [main] DEBUG org.springframework.test.annotation.ProfileValueUtils - Retrieved ProfileValueSource type [class org.springframework.test.annotation.SystemProfileValueSource] for class [mx.gob.oadprs.sicosel.controllers.SentenciadoControllerSpec]
09:12:09.252 [main] DEBUG org.springframework.test.context.BootstrapUtils - Instantiating CacheAwareContextLoaderDelegate from class [org.springframework.test.context.cache.DefaultCacheAwareContextLoaderDelegate]
09:12:09.253 [main] DEBUG org.springframework.test.context.BootstrapUtils - Instantiating BootstrapContext using constructor [public org.springframework.test.context.support.DefaultBootstrapContext(java.lang.Class,org.springframework.test.context.CacheAwareContextLoaderDelegate)]
09:12:09.253 [main] DEBUG org.springframework.test.context.BootstrapUtils - Instantiating TestContextBootstrapper for test class [mx.gob.oadprs.sicosel.controllers.SentenciadoControllerSpec] from class [org.springframework.boot.test.context.SpringBootTestContextBootstrapper]
09:12:09.253 [main] INFO org.springframework.boot.test.context.SpringBootTestContextBootstrapper - Neither @ContextConfiguration nor @ContextHierarchy found for test class [mx.gob.oadprs.sicosel.controllers.SentenciadoControllerSpec], using SpringBootContextLoader
09:12:09.254 [main] DEBUG org.springframework.test.context.support.AbstractContextLoader - Did not detect default resource location for test class [mx.gob.oadprs.sicosel.controllers.SentenciadoControllerSpec]: class path resource [mx/gob/oadprs/sicosel/controllers/SentenciadoControllerSpec-context.xml] does not exist
09:12:09.254 [main] DEBUG org.springframework.test.context.support.AbstractContextLoader - Did not detect default resource location for test class [mx.gob.oadprs.sicosel.controllers.SentenciadoControllerSpec]: class path resource [mx/gob/oadprs/sicosel/controllers/SentenciadoControllerSpecContext.groovy] does not exist
09:12:09.254 [main] INFO org.springframework.test.context.support.AbstractContextLoader - Could not detect default resource locations for test class [mx.gob.oadprs.sicosel.controllers.SentenciadoControllerSpec]: no resource found for suffixes {-context.xml, Context.groovy}.
09:12:09.254 [main] INFO org.springframework.test.context.support.AnnotationConfigContextLoaderUtils - Could not detect default configuration classes for test class [mx.gob.oadprs.sicosel.controllers.SentenciadoControllerSpec]: SentenciadoControllerSpec does not declare any static, non-private, non-final, nested classes annotated with @Configuration.
09:12:09.256 [main] DEBUG org.springframework.test.context.support.ActiveProfilesUtils - Could not find an 'annotation declaring class' for annotation type [org.springframework.test.context.ActiveProfiles] and class [mx.gob.oadprs.sicosel.controllers.SentenciadoControllerSpec]
09:12:09.256 [main] INFO org.springframework.boot.test.context.SpringBootTestContextBootstrapper - Found @SpringBootConfiguration mx.gob.oadprs.sicosel.PsrApplication for test class mx.gob.oadprs.sicosel.controllers.SentenciadoControllerSpec
09:12:09.257 [main] DEBUG org.springframework.boot.test.context.SpringBootTestContextBootstrapper - @TestExecutionListeners is not present for class [mx.gob.oadprs.sicosel.controllers.SentenciadoControllerSpec]: using defaults.
09:12:09.257 [main] INFO org.springframework.boot.test.context.SpringBootTestContextBootstrapper - Loaded default TestExecutionListener class names from location [META-INF/spring.factories]: [org.springframework.boot.test.mock.mockito.MockitoTestExecutionListener, org.springframework.boot.test.mock.mockito.ResetMocksTestExecutionListener, org.springframework.boot.test.autoconfigure.restdocs.RestDocsTestExecutionListener, org.springframework.boot.test.autoconfigure.web.client.MockRestServiceServerResetTestExecutionListener, org.springframework.boot.test.autoconfigure.web.servlet.MockMvcPrintOnlyOnFailureTestExecutionListener, org.springframework.boot.test.autoconfigure.web.servlet.WebDriverTestExecutionListener, org.springframework.boot.test.autoconfigure.webservices.client.MockWebServiceServerTestExecutionListener, org.springframework.test.context.web.ServletTestExecutionListener, org.springframework.test.context.support.DirtiesContextBeforeModesTestExecutionListener, org.springframework.test.context.event.ApplicationEventsTestExecutionListener, org.springframework.test.context.support.DependencyInjectionTestExecutionListener, org.springframework.test.context.support.DirtiesContextTestExecutionListener, org.springframework.test.context.transaction.TransactionalTestExecutionListener, org.springframework.test.context.jdbc.SqlScriptsTestExecutionListener, org.springframework.test.context.event.EventPublishingTestExecutionListener, org.spockframework.spring.SpringMockTestExecutionListener]
09:12:09.257 [main] INFO org.springframework.boot.test.context.SpringBootTestContextBootstrapper - Using TestExecutionListeners: [org.springframework.test.context.web.ServletTestExecutionListener@2a3591c5, org.springframework.test.context.support.DirtiesContextBeforeModesTestExecutionListener@34a75079, org.springframework.test.context.event.ApplicationEventsTestExecutionListener@346a361, org.springframework.boot.test.mock.mockito.MockitoTestExecutionListener@107ed6fc, org.springframework.boot.test.autoconfigure.SpringBootDependencyInjectionTestExecutionListener@1643d68f, org.springframework.test.context.support.DirtiesContextTestExecutionListener@186978a6, org.springframework.test.context.transaction.TransactionalTestExecutionListener@2e029d61, org.springframework.test.context.jdbc.SqlScriptsTestExecutionListener@482d776b, org.springframework.test.context.event.EventPublishingTestExecutionListener@4052274f, org.springframework.boot.test.mock.mockito.ResetMocksTestExecutionListener@132ddbab, org.springframework.boot.test.autoconfigure.restdocs.RestDocsTestExecutionListener@297ea53a, org.springframework.boot.test.autoconfigure.web.client.MockRestServiceServerResetTestExecutionListener@acb0951, org.springframework.boot.test.autoconfigure.web.servlet.MockMvcPrintOnlyOnFailureTestExecutionListener@5bf22f18, org.springframework.boot.test.autoconfigure.web.servlet.WebDriverTestExecutionListener@267f474e, org.springframework.boot.test.autoconfigure.webservices.client.MockWebServiceServerTestExecutionListener@7a7471ce, org.spockframework.spring.SpringMockTestExecutionListener@28276e50]
09:12:09.258 [main] DEBUG org.springframework.test.annotation.ProfileValueUtils - Retrieved @ProfileValueSourceConfiguration [null] for test class [mx.gob.oadprs.sicosel.controllers.PaisControllerSpec]
09:12:09.258 [main] DEBUG org.springframework.test.annotation.ProfileValueUtils - Retrieved ProfileValueSource type [class org.springframework.test.annotation.SystemProfileValueSource] for class [mx.gob.oadprs.sicosel.controllers.PaisControllerSpec]
09:12:09.258 [main] DEBUG org.springframework.test.annotation.ProfileValueUtils - Retrieved @ProfileValueSourceConfiguration [null] for test class [mx.gob.oadprs.sicosel.controllers.PaisControllerSpec]
09:12:09.258 [main] DEBUG org.springframework.test.annotation.ProfileValueUtils - Retrieved ProfileValueSource type [class org.springframework.test.annotation.SystemProfileValueSource] for class [mx.gob.oadprs.sicosel.controllers.PaisControllerSpec]
09:12:09.258 [main] DEBUG org.springframework.test.context.BootstrapUtils - Instantiating CacheAwareContextLoaderDelegate from class [org.springframework.test.context.cache.DefaultCacheAwareContextLoaderDelegate]
09:12:09.259 [main] DEBUG org.springframework.test.context.BootstrapUtils - Instantiating BootstrapContext using constructor [public org.springframework.test.context.support.DefaultBootstrapContext(java.lang.Class,org.springframework.test.context.CacheAwareContextLoaderDelegate)]
09:12:09.259 [main] DEBUG org.springframework.test.context.BootstrapUtils - Instantiating TestContextBootstrapper for test class [mx.gob.oadprs.sicosel.controllers.PaisControllerSpec] from class [org.springframework.boot.test.context.SpringBootTestContextBootstrapper]
09:12:09.259 [main] INFO org.springframework.boot.test.context.SpringBootTestContextBootstrapper - Neither @ContextConfiguration nor @ContextHierarchy found for test class [mx.gob.oadprs.sicosel.controllers.PaisControllerSpec], using SpringBootContextLoader
09:12:09.260 [main] DEBUG org.springframework.test.context.support.AbstractContextLoader - Did not detect default resource location for test class [mx.gob.oadprs.sicosel.controllers.PaisControllerSpec]: class path resource [mx/gob/oadprs/sicosel/controllers/PaisControllerSpec-context.xml] does not exist
09:12:09.260 [main] DEBUG org.springframework.test.context.support.AbstractContextLoader - Did not detect default resource location for test class [mx.gob.oadprs.sicosel.controllers.PaisControllerSpec]: class path resource [mx/gob/oadprs/sicosel/controllers/PaisControllerSpecContext.groovy] does not exist
09:12:09.261 [main] INFO org.springframework.test.context.support.AbstractContextLoader - Could not detect default resource locations for test class [mx.gob.oadprs.sicosel.controllers.PaisControllerSpec]: no resource found for suffixes {-context.xml, Context.groovy}.
09:12:09.261 [main] INFO org.springframework.test.context.support.AnnotationConfigContextLoaderUtils - Could not detect default configuration classes for test class [mx.gob.oadprs.sicosel.controllers.PaisControllerSpec]: PaisControllerSpec does not declare any static, non-private, non-final, nested classes annotated with @Configuration.
09:12:09.263 [main] DEBUG org.springframework.test.context.support.ActiveProfilesUtils - Could not find an 'annotation declaring class' for annotation type [org.springframework.test.context.ActiveProfiles] and class [mx.gob.oadprs.sicosel.controllers.PaisControllerSpec]
09:12:09.264 [main] INFO org.springframework.boot.test.context.SpringBootTestContextBootstrapper - Found @SpringBootConfiguration mx.gob.oadprs.sicosel.PsrApplication for test class mx.gob.oadprs.sicosel.controllers.PaisControllerSpec
09:12:09.265 [main] DEBUG org.springframework.boot.test.context.SpringBootTestContextBootstrapper - @TestExecutionListeners is not present for class [mx.gob.oadprs.sicosel.controllers.PaisControllerSpec]: using defaults.
09:12:09.265 [main] INFO org.springframework.boot.test.context.SpringBootTestContextBootstrapper - Loaded default TestExecutionListener class names from location [META-INF/spring.factories]: [org.springframework.boot.test.mock.mockito.MockitoTestExecutionListener, org.springframework.boot.test.mock.mockito.ResetMocksTestExecutionListener, org.springframework.boot.test.autoconfigure.restdocs.RestDocsTestExecutionListener, org.springframework.boot.test.autoconfigure.web.client.MockRestServiceServerResetTestExecutionListener, org.springframework.boot.test.autoconfigure.web.servlet.MockMvcPrintOnlyOnFailureTestExecutionListener, org.springframework.boot.test.autoconfigure.web.servlet.WebDriverTestExecutionListener, org.springframework.boot.test.autoconfigure.webservices.client.MockWebServiceServerTestExecutionListener, org.springframework.test.context.web.ServletTestExecutionListener, org.springframework.test.context.support.DirtiesContextBeforeModesTestExecutionListener, org.springframework.test.context.event.ApplicationEventsTestExecutionListener, org.springframework.test.context.support.DependencyInjectionTestExecutionListener, org.springframework.test.context.support.DirtiesContextTestExecutionListener, org.springframework.test.context.transaction.TransactionalTestExecutionListener, org.springframework.test.context.jdbc.SqlScriptsTestExecutionListener, org.springframework.test.context.event.EventPublishingTestExecutionListener, org.spockframework.spring.SpringMockTestExecutionListener]
09:12:09.266 [main] INFO org.springframework.boot.test.context.SpringBootTestContextBootstrapper - Using TestExecutionListeners: [org.springframework.test.context.web.ServletTestExecutionListener@62e70ea3, org.springframework.test.context.support.DirtiesContextBeforeModesTestExecutionListener@3efe7086, org.springframework.test.context.event.ApplicationEventsTestExecutionListener@675d8c96, org.springframework.boot.test.mock.mockito.MockitoTestExecutionListener@741b3bc3, org.springframework.boot.test.autoconfigure.SpringBootDependencyInjectionTestExecutionListener@2ed3b1f5, org.springframework.test.context.support.DirtiesContextTestExecutionListener@63648ee9, org.springframework.test.context.transaction.TransactionalTestExecutionListener@68d6972f, org.springframework.test.context.jdbc.SqlScriptsTestExecutionListener@45be7cd5, org.springframework.test.context.event.EventPublishingTestExecutionListener@7651218e, org.springframework.boot.test.mock.mockito.ResetMocksTestExecutionListener@3185fa6b, org.springframework.boot.test.autoconfigure.restdocs.RestDocsTestExecutionListener@6d366c9b, org.springframework.boot.test.autoconfigure.web.client.MockRestServiceServerResetTestExecutionListener@5b58ed3c, org.springframework.boot.test.autoconfigure.web.servlet.MockMvcPrintOnlyOnFailureTestExecutionListener@24faea88, org.springframework.boot.test.autoconfigure.web.servlet.WebDriverTestExecutionListener@3a320ade, org.springframework.boot.test.autoconfigure.webservices.client.MockWebServiceServerTestExecutionListener@64beebb7, org.spockframework.spring.SpringMockTestExecutionListener@7813cb11]
09:12:09.288 [main] DEBUG org.springframework.test.annotation.ProfileValueUtils - Retrieved @ProfileValueSourceConfiguration [null] for test class [mx.gob.oadprs.sicosel.controllers.CatalogosControllerSpec]
09:12:09.289 [main] DEBUG org.springframework.test.annotation.ProfileValueUtils - Retrieved ProfileValueSource type [class org.springframework.test.annotation.SystemProfileValueSource] for class [mx.gob.oadprs.sicosel.controllers.CatalogosControllerSpec]
09:12:09.289 [main] DEBUG org.springframework.test.annotation.ProfileValueUtils - Retrieved @ProfileValueSourceConfiguration [null] for test class [mx.gob.oadprs.sicosel.controllers.CatalogosControllerSpec]
09:12:09.289 [main] DEBUG org.springframework.test.annotation.ProfileValueUtils - Retrieved ProfileValueSource type [class org.springframework.test.annotation.SystemProfileValueSource] for class [mx.gob.oadprs.sicosel.controllers.CatalogosControllerSpec]
09:12:09.289 [main] DEBUG org.springframework.test.annotation.ProfileValueUtils - Retrieved @ProfileValueSourceConfiguration [null] for test class [mx.gob.oadprs.sicosel.controllers.CatalogosControllerSpec]
09:12:09.309 [main] DEBUG org.springframework.test.annotation.ProfileValueUtils - Retrieved ProfileValueSource type [class org.springframework.test.annotation.SystemProfileValueSource] for class [mx.gob.oadprs.sicosel.controllers.CatalogosControllerSpec]
09:12:09.309 [main] DEBUG org.springframework.test.annotation.ProfileValueUtils - Retrieved @ProfileValueSourceConfiguration [null] for test class [mx.gob.oadprs.sicosel.controllers.CatalogosControllerSpec]
09:12:09.309 [main] DEBUG org.springframework.test.annotation.ProfileValueUtils - Retrieved ProfileValueSource type [class org.springframework.test.annotation.SystemProfileValueSource] for class [mx.gob.oadprs.sicosel.controllers.CatalogosControllerSpec]
09:12:09.310 [main] DEBUG org.springframework.test.annotation.ProfileValueUtils - Retrieved @ProfileValueSourceConfiguration [null] for test class [mx.gob.oadprs.sicosel.controllers.CatalogosControllerSpec]
09:12:09.310 [main] DEBUG org.springframework.test.annotation.ProfileValueUtils - Retrieved ProfileValueSource type [class org.springframework.test.annotation.SystemProfileValueSource] for class [mx.gob.oadprs.sicosel.controllers.CatalogosControllerSpec]
09:12:09.310 [main] DEBUG org.springframework.test.annotation.ProfileValueUtils - Retrieved @ProfileValueSourceConfiguration [null] for test class [mx.gob.oadprs.sicosel.controllers.CatalogosControllerSpec]
09:12:09.310 [main] DEBUG org.springframework.test.annotation.ProfileValueUtils - Retrieved ProfileValueSource type [class org.springframework.test.annotation.SystemProfileValueSource] for class [mx.gob.oadprs.sicosel.controllers.CatalogosControllerSpec]
09:12:09.310 [main] DEBUG org.springframework.test.annotation.ProfileValueUtils - Retrieved @ProfileValueSourceConfiguration [null] for test class [mx.gob.oadprs.sicosel.controllers.CatalogosControllerSpec]
09:12:09.310 [main] DEBUG org.springframework.test.annotation.ProfileValueUtils - Retrieved ProfileValueSource type [class org.springframework.test.annotation.SystemProfileValueSource] for class [mx.gob.oadprs.sicosel.controllers.CatalogosControllerSpec]
09:12:09.310 [main] DEBUG org.springframework.test.annotation.ProfileValueUtils - Retrieved @ProfileValueSourceConfiguration [null] for test class [mx.gob.oadprs.sicosel.controllers.CatalogosControllerSpec]
09:12:09.310 [main] DEBUG org.springframework.test.annotation.ProfileValueUtils - Retrieved ProfileValueSource type [class org.springframework.test.annotation.SystemProfileValueSource] for class [mx.gob.oadprs.sicosel.controllers.CatalogosControllerSpec]
09:12:09.310 [main] DEBUG org.springframework.test.annotation.ProfileValueUtils - Retrieved @ProfileValueSourceConfiguration [null] for test class [mx.gob.oadprs.sicosel.controllers.CatalogosControllerSpec]
09:12:09.310 [main] DEBUG org.springframework.test.annotation.ProfileValueUtils - Retrieved ProfileValueSource type [class org.springframework.test.annotation.SystemProfileValueSource] for class [mx.gob.oadprs.sicosel.controllers.CatalogosControllerSpec]
09:12:09.310 [main] DEBUG org.springframework.test.annotation.ProfileValueUtils - Retrieved @ProfileValueSourceConfiguration [null] for test class [mx.gob.oadprs.sicosel.controllers.CatalogosControllerSpec]
09:12:09.310 [main] DEBUG org.springframework.test.annotation.ProfileValueUtils - Retrieved ProfileValueSource type [class org.springframework.test.annotation.SystemProfileValueSource] for class [mx.gob.oadprs.sicosel.controllers.CatalogosControllerSpec]
09:12:09.310 [main] DEBUG org.springframework.test.annotation.ProfileValueUtils - Retrieved @ProfileValueSourceConfiguration [null] for test class [mx.gob.oadprs.sicosel.controllers.CatalogosControllerSpec]
09:12:09.310 [main] DEBUG org.springframework.test.annotation.ProfileValueUtils - Retrieved ProfileValueSource type [class org.springframework.test.annotation.SystemProfileValueSource] for class [mx.gob.oadprs.sicosel.controllers.CatalogosControllerSpec]
09:12:09.311 [main] DEBUG org.springframework.test.context.BootstrapUtils - Instantiating CacheAwareContextLoaderDelegate from class [org.springframework.test.context.cache.DefaultCacheAwareContextLoaderDelegate]
09:12:09.311 [main] DEBUG org.springframework.test.context.BootstrapUtils - Instantiating BootstrapContext using constructor [public org.springframework.test.context.support.DefaultBootstrapContext(java.lang.Class,org.springframework.test.context.CacheAwareContextLoaderDelegate)]
09:12:09.311 [main] DEBUG org.springframework.test.context.BootstrapUtils - Instantiating TestContextBootstrapper for test class [mx.gob.oadprs.sicosel.controllers.CatalogosControllerSpec] from class [org.springframework.boot.test.context.SpringBootTestContextBootstrapper]
09:12:09.312 [main] INFO org.springframework.boot.test.context.SpringBootTestContextBootstrapper - Neither @ContextConfiguration nor @ContextHierarchy found for test class [mx.gob.oadprs.sicosel.controllers.CatalogosControllerSpec], using SpringBootContextLoader
09:12:09.312 [main] DEBUG org.springframework.test.context.support.AbstractContextLoader - Did not detect default resource location for test class [mx.gob.oadprs.sicosel.controllers.CatalogosControllerSpec]: class path resource [mx/gob/oadprs/sicosel/controllers/CatalogosControllerSpec-context.xml] does not exist
09:12:09.312 [main] DEBUG org.springframework.test.context.support.AbstractContextLoader - Did not detect default resource location for test class [mx.gob.oadprs.sicosel.controllers.CatalogosControllerSpec]: class path resource [mx/gob/oadprs/sicosel/controllers/CatalogosControllerSpecContext.groovy] does not exist
09:12:09.313 [main] INFO org.springframework.test.context.support.AbstractContextLoader - Could not detect default resource locations for test class [mx.gob.oadprs.sicosel.controllers.CatalogosControllerSpec]: no resource found for suffixes {-context.xml, Context.groovy}.
09:12:09.313 [main] INFO org.springframework.test.context.support.AnnotationConfigContextLoaderUtils - Could not detect default configuration classes for test class [mx.gob.oadprs.sicosel.controllers.CatalogosControllerSpec]: CatalogosControllerSpec does not declare any static, non-private, non-final, nested classes annotated with @Configuration.
09:12:09.315 [main] DEBUG org.springframework.test.context.support.ActiveProfilesUtils - Could not find an 'annotation declaring class' for annotation type [org.springframework.test.context.ActiveProfiles] and class [mx.gob.oadprs.sicosel.controllers.CatalogosControllerSpec]
09:12:09.315 [main] INFO org.springframework.boot.test.context.SpringBootTestContextBootstrapper - Found @SpringBootConfiguration mx.gob.oadprs.sicosel.PsrApplication for test class mx.gob.oadprs.sicosel.controllers.CatalogosControllerSpec
09:12:09.316 [main] DEBUG org.springframework.boot.test.context.SpringBootTestContextBootstrapper - @TestExecutionListeners is not present for class [mx.gob.oadprs.sicosel.controllers.CatalogosControllerSpec]: using defaults.
09:12:09.317 [main] INFO org.springframework.boot.test.context.SpringBootTestContextBootstrapper - Loaded default TestExecutionListener class names from location [META-INF/spring.factories]: [org.springframework.boot.test.mock.mockito.MockitoTestExecutionListener, org.springframework.boot.test.mock.mockito.ResetMocksTestExecutionListener, org.springframework.boot.test.autoconfigure.restdocs.RestDocsTestExecutionListener, org.springframework.boot.test.autoconfigure.web.client.MockRestServiceServerResetTestExecutionListener, org.springframework.boot.test.autoconfigure.web.servlet.MockMvcPrintOnlyOnFailureTestExecutionListener, org.springframework.boot.test.autoconfigure.web.servlet.WebDriverTestExecutionListener, org.springframework.boot.test.autoconfigure.webservices.client.MockWebServiceServerTestExecutionListener, org.springframework.test.context.web.ServletTestExecutionListener, org.springframework.test.context.support.DirtiesContextBeforeModesTestExecutionListener, org.springframework.test.context.event.ApplicationEventsTestExecutionListener, org.springframework.test.context.support.DependencyInjectionTestExecutionListener, org.springframework.test.context.support.DirtiesContextTestExecutionListener, org.springframework.test.context.transaction.TransactionalTestExecutionListener, org.springframework.test.context.jdbc.SqlScriptsTestExecutionListener, org.springframework.test.context.event.EventPublishingTestExecutionListener, org.spockframework.spring.SpringMockTestExecutionListener]
09:12:09.317 [main] INFO org.springframework.boot.test.context.SpringBootTestContextBootstrapper - Using TestExecutionListeners: [org.springframework.test.context.web.ServletTestExecutionListener@bcec031, org.springframework.test.context.support.DirtiesContextBeforeModesTestExecutionListener@21005f6c, org.springframework.test.context.event.ApplicationEventsTestExecutionListener@32f0fba8, org.springframework.boot.test.mock.mockito.MockitoTestExecutionListener@545de5a4, org.springframework.boot.test.autoconfigure.SpringBootDependencyInjectionTestExecutionListener@29ef6856, org.springframework.test.context.support.DirtiesContextTestExecutionListener@ab7a938, org.springframework.test.context.transaction.TransactionalTestExecutionListener@3faf2e7d, org.springframework.test.context.jdbc.SqlScriptsTestExecutionListener@4648ce9, org.springframework.test.context.event.EventPublishingTestExecutionListener@569bf9eb, org.springframework.boot.test.mock.mockito.ResetMocksTestExecutionListener@61526469, org.springframework.boot.test.autoconfigure.restdocs.RestDocsTestExecutionListener@274872f8, org.springframework.boot.test.autoconfigure.web.client.MockRestServiceServerResetTestExecutionListener@76ba13c, org.springframework.boot.test.autoconfigure.web.servlet.MockMvcPrintOnlyOnFailureTestExecutionListener@eb6449b, org.springframework.boot.test.autoconfigure.web.servlet.WebDriverTestExecutionListener@7c351808, org.springframework.boot.test.autoconfigure.webservices.client.MockWebServiceServerTestExecutionListener@180e6ac4, org.spockframework.spring.SpringMockTestExecutionListener@42b64ab8]
09:12:09.318 [main] DEBUG org.springframework.test.annotation.ProfileValueUtils - Retrieved @ProfileValueSourceConfiguration [null] for test class [mx.gob.oadprs.sicosel.controllers.DomicilioControllerSpec]
09:12:09.318 [main] DEBUG org.springframework.test.annotation.ProfileValueUtils - Retrieved ProfileValueSource type [class org.springframework.test.annotation.SystemProfileValueSource] for class [mx.gob.oadprs.sicosel.controllers.DomicilioControllerSpec]
09:12:09.318 [main] DEBUG org.springframework.test.annotation.ProfileValueUtils - Retrieved @ProfileValueSourceConfiguration [null] for test class [mx.gob.oadprs.sicosel.controllers.DomicilioControllerSpec]
09:12:09.318 [main] DEBUG org.springframework.test.annotation.ProfileValueUtils - Retrieved ProfileValueSource type [class org.springframework.test.annotation.SystemProfileValueSource] for class [mx.gob.oadprs.sicosel.controllers.DomicilioControllerSpec]
09:12:09.318 [main] DEBUG org.springframework.test.annotation.ProfileValueUtils - Retrieved @ProfileValueSourceConfiguration [null] for test class [mx.gob.oadprs.sicosel.controllers.DomicilioControllerSpec]
09:12:09.318 [main] DEBUG org.springframework.test.annotation.ProfileValueUtils - Retrieved ProfileValueSource type [class org.springframework.test.annotation.SystemProfileValueSource] for class [mx.gob.oadprs.sicosel.controllers.DomicilioControllerSpec]
09:12:09.319 [main] DEBUG org.springframework.test.context.BootstrapUtils - Instantiating CacheAwareContextLoaderDelegate from class [org.springframework.test.context.cache.DefaultCacheAwareContextLoaderDelegate]
09:12:09.319 [main] DEBUG org.springframework.test.context.BootstrapUtils - Instantiating BootstrapContext using constructor [public org.springframework.test.context.support.DefaultBootstrapContext(java.lang.Class,org.springframework.test.context.CacheAwareContextLoaderDelegate)]
09:12:09.319 [main] DEBUG org.springframework.test.context.BootstrapUtils - Instantiating TestContextBootstrapper for test class [mx.gob.oadprs.sicosel.controllers.DomicilioControllerSpec] from class [org.springframework.boot.test.context.SpringBootTestContextBootstrapper]
09:12:09.319 [main] INFO org.springframework.boot.test.context.SpringBootTestContextBootstrapper - Neither @ContextConfiguration nor @ContextHierarchy found for test class [mx.gob.oadprs.sicosel.controllers.DomicilioControllerSpec], using SpringBootContextLoader
09:12:09.323 [main] DEBUG org.springframework.test.context.support.AbstractContextLoader - Did not detect default resource location for test class [mx.gob.oadprs.sicosel.controllers.DomicilioControllerSpec]: class path resource [mx/gob/oadprs/sicosel/controllers/DomicilioControllerSpec-context.xml] does not exist
09:12:09.323 [main] DEBUG org.springframework.test.context.support.AbstractContextLoader - Did not detect default resource location for test class [mx.gob.oadprs.sicosel.controllers.DomicilioControllerSpec]: class path resource [mx/gob/oadprs/sicosel/controllers/DomicilioControllerSpecContext.groovy] does not exist
09:12:09.324 [main] INFO org.springframework.test.context.support.AbstractContextLoader - Could not detect default resource locations for test class [mx.gob.oadprs.sicosel.controllers.DomicilioControllerSpec]: no resource found for suffixes {-context.xml, Context.groovy}.
09:12:09.324 [main] INFO org.springframework.test.context.support.AnnotationConfigContextLoaderUtils - Could not detect default configuration classes for test class [mx.gob.oadprs.sicosel.controllers.DomicilioControllerSpec]: DomicilioControllerSpec does not declare any static, non-private, non-final, nested classes annotated with @Configuration.
09:12:09.326 [main] DEBUG org.springframework.test.context.support.ActiveProfilesUtils - Could not find an 'annotation declaring class' for annotation type [org.springframework.test.context.ActiveProfiles] and class [mx.gob.oadprs.sicosel.controllers.DomicilioControllerSpec]
09:12:09.326 [main] INFO org.springframework.boot.test.context.SpringBootTestContextBootstrapper - Found @SpringBootConfiguration mx.gob.oadprs.sicosel.PsrApplication for test class mx.gob.oadprs.sicosel.controllers.DomicilioControllerSpec
09:12:09.328 [main] DEBUG org.springframework.boot.test.context.SpringBootTestContextBootstrapper - @TestExecutionListeners is not present for class [mx.gob.oadprs.sicosel.controllers.DomicilioControllerSpec]: using defaults.
09:12:09.328 [main] INFO org.springframework.boot.test.context.SpringBootTestContextBootstrapper - Loaded default TestExecutionListener class names from location [META-INF/spring.factories]: [org.springframework.boot.test.mock.mockito.MockitoTestExecutionListener, org.springframework.boot.test.mock.mockito.ResetMocksTestExecutionListener, org.springframework.boot.test.autoconfigure.restdocs.RestDocsTestExecutionListener, org.springframework.boot.test.autoconfigure.web.client.MockRestServiceServerResetTestExecutionListener, org.springframework.boot.test.autoconfigure.web.servlet.MockMvcPrintOnlyOnFailureTestExecutionListener, org.springframework.boot.test.autoconfigure.web.servlet.WebDriverTestExecutionListener, org.springframework.boot.test.autoconfigure.webservices.client.MockWebServiceServerTestExecutionListener, org.springframework.test.context.web.ServletTestExecutionListener, org.springframework.test.context.support.DirtiesContextBeforeModesTestExecutionListener, org.springframework.test.context.event.ApplicationEventsTestExecutionListener, org.springframework.test.context.support.DependencyInjectionTestExecutionListener, org.springframework.test.context.support.DirtiesContextTestExecutionListener, org.springframework.test.context.transaction.TransactionalTestExecutionListener, org.springframework.test.context.jdbc.SqlScriptsTestExecutionListener, org.springframework.test.context.event.EventPublishingTestExecutionListener, org.spockframework.spring.SpringMockTestExecutionListener]
09:12:09.329 [main] INFO org.springframework.boot.test.context.SpringBootTestContextBootstrapper - Using TestExecutionListeners: [org.springframework.test.context.web.ServletTestExecutionListener@7e985ce9, org.springframework.test.context.support.DirtiesContextBeforeModesTestExecutionListener@2a39fe6a, org.springframework.test.context.event.ApplicationEventsTestExecutionListener@410ae9a3, org.springframework.boot.test.mock.mockito.MockitoTestExecutionListener@319988b0, org.springframework.boot.test.autoconfigure.SpringBootDependencyInjectionTestExecutionListener@d5ae57e, org.springframework.test.context.support.DirtiesContextTestExecutionListener@68759011, org.springframework.test.context.transaction.TransactionalTestExecutionListener@7e242b4d, org.springframework.test.context.jdbc.SqlScriptsTestExecutionListener@305f031, org.springframework.test.context.event.EventPublishingTestExecutionListener@592e843a, org.springframework.boot.test.mock.mockito.ResetMocksTestExecutionListener@1d1f7216, org.springframework.boot.test.autoconfigure.restdocs.RestDocsTestExecutionListener@423e4cbb, org.springframework.boot.test.autoconfigure.web.client.MockRestServiceServerResetTestExecutionListener@6e16b8b5, org.springframework.boot.test.autoconfigure.web.servlet.MockMvcPrintOnlyOnFailureTestExecutionListener@43b4fe19, org.springframework.boot.test.autoconfigure.web.servlet.WebDriverTestExecutionListener@25ddbbbb, org.springframework.boot.test.autoconfigure.webservices.client.MockWebServiceServerTestExecutionListener@1536602f, org.spockframework.spring.SpringMockTestExecutionListener@4ebea12c]
09:12:09.339 [main] DEBUG org.springframework.test.annotation.ProfileValueUtils - Retrieved @ProfileValueSourceConfiguration [null] for test class [mx.gob.oadprs.sicosel.utils.AltisonantesSpec]
09:12:09.340 [main] DEBUG org.springframework.test.annotation.ProfileValueUtils - Retrieved ProfileValueSource type [class org.springframework.test.annotation.SystemProfileValueSource] for class [mx.gob.oadprs.sicosel.utils.AltisonantesSpec]
09:12:09.340 [main] DEBUG org.springframework.test.annotation.ProfileValueUtils - Retrieved @ProfileValueSourceConfiguration [null] for test class [mx.gob.oadprs.sicosel.utils.AltisonantesSpec]
09:12:09.340 [main] DEBUG org.springframework.test.annotation.ProfileValueUtils - Retrieved ProfileValueSource type [class org.springframework.test.annotation.SystemProfileValueSource] for class [mx.gob.oadprs.sicosel.utils.AltisonantesSpec]
09:12:09.340 [main] DEBUG org.springframework.test.context.BootstrapUtils - Instantiating CacheAwareContextLoaderDelegate from class [org.springframework.test.context.cache.DefaultCacheAwareContextLoaderDelegate]
09:12:09.340 [main] DEBUG org.springframework.test.context.BootstrapUtils - Instantiating BootstrapContext using constructor [public org.springframework.test.context.support.DefaultBootstrapContext(java.lang.Class,org.springframework.test.context.CacheAwareContextLoaderDelegate)]
09:12:09.340 [main] DEBUG org.springframework.test.context.BootstrapUtils - Instantiating TestContextBootstrapper for test class [mx.gob.oadprs.sicosel.utils.AltisonantesSpec] from class [org.springframework.boot.test.context.SpringBootTestContextBootstrapper]
09:12:09.340 [main] INFO org.springframework.boot.test.context.SpringBootTestContextBootstrapper - Neither @ContextConfiguration nor @ContextHierarchy found for test class [mx.gob.oadprs.sicosel.utils.AltisonantesSpec], using SpringBootContextLoader
09:12:09.341 [main] DEBUG org.springframework.test.context.support.AbstractContextLoader - Did not detect default resource location for test class [mx.gob.oadprs.sicosel.utils.AltisonantesSpec]: class path resource [mx/gob/oadprs/sicosel/utils/AltisonantesSpec-context.xml] does not exist
09:12:09.341 [main] DEBUG org.springframework.test.context.support.AbstractContextLoader - Did not detect default resource location for test class [mx.gob.oadprs.sicosel.utils.AltisonantesSpec]: class path resource [mx/gob/oadprs/sicosel/utils/AltisonantesSpecContext.groovy] does not exist
09:12:09.341 [main] INFO org.springframework.test.context.support.AbstractContextLoader - Could not detect default resource locations for test class [mx.gob.oadprs.sicosel.utils.AltisonantesSpec]: no resource found for suffixes {-context.xml, Context.groovy}.
09:12:09.341 [main] INFO org.springframework.test.context.support.AnnotationConfigContextLoaderUtils - Could not detect default configuration classes for test class [mx.gob.oadprs.sicosel.utils.AltisonantesSpec]: AltisonantesSpec does not declare any static, non-private, non-final, nested classes annotated with @Configuration.
09:12:09.342 [main] DEBUG org.springframework.test.context.support.ActiveProfilesUtils - Could not find an 'annotation declaring class' for annotation type [org.springframework.test.context.ActiveProfiles] and class [mx.gob.oadprs.sicosel.utils.AltisonantesSpec]
09:12:09.343 [main] INFO org.springframework.boot.test.context.SpringBootTestContextBootstrapper - Found @SpringBootConfiguration mx.gob.oadprs.sicosel.PsrApplication for test class mx.gob.oadprs.sicosel.utils.AltisonantesSpec
09:12:09.344 [main] DEBUG org.springframework.boot.test.context.SpringBootTestContextBootstrapper - @TestExecutionListeners is not present for class [mx.gob.oadprs.sicosel.utils.AltisonantesSpec]: using defaults.
09:12:09.344 [main] INFO org.springframework.boot.test.context.SpringBootTestContextBootstrapper - Loaded default TestExecutionListener class names from location [META-INF/spring.factories]: [org.springframework.boot.test.mock.mockito.MockitoTestExecutionListener, org.springframework.boot.test.mock.mockito.ResetMocksTestExecutionListener, org.springframework.boot.test.autoconfigure.restdocs.RestDocsTestExecutionListener, org.springframework.boot.test.autoconfigure.web.client.MockRestServiceServerResetTestExecutionListener, org.springframework.boot.test.autoconfigure.web.servlet.MockMvcPrintOnlyOnFailureTestExecutionListener, org.springframework.boot.test.autoconfigure.web.servlet.WebDriverTestExecutionListener, org.springframework.boot.test.autoconfigure.webservices.client.MockWebServiceServerTestExecutionListener, org.springframework.test.context.web.ServletTestExecutionListener, org.springframework.test.context.support.DirtiesContextBeforeModesTestExecutionListener, org.springframework.test.context.event.ApplicationEventsTestExecutionListener, org.springframework.test.context.support.DependencyInjectionTestExecutionListener, org.springframework.test.context.support.DirtiesContextTestExecutionListener, org.springframework.test.context.transaction.TransactionalTestExecutionListener, org.springframework.test.context.jdbc.SqlScriptsTestExecutionListener, org.springframework.test.context.event.EventPublishingTestExecutionListener, org.spockframework.spring.SpringMockTestExecutionListener]
09:12:09.344 [main] INFO org.springframework.boot.test.context.SpringBootTestContextBootstrapper - Using TestExecutionListeners: [org.springframework.test.context.web.ServletTestExecutionListener@2a1edad4, org.springframework.test.context.support.DirtiesContextBeforeModesTestExecutionListener@6256ac4f, org.springframework.test.context.event.ApplicationEventsTestExecutionListener@44c79f32, org.springframework.boot.test.mock.mockito.MockitoTestExecutionListener@7fcbe147, org.springframework.boot.test.autoconfigure.SpringBootDependencyInjectionTestExecutionListener@235f4c10, org.springframework.test.context.support.DirtiesContextTestExecutionListener@743cb8e0, org.springframework.test.context.transaction.TransactionalTestExecutionListener@c7a975a, org.springframework.test.context.jdbc.SqlScriptsTestExecutionListener@2c1b9e4b, org.springframework.test.context.event.EventPublishingTestExecutionListener@757d6814, org.springframework.boot.test.mock.mockito.ResetMocksTestExecutionListener@649725e3, org.springframework.boot.test.autoconfigure.restdocs.RestDocsTestExecutionListener@3c0fae6c, org.springframework.boot.test.autoconfigure.web.client.MockRestServiceServerResetTestExecutionListener@4c168660, org.springframework.boot.test.autoconfigure.web.servlet.MockMvcPrintOnlyOnFailureTestExecutionListener@52b56a3e, org.springframework.boot.test.autoconfigure.web.servlet.WebDriverTestExecutionListener@fd0e5b6, org.springframework.boot.test.autoconfigure.webservices.client.MockWebServiceServerTestExecutionListener@4eed46ee, org.spockframework.spring.SpringMockTestExecutionListener@36b0fcd5]
09:12:09.657 [main] DEBUG org.springframework.test.context.support.AbstractDirtiesContextTestExecutionListener - Before test class: context [DefaultTestContext@389562d6 testClass = FolioServiceSpec, testInstance = [null], testMethod = [null], testException = [null], mergedContextConfiguration = [WebMergedContextConfiguration@5a101b1c testClass = FolioServiceSpec, locations = '{}', classes = '{class mx.gob.oadprs.sicosel.PsrApplication}', contextInitializerClasses = '[]', activeProfiles = '{}', propertySourceLocations = '{}', propertySourceProperties = '{org.springframework.boot.test.context.SpringBootTestContextBootstrapper=true, server.port=0}', contextCustomizers = set[org.springframework.boot.test.context.filter.ExcludeFilterContextCustomizer@31920ade, org.springframework.boot.test.json.DuplicateJsonObjectContextCustomizerFactory$DuplicateJsonObjectContextCustomizer@28d18df5, org.springframework.boot.test.mock.mockito.MockitoContextCustomizer@0, org.springframework.boot.test.web.client.TestRestTemplateContextCustomizer@5be49b60, org.springframework.boot.test.web.reactive.server.WebTestClientContextCustomizer@327af41b, org.springframework.boot.test.autoconfigure.actuate.metrics.MetricsExportContextCustomizerFactory$DisableMetricExportContextCustomizer@7e19ebf0, org.springframework.boot.test.autoconfigure.properties.PropertyMappingContextCustomizer@0, org.springframework.boot.test.autoconfigure.web.servlet.WebDriverContextCustomizerFactory$Customizer@332729ad, org.spockframework.spring.mock.SpockContextCustomizer@0, org.springframework.boot.test.context.SpringBootTestArgs@1, org.springframework.boot.test.context.SpringBootTestWebEnvironment@54e1c68b], resourceBasePath = 'src/main/webapp', contextLoader = 'org.springframework.boot.test.context.SpringBootContextLoader', parent = [null]], attributes = map['org.springframework.test.context.web.ServletTestExecutionListener.activateListener' -> false]], class annotated with @DirtiesContext [false] with mode [null].
09:12:09.816 [main] DEBUG org.springframework.test.context.support.DependencyInjectionTestExecutionListener - Performing dependency injection for test context [[DefaultTestContext@389562d6 testClass = FolioServiceSpec, testInstance = mx.gob.oadprs.sicosel.services.FolioServiceSpec@6b1e7ad3, testMethod = [null], testException = [null], mergedContextConfiguration = [WebMergedContextConfiguration@5a101b1c testClass = FolioServiceSpec, locations = '{}', classes = '{class mx.gob.oadprs.sicosel.PsrApplication}', contextInitializerClasses = '[]', activeProfiles = '{}', propertySourceLocations = '{}', propertySourceProperties = '{org.springframework.boot.test.context.SpringBootTestContextBootstrapper=true, server.port=0}', contextCustomizers = set[org.springframework.boot.test.context.filter.ExcludeFilterContextCustomizer@31920ade, org.springframework.boot.test.json.DuplicateJsonObjectContextCustomizerFactory$DuplicateJsonObjectContextCustomizer@28d18df5, org.springframework.boot.test.mock.mockito.MockitoContextCustomizer@0, org.springframework.boot.test.web.client.TestRestTemplateContextCustomizer@5be49b60, org.springframework.boot.test.web.reactive.server.WebTestClientContextCustomizer@327af41b, org.springframework.boot.test.autoconfigure.actuate.metrics.MetricsExportContextCustomizerFactory$DisableMetricExportContextCustomizer@7e19ebf0, org.springframework.boot.test.autoconfigure.properties.PropertyMappingContextCustomizer@0, org.springframework.boot.test.autoconfigure.web.servlet.WebDriverContextCustomizerFactory$Customizer@332729ad, org.spockframework.spring.mock.SpockContextCustomizer@0, org.springframework.boot.test.context.SpringBootTestArgs@1, org.springframework.boot.test.context.SpringBootTestWebEnvironment@54e1c68b], resourceBasePath = 'src/main/webapp', contextLoader = 'org.springframework.boot.test.context.SpringBootContextLoader', parent = [null]], attributes = map['org.springframework.test.context.web.ServletTestExecutionListener.activateListener' -> false, 'org.springframework.test.context.event.ApplicationEventsTestExecutionListener.recordApplicationEvents' -> false]]].

  .   ____          _            __ _ _
 /\\ / ___'_ __ _ _(_)_ __  __ _ \ \ \ \
( ( )\___ | '_ | '_| | '_ \/ _` | \ \ \ \
 \\/  ___)| |_)| | | | | || (_| |  ) ) ) )
  '  |____| .__|_| |_|_| |_\__, | / / / /
 =========|_|==============|___/=/_/_/_/
 :: Spring Boot ::                (v2.6.3)

2022-02-03 09:12:10.106  INFO 25760 --- [           main] m.g.o.sicosel.services.FolioServiceSpec  : Starting FolioServiceSpec using Java 11.0.9.1 on pinky-HP-Pavilion-Gaming-Laptop-15-dk0xxx with PID 25760 (started by pinky in /home/pinky/Proyectos/infotec/psr)
2022-02-03 09:12:10.107  INFO 25760 --- [           main] m.g.o.sicosel.services.FolioServiceSpec  : No active profile set, falling back to default profiles: default
2022-02-03 09:12:10.685  INFO 25760 --- [           main] .s.d.r.c.RepositoryConfigurationDelegate : Bootstrapping Spring Data JPA repositories in DEFAULT mode.
2022-02-03 09:12:10.865  INFO 25760 --- [           main] .s.d.r.c.RepositoryConfigurationDelegate : Finished Spring Data repository scanning in 173 ms. Found 12 JPA repository interfaces.
2022-02-03 09:12:11.285  INFO 25760 --- [           main] trationDelegate$BeanPostProcessorChecker : Bean 'org.springframework.security.config.annotation.configuration.ObjectPostProcessorConfiguration' of type [org.springframework.security.config.annotation.configuration.ObjectPostProcessorConfiguration$$EnhancerBySpringCGLIB$$97540fe5] is not eligible for getting processed by all BeanPostProcessors (for example: not eligible for auto-proxying)
2022-02-03 09:12:11.299  INFO 25760 --- [           main] trationDelegate$BeanPostProcessorChecker : Bean 'objectPostProcessor' of type [org.springframework.security.config.annotation.configuration.AutowireBeanFactoryObjectPostProcessor] is not eligible for getting processed by all BeanPostProcessors (for example: not eligible for auto-proxying)
2022-02-03 09:12:11.301  INFO 25760 --- [           main] trationDelegate$BeanPostProcessorChecker : Bean 'org.springframework.security.access.expression.method.DefaultMethodSecurityExpressionHandler@37ca3ca8' of type [org.springframework.security.access.expression.method.DefaultMethodSecurityExpressionHandler] is not eligible for getting processed by all BeanPostProcessors (for example: not eligible for auto-proxying)
2022-02-03 09:12:11.307  INFO 25760 --- [           main] trationDelegate$BeanPostProcessorChecker : Bean 'org.springframework.security.config.annotation.method.configuration.GlobalMethodSecurityConfiguration' of type [org.springframework.security.config.annotation.method.configuration.GlobalMethodSecurityConfiguration$$EnhancerBySpringCGLIB$$bc28b297] is not eligible for getting processed by all BeanPostProcessors (for example: not eligible for auto-proxying)
2022-02-03 09:12:11.313  INFO 25760 --- [           main] trationDelegate$BeanPostProcessorChecker : Bean 'methodSecurityMetadataSource' of type [org.springframework.security.access.method.DelegatingMethodSecurityMetadataSource] is not eligible for getting processed by all BeanPostProcessors (for example: not eligible for auto-proxying)
2022-02-03 09:12:11.559  INFO 25760 --- [           main] o.s.b.w.embedded.tomcat.TomcatWebServer  : Tomcat initialized with port(s): 0 (http)
2022-02-03 09:12:11.567  INFO 25760 --- [           main] o.apache.catalina.core.StandardService   : Starting service [Tomcat]
2022-02-03 09:12:11.568  INFO 25760 --- [           main] org.apache.catalina.core.StandardEngine  : Starting Servlet engine: [Apache Tomcat/9.0.56]
2022-02-03 09:12:11.632  INFO 25760 --- [           main] o.a.c.c.C.[Tomcat].[localhost].[/]       : Initializing Spring embedded WebApplicationContext
2022-02-03 09:12:11.633  INFO 25760 --- [           main] w.s.c.ServletWebServerApplicationContext : Root WebApplicationContext: initialization completed in 1503 ms
2022-02-03 09:12:11.680  INFO 25760 --- [           main] com.zaxxer.hikari.HikariDataSource       : HikariPool-1 - Starting...
2022-02-03 09:12:11.814  INFO 25760 --- [           main] com.zaxxer.hikari.HikariDataSource       : HikariPool-1 - Start completed.
2022-02-03 09:12:11.823  INFO 25760 --- [           main] o.s.b.a.h2.H2ConsoleAutoConfiguration    : H2 console available at '/console'. Database available at 'jdbc:h2:mem:e219fb56-65ba-4d0f-aa22-bf4cf3a3a42b'
2022-02-03 09:12:12.156  INFO 25760 --- [           main] liquibase.database                       : Set default schema name to PUBLIC
2022-02-03 09:12:12.377  INFO 25760 --- [           main] liquibase.lockservice                    : Successfully acquired change log lock
2022-02-03 09:12:12.801  INFO 25760 --- [           main] liquibase.changelog                      : Creating database history table with name: PUBLIC.DATABASECHANGELOG
2022-02-03 09:12:12.803  INFO 25760 --- [           main] liquibase.changelog                      : Reading from PUBLIC.DATABASECHANGELOG
2022-02-03 09:12:13.034  INFO 25760 --- [           main] liquibase.changelog                      : Table cat_estado created
2022-02-03 09:12:13.034  INFO 25760 --- [           main] liquibase.changelog                      : ChangeSet db/cat_estado.yaml::estado::andrea.perez ran successfully in 5ms
2022-02-03 09:12:13.047  INFO 25760 --- [           main] liquibase.changelog                      : Table cat_edo_civil created
2022-02-03 09:12:13.047  INFO 25760 --- [           main] liquibase.changelog                      : ChangeSet db/cat_edo_civil.yaml::estado_civil::alejandro.hernandez ran successfully in 5ms
2022-02-03 09:12:13.051  INFO 25760 --- [           main] liquibase.changelog                      : Table cat_pais created
2022-02-03 09:12:13.051  INFO 25760 --- [           main] liquibase.changelog                      : ChangeSet db/cat_pais.yaml::pais::alejandro.hernandez ran successfully in 3ms
2022-02-03 09:12:13.054  INFO 25760 --- [           main] liquibase.changelog                      : Table cat_escolaridad created
2022-02-03 09:12:13.054  INFO 25760 --- [           main] liquibase.changelog                      : ChangeSet db/cat_escolaridad.yaml::escolaridad::alejandro.hernandez ran successfully in 2ms
2022-02-03 09:12:13.058  INFO 25760 --- [           main] liquibase.changelog                      : Table cat_etnia created
2022-02-03 09:12:13.058  INFO 25760 --- [           main] liquibase.changelog                      : ChangeSet db/cat_etnia.yaml::etnia::alejandro.hernandez ran successfully in 2ms
2022-02-03 09:12:13.062  INFO 25760 --- [           main] liquibase.changelog                      : Table cat_ocupacion created
2022-02-03 09:12:13.062  INFO 25760 --- [           main] liquibase.changelog                      : ChangeSet db/cat_ocupacion.yaml::ocupacion::alejandro.hernandez ran successfully in 3ms
2022-02-03 09:12:13.065  INFO 25760 --- [           main] liquibase.changelog                      : Table cat_municipio created
2022-02-03 09:12:13.066  INFO 25760 --- [           main] liquibase.changelog                      : ChangeSet db/cat_municipio.yaml::municipio::andrea.perez ran successfully in 2ms
2022-02-03 09:12:13.073  INFO 25760 --- [           main] liquibase.changelog                      : Foreign key constraint added to cat_municipio (fk_id_cat_estado)
2022-02-03 09:12:13.073  INFO 25760 --- [           main] liquibase.changelog                      : ChangeSet db/cat_municipio.yaml::estado_fk::andrea.perez ran successfully in 6ms
2022-02-03 09:12:13.077  INFO 25760 --- [           main] liquibase.changelog                      : Table domicilio created
2022-02-03 09:12:13.077  INFO 25760 --- [           main] liquibase.changelog                      : ChangeSet db/demografico.yaml::demografico::andrea.perez ran successfully in 2ms
2022-02-03 09:12:13.080  INFO 25760 --- [           main] liquibase.changelog                      : Foreign key constraint added to domicilio (fk_id_cat_pais)
2022-02-03 09:12:13.081  INFO 25760 --- [           main] liquibase.changelog                      : ChangeSet db/demografico.yaml::domicilio_pais_fk::alejandro.hernandez ran successfully in 2ms
2022-02-03 09:12:13.084  INFO 25760 --- [           main] liquibase.changelog                      : Foreign key constraint added to domicilio (fk_id_cat_estado)
2022-02-03 09:12:13.084  INFO 25760 --- [           main] liquibase.changelog                      : ChangeSet db/demografico.yaml::domicilio_estado_fk::alejandro.hernandez ran successfully in 2ms
2022-02-03 09:12:13.087  INFO 25760 --- [           main] liquibase.changelog                      : Foreign key constraint added to domicilio (fk_id_cat_municipio)
2022-02-03 09:12:13.088  INFO 25760 --- [           main] liquibase.changelog                      : ChangeSet db/demografico.yaml::domicilio_municipio_fk::alejandro.hernandez ran successfully in 2ms
2022-02-03 09:12:13.091  INFO 25760 --- [           main] liquibase.changelog                      : Table sentenciado created
2022-02-03 09:12:13.092  INFO 25760 --- [           main] liquibase.changelog                      : ChangeSet db/sentenciado.yaml::sentenciado::alejandro.hernadnez ran successfully in 3ms
2022-02-03 09:12:13.095  INFO 25760 --- [           main] liquibase.changelog                      : Foreign key constraint added to sentenciado (fk_id_cat_pais)
2022-02-03 09:12:13.095  INFO 25760 --- [           main] liquibase.changelog                      : ChangeSet db/sentenciado.yaml::sentenciado_pais_fk::andrea.perez ran successfully in 2ms
2022-02-03 09:12:13.098  INFO 25760 --- [           main] liquibase.changelog                      : Foreign key constraint added to sentenciado (fk_id_cat_edo_nacimiento)
2022-02-03 09:12:13.099  INFO 25760 --- [           main] liquibase.changelog                      : ChangeSet db/sentenciado.yaml::sentenciado_estado_fk::andrea.perez ran successfully in 2ms
2022-02-03 09:12:13.102  INFO 25760 --- [           main] liquibase.changelog                      : Foreign key constraint added to sentenciado (fk_id_cat_edo_civil)
2022-02-03 09:12:13.102  INFO 25760 --- [           main] liquibase.changelog                      : ChangeSet db/sentenciado.yaml::sentenciado_estado_civil_fk::andrea.perez ran successfully in 2ms
2022-02-03 09:12:13.105  INFO 25760 --- [           main] liquibase.changelog                      : Foreign key constraint added to sentenciado (fk_id_cat_escolaridad)
2022-02-03 09:12:13.105  INFO 25760 --- [           main] liquibase.changelog                      : ChangeSet db/sentenciado.yaml::sentenciado_escolaridad_fk::andrea.perez ran successfully in 2ms
2022-02-03 09:12:13.109  INFO 25760 --- [           main] liquibase.changelog                      : Foreign key constraint added to sentenciado (fk_id_cat_etnia)
2022-02-03 09:12:13.109  INFO 25760 --- [           main] liquibase.changelog                      : ChangeSet db/sentenciado.yaml::sentenciado_etnia::andrea.perez ran successfully in 2ms
2022-02-03 09:12:13.112  INFO 25760 --- [           main] liquibase.changelog                      : Foreign key constraint added to sentenciado (fk_id_cat_ocupacion)
2022-02-03 09:12:13.112  INFO 25760 --- [           main] liquibase.changelog                      : ChangeSet db/sentenciado.yaml::sentenciado_ocupacion_fk::andrea.perez ran successfully in 2ms
2022-02-03 09:12:13.116  INFO 25760 --- [           main] liquibase.changelog                      : Foreign key constraint added to sentenciado (fk_id_domicilio)
2022-02-03 09:12:13.116  INFO 25760 --- [           main] liquibase.changelog                      : ChangeSet db/sentenciado.yaml::sentenciado_domicilio_fk::alejandro.hernandez ran successfully in 2ms
2022-02-03 09:12:13.120  INFO 25760 --- [           main] liquibase.changelog                      : Table folio created
2022-02-03 09:12:13.120  INFO 25760 --- [           main] liquibase.changelog                      : ChangeSet db/folio.yaml::folio::andrea.perez ran successfully in 3ms
2022-02-03 09:12:13.123  INFO 25760 --- [           main] liquibase.changelog                      : Foreign key constraint added to folio (id_sentenciado)
2022-02-03 09:12:13.124  INFO 25760 --- [           main] liquibase.changelog                      : ChangeSet db/folio.yaml::folio_sentenciado::andrea.perez ran successfully in 2ms
2022-02-03 09:12:13.126  INFO 25760 --- [           main] liquibase.changelog                      : Table cat_parentesco created
2022-02-03 09:12:13.127  INFO 25760 --- [           main] liquibase.changelog                      : ChangeSet db/cat_parentesco.yaml::parentesco::andrea.perez ran successfully in 1ms
2022-02-03 09:12:13.130  INFO 25760 --- [           main] liquibase.changelog                      : Table familiar created
2022-02-03 09:12:13.130  INFO 25760 --- [           main] liquibase.changelog                      : ChangeSet db/familiar.yaml::familiar::andrea.perez ran successfully in 2ms
2022-02-03 09:12:13.133  INFO 25760 --- [           main] liquibase.changelog                      : Foreign key constraint added to familiar (fk_id_cat_parentesco)
2022-02-03 09:12:13.133  INFO 25760 --- [           main] liquibase.changelog                      : ChangeSet db/familiar.yaml::familiar_parentesco_fk::andrea.perez ran successfully in 2ms
2022-02-03 09:12:13.137  INFO 25760 --- [           main] liquibase.changelog                      : Foreign key constraint added to familiar (fk_id_sentenciado)
2022-02-03 09:12:13.137  INFO 25760 --- [           main] liquibase.changelog                      : ChangeSet db/familiar.yaml::familiar_sentenciado::alejandro.hernandez ran successfully in 2ms
2022-02-03 09:12:13.140  INFO 25760 --- [           main] liquibase.changelog                      : Foreign key constraint added to familiar (fk_id_domicilio)
2022-02-03 09:12:13.141  INFO 25760 --- [           main] liquibase.changelog                      : ChangeSet db/familiar.yaml::familiar_domicilio_fk::alejandro.hernandez ran successfully in 3ms
2022-02-03 09:12:13.144  INFO 25760 --- [           main] liquibase.changelog                      : New row inserted into cat_estado
2022-02-03 09:12:13.145  INFO 25760 --- [           main] liquibase.changelog                      : New row inserted into cat_estado
2022-02-03 09:12:13.146  INFO 25760 --- [           main] liquibase.changelog                      : New row inserted into cat_estado
2022-02-03 09:12:13.147  INFO 25760 --- [           main] liquibase.changelog                      : New row inserted into cat_estado
2022-02-03 09:12:13.147  INFO 25760 --- [           main] liquibase.changelog                      : New row inserted into cat_estado
2022-02-03 09:12:13.148  INFO 25760 --- [           main] liquibase.changelog                      : New row inserted into cat_estado
2022-02-03 09:12:13.149  INFO 25760 --- [           main] liquibase.changelog                      : New row inserted into cat_estado
2022-02-03 09:12:13.150  INFO 25760 --- [           main] liquibase.changelog                      : New row inserted into cat_estado
2022-02-03 09:12:13.150  INFO 25760 --- [           main] liquibase.changelog                      : New row inserted into cat_estado
2022-02-03 09:12:13.151  INFO 25760 --- [           main] liquibase.changelog                      : New row inserted into cat_estado
2022-02-03 09:12:13.152  INFO 25760 --- [           main] liquibase.changelog                      : New row inserted into cat_estado
2022-02-03 09:12:13.153  INFO 25760 --- [           main] liquibase.changelog                      : New row inserted into cat_estado
2022-02-03 09:12:13.154  INFO 25760 --- [           main] liquibase.changelog                      : New row inserted into cat_estado
2022-02-03 09:12:13.154  INFO 25760 --- [           main] liquibase.changelog                      : New row inserted into cat_estado
2022-02-03 09:12:13.155  INFO 25760 --- [           main] liquibase.changelog                      : New row inserted into cat_estado
2022-02-03 09:12:13.156  INFO 25760 --- [           main] liquibase.changelog                      : New row inserted into cat_estado
2022-02-03 09:12:13.157  INFO 25760 --- [           main] liquibase.changelog                      : New row inserted into cat_estado
2022-02-03 09:12:13.157  INFO 25760 --- [           main] liquibase.changelog                      : New row inserted into cat_estado
2022-02-03 09:12:13.158  INFO 25760 --- [           main] liquibase.changelog                      : New row inserted into cat_estado
2022-02-03 09:12:13.159  INFO 25760 --- [           main] liquibase.changelog                      : New row inserted into cat_estado
2022-02-03 09:12:13.159  INFO 25760 --- [           main] liquibase.changelog                      : New row inserted into cat_estado
2022-02-03 09:12:13.160  INFO 25760 --- [           main] liquibase.changelog                      : New row inserted into cat_estado
2022-02-03 09:12:13.161  INFO 25760 --- [           main] liquibase.changelog                      : New row inserted into cat_estado
2022-02-03 09:12:13.162  INFO 25760 --- [           main] liquibase.changelog                      : New row inserted into cat_estado
2022-02-03 09:12:13.162  INFO 25760 --- [           main] liquibase.changelog                      : New row inserted into cat_estado
2022-02-03 09:12:13.163  INFO 25760 --- [           main] liquibase.changelog                      : New row inserted into cat_estado
2022-02-03 09:12:13.164  INFO 25760 --- [           main] liquibase.changelog                      : New row inserted into cat_estado
2022-02-03 09:12:13.165  INFO 25760 --- [           main] liquibase.changelog                      : New row inserted into cat_estado
2022-02-03 09:12:13.165  INFO 25760 --- [           main] liquibase.changelog                      : New row inserted into cat_estado
2022-02-03 09:12:13.166  INFO 25760 --- [           main] liquibase.changelog                      : New row inserted into cat_estado
2022-02-03 09:12:13.167  INFO 25760 --- [           main] liquibase.changelog                      : New row inserted into cat_estado
2022-02-03 09:12:13.168  INFO 25760 --- [           main] liquibase.changelog                      : New row inserted into cat_estado
2022-02-03 09:12:13.168  INFO 25760 --- [           main] liquibase.changelog                      : New row inserted into cat_estado
2022-02-03 09:12:13.169  INFO 25760 --- [           main] liquibase.changelog                      : ChangeSet db/data/estados_data.yaml::estados_data::alejandro.hernandez ran successfully in 27ms
2022-02-03 09:12:13.176  INFO 25760 --- [           main] liquibase.changelog                      : Custom SQL executed
2022-02-03 09:12:13.178  INFO 25760 --- [           main] liquibase.changelog                      : Custom SQL executed
2022-02-03 09:12:13.179  INFO 25760 --- [           main] liquibase.changelog                      : Custom SQL executed
2022-02-03 09:12:13.180  INFO 25760 --- [           main] liquibase.changelog                      : Custom SQL executed
2022-02-03 09:12:13.181  INFO 25760 --- [           main] liquibase.changelog                      : Custom SQL executed
2022-02-03 09:12:13.182  INFO 25760 --- [           main] liquibase.changelog                      : Custom SQL executed
2022-02-03 09:12:13.184  INFO 25760 --- [           main] liquibase.changelog                      : Custom SQL executed
2022-02-03 09:12:13.185  INFO 25760 --- [           main] liquibase.changelog                      : Custom SQL executed
2022-02-03 09:12:13.186  INFO 25760 --- [           main] liquibase.changelog                      : Custom SQL executed
2022-02-03 09:12:13.187  INFO 25760 --- [           main] liquibase.changelog                      : Custom SQL executed
2022-02-03 09:12:13.188  INFO 25760 --- [           main] liquibase.changelog                      : Custom SQL executed
2022-02-03 09:12:13.189  INFO 25760 --- [           main] liquibase.changelog                      : Custom SQL executed
2022-02-03 09:12:13.190  INFO 25760 --- [           main] liquibase.changelog                      : Custom SQL executed
2022-02-03 09:12:13.191  INFO 25760 --- [           main] liquibase.changelog                      : Custom SQL executed
2022-02-03 09:12:13.192  INFO 25760 --- [           main] liquibase.changelog                      : Custom SQL executed
2022-02-03 09:12:13.193  INFO 25760 --- [           main] liquibase.changelog                      : Custom SQL executed
2022-02-03 09:12:13.194  INFO 25760 --- [           main] liquibase.changelog                      : Custom SQL executed
2022-02-03 09:12:13.195  INFO 25760 --- [           main] liquibase.changelog                      : Custom SQL executed
2022-02-03 09:12:13.196  INFO 25760 --- [           main] liquibase.changelog                      : Custom SQL executed
2022-02-03 09:12:13.198  INFO 25760 --- [           main] liquibase.changelog                      : Custom SQL executed
2022-02-03 09:12:13.199  INFO 25760 --- [           main] liquibase.changelog                      : Custom SQL executed
2022-02-03 09:12:13.200  INFO 25760 --- [           main] liquibase.changelog                      : Custom SQL executed
2022-02-03 09:12:13.201  INFO 25760 --- [           main] liquibase.changelog                      : Custom SQL executed
2022-02-03 09:12:13.202  INFO 25760 --- [           main] liquibase.changelog                      : Custom SQL executed
2022-02-03 09:12:13.203  INFO 25760 --- [           main] liquibase.changelog                      : Custom SQL executed
2022-02-03 09:12:13.204  INFO 25760 --- [           main] liquibase.changelog                      : Custom SQL executed
2022-02-03 09:12:13.205  INFO 25760 --- [           main] liquibase.changelog                      : Custom SQL executed
2022-02-03 09:12:13.206  INFO 25760 --- [           main] liquibase.changelog                      : Custom SQL executed
2022-02-03 09:12:13.207  INFO 25760 --- [           main] liquibase.changelog                      : Custom SQL executed
2022-02-03 09:12:13.208  INFO 25760 --- [           main] liquibase.changelog                      : Custom SQL executed
2022-02-03 09:12:13.209  INFO 25760 --- [           main] liquibase.changelog                      : Custom SQL executed
2022-02-03 09:12:13.210  INFO 25760 --- [           main] liquibase.changelog                      : Custom SQL executed
2022-02-03 09:12:13.211  INFO 25760 --- [           main] liquibase.changelog                      : Custom SQL executed
2022-02-03 09:12:13.212  INFO 25760 --- [           main] liquibase.changelog                      : Custom SQL executed
2022-02-03 09:12:13.213  INFO 25760 --- [           main] liquibase.changelog                      : Custom SQL executed
2022-02-03 09:12:13.215  INFO 25760 --- [           main] liquibase.changelog                      : Custom SQL executed
2022-02-03 09:12:13.216  INFO 25760 --- [           main] liquibase.changelog                      : Custom SQL executed
2022-02-03 09:12:13.217  INFO 25760 --- [           main] liquibase.changelog                      : Custom SQL executed
2022-02-03 09:12:13.218  INFO 25760 --- [           main] liquibase.changelog                      : Custom SQL executed
2022-02-03 09:12:13.219  INFO 25760 --- [           main] liquibase.changelog                      : Custom SQL executed
2022-02-03 09:12:13.220  INFO 25760 --- [           main] liquibase.changelog                      : Custom SQL executed
2022-02-03 09:12:13.221  INFO 25760 --- [           main] liquibase.changelog                      : Custom SQL executed
2022-02-03 09:12:13.222  INFO 25760 --- [           main] liquibase.changelog                      : Custom SQL executed
2022-02-03 09:12:13.223  INFO 25760 --- [           main] liquibase.changelog                      : Custom SQL executed
2022-02-03 09:12:13.223  INFO 25760 --- [           main] liquibase.changelog                      : Custom SQL executed
2022-02-03 09:12:13.224  INFO 25760 --- [           main] liquibase.changelog                      : Custom SQL executed
2022-02-03 09:12:13.225  INFO 25760 --- [           main] liquibase.changelog                      : Custom SQL executed
2022-02-03 09:12:13.226  INFO 25760 --- [           main] liquibase.changelog                      : Custom SQL executed
2022-02-03 09:12:13.227  INFO 25760 --- [           main] liquibase.changelog                      : Custom SQL executed
2022-02-03 09:12:13.228  INFO 25760 --- [           main] liquibase.changelog                      : Custom SQL executed
2022-02-03 09:12:13.229  INFO 25760 --- [           main] liquibase.changelog                      : Custom SQL executed
2022-02-03 09:12:13.230  INFO 25760 --- [           main] liquibase.changelog                      : Custom SQL executed
2022-02-03 09:12:13.231  INFO 25760 --- [           main] liquibase.changelog                      : Custom SQL executed
2022-02-03 09:12:13.231  INFO 25760 --- [           main] liquibase.changelog                      : Custom SQL executed
2022-02-03 09:12:13.232  INFO 25760 --- [           main] liquibase.changelog                      : Custom SQL executed
2022-02-03 09:12:13.233  INFO 25760 --- [           main] liquibase.changelog                      : Custom SQL executed
2022-02-03 09:12:13.234  INFO 25760 --- [           main] liquibase.changelog                      : Custom SQL executed
2022-02-03 09:12:13.235  INFO 25760 --- [           main] liquibase.changelog                      : Custom SQL executed
2022-02-03 09:12:13.236  INFO 25760 --- [           main] liquibase.changelog                      : Custom SQL executed
2022-02-03 09:12:13.237  INFO 25760 --- [           main] liquibase.changelog                      : Custom SQL executed
2022-02-03 09:12:13.238  INFO 25760 --- [           main] liquibase.changelog                      : Custom SQL executed
2022-02-03 09:12:13.239  INFO 25760 --- [           main] liquibase.changelog                      : Custom SQL executed
2022-02-03 09:12:13.240  INFO 25760 --- [           main] liquibase.changelog                      : Custom SQL executed
2022-02-03 09:12:13.241  INFO 25760 --- [           main] liquibase.changelog                      : Custom SQL executed
2022-02-03 09:12:13.242  INFO 25760 --- [           main] liquibase.changelog                      : Custom SQL executed
2022-02-03 09:12:13.243  INFO 25760 --- [           main] liquibase.changelog                      : Custom SQL executed
2022-02-03 09:12:13.244  INFO 25760 --- [           main] liquibase.changelog                      : Custom SQL executed
2022-02-03 09:12:13.245  INFO 25760 --- [           main] liquibase.changelog                      : Custom SQL executed
2022-02-03 09:12:13.246  INFO 25760 --- [           main] liquibase.changelog                      : Custom SQL executed
2022-02-03 09:12:13.247  INFO 25760 --- [           main] liquibase.changelog                      : Custom SQL executed
2022-02-03 09:12:13.248  INFO 25760 --- [           main] liquibase.changelog                      : Custom SQL executed
2022-02-03 09:12:13.249  INFO 25760 --- [           main] liquibase.changelog                      : Custom SQL executed
2022-02-03 09:12:13.250  INFO 25760 --- [           main] liquibase.changelog                      : Custom SQL executed
2022-02-03 09:12:13.251  INFO 25760 --- [           main] liquibase.changelog                      : Custom SQL executed
2022-02-03 09:12:13.252  INFO 25760 --- [           main] liquibase.changelog                      : Custom SQL executed
2022-02-03 09:12:13.253  INFO 25760 --- [           main] liquibase.changelog                      : Custom SQL executed
2022-02-03 09:12:13.254  INFO 25760 --- [           main] liquibase.changelog                      : Custom SQL executed
2022-02-03 09:12:13.254  INFO 25760 --- [           main] liquibase.changelog                      : Custom SQL executed
2022-02-03 09:12:13.255  INFO 25760 --- [           main] liquibase.changelog                      : Custom SQL executed
2022-02-03 09:12:13.256  INFO 25760 --- [           main] liquibase.changelog                      : Custom SQL executed
2022-02-03 09:12:13.257  INFO 25760 --- [           main] liquibase.changelog                      : Custom SQL executed
2022-02-03 09:12:13.258  INFO 25760 --- [           main] liquibase.changelog                      : Custom SQL executed
2022-02-03 09:12:13.259  INFO 25760 --- [           main] liquibase.changelog                      : Custom SQL executed
2022-02-03 09:12:13.259  INFO 25760 --- [           main] liquibase.changelog                      : Custom SQL executed
2022-02-03 09:12:13.260  INFO 25760 --- [           main] liquibase.changelog                      : Custom SQL executed
2022-02-03 09:12:13.261  INFO 25760 --- [           main] liquibase.changelog                      : Custom SQL executed
2022-02-03 09:12:13.262  INFO 25760 --- [           main] liquibase.changelog                      : Custom SQL executed
2022-02-03 09:12:13.263  INFO 25760 --- [           main] liquibase.changelog                      : Custom SQL executed
2022-02-03 09:12:13.264  INFO 25760 --- [           main] liquibase.changelog                      : Custom SQL executed
2022-02-03 09:12:13.264  INFO 25760 --- [           main] liquibase.changelog                      : Custom SQL executed
2022-02-03 09:12:13.265  INFO 25760 --- [           main] liquibase.changelog                      : Custom SQL executed
2022-02-03 09:12:13.266  INFO 25760 --- [           main] liquibase.changelog                      : Custom SQL executed
2022-02-03 09:12:13.267  INFO 25760 --- [           main] liquibase.changelog                      : Custom SQL executed
2022-02-03 09:12:13.268  INFO 25760 --- [           main] liquibase.changelog                      : Custom SQL executed
2022-02-03 09:12:13.269  INFO 25760 --- [           main] liquibase.changelog                      : Custom SQL executed
2022-02-03 09:12:13.270  INFO 25760 --- [           main] liquibase.changelog                      : Custom SQL executed
2022-02-03 09:12:13.270  INFO 25760 --- [           main] liquibase.changelog                      : Custom SQL executed
2022-02-03 09:12:13.271  INFO 25760 --- [           main] liquibase.changelog                      : Custom SQL executed
2022-02-03 09:12:13.272  INFO 25760 --- [           main] liquibase.changelog                      : Custom SQL executed
2022-02-03 09:12:13.273  INFO 25760 --- [           main] liquibase.changelog                      : Custom SQL executed
2022-02-03 09:12:13.273  INFO 25760 --- [           main] liquibase.changelog                      : Custom SQL executed
2022-02-03 09:12:13.274  INFO 25760 --- [           main] liquibase.changelog                      : Custom SQL executed
2022-02-03 09:12:13.275  INFO 25760 --- [           main] liquibase.changelog                      : Custom SQL executed
2022-02-03 09:12:13.276  INFO 25760 --- [           main] liquibase.changelog                      : Custom SQL executed
2022-02-03 09:12:13.276  INFO 25760 --- [           main] liquibase.changelog                      : Custom SQL executed
2022-02-03 09:12:13.277  INFO 25760 --- [           main] liquibase.changelog                      : Custom SQL executed
2022-02-03 09:12:13.278  INFO 25760 --- [           main] liquibase.changelog                      : Custom SQL executed
2022-02-03 09:12:13.279  INFO 25760 --- [           main] liquibase.changelog                      : Custom SQL executed
2022-02-03 09:12:13.280  INFO 25760 --- [           main] liquibase.changelog                      : Custom SQL executed
2022-02-03 09:12:13.281  INFO 25760 --- [           main] liquibase.changelog                      : Custom SQL executed
2022-02-03 09:12:13.282  INFO 25760 --- [           main] liquibase.changelog                      : Custom SQL executed
2022-02-03 09:12:13.282  INFO 25760 --- [           main] liquibase.changelog                      : Custom SQL executed
2022-02-03 09:12:13.283  INFO 25760 --- [           main] liquibase.changelog                      : Custom SQL executed
2022-02-03 09:12:13.284  INFO 25760 --- [           main] liquibase.changelog                      : Custom SQL executed
2022-02-03 09:12:13.285  INFO 25760 --- [           main] liquibase.changelog                      : Custom SQL executed
2022-02-03 09:12:13.285  INFO 25760 --- [           main] liquibase.changelog                      : Custom SQL executed
2022-02-03 09:12:13.286  INFO 25760 --- [           main] liquibase.changelog                      : Custom SQL executed
2022-02-03 09:12:13.287  INFO 25760 --- [           main] liquibase.changelog                      : Custom SQL executed
2022-02-03 09:12:13.288  INFO 25760 --- [           main] liquibase.changelog                      : Custom SQL executed
2022-02-03 09:12:13.289  INFO 25760 --- [           main] liquibase.changelog                      : Custom SQL executed
2022-02-03 09:12:13.289  INFO 25760 --- [           main] liquibase.changelog                      : Custom SQL executed
2022-02-03 09:12:13.290  INFO 25760 --- [           main] liquibase.changelog                      : Custom SQL executed
2022-02-03 09:12:13.291  INFO 25760 --- [           main] liquibase.changelog                      : Custom SQL executed
2022-02-03 09:12:13.292  INFO 25760 --- [           main] liquibase.changelog                      : Custom SQL executed
2022-02-03 09:12:13.293  INFO 25760 --- [           main] liquibase.changelog                      : Custom SQL executed
2022-02-03 09:12:13.293  INFO 25760 --- [           main] liquibase.changelog                      : Custom SQL executed
2022-02-03 09:12:13.294  INFO 25760 --- [           main] liquibase.changelog                      : Custom SQL executed
2022-02-03 09:12:13.296  INFO 25760 --- [           main] liquibase.changelog                      : Custom SQL executed
2022-02-03 09:12:13.297  INFO 25760 --- [           main] liquibase.changelog                      : Custom SQL executed
2022-02-03 09:12:13.298  INFO 25760 --- [           main] liquibase.changelog                      : Custom SQL executed
2022-02-03 09:12:13.300  INFO 25760 --- [           main] liquibase.changelog                      : Custom SQL executed
2022-02-03 09:12:13.301  INFO 25760 --- [           main] liquibase.changelog                      : Custom SQL executed
2022-02-03 09:12:13.302  INFO 25760 --- [           main] liquibase.changelog                      : Custom SQL executed
2022-02-03 09:12:13.303  INFO 25760 --- [           main] liquibase.changelog                      : Custom SQL executed
2022-02-03 09:12:13.305  INFO 25760 --- [           main] liquibase.changelog                      : Custom SQL executed
2022-02-03 09:12:13.306  INFO 25760 --- [           main] liquibase.changelog                      : Custom SQL executed
2022-02-03 09:12:13.307  INFO 25760 --- [           main] liquibase.changelog                      : Custom SQL executed
2022-02-03 09:12:13.308  INFO 25760 --- [           main] liquibase.changelog                      : Custom SQL executed
2022-02-03 09:12:13.309  INFO 25760 --- [           main] liquibase.changelog                      : Custom SQL executed
2022-02-03 09:12:13.311  INFO 25760 --- [           main] liquibase.changelog                      : Custom SQL executed
2022-02-03 09:12:13.312  INFO 25760 --- [           main] liquibase.changelog                      : Custom SQL executed
2022-02-03 09:12:13.313  INFO 25760 --- [           main] liquibase.changelog                      : Custom SQL executed
2022-02-03 09:12:13.314  INFO 25760 --- [           main] liquibase.changelog                      : Custom SQL executed
2022-02-03 09:12:13.315  INFO 25760 --- [           main] liquibase.changelog                      : Custom SQL executed
2022-02-03 09:12:13.316  INFO 25760 --- [           main] liquibase.changelog                      : Custom SQL executed
2022-02-03 09:12:13.317  INFO 25760 --- [           main] liquibase.changelog                      : Custom SQL executed
2022-02-03 09:12:13.318  INFO 25760 --- [           main] liquibase.changelog                      : Custom SQL executed
2022-02-03 09:12:13.319  INFO 25760 --- [           main] liquibase.changelog                      : Custom SQL executed
2022-02-03 09:12:13.320  INFO 25760 --- [           main] liquibase.changelog                      : Custom SQL executed
2022-02-03 09:12:13.321  INFO 25760 --- [           main] liquibase.changelog                      : Custom SQL executed
2022-02-03 09:12:13.323  INFO 25760 --- [           main] liquibase.changelog                      : Custom SQL executed
2022-02-03 09:12:13.324  INFO 25760 --- [           main] liquibase.changelog                      : Custom SQL executed
2022-02-03 09:12:13.325  INFO 25760 --- [           main] liquibase.changelog                      : Custom SQL executed
2022-02-03 09:12:13.326  INFO 25760 --- [           main] liquibase.changelog                      : Custom SQL executed
2022-02-03 09:12:13.328  INFO 25760 --- [           main] liquibase.changelog                      : Custom SQL executed
2022-02-03 09:12:13.329  INFO 25760 --- [           main] liquibase.changelog                      : Custom SQL executed
2022-02-03 09:12:13.330  INFO 25760 --- [           main] liquibase.changelog                      : Custom SQL executed
2022-02-03 09:12:13.331  INFO 25760 --- [           main] liquibase.changelog                      : Custom SQL executed
2022-02-03 09:12:13.332  INFO 25760 --- [           main] liquibase.changelog                      : Custom SQL executed
2022-02-03 09:12:13.333  INFO 25760 --- [           main] liquibase.changelog                      : Custom SQL executed
2022-02-03 09:12:13.334  INFO 25760 --- [           main] liquibase.changelog                      : Custom SQL executed
2022-02-03 09:12:13.335  INFO 25760 --- [           main] liquibase.changelog                      : Custom SQL executed
2022-02-03 09:12:13.336  INFO 25760 --- [           main] liquibase.changelog                      : Custom SQL executed
2022-02-03 09:12:13.337  INFO 25760 --- [           main] liquibase.changelog                      : Custom SQL executed
2022-02-03 09:12:13.339  INFO 25760 --- [           main] liquibase.changelog                      : Custom SQL executed
2022-02-03 09:12:13.340  INFO 25760 --- [           main] liquibase.changelog                      : Custom SQL executed
2022-02-03 09:12:13.341  INFO 25760 --- [           main] liquibase.changelog                      : Custom SQL executed
2022-02-03 09:12:13.342  INFO 25760 --- [           main] liquibase.changelog                      : Custom SQL executed
2022-02-03 09:12:13.343  INFO 25760 --- [           main] liquibase.changelog                      : Custom SQL executed
2022-02-03 09:12:13.344  INFO 25760 --- [           main] liquibase.changelog                      : Custom SQL executed
2022-02-03 09:12:13.346  INFO 25760 --- [           main] liquibase.changelog                      : Custom SQL executed
2022-02-03 09:12:13.347  INFO 25760 --- [           main] liquibase.changelog                      : Custom SQL executed
2022-02-03 09:12:13.348  INFO 25760 --- [           main] liquibase.changelog                      : Custom SQL executed
2022-02-03 09:12:13.349  INFO 25760 --- [           main] liquibase.changelog                      : Custom SQL executed
2022-02-03 09:12:13.349  INFO 25760 --- [           main] liquibase.changelog                      : Custom SQL executed
2022-02-03 09:12:13.350  INFO 25760 --- [           main] liquibase.changelog                      : Custom SQL executed
2022-02-03 09:12:13.351  INFO 25760 --- [           main] liquibase.changelog                      : Custom SQL executed
2022-02-03 09:12:13.353  INFO 25760 --- [           main] liquibase.changelog                      : Custom SQL executed
2022-02-03 09:12:13.355  INFO 25760 --- [           main] liquibase.changelog                      : Custom SQL executed
2022-02-03 09:12:13.356  INFO 25760 --- [           main] liquibase.changelog                      : Custom SQL executed
2022-02-03 09:12:13.357  INFO 25760 --- [           main] liquibase.changelog                      : Custom SQL executed
2022-02-03 09:12:13.358  INFO 25760 --- [           main] liquibase.changelog                      : Custom SQL executed
2022-02-03 09:12:13.359  INFO 25760 --- [           main] liquibase.changelog                      : Custom SQL executed
2022-02-03 09:12:13.360  INFO 25760 --- [           main] liquibase.changelog                      : Custom SQL executed
2022-02-03 09:12:13.361  INFO 25760 --- [           main] liquibase.changelog                      : Custom SQL executed
2022-02-03 09:12:13.362  INFO 25760 --- [           main] liquibase.changelog                      : Custom SQL executed
2022-02-03 09:12:13.363  INFO 25760 --- [           main] liquibase.changelog                      : Custom SQL executed
2022-02-03 09:12:13.364  INFO 25760 --- [           main] liquibase.changelog                      : Custom SQL executed
2022-02-03 09:12:13.365  INFO 25760 --- [           main] liquibase.changelog                      : Custom SQL executed
2022-02-03 09:12:13.366  INFO 25760 --- [           main] liquibase.changelog                      : Custom SQL executed
2022-02-03 09:12:13.368  INFO 25760 --- [           main] liquibase.changelog                      : Custom SQL executed
2022-02-03 09:12:13.370  INFO 25760 --- [           main] liquibase.changelog                      : Custom SQL executed
2022-02-03 09:12:13.371  INFO 25760 --- [           main] liquibase.changelog                      : Custom SQL executed
2022-02-03 09:12:13.372  INFO 25760 --- [           main] liquibase.changelog                      : Custom SQL executed
2022-02-03 09:12:13.373  INFO 25760 --- [           main] liquibase.changelog                      : Custom SQL executed
2022-02-03 09:12:13.374  INFO 25760 --- [           main] liquibase.changelog                      : Custom SQL executed
2022-02-03 09:12:13.375  INFO 25760 --- [           main] liquibase.changelog                      : Custom SQL executed
2022-02-03 09:12:13.376  INFO 25760 --- [           main] liquibase.changelog                      : Custom SQL executed
2022-02-03 09:12:13.377  INFO 25760 --- [           main] liquibase.changelog                      : Custom SQL executed
2022-02-03 09:12:13.378  INFO 25760 --- [           main] liquibase.changelog                      : Custom SQL executed
2022-02-03 09:12:13.378  INFO 25760 --- [           main] liquibase.changelog                      : Custom SQL executed
2022-02-03 09:12:13.379  INFO 25760 --- [           main] liquibase.changelog                      : Custom SQL executed
2022-02-03 09:12:13.380  INFO 25760 --- [           main] liquibase.changelog                      : Custom SQL executed
2022-02-03 09:12:13.381  INFO 25760 --- [           main] liquibase.changelog                      : Custom SQL executed
2022-02-03 09:12:13.382  INFO 25760 --- [           main] liquibase.changelog                      : Custom SQL executed
2022-02-03 09:12:13.382  INFO 25760 --- [           main] liquibase.changelog                      : Custom SQL executed
2022-02-03 09:12:13.383  INFO 25760 --- [           main] liquibase.changelog                      : Custom SQL executed
2022-02-03 09:12:13.384  INFO 25760 --- [           main] liquibase.changelog                      : Custom SQL executed
2022-02-03 09:12:13.385  INFO 25760 --- [           main] liquibase.changelog                      : Custom SQL executed
2022-02-03 09:12:13.386  INFO 25760 --- [           main] liquibase.changelog                      : Custom SQL executed
2022-02-03 09:12:13.387  INFO 25760 --- [           main] liquibase.changelog                      : Custom SQL executed
2022-02-03 09:12:13.388  INFO 25760 --- [           main] liquibase.changelog                      : Custom SQL executed
2022-02-03 09:12:13.388  INFO 25760 --- [           main] liquibase.changelog                      : Custom SQL executed
2022-02-03 09:12:13.389  INFO 25760 --- [           main] liquibase.changelog                      : Custom SQL executed
2022-02-03 09:12:13.390  INFO 25760 --- [           main] liquibase.changelog                      : Custom SQL executed
2022-02-03 09:12:13.390  INFO 25760 --- [           main] liquibase.changelog                      : Custom SQL executed
2022-02-03 09:12:13.391  INFO 25760 --- [           main] liquibase.changelog                      : Custom SQL executed
2022-02-03 09:12:13.392  INFO 25760 --- [           main] liquibase.changelog                      : Custom SQL executed
2022-02-03 09:12:13.392  INFO 25760 --- [           main] liquibase.changelog                      : Custom SQL executed
2022-02-03 09:12:13.393  INFO 25760 --- [           main] liquibase.changelog                      : Custom SQL executed
2022-02-03 09:12:13.394  INFO 25760 --- [           main] liquibase.changelog                      : Custom SQL executed
2022-02-03 09:12:13.395  INFO 25760 --- [           main] liquibase.changelog                      : Custom SQL executed
2022-02-03 09:12:13.395  INFO 25760 --- [           main] liquibase.changelog                      : Custom SQL executed
2022-02-03 09:12:13.396  INFO 25760 --- [           main] liquibase.changelog                      : Custom SQL executed
2022-02-03 09:12:13.397  INFO 25760 --- [           main] liquibase.changelog                      : Custom SQL executed
2022-02-03 09:12:13.397  INFO 25760 --- [           main] liquibase.changelog                      : Custom SQL executed
2022-02-03 09:12:13.398  INFO 25760 --- [           main] liquibase.changelog                      : Custom SQL executed
2022-02-03 09:12:13.399  INFO 25760 --- [           main] liquibase.changelog                      : Custom SQL executed
2022-02-03 09:12:13.400  INFO 25760 --- [           main] liquibase.changelog                      : Custom SQL executed
2022-02-03 09:12:13.401  INFO 25760 --- [           main] liquibase.changelog                      : Custom SQL executed
2022-02-03 09:12:13.402  INFO 25760 --- [           main] liquibase.changelog                      : Custom SQL executed
2022-02-03 09:12:13.403  INFO 25760 --- [           main] liquibase.changelog                      : Custom SQL executed
2022-02-03 09:12:13.404  INFO 25760 --- [           main] liquibase.changelog                      : Custom SQL executed
2022-02-03 09:12:13.405  INFO 25760 --- [           main] liquibase.changelog                      : Custom SQL executed
2022-02-03 09:12:13.406  INFO 25760 --- [           main] liquibase.changelog                      : Custom SQL executed
2022-02-03 09:12:13.406  INFO 25760 --- [           main] liquibase.changelog                      : Custom SQL executed
2022-02-03 09:12:13.407  INFO 25760 --- [           main] liquibase.changelog                      : Custom SQL executed
2022-02-03 09:12:13.407  INFO 25760 --- [           main] liquibase.changelog                      : Custom SQL executed
2022-02-03 09:12:13.408  INFO 25760 --- [           main] liquibase.changelog                      : Custom SQL executed
2022-02-03 09:12:13.408  INFO 25760 --- [           main] liquibase.changelog                      : Custom SQL executed
2022-02-03 09:12:13.409  INFO 25760 --- [           main] liquibase.changelog                      : Custom SQL executed
2022-02-03 09:12:13.410  INFO 25760 --- [           main] liquibase.changelog                      : Custom SQL executed
2022-02-03 09:12:13.410  INFO 25760 --- [           main] liquibase.changelog                      : Custom SQL executed
2022-02-03 09:12:13.411  INFO 25760 --- [           main] liquibase.changelog                      : Custom SQL executed
2022-02-03 09:12:13.411  INFO 25760 --- [           main] liquibase.changelog                      : Custom SQL executed
2022-02-03 09:12:13.412  INFO 25760 --- [           main] liquibase.changelog                      : Custom SQL executed
2022-02-03 09:12:13.413  INFO 25760 --- [           main] liquibase.changelog                      : Custom SQL executed
2022-02-03 09:12:13.413  INFO 25760 --- [           main] liquibase.changelog                      : Custom SQL executed
2022-02-03 09:12:13.414  INFO 25760 --- [           main] liquibase.changelog                      : Custom SQL executed
2022-02-03 09:12:13.414  INFO 25760 --- [           main] liquibase.changelog                      : Custom SQL executed
2022-02-03 09:12:13.415  INFO 25760 --- [           main] liquibase.changelog                      : Custom SQL executed
2022-02-03 09:12:13.416  INFO 25760 --- [           main] liquibase.changelog                      : Custom SQL executed
2022-02-03 09:12:13.416  INFO 25760 --- [           main] liquibase.changelog                      : Custom SQL executed
2022-02-03 09:12:13.417  INFO 25760 --- [           main] liquibase.changelog                      : Custom SQL executed
2022-02-03 09:12:13.418  INFO 25760 --- [           main] liquibase.changelog                      : Custom SQL executed
2022-02-03 09:12:13.418  INFO 25760 --- [           main] liquibase.changelog                      : Custom SQL executed
2022-02-03 09:12:13.419  INFO 25760 --- [           main] liquibase.changelog                      : Custom SQL executed
2022-02-03 09:12:13.420  INFO 25760 --- [           main] liquibase.changelog                      : Custom SQL executed
2022-02-03 09:12:13.420  INFO 25760 --- [           main] liquibase.changelog                      : Custom SQL executed
2022-02-03 09:12:13.421  INFO 25760 --- [           main] liquibase.changelog                      : Custom SQL executed
2022-02-03 09:12:13.422  INFO 25760 --- [           main] liquibase.changelog                      : Custom SQL executed
2022-02-03 09:12:13.422  INFO 25760 --- [           main] liquibase.changelog                      : Custom SQL executed
2022-02-03 09:12:13.423  INFO 25760 --- [           main] liquibase.changelog                      : Custom SQL executed
2022-02-03 09:12:13.424  INFO 25760 --- [           main] liquibase.changelog                      : Custom SQL executed
2022-02-03 09:12:13.424  INFO 25760 --- [           main] liquibase.changelog                      : Custom SQL executed
2022-02-03 09:12:13.425  INFO 25760 --- [           main] liquibase.changelog                      : Custom SQL executed
2022-02-03 09:12:13.426  INFO 25760 --- [           main] liquibase.changelog                      : Custom SQL executed
2022-02-03 09:12:13.426  INFO 25760 --- [           main] liquibase.changelog                      : Custom SQL executed
2022-02-03 09:12:13.427  INFO 25760 --- [           main] liquibase.changelog                      : Custom SQL executed
2022-02-03 09:12:13.428  INFO 25760 --- [           main] liquibase.changelog                      : Custom SQL executed
2022-02-03 09:12:13.428  INFO 25760 --- [           main] liquibase.changelog                      : Custom SQL executed
2022-02-03 09:12:13.429  INFO 25760 --- [           main] liquibase.changelog                      : Custom SQL executed
2022-02-03 09:12:13.430  INFO 25760 --- [           main] liquibase.changelog                      : Custom SQL executed
2022-02-03 09:12:13.430  INFO 25760 --- [           main] liquibase.changelog                      : Custom SQL executed
2022-02-03 09:12:13.431  INFO 25760 --- [           main] liquibase.changelog                      : Custom SQL executed
2022-02-03 09:12:13.432  INFO 25760 --- [           main] liquibase.changelog                      : Custom SQL executed
2022-02-03 09:12:13.432  INFO 25760 --- [           main] liquibase.changelog                      : Custom SQL executed
2022-02-03 09:12:13.433  INFO 25760 --- [           main] liquibase.changelog                      : Custom SQL executed
2022-02-03 09:12:13.433  INFO 25760 --- [           main] liquibase.changelog                      : Custom SQL executed
2022-02-03 09:12:13.434  INFO 25760 --- [           main] liquibase.changelog                      : Custom SQL executed
2022-02-03 09:12:13.434  INFO 25760 --- [           main] liquibase.changelog                      : Custom SQL executed
2022-02-03 09:12:13.435  INFO 25760 --- [           main] liquibase.changelog                      : Custom SQL executed
2022-02-03 09:12:13.436  INFO 25760 --- [           main] liquibase.changelog                      : Custom SQL executed
2022-02-03 09:12:13.436  INFO 25760 --- [           main] liquibase.changelog                      : Custom SQL executed
2022-02-03 09:12:13.437  INFO 25760 --- [           main] liquibase.changelog                      : Custom SQL executed
2022-02-03 09:12:13.438  INFO 25760 --- [           main] liquibase.changelog                      : Custom SQL executed
2022-02-03 09:12:13.438  INFO 25760 --- [           main] liquibase.changelog                      : Custom SQL executed
2022-02-03 09:12:13.439  INFO 25760 --- [           main] liquibase.changelog                      : Custom SQL executed
2022-02-03 09:12:13.440  INFO 25760 --- [           main] liquibase.changelog                      : Custom SQL executed
2022-02-03 09:12:13.440  INFO 25760 --- [           main] liquibase.changelog                      : Custom SQL executed
2022-02-03 09:12:13.441  INFO 25760 --- [           main] liquibase.changelog                      : Custom SQL executed
2022-02-03 09:12:13.441  INFO 25760 --- [           main] liquibase.changelog                      : Custom SQL executed
2022-02-03 09:12:13.442  INFO 25760 --- [           main] liquibase.changelog                      : Custom SQL executed
2022-02-03 09:12:13.443  INFO 25760 --- [           main] liquibase.changelog                      : Custom SQL executed
2022-02-03 09:12:13.443  INFO 25760 --- [           main] liquibase.changelog                      : Custom SQL executed
2022-02-03 09:12:13.444  INFO 25760 --- [           main] liquibase.changelog                      : Custom SQL executed
2022-02-03 09:12:13.444  INFO 25760 --- [           main] liquibase.changelog                      : Custom SQL executed
2022-02-03 09:12:13.445  INFO 25760 --- [           main] liquibase.changelog                      : Custom SQL executed
2022-02-03 09:12:13.446  INFO 25760 --- [           main] liquibase.changelog                      : Custom SQL executed
2022-02-03 09:12:13.447  INFO 25760 --- [           main] liquibase.changelog                      : Custom SQL executed
2022-02-03 09:12:13.447  INFO 25760 --- [           main] liquibase.changelog                      : Custom SQL executed
2022-02-03 09:12:13.448  INFO 25760 --- [           main] liquibase.changelog                      : Custom SQL executed
2022-02-03 09:12:13.448  INFO 25760 --- [           main] liquibase.changelog                      : Custom SQL executed
2022-02-03 09:12:13.449  INFO 25760 --- [           main] liquibase.changelog                      : Custom SQL executed
2022-02-03 09:12:13.449  INFO 25760 --- [           main] liquibase.changelog                      : Custom SQL executed
2022-02-03 09:12:13.450  INFO 25760 --- [           main] liquibase.changelog                      : Custom SQL executed
2022-02-03 09:12:13.450  INFO 25760 --- [           main] liquibase.changelog                      : Custom SQL executed
2022-02-03 09:12:13.451  INFO 25760 --- [           main] liquibase.changelog                      : Custom SQL executed
2022-02-03 09:12:13.452  INFO 25760 --- [           main] liquibase.changelog                      : Custom SQL executed
2022-02-03 09:12:13.452  INFO 25760 --- [           main] liquibase.changelog                      : Custom SQL executed
2022-02-03 09:12:13.453  INFO 25760 --- [           main] liquibase.changelog                      : Custom SQL executed
2022-02-03 09:12:13.453  INFO 25760 --- [           main] liquibase.changelog                      : Custom SQL executed
2022-02-03 09:12:13.454  INFO 25760 --- [           main] liquibase.changelog                      : Custom SQL executed
2022-02-03 09:12:13.454  INFO 25760 --- [           main] liquibase.changelog                      : Custom SQL executed
2022-02-03 09:12:13.455  INFO 25760 --- [           main] liquibase.changelog                      : Custom SQL executed
2022-02-03 09:12:13.456  INFO 25760 --- [           main] liquibase.changelog                      : Custom SQL executed
2022-02-03 09:12:13.456  INFO 25760 --- [           main] liquibase.changelog                      : Custom SQL executed
2022-02-03 09:12:13.457  INFO 25760 --- [           main] liquibase.changelog                      : Custom SQL executed
2022-02-03 09:12:13.457  INFO 25760 --- [           main] liquibase.changelog                      : Custom SQL executed
2022-02-03 09:12:13.458  INFO 25760 --- [           main] liquibase.changelog                      : Custom SQL executed
2022-02-03 09:12:13.458  INFO 25760 --- [           main] liquibase.changelog                      : Custom SQL executed
2022-02-03 09:12:13.459  INFO 25760 --- [           main] liquibase.changelog                      : Custom SQL executed
2022-02-03 09:12:13.459  INFO 25760 --- [           main] liquibase.changelog                      : Custom SQL executed
2022-02-03 09:12:13.460  INFO 25760 --- [           main] liquibase.changelog                      : Custom SQL executed
2022-02-03 09:12:13.460  INFO 25760 --- [           main] liquibase.changelog                      : Custom SQL executed
2022-02-03 09:12:13.461  INFO 25760 --- [           main] liquibase.changelog                      : Custom SQL executed
2022-02-03 09:12:13.462  INFO 25760 --- [           main] liquibase.changelog                      : Custom SQL executed
2022-02-03 09:12:13.462  INFO 25760 --- [           main] liquibase.changelog                      : Custom SQL executed
2022-02-03 09:12:13.463  INFO 25760 --- [           main] liquibase.changelog                      : Custom SQL executed
2022-02-03 09:12:13.463  INFO 25760 --- [           main] liquibase.changelog                      : Custom SQL executed
2022-02-03 09:12:13.464  INFO 25760 --- [           main] liquibase.changelog                      : Custom SQL executed
2022-02-03 09:12:13.464  INFO 25760 --- [           main] liquibase.changelog                      : Custom SQL executed
2022-02-03 09:12:13.465  INFO 25760 --- [           main] liquibase.changelog                      : Custom SQL executed
2022-02-03 09:12:13.465  INFO 25760 --- [           main] liquibase.changelog                      : Custom SQL executed
2022-02-03 09:12:13.466  INFO 25760 --- [           main] liquibase.changelog                      : Custom SQL executed
2022-02-03 09:12:13.467  INFO 25760 --- [           main] liquibase.changelog                      : Custom SQL executed
2022-02-03 09:12:13.467  INFO 25760 --- [           main] liquibase.changelog                      : Custom SQL executed
2022-02-03 09:12:13.468  INFO 25760 --- [           main] liquibase.changelog                      : Custom SQL executed
2022-02-03 09:12:13.468  INFO 25760 --- [           main] liquibase.changelog                      : Custom SQL executed
2022-02-03 09:12:13.469  INFO 25760 --- [           main] liquibase.changelog                      : Custom SQL executed
2022-02-03 09:12:13.470  INFO 25760 --- [           main] liquibase.changelog                      : Custom SQL executed
2022-02-03 09:12:13.470  INFO 25760 --- [           main] liquibase.changelog                      : Custom SQL executed
2022-02-03 09:12:13.471  INFO 25760 --- [           main] liquibase.changelog                      : Custom SQL executed
2022-02-03 09:12:13.471  INFO 25760 --- [           main] liquibase.changelog                      : Custom SQL executed
2022-02-03 09:12:13.472  INFO 25760 --- [           main] liquibase.changelog                      : Custom SQL executed
2022-02-03 09:12:13.472  INFO 25760 --- [           main] liquibase.changelog                      : Custom SQL executed
2022-02-03 09:12:13.473  INFO 25760 --- [           main] liquibase.changelog                      : Custom SQL executed
2022-02-03 09:12:13.473  INFO 25760 --- [           main] liquibase.changelog                      : Custom SQL executed
2022-02-03 09:12:13.474  INFO 25760 --- [           main] liquibase.changelog                      : Custom SQL executed
2022-02-03 09:12:13.474  INFO 25760 --- [           main] liquibase.changelog                      : Custom SQL executed
2022-02-03 09:12:13.475  INFO 25760 --- [           main] liquibase.changelog                      : Custom SQL executed
2022-02-03 09:12:13.476  INFO 25760 --- [           main] liquibase.changelog                      : Custom SQL executed
2022-02-03 09:12:13.476  INFO 25760 --- [           main] liquibase.changelog                      : Custom SQL executed
2022-02-03 09:12:13.477  INFO 25760 --- [           main] liquibase.changelog                      : Custom SQL executed
2022-02-03 09:12:13.477  INFO 25760 --- [           main] liquibase.changelog                      : Custom SQL executed
2022-02-03 09:12:13.478  INFO 25760 --- [           main] liquibase.changelog                      : Custom SQL executed
2022-02-03 09:12:13.478  INFO 25760 --- [           main] liquibase.changelog                      : Custom SQL executed
2022-02-03 09:12:13.479  INFO 25760 --- [           main] liquibase.changelog                      : Custom SQL executed
2022-02-03 09:12:13.479  INFO 25760 --- [           main] liquibase.changelog                      : Custom SQL executed
2022-02-03 09:12:13.480  INFO 25760 --- [           main] liquibase.changelog                      : Custom SQL executed
2022-02-03 09:12:13.480  INFO 25760 --- [           main] liquibase.changelog                      : Custom SQL executed
2022-02-03 09:12:13.481  INFO 25760 --- [           main] liquibase.changelog                      : Custom SQL executed
2022-02-03 09:12:13.481  INFO 25760 --- [           main] liquibase.changelog                      : Custom SQL executed
2022-02-03 09:12:13.482  INFO 25760 --- [           main] liquibase.changelog                      : Custom SQL executed
2022-02-03 09:12:13.482  INFO 25760 --- [           main] liquibase.changelog                      : Custom SQL executed
2022-02-03 09:12:13.483  INFO 25760 --- [           main] liquibase.changelog                      : Custom SQL executed
2022-02-03 09:12:13.483  INFO 25760 --- [           main] liquibase.changelog                      : Custom SQL executed
2022-02-03 09:12:13.484  INFO 25760 --- [           main] liquibase.changelog                      : Custom SQL executed
2022-02-03 09:12:13.484  INFO 25760 --- [           main] liquibase.changelog                      : Custom SQL executed
2022-02-03 09:12:13.485  INFO 25760 --- [           main] liquibase.changelog                      : Custom SQL executed
2022-02-03 09:12:13.486  INFO 25760 --- [           main] liquibase.changelog                      : Custom SQL executed
2022-02-03 09:12:13.486  INFO 25760 --- [           main] liquibase.changelog                      : Custom SQL executed
2022-02-03 09:12:13.487  INFO 25760 --- [           main] liquibase.changelog                      : Custom SQL executed
2022-02-03 09:12:13.487  INFO 25760 --- [           main] liquibase.changelog                      : Custom SQL executed
2022-02-03 09:12:13.488  INFO 25760 --- [           main] liquibase.changelog                      : Custom SQL executed
2022-02-03 09:12:13.488  INFO 25760 --- [           main] liquibase.changelog                      : Custom SQL executed
2022-02-03 09:12:13.489  INFO 25760 --- [           main] liquibase.changelog                      : Custom SQL executed
2022-02-03 09:12:13.489  INFO 25760 --- [           main] liquibase.changelog                      : Custom SQL executed
2022-02-03 09:12:13.490  INFO 25760 --- [           main] liquibase.changelog                      : Custom SQL executed
2022-02-03 09:12:13.490  INFO 25760 --- [           main] liquibase.changelog                      : Custom SQL executed
2022-02-03 09:12:13.491  INFO 25760 --- [           main] liquibase.changelog                      : Custom SQL executed
2022-02-03 09:12:13.491  INFO 25760 --- [           main] liquibase.changelog                      : Custom SQL executed
2022-02-03 09:12:13.492  INFO 25760 --- [           main] liquibase.changelog                      : Custom SQL executed
2022-02-03 09:12:13.492  INFO 25760 --- [           main] liquibase.changelog                      : Custom SQL executed
2022-02-03 09:12:13.493  INFO 25760 --- [           main] liquibase.changelog                      : Custom SQL executed
2022-02-03 09:12:13.494  INFO 25760 --- [           main] liquibase.changelog                      : Custom SQL executed
2022-02-03 09:12:13.494  INFO 25760 --- [           main] liquibase.changelog                      : Custom SQL executed
2022-02-03 09:12:13.494  INFO 25760 --- [           main] liquibase.changelog                      : Custom SQL executed
2022-02-03 09:12:13.495  INFO 25760 --- [           main] liquibase.changelog                      : Custom SQL executed
2022-02-03 09:12:13.496  INFO 25760 --- [           main] liquibase.changelog                      : Custom SQL executed
2022-02-03 09:12:13.496  INFO 25760 --- [           main] liquibase.changelog                      : Custom SQL executed
2022-02-03 09:12:13.497  INFO 25760 --- [           main] liquibase.changelog                      : Custom SQL executed
2022-02-03 09:12:13.497  INFO 25760 --- [           main] liquibase.changelog                      : Custom SQL executed
2022-02-03 09:12:13.498  INFO 25760 --- [           main] liquibase.changelog                      : Custom SQL executed
2022-02-03 09:12:13.498  INFO 25760 --- [           main] liquibase.changelog                      : Custom SQL executed
2022-02-03 09:12:13.499  INFO 25760 --- [           main] liquibase.changelog                      : Custom SQL executed
2022-02-03 09:12:13.499  INFO 25760 --- [           main] liquibase.changelog                      : Custom SQL executed
2022-02-03 09:12:13.500  INFO 25760 --- [           main] liquibase.changelog                      : Custom SQL executed
2022-02-03 09:12:13.500  INFO 25760 --- [           main] liquibase.changelog                      : Custom SQL executed
2022-02-03 09:12:13.501  INFO 25760 --- [           main] liquibase.changelog                      : Custom SQL executed
2022-02-03 09:12:13.501  INFO 25760 --- [           main] liquibase.changelog                      : Custom SQL executed
2022-02-03 09:12:13.502  INFO 25760 --- [           main] liquibase.changelog                      : Custom SQL executed
2022-02-03 09:12:13.502  INFO 25760 --- [           main] liquibase.changelog                      : Custom SQL executed
2022-02-03 09:12:13.503  INFO 25760 --- [           main] liquibase.changelog                      : Custom SQL executed
2022-02-03 09:12:13.503  INFO 25760 --- [           main] liquibase.changelog                      : Custom SQL executed
2022-02-03 09:12:13.504  INFO 25760 --- [           main] liquibase.changelog                      : Custom SQL executed
2022-02-03 09:12:13.505  INFO 25760 --- [           main] liquibase.changelog                      : Custom SQL executed
2022-02-03 09:12:13.505  INFO 25760 --- [           main] liquibase.changelog                      : Custom SQL executed
2022-02-03 09:12:13.506  INFO 25760 --- [           main] liquibase.changelog                      : Custom SQL executed
2022-02-03 09:12:13.506  INFO 25760 --- [           main] liquibase.changelog                      : Custom SQL executed
2022-02-03 09:12:13.507  INFO 25760 --- [           main] liquibase.changelog                      : Custom SQL executed
2022-02-03 09:12:13.507  INFO 25760 --- [           main] liquibase.changelog                      : Custom SQL executed
2022-02-03 09:12:13.508  INFO 25760 --- [           main] liquibase.changelog                      : Custom SQL executed
2022-02-03 09:12:13.508  INFO 25760 --- [           main] liquibase.changelog                      : Custom SQL executed
2022-02-03 09:12:13.509  INFO 25760 --- [           main] liquibase.changelog                      : Custom SQL executed
2022-02-03 09:12:13.509  INFO 25760 --- [           main] liquibase.changelog                      : Custom SQL executed
2022-02-03 09:12:13.510  INFO 25760 --- [           main] liquibase.changelog                      : Custom SQL executed
2022-02-03 09:12:13.511  INFO 25760 --- [           main] liquibase.changelog                      : Custom SQL executed
2022-02-03 09:12:13.511  INFO 25760 --- [           main] liquibase.changelog                      : Custom SQL executed
2022-02-03 09:12:13.512  INFO 25760 --- [           main] liquibase.changelog                      : Custom SQL executed
2022-02-03 09:12:13.512  INFO 25760 --- [           main] liquibase.changelog                      : Custom SQL executed
2022-02-03 09:12:13.513  INFO 25760 --- [           main] liquibase.changelog                      : Custom SQL executed
2022-02-03 09:12:13.513  INFO 25760 --- [           main] liquibase.changelog                      : Custom SQL executed
2022-02-03 09:12:13.514  INFO 25760 --- [           main] liquibase.changelog                      : Custom SQL executed
2022-02-03 09:12:13.514  INFO 25760 --- [           main] liquibase.changelog                      : Custom SQL executed
2022-02-03 09:12:13.515  INFO 25760 --- [           main] liquibase.changelog                      : Custom SQL executed
2022-02-03 09:12:13.516  INFO 25760 --- [           main] liquibase.changelog                      : Custom SQL executed
2022-02-03 09:12:13.517  INFO 25760 --- [           main] liquibase.changelog                      : Custom SQL executed
2022-02-03 09:12:13.518  INFO 25760 --- [           main] liquibase.changelog                      : Custom SQL executed
2022-02-03 09:12:13.518  INFO 25760 --- [           main] liquibase.changelog                      : Custom SQL executed
2022-02-03 09:12:13.519  INFO 25760 --- [           main] liquibase.changelog                      : Custom SQL executed
2022-02-03 09:12:13.520  INFO 25760 --- [           main] liquibase.changelog                      : Custom SQL executed
2022-02-03 09:12:13.521  INFO 25760 --- [           main] liquibase.changelog                      : Custom SQL executed
2022-02-03 09:12:13.522  INFO 25760 --- [           main] liquibase.changelog                      : Custom SQL executed
2022-02-03 09:12:13.523  INFO 25760 --- [           main] liquibase.changelog                      : Custom SQL executed
2022-02-03 09:12:13.524  INFO 25760 --- [           main] liquibase.changelog                      : Custom SQL executed
2022-02-03 09:12:13.524  INFO 25760 --- [           main] liquibase.changelog                      : Custom SQL executed
2022-02-03 09:12:13.525  INFO 25760 --- [           main] liquibase.changelog                      : Custom SQL executed
2022-02-03 09:12:13.525  INFO 25760 --- [           main] liquibase.changelog                      : Custom SQL executed
2022-02-03 09:12:13.526  INFO 25760 --- [           main] liquibase.changelog                      : Custom SQL executed
2022-02-03 09:12:13.527  INFO 25760 --- [           main] liquibase.changelog                      : Custom SQL executed
2022-02-03 09:12:13.528  INFO 25760 --- [           main] liquibase.changelog                      : Custom SQL executed
2022-02-03 09:12:13.529  INFO 25760 --- [           main] liquibase.changelog                      : Custom SQL executed
2022-02-03 09:12:13.530  INFO 25760 --- [           main] liquibase.changelog                      : Custom SQL executed
2022-02-03 09:12:13.531  INFO 25760 --- [           main] liquibase.changelog                      : Custom SQL executed
2022-02-03 09:12:13.532  INFO 25760 --- [           main] liquibase.changelog                      : Custom SQL executed
2022-02-03 09:12:13.533  INFO 25760 --- [           main] liquibase.changelog                      : Custom SQL executed
2022-02-03 09:12:13.533  INFO 25760 --- [           main] liquibase.changelog                      : Custom SQL executed
2022-02-03 09:12:13.534  INFO 25760 --- [           main] liquibase.changelog                      : Custom SQL executed
2022-02-03 09:12:13.535  INFO 25760 --- [           main] liquibase.changelog                      : Custom SQL executed
2022-02-03 09:12:13.536  INFO 25760 --- [           main] liquibase.changelog                      : Custom SQL executed
2022-02-03 09:12:13.537  INFO 25760 --- [           main] liquibase.changelog                      : Custom SQL executed
2022-02-03 09:12:13.537  INFO 25760 --- [           main] liquibase.changelog                      : Custom SQL executed
2022-02-03 09:12:13.538  INFO 25760 --- [           main] liquibase.changelog                      : Custom SQL executed
2022-02-03 09:12:13.539  INFO 25760 --- [           main] liquibase.changelog                      : Custom SQL executed
2022-02-03 09:12:13.540  INFO 25760 --- [           main] liquibase.changelog                      : Custom SQL executed
2022-02-03 09:12:13.541  INFO 25760 --- [           main] liquibase.changelog                      : Custom SQL executed
2022-02-03 09:12:13.542  INFO 25760 --- [           main] liquibase.changelog                      : Custom SQL executed
2022-02-03 09:12:13.542  INFO 25760 --- [           main] liquibase.changelog                      : Custom SQL executed
2022-02-03 09:12:13.543  INFO 25760 --- [           main] liquibase.changelog                      : Custom SQL executed
2022-02-03 09:12:13.544  INFO 25760 --- [           main] liquibase.changelog                      : Custom SQL executed
2022-02-03 09:12:13.545  INFO 25760 --- [           main] liquibase.changelog                      : Custom SQL executed
2022-02-03 09:12:13.549  INFO 25760 --- [           main] liquibase.changelog                      : Custom SQL executed
2022-02-03 09:12:13.550  INFO 25760 --- [           main] liquibase.changelog                      : Custom SQL executed
2022-02-03 09:12:13.550  INFO 25760 --- [           main] liquibase.changelog                      : Custom SQL executed
2022-02-03 09:12:13.551  INFO 25760 --- [           main] liquibase.changelog                      : Custom SQL executed
2022-02-03 09:12:13.552  INFO 25760 --- [           main] liquibase.changelog                      : Custom SQL executed
2022-02-03 09:12:13.553  INFO 25760 --- [           main] liquibase.changelog                      : Custom SQL executed
2022-02-03 09:12:13.553  INFO 25760 --- [           main] liquibase.changelog                      : Custom SQL executed
2022-02-03 09:12:13.554  INFO 25760 --- [           main] liquibase.changelog                      : Custom SQL executed
2022-02-03 09:12:13.555  INFO 25760 --- [           main] liquibase.changelog                      : Custom SQL executed
2022-02-03 09:12:13.556  INFO 25760 --- [           main] liquibase.changelog                      : Custom SQL executed
2022-02-03 09:12:13.557  INFO 25760 --- [           main] liquibase.changelog                      : Custom SQL executed
2022-02-03 09:12:13.557  INFO 25760 --- [           main] liquibase.changelog                      : Custom SQL executed
2022-02-03 09:12:13.558  INFO 25760 --- [           main] liquibase.changelog                      : Custom SQL executed
2022-02-03 09:12:13.559  INFO 25760 --- [           main] liquibase.changelog                      : Custom SQL executed
2022-02-03 09:12:13.560  INFO 25760 --- [           main] liquibase.changelog                      : Custom SQL executed
2022-02-03 09:12:13.560  INFO 25760 --- [           main] liquibase.changelog                      : Custom SQL executed
2022-02-03 09:12:13.561  INFO 25760 --- [           main] liquibase.changelog                      : Custom SQL executed
2022-02-03 09:12:13.562  INFO 25760 --- [           main] liquibase.changelog                      : Custom SQL executed
2022-02-03 09:12:13.563  INFO 25760 --- [           main] liquibase.changelog                      : Custom SQL executed
2022-02-03 09:12:13.565  INFO 25760 --- [           main] liquibase.changelog                      : Custom SQL executed
2022-02-03 09:12:13.565  INFO 25760 --- [           main] liquibase.changelog                      : Custom SQL executed
2022-02-03 09:12:13.566  INFO 25760 --- [           main] liquibase.changelog                      : Custom SQL executed
2022-02-03 09:12:13.567  INFO 25760 --- [           main] liquibase.changelog                      : Custom SQL executed
2022-02-03 09:12:13.568  INFO 25760 --- [           main] liquibase.changelog                      : Custom SQL executed
2022-02-03 09:12:13.569  INFO 25760 --- [           main] liquibase.changelog                      : Custom SQL executed
2022-02-03 09:12:13.569  INFO 25760 --- [           main] liquibase.changelog                      : Custom SQL executed
2022-02-03 09:12:13.571  INFO 25760 --- [           main] liquibase.changelog                      : Custom SQL executed
2022-02-03 09:12:13.572  INFO 25760 --- [           main] liquibase.changelog                      : Custom SQL executed
2022-02-03 09:12:13.572  INFO 25760 --- [           main] liquibase.changelog                      : Custom SQL executed
2022-02-03 09:12:13.573  INFO 25760 --- [           main] liquibase.changelog                      : Custom SQL executed
2022-02-03 09:12:13.574  INFO 25760 --- [           main] liquibase.changelog                      : Custom SQL executed
2022-02-03 09:12:13.575  INFO 25760 --- [           main] liquibase.changelog                      : Custom SQL executed
2022-02-03 09:12:13.576  INFO 25760 --- [           main] liquibase.changelog                      : Custom SQL executed
2022-02-03 09:12:13.577  INFO 25760 --- [           main] liquibase.changelog                      : Custom SQL executed
2022-02-03 09:12:13.577  INFO 25760 --- [           main] liquibase.changelog                      : Custom SQL executed
2022-02-03 09:12:13.578  INFO 25760 --- [           main] liquibase.changelog                      : Custom SQL executed
2022-02-03 09:12:13.579  INFO 25760 --- [           main] liquibase.changelog                      : Custom SQL executed
2022-02-03 09:12:13.579  INFO 25760 --- [           main] liquibase.changelog                      : Custom SQL executed
2022-02-03 09:12:13.593  INFO 25760 --- [           main] liquibase.changelog                      : Custom SQL executed
2022-02-03 09:12:13.594  INFO 25760 --- [           main] liquibase.changelog                      : Custom SQL executed
2022-02-03 09:12:13.595  INFO 25760 --- [           main] liquibase.changelog                      : Custom SQL executed
2022-02-03 09:12:13.596  INFO 25760 --- [           main] liquibase.changelog                      : Custom SQL executed
2022-02-03 09:12:13.597  INFO 25760 --- [           main] liquibase.changelog                      : Custom SQL executed
2022-02-03 09:12:13.597  INFO 25760 --- [           main] liquibase.changelog                      : Custom SQL executed
2022-02-03 09:12:13.598  INFO 25760 --- [           main] liquibase.changelog                      : Custom SQL executed
2022-02-03 09:12:13.598  INFO 25760 --- [           main] liquibase.changelog                      : Custom SQL executed
2022-02-03 09:12:13.599  INFO 25760 --- [           main] liquibase.changelog                      : Custom SQL executed
2022-02-03 09:12:13.600  INFO 25760 --- [           main] liquibase.changelog                      : Custom SQL executed
2022-02-03 09:12:13.601  INFO 25760 --- [           main] liquibase.changelog                      : Custom SQL executed
2022-02-03 09:12:13.603  INFO 25760 --- [           main] liquibase.changelog                      : Custom SQL executed
2022-02-03 09:12:13.603  INFO 25760 --- [           main] liquibase.changelog                      : Custom SQL executed
2022-02-03 09:12:13.604  INFO 25760 --- [           main] liquibase.changelog                      : Custom SQL executed
2022-02-03 09:12:13.605  INFO 25760 --- [           main] liquibase.changelog                      : Custom SQL executed
2022-02-03 09:12:13.605  INFO 25760 --- [           main] liquibase.changelog                      : Custom SQL executed
2022-02-03 09:12:13.606  INFO 25760 --- [           main] liquibase.changelog                      : Custom SQL executed
2022-02-03 09:12:13.607  INFO 25760 --- [           main] liquibase.changelog                      : Custom SQL executed
2022-02-03 09:12:13.607  INFO 25760 --- [           main] liquibase.changelog                      : Custom SQL executed
2022-02-03 09:12:13.608  INFO 25760 --- [           main] liquibase.changelog                      : Custom SQL executed
2022-02-03 09:12:13.609  INFO 25760 --- [           main] liquibase.changelog                      : Custom SQL executed
2022-02-03 09:12:13.609  INFO 25760 --- [           main] liquibase.changelog                      : Custom SQL executed
2022-02-03 09:12:13.610  INFO 25760 --- [           main] liquibase.changelog                      : Custom SQL executed
2022-02-03 09:12:13.610  INFO 25760 --- [           main] liquibase.changelog                      : Custom SQL executed
2022-02-03 09:12:13.612  INFO 25760 --- [           main] liquibase.changelog                      : Custom SQL executed
2022-02-03 09:12:13.612  INFO 25760 --- [           main] liquibase.changelog                      : Custom SQL executed
2022-02-03 09:12:13.613  INFO 25760 --- [           main] liquibase.changelog                      : Custom SQL executed
2022-02-03 09:12:13.613  INFO 25760 --- [           main] liquibase.changelog                      : Custom SQL executed
2022-02-03 09:12:13.614  INFO 25760 --- [           main] liquibase.changelog                      : Custom SQL executed
2022-02-03 09:12:13.614  INFO 25760 --- [           main] liquibase.changelog                      : Custom SQL executed
2022-02-03 09:12:13.615  INFO 25760 --- [           main] liquibase.changelog                      : Custom SQL executed
2022-02-03 09:12:13.616  INFO 25760 --- [           main] liquibase.changelog                      : Custom SQL executed
2022-02-03 09:12:13.616  INFO 25760 --- [           main] liquibase.changelog                      : Custom SQL executed
2022-02-03 09:12:13.617  INFO 25760 --- [           main] liquibase.changelog                      : Custom SQL executed
2022-02-03 09:12:13.617  INFO 25760 --- [           main] liquibase.changelog                      : Custom SQL executed
2022-02-03 09:12:13.618  INFO 25760 --- [           main] liquibase.changelog                      : Custom SQL executed
2022-02-03 09:12:13.618  INFO 25760 --- [           main] liquibase.changelog                      : Custom SQL executed
2022-02-03 09:12:13.619  INFO 25760 --- [           main] liquibase.changelog                      : Custom SQL executed
2022-02-03 09:12:13.620  INFO 25760 --- [           main] liquibase.changelog                      : Custom SQL executed
2022-02-03 09:12:13.620  INFO 25760 --- [           main] liquibase.changelog                      : Custom SQL executed
2022-02-03 09:12:13.621  INFO 25760 --- [           main] liquibase.changelog                      : Custom SQL executed
2022-02-03 09:12:13.621  INFO 25760 --- [           main] liquibase.changelog                      : Custom SQL executed
2022-02-03 09:12:13.622  INFO 25760 --- [           main] liquibase.changelog                      : Custom SQL executed
2022-02-03 09:12:13.622  INFO 25760 --- [           main] liquibase.changelog                      : Custom SQL executed
2022-02-03 09:12:13.623  INFO 25760 --- [           main] liquibase.changelog                      : Custom SQL executed
2022-02-03 09:12:13.623  INFO 25760 --- [           main] liquibase.changelog                      : Custom SQL executed
2022-02-03 09:12:13.624  INFO 25760 --- [           main] liquibase.changelog                      : Custom SQL executed
2022-02-03 09:12:13.624  INFO 25760 --- [           main] liquibase.changelog                      : Custom SQL executed
2022-02-03 09:12:13.625  INFO 25760 --- [           main] liquibase.changelog                      : Custom SQL executed
2022-02-03 09:12:13.625  INFO 25760 --- [           main] liquibase.changelog                      : Custom SQL executed
2022-02-03 09:12:13.626  INFO 25760 --- [           main] liquibase.changelog                      : Custom SQL executed
2022-02-03 09:12:13.626  INFO 25760 --- [           main] liquibase.changelog                      : Custom SQL executed
2022-02-03 09:12:13.627  INFO 25760 --- [           main] liquibase.changelog                      : Custom SQL executed
2022-02-03 09:12:13.627  INFO 25760 --- [           main] liquibase.changelog                      : Custom SQL executed
2022-02-03 09:12:13.628  INFO 25760 --- [           main] liquibase.changelog                      : Custom SQL executed
2022-02-03 09:12:13.628  INFO 25760 --- [           main] liquibase.changelog                      : Custom SQL executed
2022-02-03 09:12:13.629  INFO 25760 --- [           main] liquibase.changelog                      : Custom SQL executed
2022-02-03 09:12:13.629  INFO 25760 --- [           main] liquibase.changelog                      : Custom SQL executed
2022-02-03 09:12:13.630  INFO 25760 --- [           main] liquibase.changelog                      : Custom SQL executed
2022-02-03 09:12:13.630  INFO 25760 --- [           main] liquibase.changelog                      : Custom SQL executed
2022-02-03 09:12:13.631  INFO 25760 --- [           main] liquibase.changelog                      : Custom SQL executed
2022-02-03 09:12:13.631  INFO 25760 --- [           main] liquibase.changelog                      : Custom SQL executed
2022-02-03 09:12:13.632  INFO 25760 --- [           main] liquibase.changelog                      : Custom SQL executed
2022-02-03 09:12:13.632  INFO 25760 --- [           main] liquibase.changelog                      : Custom SQL executed
2022-02-03 09:12:13.633  INFO 25760 --- [           main] liquibase.changelog                      : Custom SQL executed
2022-02-03 09:12:13.633  INFO 25760 --- [           main] liquibase.changelog                      : Custom SQL executed
2022-02-03 09:12:13.634  INFO 25760 --- [           main] liquibase.changelog                      : Custom SQL executed
2022-02-03 09:12:13.634  INFO 25760 --- [           main] liquibase.changelog                      : Custom SQL executed
2022-02-03 09:12:13.635  INFO 25760 --- [           main] liquibase.changelog                      : Custom SQL executed
2022-02-03 09:12:13.635  INFO 25760 --- [           main] liquibase.changelog                      : Custom SQL executed
2022-02-03 09:12:13.636  INFO 25760 --- [           main] liquibase.changelog                      : Custom SQL executed
2022-02-03 09:12:13.636  INFO 25760 --- [           main] liquibase.changelog                      : Custom SQL executed
2022-02-03 09:12:13.637  INFO 25760 --- [           main] liquibase.changelog                      : Custom SQL executed
2022-02-03 09:12:13.637  INFO 25760 --- [           main] liquibase.changelog                      : Custom SQL executed
2022-02-03 09:12:13.638  INFO 25760 --- [           main] liquibase.changelog                      : Custom SQL executed
2022-02-03 09:12:13.638  INFO 25760 --- [           main] liquibase.changelog                      : Custom SQL executed
2022-02-03 09:12:13.639  INFO 25760 --- [           main] liquibase.changelog                      : Custom SQL executed
2022-02-03 09:12:13.639  INFO 25760 --- [           main] liquibase.changelog                      : Custom SQL executed
2022-02-03 09:12:13.640  INFO 25760 --- [           main] liquibase.changelog                      : Custom SQL executed
2022-02-03 09:12:13.640  INFO 25760 --- [           main] liquibase.changelog                      : Custom SQL executed
2022-02-03 09:12:13.641  INFO 25760 --- [           main] liquibase.changelog                      : Custom SQL executed
2022-02-03 09:12:13.641  INFO 25760 --- [           main] liquibase.changelog                      : Custom SQL executed
2022-02-03 09:12:13.642  INFO 25760 --- [           main] liquibase.changelog                      : Custom SQL executed
2022-02-03 09:12:13.642  INFO 25760 --- [           main] liquibase.changelog                      : Custom SQL executed
2022-02-03 09:12:13.642  INFO 25760 --- [           main] liquibase.changelog                      : Custom SQL executed
2022-02-03 09:12:13.643  INFO 25760 --- [           main] liquibase.changelog                      : Custom SQL executed
2022-02-03 09:12:13.643  INFO 25760 --- [           main] liquibase.changelog                      : Custom SQL executed
2022-02-03 09:12:13.644  INFO 25760 --- [           main] liquibase.changelog                      : Custom SQL executed
2022-02-03 09:12:13.645  INFO 25760 --- [           main] liquibase.changelog                      : Custom SQL executed
2022-02-03 09:12:13.645  INFO 25760 --- [           main] liquibase.changelog                      : Custom SQL executed
2022-02-03 09:12:13.646  INFO 25760 --- [           main] liquibase.changelog                      : Custom SQL executed
2022-02-03 09:12:13.646  INFO 25760 --- [           main] liquibase.changelog                      : Custom SQL executed
2022-02-03 09:12:13.647  INFO 25760 --- [           main] liquibase.changelog                      : Custom SQL executed
2022-02-03 09:12:13.647  INFO 25760 --- [           main] liquibase.changelog                      : Custom SQL executed
2022-02-03 09:12:13.648  INFO 25760 --- [           main] liquibase.changelog                      : Custom SQL executed
2022-02-03 09:12:13.648  INFO 25760 --- [           main] liquibase.changelog                      : Custom SQL executed
2022-02-03 09:12:13.649  INFO 25760 --- [           main] liquibase.changelog                      : Custom SQL executed
2022-02-03 09:12:13.649  INFO 25760 --- [           main] liquibase.changelog                      : Custom SQL executed
2022-02-03 09:12:13.650  INFO 25760 --- [           main] liquibase.changelog                      : Custom SQL executed
2022-02-03 09:12:13.650  INFO 25760 --- [           main] liquibase.changelog                      : Custom SQL executed
2022-02-03 09:12:13.651  INFO 25760 --- [           main] liquibase.changelog                      : Custom SQL executed
2022-02-03 09:12:13.651  INFO 25760 --- [           main] liquibase.changelog                      : Custom SQL executed
2022-02-03 09:12:13.652  INFO 25760 --- [           main] liquibase.changelog                      : Custom SQL executed
2022-02-03 09:12:13.652  INFO 25760 --- [           main] liquibase.changelog                      : Custom SQL executed
2022-02-03 09:12:13.653  INFO 25760 --- [           main] liquibase.changelog                      : Custom SQL executed
2022-02-03 09:12:13.653  INFO 25760 --- [           main] liquibase.changelog                      : Custom SQL executed
2022-02-03 09:12:13.654  INFO 25760 --- [           main] liquibase.changelog                      : Custom SQL executed
2022-02-03 09:12:13.654  INFO 25760 --- [           main] liquibase.changelog                      : Custom SQL executed
2022-02-03 09:12:13.655  INFO 25760 --- [           main] liquibase.changelog                      : Custom SQL executed
2022-02-03 09:12:13.655  INFO 25760 --- [           main] liquibase.changelog                      : Custom SQL executed
2022-02-03 09:12:13.656  INFO 25760 --- [           main] liquibase.changelog                      : Custom SQL executed
2022-02-03 09:12:13.656  INFO 25760 --- [           main] liquibase.changelog                      : Custom SQL executed
2022-02-03 09:12:13.657  INFO 25760 --- [           main] liquibase.changelog                      : Custom SQL executed
2022-02-03 09:12:13.657  INFO 25760 --- [           main] liquibase.changelog                      : Custom SQL executed
2022-02-03 09:12:13.658  INFO 25760 --- [           main] liquibase.changelog                      : Custom SQL executed
2022-02-03 09:12:13.658  INFO 25760 --- [           main] liquibase.changelog                      : Custom SQL executed
2022-02-03 09:12:13.659  INFO 25760 --- [           main] liquibase.changelog                      : Custom SQL executed
2022-02-03 09:12:13.659  INFO 25760 --- [           main] liquibase.changelog                      : Custom SQL executed
2022-02-03 09:12:13.660  INFO 25760 --- [           main] liquibase.changelog                      : Custom SQL executed
2022-02-03 09:12:13.660  INFO 25760 --- [           main] liquibase.changelog                      : Custom SQL executed
2022-02-03 09:12:13.661  INFO 25760 --- [           main] liquibase.changelog                      : Custom SQL executed
2022-02-03 09:12:13.661  INFO 25760 --- [           main] liquibase.changelog                      : Custom SQL executed
2022-02-03 09:12:13.662  INFO 25760 --- [           main] liquibase.changelog                      : Custom SQL executed
2022-02-03 09:12:13.662  INFO 25760 --- [           main] liquibase.changelog                      : Custom SQL executed
2022-02-03 09:12:13.663  INFO 25760 --- [           main] liquibase.changelog                      : Custom SQL executed
2022-02-03 09:12:13.663  INFO 25760 --- [           main] liquibase.changelog                      : Custom SQL executed
2022-02-03 09:12:13.664  INFO 25760 --- [           main] liquibase.changelog                      : Custom SQL executed
2022-02-03 09:12:13.664  INFO 25760 --- [           main] liquibase.changelog                      : Custom SQL executed
2022-02-03 09:12:13.665  INFO 25760 --- [           main] liquibase.changelog                      : Custom SQL executed
2022-02-03 09:12:13.665  INFO 25760 --- [           main] liquibase.changelog                      : Custom SQL executed
2022-02-03 09:12:13.666  INFO 25760 --- [           main] liquibase.changelog                      : Custom SQL executed
2022-02-03 09:12:13.666  INFO 25760 --- [           main] liquibase.changelog                      : Custom SQL executed
2022-02-03 09:12:13.667  INFO 25760 --- [           main] liquibase.changelog                      : Custom SQL executed
2022-02-03 09:12:13.667  INFO 25760 --- [           main] liquibase.changelog                      : Custom SQL executed
2022-02-03 09:12:13.668  INFO 25760 --- [           main] liquibase.changelog                      : Custom SQL executed
2022-02-03 09:12:13.668  INFO 25760 --- [           main] liquibase.changelog                      : Custom SQL executed
2022-02-03 09:12:13.669  INFO 25760 --- [           main] liquibase.changelog                      : Custom SQL executed
2022-02-03 09:12:13.669  INFO 25760 --- [           main] liquibase.changelog                      : Custom SQL executed
2022-02-03 09:12:13.670  INFO 25760 --- [           main] liquibase.changelog                      : Custom SQL executed
2022-02-03 09:12:13.670  INFO 25760 --- [           main] liquibase.changelog                      : Custom SQL executed
2022-02-03 09:12:13.670  INFO 25760 --- [           main] liquibase.changelog                      : Custom SQL executed
2022-02-03 09:12:13.671  INFO 25760 --- [           main] liquibase.changelog                      : Custom SQL executed
2022-02-03 09:12:13.671  INFO 25760 --- [           main] liquibase.changelog                      : Custom SQL executed
2022-02-03 09:12:13.672  INFO 25760 --- [           main] liquibase.changelog                      : Custom SQL executed
2022-02-03 09:12:13.672  INFO 25760 --- [           main] liquibase.changelog                      : Custom SQL executed
2022-02-03 09:12:13.673  INFO 25760 --- [           main] liquibase.changelog                      : Custom SQL executed
2022-02-03 09:12:13.673  INFO 25760 --- [           main] liquibase.changelog                      : Custom SQL executed
2022-02-03 09:12:13.674  INFO 25760 --- [           main] liquibase.changelog                      : Custom SQL executed
2022-02-03 09:12:13.674  INFO 25760 --- [           main] liquibase.changelog                      : Custom SQL executed
2022-02-03 09:12:13.675  INFO 25760 --- [           main] liquibase.changelog                      : Custom SQL executed
2022-02-03 09:12:13.675  INFO 25760 --- [           main] liquibase.changelog                      : Custom SQL executed
2022-02-03 09:12:13.676  INFO 25760 --- [           main] liquibase.changelog                      : Custom SQL executed
2022-02-03 09:12:13.676  INFO 25760 --- [           main] liquibase.changelog                      : Custom SQL executed
2022-02-03 09:12:13.677  INFO 25760 --- [           main] liquibase.changelog                      : Custom SQL executed
2022-02-03 09:12:13.677  INFO 25760 --- [           main] liquibase.changelog                      : Custom SQL executed
2022-02-03 09:12:13.678  INFO 25760 --- [           main] liquibase.changelog                      : Custom SQL executed
2022-02-03 09:12:13.678  INFO 25760 --- [           main] liquibase.changelog                      : Custom SQL executed
2022-02-03 09:12:13.679  INFO 25760 --- [           main] liquibase.changelog                      : Custom SQL executed
2022-02-03 09:12:13.679  INFO 25760 --- [           main] liquibase.changelog                      : Custom SQL executed
2022-02-03 09:12:13.680  INFO 25760 --- [           main] liquibase.changelog                      : Custom SQL executed
2022-02-03 09:12:13.680  INFO 25760 --- [           main] liquibase.changelog                      : Custom SQL executed
2022-02-03 09:12:13.681  INFO 25760 --- [           main] liquibase.changelog                      : Custom SQL executed
2022-02-03 09:12:13.681  INFO 25760 --- [           main] liquibase.changelog                      : Custom SQL executed
2022-02-03 09:12:13.682  INFO 25760 --- [           main] liquibase.changelog                      : Custom SQL executed
2022-02-03 09:12:13.682  INFO 25760 --- [           main] liquibase.changelog                      : Custom SQL executed
2022-02-03 09:12:13.682  INFO 25760 --- [           main] liquibase.changelog                      : Custom SQL executed
2022-02-03 09:12:13.683  INFO 25760 --- [           main] liquibase.changelog                      : Custom SQL executed
2022-02-03 09:12:13.683  INFO 25760 --- [           main] liquibase.changelog                      : Custom SQL executed
2022-02-03 09:12:13.684  INFO 25760 --- [           main] liquibase.changelog                      : Custom SQL executed
2022-02-03 09:12:13.684  INFO 25760 --- [           main] liquibase.changelog                      : Custom SQL executed
2022-02-03 09:12:13.685  INFO 25760 --- [           main] liquibase.changelog                      : Custom SQL executed
2022-02-03 09:12:13.685  INFO 25760 --- [           main] liquibase.changelog                      : Custom SQL executed
2022-02-03 09:12:13.686  INFO 25760 --- [           main] liquibase.changelog                      : Custom SQL executed
2022-02-03 09:12:13.686  INFO 25760 --- [           main] liquibase.changelog                      : Custom SQL executed
2022-02-03 09:12:13.687  INFO 25760 --- [           main] liquibase.changelog                      : Custom SQL executed
2022-02-03 09:12:13.687  INFO 25760 --- [           main] liquibase.changelog                      : Custom SQL executed
2022-02-03 09:12:13.688  INFO 25760 --- [           main] liquibase.changelog                      : Custom SQL executed
2022-02-03 09:12:13.688  INFO 25760 --- [           main] liquibase.changelog                      : Custom SQL executed
2022-02-03 09:12:13.689  INFO 25760 --- [           main] liquibase.changelog                      : Custom SQL executed
2022-02-03 09:12:13.689  INFO 25760 --- [           main] liquibase.changelog                      : Custom SQL executed
2022-02-03 09:12:13.690  INFO 25760 --- [           main] liquibase.changelog                      : Custom SQL executed
2022-02-03 09:12:13.690  INFO 25760 --- [           main] liquibase.changelog                      : Custom SQL executed
2022-02-03 09:12:13.691  INFO 25760 --- [           main] liquibase.changelog                      : Custom SQL executed
2022-02-03 09:12:13.691  INFO 25760 --- [           main] liquibase.changelog                      : Custom SQL executed
2022-02-03 09:12:13.692  INFO 25760 --- [           main] liquibase.changelog                      : Custom SQL executed
2022-02-03 09:12:13.692  INFO 25760 --- [           main] liquibase.changelog                      : Custom SQL executed
2022-02-03 09:12:13.693  INFO 25760 --- [           main] liquibase.changelog                      : Custom SQL executed
2022-02-03 09:12:13.693  INFO 25760 --- [           main] liquibase.changelog                      : Custom SQL executed
2022-02-03 09:12:13.694  INFO 25760 --- [           main] liquibase.changelog                      : Custom SQL executed
2022-02-03 09:12:13.694  INFO 25760 --- [           main] liquibase.changelog                      : Custom SQL executed
2022-02-03 09:12:13.695  INFO 25760 --- [           main] liquibase.changelog                      : Custom SQL executed
2022-02-03 09:12:13.695  INFO 25760 --- [           main] liquibase.changelog                      : Custom SQL executed
2022-02-03 09:12:13.696  INFO 25760 --- [           main] liquibase.changelog                      : Custom SQL executed
2022-02-03 09:12:13.696  INFO 25760 --- [           main] liquibase.changelog                      : Custom SQL executed
2022-02-03 09:12:13.697  INFO 25760 --- [           main] liquibase.changelog                      : Custom SQL executed
2022-02-03 09:12:13.697  INFO 25760 --- [           main] liquibase.changelog                      : Custom SQL executed
2022-02-03 09:12:13.698  INFO 25760 --- [           main] liquibase.changelog                      : Custom SQL executed
2022-02-03 09:12:13.698  INFO 25760 --- [           main] liquibase.changelog                      : Custom SQL executed
2022-02-03 09:12:13.699  INFO 25760 --- [           main] liquibase.changelog                      : Custom SQL executed
2022-02-03 09:12:13.699  INFO 25760 --- [           main] liquibase.changelog                      : Custom SQL executed
2022-02-03 09:12:13.700  INFO 25760 --- [           main] liquibase.changelog                      : Custom SQL executed
2022-02-03 09:12:13.700  INFO 25760 --- [           main] liquibase.changelog                      : Custom SQL executed
2022-02-03 09:12:13.701  INFO 25760 --- [           main] liquibase.changelog                      : Custom SQL executed
2022-02-03 09:12:13.701  INFO 25760 --- [           main] liquibase.changelog                      : Custom SQL executed
2022-02-03 09:12:13.702  INFO 25760 --- [           main] liquibase.changelog                      : Custom SQL executed
2022-02-03 09:12:13.702  INFO 25760 --- [           main] liquibase.changelog                      : Custom SQL executed
2022-02-03 09:12:13.703  INFO 25760 --- [           main] liquibase.changelog                      : Custom SQL executed
2022-02-03 09:12:13.703  INFO 25760 --- [           main] liquibase.changelog                      : Custom SQL executed
2022-02-03 09:12:13.704  INFO 25760 --- [           main] liquibase.changelog                      : Custom SQL executed
2022-02-03 09:12:13.704  INFO 25760 --- [           main] liquibase.changelog                      : Custom SQL executed
2022-02-03 09:12:13.705  INFO 25760 --- [           main] liquibase.changelog                      : Custom SQL executed
2022-02-03 09:12:13.705  INFO 25760 --- [           main] liquibase.changelog                      : Custom SQL executed
2022-02-03 09:12:13.706  INFO 25760 --- [           main] liquibase.changelog                      : Custom SQL executed
2022-02-03 09:12:13.706  INFO 25760 --- [           main] liquibase.changelog                      : Custom SQL executed
2022-02-03 09:12:13.706  INFO 25760 --- [           main] liquibase.changelog                      : Custom SQL executed
2022-02-03 09:12:13.707  INFO 25760 --- [           main] liquibase.changelog                      : Custom SQL executed
2022-02-03 09:12:13.707  INFO 25760 --- [           main] liquibase.changelog                      : Custom SQL executed
2022-02-03 09:12:13.708  INFO 25760 --- [           main] liquibase.changelog                      : Custom SQL executed
2022-02-03 09:12:13.708  INFO 25760 --- [           main] liquibase.changelog                      : Custom SQL executed
2022-02-03 09:12:13.709  INFO 25760 --- [           main] liquibase.changelog                      : Custom SQL executed
2022-02-03 09:12:13.709  INFO 25760 --- [           main] liquibase.changelog                      : Custom SQL executed
2022-02-03 09:12:13.710  INFO 25760 --- [           main] liquibase.changelog                      : Custom SQL executed
2022-02-03 09:12:13.710  INFO 25760 --- [           main] liquibase.changelog                      : Custom SQL executed
2022-02-03 09:12:13.711  INFO 25760 --- [           main] liquibase.changelog                      : Custom SQL executed
2022-02-03 09:12:13.712  INFO 25760 --- [           main] liquibase.changelog                      : Custom SQL executed
2022-02-03 09:12:13.712  INFO 25760 --- [           main] liquibase.changelog                      : Custom SQL executed
2022-02-03 09:12:13.713  INFO 25760 --- [           main] liquibase.changelog                      : Custom SQL executed
2022-02-03 09:12:13.714  INFO 25760 --- [           main] liquibase.changelog                      : Custom SQL executed
2022-02-03 09:12:13.714  INFO 25760 --- [           main] liquibase.changelog                      : Custom SQL executed
2022-02-03 09:12:13.715  INFO 25760 --- [           main] liquibase.changelog                      : Custom SQL executed
2022-02-03 09:12:13.716  INFO 25760 --- [           main] liquibase.changelog                      : Custom SQL executed
2022-02-03 09:12:13.717  INFO 25760 --- [           main] liquibase.changelog                      : Custom SQL executed
2022-02-03 09:12:13.717  INFO 25760 --- [           main] liquibase.changelog                      : Custom SQL executed
2022-02-03 09:12:13.718  INFO 25760 --- [           main] liquibase.changelog                      : Custom SQL executed
2022-02-03 09:12:13.719  INFO 25760 --- [           main] liquibase.changelog                      : Custom SQL executed
2022-02-03 09:12:13.719  INFO 25760 --- [           main] liquibase.changelog                      : Custom SQL executed
2022-02-03 09:12:13.720  INFO 25760 --- [           main] liquibase.changelog                      : Custom SQL executed
2022-02-03 09:12:13.721  INFO 25760 --- [           main] liquibase.changelog                      : Custom SQL executed
2022-02-03 09:12:13.721  INFO 25760 --- [           main] liquibase.changelog                      : Custom SQL executed
2022-02-03 09:12:13.722  INFO 25760 --- [           main] liquibase.changelog                      : Custom SQL executed
2022-02-03 09:12:13.722  INFO 25760 --- [           main] liquibase.changelog                      : Custom SQL executed
2022-02-03 09:12:13.723  INFO 25760 --- [           main] liquibase.changelog                      : Custom SQL executed
2022-02-03 09:12:13.723  INFO 25760 --- [           main] liquibase.changelog                      : Custom SQL executed
2022-02-03 09:12:13.724  INFO 25760 --- [           main] liquibase.changelog                      : Custom SQL executed
2022-02-03 09:12:13.725  INFO 25760 --- [           main] liquibase.changelog                      : Custom SQL executed
2022-02-03 09:12:13.725  INFO 25760 --- [           main] liquibase.changelog                      : Custom SQL executed
2022-02-03 09:12:13.726  INFO 25760 --- [           main] liquibase.changelog                      : Custom SQL executed
2022-02-03 09:12:13.726  INFO 25760 --- [           main] liquibase.changelog                      : Custom SQL executed
2022-02-03 09:12:13.727  INFO 25760 --- [           main] liquibase.changelog                      : Custom SQL executed
2022-02-03 09:12:13.727  INFO 25760 --- [           main] liquibase.changelog                      : Custom SQL executed
2022-02-03 09:12:13.728  INFO 25760 --- [           main] liquibase.changelog                      : Custom SQL executed
2022-02-03 09:12:13.728  INFO 25760 --- [           main] liquibase.changelog                      : Custom SQL executed
2022-02-03 09:12:13.729  INFO 25760 --- [           main] liquibase.changelog                      : Custom SQL executed
2022-02-03 09:12:13.729  INFO 25760 --- [           main] liquibase.changelog                      : Custom SQL executed
2022-02-03 09:12:13.730  INFO 25760 --- [           main] liquibase.changelog                      : Custom SQL executed
2022-02-03 09:12:13.730  INFO 25760 --- [           main] liquibase.changelog                      : Custom SQL executed
2022-02-03 09:12:13.731  INFO 25760 --- [           main] liquibase.changelog                      : Custom SQL executed
2022-02-03 09:12:13.731  INFO 25760 --- [           main] liquibase.changelog                      : Custom SQL executed
2022-02-03 09:12:13.732  INFO 25760 --- [           main] liquibase.changelog                      : Custom SQL executed
2022-02-03 09:12:13.733  INFO 25760 --- [           main] liquibase.changelog                      : Custom SQL executed
2022-02-03 09:12:13.734  INFO 25760 --- [           main] liquibase.changelog                      : Custom SQL executed
2022-02-03 09:12:13.734  INFO 25760 --- [           main] liquibase.changelog                      : Custom SQL executed
2022-02-03 09:12:13.735  INFO 25760 --- [           main] liquibase.changelog                      : Custom SQL executed
2022-02-03 09:12:13.735  INFO 25760 --- [           main] liquibase.changelog                      : Custom SQL executed
2022-02-03 09:12:13.736  INFO 25760 --- [           main] liquibase.changelog                      : Custom SQL executed
2022-02-03 09:12:13.736  INFO 25760 --- [           main] liquibase.changelog                      : Custom SQL executed
2022-02-03 09:12:13.737  INFO 25760 --- [           main] liquibase.changelog                      : Custom SQL executed
2022-02-03 09:12:13.737  INFO 25760 --- [           main] liquibase.changelog                      : Custom SQL executed
2022-02-03 09:12:13.738  INFO 25760 --- [           main] liquibase.changelog                      : Custom SQL executed
2022-02-03 09:12:13.738  INFO 25760 --- [           main] liquibase.changelog                      : Custom SQL executed
2022-02-03 09:12:13.739  INFO 25760 --- [           main] liquibase.changelog                      : Custom SQL executed
2022-02-03 09:12:13.739  INFO 25760 --- [           main] liquibase.changelog                      : Custom SQL executed
2022-02-03 09:12:13.740  INFO 25760 --- [           main] liquibase.changelog                      : Custom SQL executed
2022-02-03 09:12:13.740  INFO 25760 --- [           main] liquibase.changelog                      : Custom SQL executed
2022-02-03 09:12:13.741  INFO 25760 --- [           main] liquibase.changelog                      : Custom SQL executed
2022-02-03 09:12:13.741  INFO 25760 --- [           main] liquibase.changelog                      : Custom SQL executed
2022-02-03 09:12:13.742  INFO 25760 --- [           main] liquibase.changelog                      : Custom SQL executed
2022-02-03 09:12:13.742  INFO 25760 --- [           main] liquibase.changelog                      : Custom SQL executed
2022-02-03 09:12:13.743  INFO 25760 --- [           main] liquibase.changelog                      : Custom SQL executed
2022-02-03 09:12:13.743  INFO 25760 --- [           main] liquibase.changelog                      : Custom SQL executed
2022-02-03 09:12:13.744  INFO 25760 --- [           main] liquibase.changelog                      : Custom SQL executed
2022-02-03 09:12:13.745  INFO 25760 --- [           main] liquibase.changelog                      : Custom SQL executed
2022-02-03 09:12:13.745  INFO 25760 --- [           main] liquibase.changelog                      : Custom SQL executed
2022-02-03 09:12:13.746  INFO 25760 --- [           main] liquibase.changelog                      : Custom SQL executed
2022-02-03 09:12:13.746  INFO 25760 --- [           main] liquibase.changelog                      : Custom SQL executed
2022-02-03 09:12:13.747  INFO 25760 --- [           main] liquibase.changelog                      : Custom SQL executed
2022-02-03 09:12:13.747  INFO 25760 --- [           main] liquibase.changelog                      : Custom SQL executed
2022-02-03 09:12:13.748  INFO 25760 --- [           main] liquibase.changelog                      : Custom SQL executed
2022-02-03 09:12:13.748  INFO 25760 --- [           main] liquibase.changelog                      : Custom SQL executed
2022-02-03 09:12:13.748  INFO 25760 --- [           main] liquibase.changelog                      : Custom SQL executed
2022-02-03 09:12:13.749  INFO 25760 --- [           main] liquibase.changelog                      : Custom SQL executed
2022-02-03 09:12:13.749  INFO 25760 --- [           main] liquibase.changelog                      : Custom SQL executed
2022-02-03 09:12:13.750  INFO 25760 --- [           main] liquibase.changelog                      : Custom SQL executed
2022-02-03 09:12:13.751  INFO 25760 --- [           main] liquibase.changelog                      : Custom SQL executed
2022-02-03 09:12:13.751  INFO 25760 --- [           main] liquibase.changelog                      : Custom SQL executed
2022-02-03 09:12:13.752  INFO 25760 --- [           main] liquibase.changelog                      : Custom SQL executed
2022-02-03 09:12:13.752  INFO 25760 --- [           main] liquibase.changelog                      : Custom SQL executed
2022-02-03 09:12:13.753  INFO 25760 --- [           main] liquibase.changelog                      : Custom SQL executed
2022-02-03 09:12:13.753  INFO 25760 --- [           main] liquibase.changelog                      : Custom SQL executed
2022-02-03 09:12:13.754  INFO 25760 --- [           main] liquibase.changelog                      : Custom SQL executed
2022-02-03 09:12:13.754  INFO 25760 --- [           main] liquibase.changelog                      : Custom SQL executed
2022-02-03 09:12:13.755  INFO 25760 --- [           main] liquibase.changelog                      : Custom SQL executed
2022-02-03 09:12:13.756  INFO 25760 --- [           main] liquibase.changelog                      : Custom SQL executed
2022-02-03 09:12:13.756  INFO 25760 --- [           main] liquibase.changelog                      : Custom SQL executed
2022-02-03 09:12:13.757  INFO 25760 --- [           main] liquibase.changelog                      : Custom SQL executed
2022-02-03 09:12:13.757  INFO 25760 --- [           main] liquibase.changelog                      : Custom SQL executed
2022-02-03 09:12:13.758  INFO 25760 --- [           main] liquibase.changelog                      : Custom SQL executed
2022-02-03 09:12:13.759  INFO 25760 --- [           main] liquibase.changelog                      : Custom SQL executed
2022-02-03 09:12:13.759  INFO 25760 --- [           main] liquibase.changelog                      : Custom SQL executed
2022-02-03 09:12:13.760  INFO 25760 --- [           main] liquibase.changelog                      : Custom SQL executed
2022-02-03 09:12:13.761  INFO 25760 --- [           main] liquibase.changelog                      : Custom SQL executed
2022-02-03 09:12:13.761  INFO 25760 --- [           main] liquibase.changelog                      : Custom SQL executed
2022-02-03 09:12:13.762  INFO 25760 --- [           main] liquibase.changelog                      : Custom SQL executed
2022-02-03 09:12:13.763  INFO 25760 --- [           main] liquibase.changelog                      : Custom SQL executed
2022-02-03 09:12:13.763  INFO 25760 --- [           main] liquibase.changelog                      : Custom SQL executed
2022-02-03 09:12:13.764  INFO 25760 --- [           main] liquibase.changelog                      : Custom SQL executed
2022-02-03 09:12:13.765  INFO 25760 --- [           main] liquibase.changelog                      : Custom SQL executed
2022-02-03 09:12:13.765  INFO 25760 --- [           main] liquibase.changelog                      : Custom SQL executed
2022-02-03 09:12:13.766  INFO 25760 --- [           main] liquibase.changelog                      : Custom SQL executed
2022-02-03 09:12:13.766  INFO 25760 --- [           main] liquibase.changelog                      : Custom SQL executed
2022-02-03 09:12:13.767  INFO 25760 --- [           main] liquibase.changelog                      : Custom SQL executed
2022-02-03 09:12:13.767  INFO 25760 --- [           main] liquibase.changelog                      : Custom SQL executed
2022-02-03 09:12:13.768  INFO 25760 --- [           main] liquibase.changelog                      : Custom SQL executed
2022-02-03 09:12:13.768  INFO 25760 --- [           main] liquibase.changelog                      : Custom SQL executed
2022-02-03 09:12:13.769  INFO 25760 --- [           main] liquibase.changelog                      : Custom SQL executed
2022-02-03 09:12:13.769  INFO 25760 --- [           main] liquibase.changelog                      : Custom SQL executed
2022-02-03 09:12:13.770  INFO 25760 --- [           main] liquibase.changelog                      : Custom SQL executed
2022-02-03 09:12:13.770  INFO 25760 --- [           main] liquibase.changelog                      : Custom SQL executed
2022-02-03 09:12:13.771  INFO 25760 --- [           main] liquibase.changelog                      : Custom SQL executed
2022-02-03 09:12:13.772  INFO 25760 --- [           main] liquibase.changelog                      : Custom SQL executed
2022-02-03 09:12:13.772  INFO 25760 --- [           main] liquibase.changelog                      : Custom SQL executed
2022-02-03 09:12:13.773  INFO 25760 --- [           main] liquibase.changelog                      : Custom SQL executed
2022-02-03 09:12:13.774  INFO 25760 --- [           main] liquibase.changelog                      : Custom SQL executed
2022-02-03 09:12:13.775  INFO 25760 --- [           main] liquibase.changelog                      : Custom SQL executed
2022-02-03 09:12:13.775  INFO 25760 --- [           main] liquibase.changelog                      : Custom SQL executed
2022-02-03 09:12:13.776  INFO 25760 --- [           main] liquibase.changelog                      : Custom SQL executed
2022-02-03 09:12:13.777  INFO 25760 --- [           main] liquibase.changelog                      : Custom SQL executed
2022-02-03 09:12:13.777  INFO 25760 --- [           main] liquibase.changelog                      : Custom SQL executed
2022-02-03 09:12:13.778  INFO 25760 --- [           main] liquibase.changelog                      : Custom SQL executed
2022-02-03 09:12:13.778  INFO 25760 --- [           main] liquibase.changelog                      : Custom SQL executed
2022-02-03 09:12:13.779  INFO 25760 --- [           main] liquibase.changelog                      : Custom SQL executed
2022-02-03 09:12:13.779  INFO 25760 --- [           main] liquibase.changelog                      : Custom SQL executed
2022-02-03 09:12:13.780  INFO 25760 --- [           main] liquibase.changelog                      : Custom SQL executed
2022-02-03 09:12:13.781  INFO 25760 --- [           main] liquibase.changelog                      : Custom SQL executed
2022-02-03 09:12:13.781  INFO 25760 --- [           main] liquibase.changelog                      : Custom SQL executed
2022-02-03 09:12:13.782  INFO 25760 --- [           main] liquibase.changelog                      : Custom SQL executed
2022-02-03 09:12:13.783  INFO 25760 --- [           main] liquibase.changelog                      : Custom SQL executed
2022-02-03 09:12:13.783  INFO 25760 --- [           main] liquibase.changelog                      : Custom SQL executed
2022-02-03 09:12:13.784  INFO 25760 --- [           main] liquibase.changelog                      : Custom SQL executed
2022-02-03 09:12:13.784  INFO 25760 --- [           main] liquibase.changelog                      : Custom SQL executed
2022-02-03 09:12:13.785  INFO 25760 --- [           main] liquibase.changelog                      : Custom SQL executed
2022-02-03 09:12:13.786  INFO 25760 --- [           main] liquibase.changelog                      : Custom SQL executed
2022-02-03 09:12:13.786  INFO 25760 --- [           main] liquibase.changelog                      : Custom SQL executed
2022-02-03 09:12:13.787  INFO 25760 --- [           main] liquibase.changelog                      : Custom SQL executed
2022-02-03 09:12:13.787  INFO 25760 --- [           main] liquibase.changelog                      : Custom SQL executed
2022-02-03 09:12:13.788  INFO 25760 --- [           main] liquibase.changelog                      : Custom SQL executed
2022-02-03 09:12:13.789  INFO 25760 --- [           main] liquibase.changelog                      : Custom SQL executed
2022-02-03 09:12:13.789  INFO 25760 --- [           main] liquibase.changelog                      : Custom SQL executed
2022-02-03 09:12:13.790  INFO 25760 --- [           main] liquibase.changelog                      : Custom SQL executed
2022-02-03 09:12:13.791  INFO 25760 --- [           main] liquibase.changelog                      : Custom SQL executed
2022-02-03 09:12:13.792  INFO 25760 --- [           main] liquibase.changelog                      : Custom SQL executed
2022-02-03 09:12:13.792  INFO 25760 --- [           main] liquibase.changelog                      : Custom SQL executed
2022-02-03 09:12:13.793  INFO 25760 --- [           main] liquibase.changelog                      : Custom SQL executed
2022-02-03 09:12:13.793  INFO 25760 --- [           main] liquibase.changelog                      : Custom SQL executed
2022-02-03 09:12:13.794  INFO 25760 --- [           main] liquibase.changelog                      : Custom SQL executed
2022-02-03 09:12:13.794  INFO 25760 --- [           main] liquibase.changelog                      : Custom SQL executed
2022-02-03 09:12:13.795  INFO 25760 --- [           main] liquibase.changelog                      : Custom SQL executed
2022-02-03 09:12:13.795  INFO 25760 --- [           main] liquibase.changelog                      : Custom SQL executed
2022-02-03 09:12:13.796  INFO 25760 --- [           main] liquibase.changelog                      : Custom SQL executed
2022-02-03 09:12:13.796  INFO 25760 --- [           main] liquibase.changelog                      : Custom SQL executed
2022-02-03 09:12:13.797  INFO 25760 --- [           main] liquibase.changelog                      : Custom SQL executed
2022-02-03 09:12:13.798  INFO 25760 --- [           main] liquibase.changelog                      : Custom SQL executed
2022-02-03 09:12:13.798  INFO 25760 --- [           main] liquibase.changelog                      : Custom SQL executed
2022-02-03 09:12:13.799  INFO 25760 --- [           main] liquibase.changelog                      : Custom SQL executed
2022-02-03 09:12:13.799  INFO 25760 --- [           main] liquibase.changelog                      : Custom SQL executed
2022-02-03 09:12:13.800  INFO 25760 --- [           main] liquibase.changelog                      : Custom SQL executed
2022-02-03 09:12:13.800  INFO 25760 --- [           main] liquibase.changelog                      : Custom SQL executed
2022-02-03 09:12:13.800  INFO 25760 --- [           main] liquibase.changelog                      : Custom SQL executed
2022-02-03 09:12:13.801  INFO 25760 --- [           main] liquibase.changelog                      : Custom SQL executed
2022-02-03 09:12:13.801  INFO 25760 --- [           main] liquibase.changelog                      : Custom SQL executed
2022-02-03 09:12:13.802  INFO 25760 --- [           main] liquibase.changelog                      : Custom SQL executed
2022-02-03 09:12:13.802  INFO 25760 --- [           main] liquibase.changelog                      : Custom SQL executed
2022-02-03 09:12:13.803  INFO 25760 --- [           main] liquibase.changelog                      : Custom SQL executed
2022-02-03 09:12:13.803  INFO 25760 --- [           main] liquibase.changelog                      : Custom SQL executed
2022-02-03 09:12:13.803  INFO 25760 --- [           main] liquibase.changelog                      : Custom SQL executed
2022-02-03 09:12:13.804  INFO 25760 --- [           main] liquibase.changelog                      : Custom SQL executed
2022-02-03 09:12:13.804  INFO 25760 --- [           main] liquibase.changelog                      : Custom SQL executed
2022-02-03 09:12:13.805  INFO 25760 --- [           main] liquibase.changelog                      : Custom SQL executed
2022-02-03 09:12:13.805  INFO 25760 --- [           main] liquibase.changelog                      : Custom SQL executed
2022-02-03 09:12:13.806  INFO 25760 --- [           main] liquibase.changelog                      : Custom SQL executed
2022-02-03 09:12:13.806  INFO 25760 --- [           main] liquibase.changelog                      : Custom SQL executed
2022-02-03 09:12:13.806  INFO 25760 --- [           main] liquibase.changelog                      : Custom SQL executed
2022-02-03 09:12:13.807  INFO 25760 --- [           main] liquibase.changelog                      : Custom SQL executed
2022-02-03 09:12:13.807  INFO 25760 --- [           main] liquibase.changelog                      : Custom SQL executed
2022-02-03 09:12:13.808  INFO 25760 --- [           main] liquibase.changelog                      : Custom SQL executed
2022-02-03 09:12:13.808  INFO 25760 --- [           main] liquibase.changelog                      : Custom SQL executed
2022-02-03 09:12:13.809  INFO 25760 --- [           main] liquibase.changelog                      : Custom SQL executed
2022-02-03 09:12:13.810  INFO 25760 --- [           main] liquibase.changelog                      : Custom SQL executed
2022-02-03 09:12:13.810  INFO 25760 --- [           main] liquibase.changelog                      : Custom SQL executed
2022-02-03 09:12:13.811  INFO 25760 --- [           main] liquibase.changelog                      : Custom SQL executed
2022-02-03 09:12:13.812  INFO 25760 --- [           main] liquibase.changelog                      : Custom SQL executed
2022-02-03 09:12:13.813  INFO 25760 --- [           main] liquibase.changelog                      : Custom SQL executed
2022-02-03 09:12:13.813  INFO 25760 --- [           main] liquibase.changelog                      : Custom SQL executed
2022-02-03 09:12:13.814  INFO 25760 --- [           main] liquibase.changelog                      : Custom SQL executed
2022-02-03 09:12:13.815  INFO 25760 --- [           main] liquibase.changelog                      : Custom SQL executed
2022-02-03 09:12:13.815  INFO 25760 --- [           main] liquibase.changelog                      : Custom SQL executed
2022-02-03 09:12:13.816  INFO 25760 --- [           main] liquibase.changelog                      : Custom SQL executed
2022-02-03 09:12:13.816  INFO 25760 --- [           main] liquibase.changelog                      : Custom SQL executed
2022-02-03 09:12:13.817  INFO 25760 --- [           main] liquibase.changelog                      : Custom SQL executed
2022-02-03 09:12:13.817  INFO 25760 --- [           main] liquibase.changelog                      : Custom SQL executed
2022-02-03 09:12:13.817  INFO 25760 --- [           main] liquibase.changelog                      : Custom SQL executed
2022-02-03 09:12:13.818  INFO 25760 --- [           main] liquibase.changelog                      : Custom SQL executed
2022-02-03 09:12:13.818  INFO 25760 --- [           main] liquibase.changelog                      : Custom SQL executed
2022-02-03 09:12:13.819  INFO 25760 --- [           main] liquibase.changelog                      : Custom SQL executed
2022-02-03 09:12:13.819  INFO 25760 --- [           main] liquibase.changelog                      : Custom SQL executed
2022-02-03 09:12:13.820  INFO 25760 --- [           main] liquibase.changelog                      : Custom SQL executed
2022-02-03 09:12:13.820  INFO 25760 --- [           main] liquibase.changelog                      : Custom SQL executed
2022-02-03 09:12:13.820  INFO 25760 --- [           main] liquibase.changelog                      : Custom SQL executed
2022-02-03 09:12:13.821  INFO 25760 --- [           main] liquibase.changelog                      : Custom SQL executed
2022-02-03 09:12:13.821  INFO 25760 --- [           main] liquibase.changelog                      : Custom SQL executed
2022-02-03 09:12:13.822  INFO 25760 --- [           main] liquibase.changelog                      : Custom SQL executed
2022-02-03 09:12:13.822  INFO 25760 --- [           main] liquibase.changelog                      : Custom SQL executed
2022-02-03 09:12:13.823  INFO 25760 --- [           main] liquibase.changelog                      : Custom SQL executed
2022-02-03 09:12:13.823  INFO 25760 --- [           main] liquibase.changelog                      : Custom SQL executed
2022-02-03 09:12:13.823  INFO 25760 --- [           main] liquibase.changelog                      : Custom SQL executed
2022-02-03 09:12:13.824  INFO 25760 --- [           main] liquibase.changelog                      : Custom SQL executed
2022-02-03 09:12:13.824  INFO 25760 --- [           main] liquibase.changelog                      : Custom SQL executed
2022-02-03 09:12:13.825  INFO 25760 --- [           main] liquibase.changelog                      : Custom SQL executed
2022-02-03 09:12:13.825  INFO 25760 --- [           main] liquibase.changelog                      : Custom SQL executed
2022-02-03 09:12:13.826  INFO 25760 --- [           main] liquibase.changelog                      : Custom SQL executed
2022-02-03 09:12:13.826  INFO 25760 --- [           main] liquibase.changelog                      : Custom SQL executed
2022-02-03 09:12:13.826  INFO 25760 --- [           main] liquibase.changelog                      : Custom SQL executed
2022-02-03 09:12:13.827  INFO 25760 --- [           main] liquibase.changelog                      : Custom SQL executed
2022-02-03 09:12:13.827  INFO 25760 --- [           main] liquibase.changelog                      : Custom SQL executed
2022-02-03 09:12:13.828  INFO 25760 --- [           main] liquibase.changelog                      : Custom SQL executed
2022-02-03 09:12:13.828  INFO 25760 --- [           main] liquibase.changelog                      : Custom SQL executed
2022-02-03 09:12:13.828  INFO 25760 --- [           main] liquibase.changelog                      : Custom SQL executed
2022-02-03 09:12:13.829  INFO 25760 --- [           main] liquibase.changelog                      : Custom SQL executed
2022-02-03 09:12:13.829  INFO 25760 --- [           main] liquibase.changelog                      : Custom SQL executed
2022-02-03 09:12:13.830  INFO 25760 --- [           main] liquibase.changelog                      : Custom SQL executed
2022-02-03 09:12:13.830  INFO 25760 --- [           main] liquibase.changelog                      : Custom SQL executed
2022-02-03 09:12:13.831  INFO 25760 --- [           main] liquibase.changelog                      : Custom SQL executed
2022-02-03 09:12:13.831  INFO 25760 --- [           main] liquibase.changelog                      : Custom SQL executed
2022-02-03 09:12:13.832  INFO 25760 --- [           main] liquibase.changelog                      : Custom SQL executed
2022-02-03 09:12:13.832  INFO 25760 --- [           main] liquibase.changelog                      : Custom SQL executed
2022-02-03 09:12:13.832  INFO 25760 --- [           main] liquibase.changelog                      : Custom SQL executed
2022-02-03 09:12:13.833  INFO 25760 --- [           main] liquibase.changelog                      : Custom SQL executed
2022-02-03 09:12:13.833  INFO 25760 --- [           main] liquibase.changelog                      : Custom SQL executed
2022-02-03 09:12:13.834  INFO 25760 --- [           main] liquibase.changelog                      : Custom SQL executed
2022-02-03 09:12:13.834  INFO 25760 --- [           main] liquibase.changelog                      : Custom SQL executed
2022-02-03 09:12:13.835  INFO 25760 --- [           main] liquibase.changelog                      : Custom SQL executed
2022-02-03 09:12:13.835  INFO 25760 --- [           main] liquibase.changelog                      : Custom SQL executed
2022-02-03 09:12:13.836  INFO 25760 --- [           main] liquibase.changelog                      : Custom SQL executed
2022-02-03 09:12:13.836  INFO 25760 --- [           main] liquibase.changelog                      : Custom SQL executed
2022-02-03 09:12:13.836  INFO 25760 --- [           main] liquibase.changelog                      : Custom SQL executed
2022-02-03 09:12:13.837  INFO 25760 --- [           main] liquibase.changelog                      : Custom SQL executed
2022-02-03 09:12:13.837  INFO 25760 --- [           main] liquibase.changelog                      : Custom SQL executed
2022-02-03 09:12:13.838  INFO 25760 --- [           main] liquibase.changelog                      : Custom SQL executed
2022-02-03 09:12:13.838  INFO 25760 --- [           main] liquibase.changelog                      : Custom SQL executed
2022-02-03 09:12:13.838  INFO 25760 --- [           main] liquibase.changelog                      : Custom SQL executed
2022-02-03 09:12:13.839  INFO 25760 --- [           main] liquibase.changelog                      : Custom SQL executed
2022-02-03 09:12:13.839  INFO 25760 --- [           main] liquibase.changelog                      : Custom SQL executed
2022-02-03 09:12:13.840  INFO 25760 --- [           main] liquibase.changelog                      : Custom SQL executed
2022-02-03 09:12:13.840  INFO 25760 --- [           main] liquibase.changelog                      : Custom SQL executed
2022-02-03 09:12:13.841  INFO 25760 --- [           main] liquibase.changelog                      : Custom SQL executed
2022-02-03 09:12:13.841  INFO 25760 --- [           main] liquibase.changelog                      : Custom SQL executed
2022-02-03 09:12:13.841  INFO 25760 --- [           main] liquibase.changelog                      : Custom SQL executed
2022-02-03 09:12:13.842  INFO 25760 --- [           main] liquibase.changelog                      : Custom SQL executed
2022-02-03 09:12:13.842  INFO 25760 --- [           main] liquibase.changelog                      : Custom SQL executed
2022-02-03 09:12:13.843  INFO 25760 --- [           main] liquibase.changelog                      : Custom SQL executed
2022-02-03 09:12:13.843  INFO 25760 --- [           main] liquibase.changelog                      : Custom SQL executed
2022-02-03 09:12:13.844  INFO 25760 --- [           main] liquibase.changelog                      : Custom SQL executed
2022-02-03 09:12:13.844  INFO 25760 --- [           main] liquibase.changelog                      : Custom SQL executed
2022-02-03 09:12:13.844  INFO 25760 --- [           main] liquibase.changelog                      : Custom SQL executed
2022-02-03 09:12:13.845  INFO 25760 --- [           main] liquibase.changelog                      : Custom SQL executed
2022-02-03 09:12:13.845  INFO 25760 --- [           main] liquibase.changelog                      : Custom SQL executed
2022-02-03 09:12:13.846  INFO 25760 --- [           main] liquibase.changelog                      : Custom SQL executed
2022-02-03 09:12:13.846  INFO 25760 --- [           main] liquibase.changelog                      : Custom SQL executed
2022-02-03 09:12:13.847  INFO 25760 --- [           main] liquibase.changelog                      : Custom SQL executed
2022-02-03 09:12:13.847  INFO 25760 --- [           main] liquibase.changelog                      : Custom SQL executed
2022-02-03 09:12:13.848  INFO 25760 --- [           main] liquibase.changelog                      : Custom SQL executed
2022-02-03 09:12:13.848  INFO 25760 --- [           main] liquibase.changelog                      : Custom SQL executed
2022-02-03 09:12:13.848  INFO 25760 --- [           main] liquibase.changelog                      : Custom SQL executed
2022-02-03 09:12:13.849  INFO 25760 --- [           main] liquibase.changelog                      : Custom SQL executed
2022-02-03 09:12:13.849  INFO 25760 --- [           main] liquibase.changelog                      : Custom SQL executed
2022-02-03 09:12:13.850  INFO 25760 --- [           main] liquibase.changelog                      : Custom SQL executed
2022-02-03 09:12:13.850  INFO 25760 --- [           main] liquibase.changelog                      : Custom SQL executed
2022-02-03 09:12:13.851  INFO 25760 --- [           main] liquibase.changelog                      : Custom SQL executed
2022-02-03 09:12:13.851  INFO 25760 --- [           main] liquibase.changelog                      : Custom SQL executed
2022-02-03 09:12:13.851  INFO 25760 --- [           main] liquibase.changelog                      : Custom SQL executed
2022-02-03 09:12:13.852  INFO 25760 --- [           main] liquibase.changelog                      : Custom SQL executed
2022-02-03 09:12:13.852  INFO 25760 --- [           main] liquibase.changelog                      : Custom SQL executed
2022-02-03 09:12:13.853  INFO 25760 --- [           main] liquibase.changelog                      : Custom SQL executed
2022-02-03 09:12:13.853  INFO 25760 --- [           main] liquibase.changelog                      : Custom SQL executed
2022-02-03 09:12:13.854  INFO 25760 --- [           main] liquibase.changelog                      : Custom SQL executed
2022-02-03 09:12:13.854  INFO 25760 --- [           main] liquibase.changelog                      : Custom SQL executed
2022-02-03 09:12:13.854  INFO 25760 --- [           main] liquibase.changelog                      : Custom SQL executed
2022-02-03 09:12:13.855  INFO 25760 --- [           main] liquibase.changelog                      : Custom SQL executed
2022-02-03 09:12:13.855  INFO 25760 --- [           main] liquibase.changelog                      : Custom SQL executed
2022-02-03 09:12:13.856  INFO 25760 --- [           main] liquibase.changelog                      : Custom SQL executed
2022-02-03 09:12:13.856  INFO 25760 --- [           main] liquibase.changelog                      : Custom SQL executed
2022-02-03 09:12:13.857  INFO 25760 --- [           main] liquibase.changelog                      : Custom SQL executed
2022-02-03 09:12:13.857  INFO 25760 --- [           main] liquibase.changelog                      : Custom SQL executed
2022-02-03 09:12:13.857  INFO 25760 --- [           main] liquibase.changelog                      : Custom SQL executed
2022-02-03 09:12:13.858  INFO 25760 --- [           main] liquibase.changelog                      : Custom SQL executed
2022-02-03 09:12:13.858  INFO 25760 --- [           main] liquibase.changelog                      : Custom SQL executed
2022-02-03 09:12:13.859  INFO 25760 --- [           main] liquibase.changelog                      : Custom SQL executed
2022-02-03 09:12:13.859  INFO 25760 --- [           main] liquibase.changelog                      : Custom SQL executed
2022-02-03 09:12:13.860  INFO 25760 --- [           main] liquibase.changelog                      : Custom SQL executed
2022-02-03 09:12:13.860  INFO 25760 --- [           main] liquibase.changelog                      : Custom SQL executed
2022-02-03 09:12:13.860  INFO 25760 --- [           main] liquibase.changelog                      : Custom SQL executed
2022-02-03 09:12:13.861  INFO 25760 --- [           main] liquibase.changelog                      : Custom SQL executed
2022-02-03 09:12:13.861  INFO 25760 --- [           main] liquibase.changelog                      : Custom SQL executed
2022-02-03 09:12:13.862  INFO 25760 --- [           main] liquibase.changelog                      : Custom SQL executed
2022-02-03 09:12:13.862  INFO 25760 --- [           main] liquibase.changelog                      : Custom SQL executed
2022-02-03 09:12:13.863  INFO 25760 --- [           main] liquibase.changelog                      : Custom SQL executed
2022-02-03 09:12:13.863  INFO 25760 --- [           main] liquibase.changelog                      : Custom SQL executed
2022-02-03 09:12:13.863  INFO 25760 --- [           main] liquibase.changelog                      : Custom SQL executed
2022-02-03 09:12:13.864  INFO 25760 --- [           main] liquibase.changelog                      : Custom SQL executed
2022-02-03 09:12:13.864  INFO 25760 --- [           main] liquibase.changelog                      : Custom SQL executed
2022-02-03 09:12:13.865  INFO 25760 --- [           main] liquibase.changelog                      : Custom SQL executed
2022-02-03 09:12:13.865  INFO 25760 --- [           main] liquibase.changelog                      : Custom SQL executed
2022-02-03 09:12:13.866  INFO 25760 --- [           main] liquibase.changelog                      : Custom SQL executed
2022-02-03 09:12:13.867  INFO 25760 --- [           main] liquibase.changelog                      : Custom SQL executed
2022-02-03 09:12:13.867  INFO 25760 --- [           main] liquibase.changelog                      : Custom SQL executed
2022-02-03 09:12:13.868  INFO 25760 --- [           main] liquibase.changelog                      : Custom SQL executed
2022-02-03 09:12:13.869  INFO 25760 --- [           main] liquibase.changelog                      : Custom SQL executed
2022-02-03 09:12:13.869  INFO 25760 --- [           main] liquibase.changelog                      : Custom SQL executed
2022-02-03 09:12:13.870  INFO 25760 --- [           main] liquibase.changelog                      : Custom SQL executed
2022-02-03 09:12:13.871  INFO 25760 --- [           main] liquibase.changelog                      : Custom SQL executed
2022-02-03 09:12:13.872  INFO 25760 --- [           main] liquibase.changelog                      : Custom SQL executed
2022-02-03 09:12:13.872  INFO 25760 --- [           main] liquibase.changelog                      : Custom SQL executed
2022-02-03 09:12:13.873  INFO 25760 --- [           main] liquibase.changelog                      : Custom SQL executed
2022-02-03 09:12:13.874  INFO 25760 --- [           main] liquibase.changelog                      : Custom SQL executed
2022-02-03 09:12:13.874  INFO 25760 --- [           main] liquibase.changelog                      : Custom SQL executed
2022-02-03 09:12:13.875  INFO 25760 --- [           main] liquibase.changelog                      : Custom SQL executed
2022-02-03 09:12:13.876  INFO 25760 --- [           main] liquibase.changelog                      : Custom SQL executed
2022-02-03 09:12:13.876  INFO 25760 --- [           main] liquibase.changelog                      : Custom SQL executed
2022-02-03 09:12:13.877  INFO 25760 --- [           main] liquibase.changelog                      : Custom SQL executed
2022-02-03 09:12:13.877  INFO 25760 --- [           main] liquibase.changelog                      : Custom SQL executed
2022-02-03 09:12:13.878  INFO 25760 --- [           main] liquibase.changelog                      : Custom SQL executed
2022-02-03 09:12:13.879  INFO 25760 --- [           main] liquibase.changelog                      : Custom SQL executed
2022-02-03 09:12:13.879  INFO 25760 --- [           main] liquibase.changelog                      : Custom SQL executed
2022-02-03 09:12:13.880  INFO 25760 --- [           main] liquibase.changelog                      : Custom SQL executed
2022-02-03 09:12:13.880  INFO 25760 --- [           main] liquibase.changelog                      : Custom SQL executed
2022-02-03 09:12:13.881  INFO 25760 --- [           main] liquibase.changelog                      : Custom SQL executed
2022-02-03 09:12:13.882  INFO 25760 --- [           main] liquibase.changelog                      : Custom SQL executed
2022-02-03 09:12:13.882  INFO 25760 --- [           main] liquibase.changelog                      : Custom SQL executed
2022-02-03 09:12:13.883  INFO 25760 --- [           main] liquibase.changelog                      : Custom SQL executed
2022-02-03 09:12:13.884  INFO 25760 --- [           main] liquibase.changelog                      : Custom SQL executed
2022-02-03 09:12:13.884  INFO 25760 --- [           main] liquibase.changelog                      : Custom SQL executed
2022-02-03 09:12:13.885  INFO 25760 --- [           main] liquibase.changelog                      : Custom SQL executed
2022-02-03 09:12:13.885  INFO 25760 --- [           main] liquibase.changelog                      : Custom SQL executed
2022-02-03 09:12:13.886  INFO 25760 --- [           main] liquibase.changelog                      : Custom SQL executed
2022-02-03 09:12:13.887  INFO 25760 --- [           main] liquibase.changelog                      : Custom SQL executed
2022-02-03 09:12:13.887  INFO 25760 --- [           main] liquibase.changelog                      : Custom SQL executed
2022-02-03 09:12:13.888  INFO 25760 --- [           main] liquibase.changelog                      : Custom SQL executed
2022-02-03 09:12:13.889  INFO 25760 --- [           main] liquibase.changelog                      : Custom SQL executed
2022-02-03 09:12:13.889  INFO 25760 --- [           main] liquibase.changelog                      : Custom SQL executed
2022-02-03 09:12:13.890  INFO 25760 --- [           main] liquibase.changelog                      : Custom SQL executed
2022-02-03 09:12:13.891  INFO 25760 --- [           main] liquibase.changelog                      : Custom SQL executed
2022-02-03 09:12:13.891  INFO 25760 --- [           main] liquibase.changelog                      : Custom SQL executed
2022-02-03 09:12:13.892  INFO 25760 --- [           main] liquibase.changelog                      : Custom SQL executed
2022-02-03 09:12:13.892  INFO 25760 --- [           main] liquibase.changelog                      : Custom SQL executed
2022-02-03 09:12:13.893  INFO 25760 --- [           main] liquibase.changelog                      : Custom SQL executed
2022-02-03 09:12:13.894  INFO 25760 --- [           main] liquibase.changelog                      : Custom SQL executed
2022-02-03 09:12:13.894  INFO 25760 --- [           main] liquibase.changelog                      : Custom SQL executed
2022-02-03 09:12:13.895  INFO 25760 --- [           main] liquibase.changelog                      : Custom SQL executed
2022-02-03 09:12:13.896  INFO 25760 --- [           main] liquibase.changelog                      : Custom SQL executed
2022-02-03 09:12:13.896  INFO 25760 --- [           main] liquibase.changelog                      : Custom SQL executed
2022-02-03 09:12:13.897  INFO 25760 --- [           main] liquibase.changelog                      : Custom SQL executed
2022-02-03 09:12:13.898  INFO 25760 --- [           main] liquibase.changelog                      : Custom SQL executed
2022-02-03 09:12:13.898  INFO 25760 --- [           main] liquibase.changelog                      : Custom SQL executed
2022-02-03 09:12:13.899  INFO 25760 --- [           main] liquibase.changelog                      : Custom SQL executed
2022-02-03 09:12:13.899  INFO 25760 --- [           main] liquibase.changelog                      : Custom SQL executed
2022-02-03 09:12:13.900  INFO 25760 --- [           main] liquibase.changelog                      : Custom SQL executed
2022-02-03 09:12:13.900  INFO 25760 --- [           main] liquibase.changelog                      : Custom SQL executed
2022-02-03 09:12:13.901  INFO 25760 --- [           main] liquibase.changelog                      : Custom SQL executed
2022-02-03 09:12:13.901  INFO 25760 --- [           main] liquibase.changelog                      : Custom SQL executed
2022-02-03 09:12:13.902  INFO 25760 --- [           main] liquibase.changelog                      : Custom SQL executed
2022-02-03 09:12:13.903  INFO 25760 --- [           main] liquibase.changelog                      : Custom SQL executed
2022-02-03 09:12:13.903  INFO 25760 --- [           main] liquibase.changelog                      : Custom SQL executed
2022-02-03 09:12:13.904  INFO 25760 --- [           main] liquibase.changelog                      : Custom SQL executed
2022-02-03 09:12:13.904  INFO 25760 --- [           main] liquibase.changelog                      : Custom SQL executed
2022-02-03 09:12:13.905  INFO 25760 --- [           main] liquibase.changelog                      : Custom SQL executed
2022-02-03 09:12:13.905  INFO 25760 --- [           main] liquibase.changelog                      : Custom SQL executed
2022-02-03 09:12:13.906  INFO 25760 --- [           main] liquibase.changelog                      : Custom SQL executed
2022-02-03 09:12:13.907  INFO 25760 --- [           main] liquibase.changelog                      : Custom SQL executed
2022-02-03 09:12:13.908  INFO 25760 --- [           main] liquibase.changelog                      : Custom SQL executed
2022-02-03 09:12:13.909  INFO 25760 --- [           main] liquibase.changelog                      : Custom SQL executed
2022-02-03 09:12:13.910  INFO 25760 --- [           main] liquibase.changelog                      : Custom SQL executed
2022-02-03 09:12:13.911  INFO 25760 --- [           main] liquibase.changelog                      : Custom SQL executed
2022-02-03 09:12:13.911  INFO 25760 --- [           main] liquibase.changelog                      : Custom SQL executed
2022-02-03 09:12:13.912  INFO 25760 --- [           main] liquibase.changelog                      : Custom SQL executed
2022-02-03 09:12:13.913  INFO 25760 --- [           main] liquibase.changelog                      : Custom SQL executed
2022-02-03 09:12:13.914  INFO 25760 --- [           main] liquibase.changelog                      : Custom SQL executed
2022-02-03 09:12:13.915  INFO 25760 --- [           main] liquibase.changelog                      : Custom SQL executed
2022-02-03 09:12:13.915  INFO 25760 --- [           main] liquibase.changelog                      : Custom SQL executed
2022-02-03 09:12:13.916  INFO 25760 --- [           main] liquibase.changelog                      : Custom SQL executed
2022-02-03 09:12:13.917  INFO 25760 --- [           main] liquibase.changelog                      : Custom SQL executed
2022-02-03 09:12:13.918  INFO 25760 --- [           main] liquibase.changelog                      : Custom SQL executed
2022-02-03 09:12:13.919  INFO 25760 --- [           main] liquibase.changelog                      : Custom SQL executed
2022-02-03 09:12:13.919  INFO 25760 --- [           main] liquibase.changelog                      : Custom SQL executed
2022-02-03 09:12:13.920  INFO 25760 --- [           main] liquibase.changelog                      : Custom SQL executed
2022-02-03 09:12:13.921  INFO 25760 --- [           main] liquibase.changelog                      : Custom SQL executed
2022-02-03 09:12:13.922  INFO 25760 --- [           main] liquibase.changelog                      : Custom SQL executed
2022-02-03 09:12:13.923  INFO 25760 --- [           main] liquibase.changelog                      : Custom SQL executed
2022-02-03 09:12:13.924  INFO 25760 --- [           main] liquibase.changelog                      : Custom SQL executed
2022-02-03 09:12:13.924  INFO 25760 --- [           main] liquibase.changelog                      : Custom SQL executed
2022-02-03 09:12:13.925  INFO 25760 --- [           main] liquibase.changelog                      : Custom SQL executed
2022-02-03 09:12:13.926  INFO 25760 --- [           main] liquibase.changelog                      : Custom SQL executed
2022-02-03 09:12:13.926  INFO 25760 --- [           main] liquibase.changelog                      : Custom SQL executed
2022-02-03 09:12:13.927  INFO 25760 --- [           main] liquibase.changelog                      : Custom SQL executed
2022-02-03 09:12:13.928  INFO 25760 --- [           main] liquibase.changelog                      : Custom SQL executed
2022-02-03 09:12:13.929  INFO 25760 --- [           main] liquibase.changelog                      : Custom SQL executed
2022-02-03 09:12:13.929  INFO 25760 --- [           main] liquibase.changelog                      : Custom SQL executed
2022-02-03 09:12:13.930  INFO 25760 --- [           main] liquibase.changelog                      : Custom SQL executed
2022-02-03 09:12:13.931  INFO 25760 --- [           main] liquibase.changelog                      : Custom SQL executed
2022-02-03 09:12:13.932  INFO 25760 --- [           main] liquibase.changelog                      : Custom SQL executed
2022-02-03 09:12:13.932  INFO 25760 --- [           main] liquibase.changelog                      : Custom SQL executed
2022-02-03 09:12:13.933  INFO 25760 --- [           main] liquibase.changelog                      : Custom SQL executed
2022-02-03 09:12:13.934  INFO 25760 --- [           main] liquibase.changelog                      : Custom SQL executed
2022-02-03 09:12:13.935  INFO 25760 --- [           main] liquibase.changelog                      : Custom SQL executed
2022-02-03 09:12:13.935  INFO 25760 --- [           main] liquibase.changelog                      : Custom SQL executed
2022-02-03 09:12:13.936  INFO 25760 --- [           main] liquibase.changelog                      : Custom SQL executed
2022-02-03 09:12:13.937  INFO 25760 --- [           main] liquibase.changelog                      : Custom SQL executed
2022-02-03 09:12:13.938  INFO 25760 --- [           main] liquibase.changelog                      : Custom SQL executed
2022-02-03 09:12:13.939  INFO 25760 --- [           main] liquibase.changelog                      : Custom SQL executed
2022-02-03 09:12:13.939  INFO 25760 --- [           main] liquibase.changelog                      : Custom SQL executed
2022-02-03 09:12:13.940  INFO 25760 --- [           main] liquibase.changelog                      : Custom SQL executed
2022-02-03 09:12:13.941  INFO 25760 --- [           main] liquibase.changelog                      : Custom SQL executed
2022-02-03 09:12:13.941  INFO 25760 --- [           main] liquibase.changelog                      : Custom SQL executed
2022-02-03 09:12:13.942  INFO 25760 --- [           main] liquibase.changelog                      : Custom SQL executed
2022-02-03 09:12:13.943  INFO 25760 --- [           main] liquibase.changelog                      : Custom SQL executed
2022-02-03 09:12:13.943  INFO 25760 --- [           main] liquibase.changelog                      : Custom SQL executed
2022-02-03 09:12:13.944  INFO 25760 --- [           main] liquibase.changelog                      : Custom SQL executed
2022-02-03 09:12:13.945  INFO 25760 --- [           main] liquibase.changelog                      : Custom SQL executed
2022-02-03 09:12:13.945  INFO 25760 --- [           main] liquibase.changelog                      : Custom SQL executed
2022-02-03 09:12:13.946  INFO 25760 --- [           main] liquibase.changelog                      : Custom SQL executed
2022-02-03 09:12:13.947  INFO 25760 --- [           main] liquibase.changelog                      : Custom SQL executed
2022-02-03 09:12:13.947  INFO 25760 --- [           main] liquibase.changelog                      : Custom SQL executed
2022-02-03 09:12:13.948  INFO 25760 --- [           main] liquibase.changelog                      : Custom SQL executed
2022-02-03 09:12:13.949  INFO 25760 --- [           main] liquibase.changelog                      : Custom SQL executed
2022-02-03 09:12:13.949  INFO 25760 --- [           main] liquibase.changelog                      : Custom SQL executed
2022-02-03 09:12:13.950  INFO 25760 --- [           main] liquibase.changelog                      : Custom SQL executed
2022-02-03 09:12:13.951  INFO 25760 --- [           main] liquibase.changelog                      : Custom SQL executed
2022-02-03 09:12:13.951  INFO 25760 --- [           main] liquibase.changelog                      : Custom SQL executed
2022-02-03 09:12:13.952  INFO 25760 --- [           main] liquibase.changelog                      : Custom SQL executed
2022-02-03 09:12:13.953  INFO 25760 --- [           main] liquibase.changelog                      : Custom SQL executed
2022-02-03 09:12:13.954  INFO 25760 --- [           main] liquibase.changelog                      : Custom SQL executed
2022-02-03 09:12:13.954  INFO 25760 --- [           main] liquibase.changelog                      : Custom SQL executed
2022-02-03 09:12:13.955  INFO 25760 --- [           main] liquibase.changelog                      : Custom SQL executed
2022-02-03 09:12:13.956  INFO 25760 --- [           main] liquibase.changelog                      : Custom SQL executed
2022-02-03 09:12:13.957  INFO 25760 --- [           main] liquibase.changelog                      : Custom SQL executed
2022-02-03 09:12:13.957  INFO 25760 --- [           main] liquibase.changelog                      : Custom SQL executed
2022-02-03 09:12:13.958  INFO 25760 --- [           main] liquibase.changelog                      : Custom SQL executed
2022-02-03 09:12:13.959  INFO 25760 --- [           main] liquibase.changelog                      : Custom SQL executed
2022-02-03 09:12:13.959  INFO 25760 --- [           main] liquibase.changelog                      : Custom SQL executed
2022-02-03 09:12:13.960  INFO 25760 --- [           main] liquibase.changelog                      : Custom SQL executed
2022-02-03 09:12:13.960  INFO 25760 --- [           main] liquibase.changelog                      : Custom SQL executed
2022-02-03 09:12:13.961  INFO 25760 --- [           main] liquibase.changelog                      : Custom SQL executed
2022-02-03 09:12:13.962  INFO 25760 --- [           main] liquibase.changelog                      : Custom SQL executed
2022-02-03 09:12:13.962  INFO 25760 --- [           main] liquibase.changelog                      : Custom SQL executed
2022-02-03 09:12:13.963  INFO 25760 --- [           main] liquibase.changelog                      : Custom SQL executed
2022-02-03 09:12:13.964  INFO 25760 --- [           main] liquibase.changelog                      : Custom SQL executed
2022-02-03 09:12:13.964  INFO 25760 --- [           main] liquibase.changelog                      : Custom SQL executed
2022-02-03 09:12:13.965  INFO 25760 --- [           main] liquibase.changelog                      : Custom SQL executed
2022-02-03 09:12:13.966  INFO 25760 --- [           main] liquibase.changelog                      : Custom SQL executed
2022-02-03 09:12:13.966  INFO 25760 --- [           main] liquibase.changelog                      : Custom SQL executed
2022-02-03 09:12:13.967  INFO 25760 --- [           main] liquibase.changelog                      : Custom SQL executed
2022-02-03 09:12:13.968  INFO 25760 --- [           main] liquibase.changelog                      : Custom SQL executed
2022-02-03 09:12:13.968  INFO 25760 --- [           main] liquibase.changelog                      : Custom SQL executed
2022-02-03 09:12:13.969  INFO 25760 --- [           main] liquibase.changelog                      : Custom SQL executed
2022-02-03 09:12:13.970  INFO 25760 --- [           main] liquibase.changelog                      : Custom SQL executed
2022-02-03 09:12:13.970  INFO 25760 --- [           main] liquibase.changelog                      : Custom SQL executed
2022-02-03 09:12:13.971  INFO 25760 --- [           main] liquibase.changelog                      : Custom SQL executed
2022-02-03 09:12:13.972  INFO 25760 --- [           main] liquibase.changelog                      : Custom SQL executed
2022-02-03 09:12:13.972  INFO 25760 --- [           main] liquibase.changelog                      : Custom SQL executed
2022-02-03 09:12:13.973  INFO 25760 --- [           main] liquibase.changelog                      : Custom SQL executed
2022-02-03 09:12:13.974  INFO 25760 --- [           main] liquibase.changelog                      : Custom SQL executed
2022-02-03 09:12:13.974  INFO 25760 --- [           main] liquibase.changelog                      : Custom SQL executed
2022-02-03 09:12:13.975  INFO 25760 --- [           main] liquibase.changelog                      : Custom SQL executed
2022-02-03 09:12:13.975  INFO 25760 --- [           main] liquibase.changelog                      : Custom SQL executed
2022-02-03 09:12:13.976  INFO 25760 --- [           main] liquibase.changelog                      : Custom SQL executed
2022-02-03 09:12:13.977  INFO 25760 --- [           main] liquibase.changelog                      : Custom SQL executed
2022-02-03 09:12:13.978  INFO 25760 --- [           main] liquibase.changelog                      : Custom SQL executed
2022-02-03 09:12:13.978  INFO 25760 --- [           main] liquibase.changelog                      : Custom SQL executed
2022-02-03 09:12:13.979  INFO 25760 --- [           main] liquibase.changelog                      : Custom SQL executed
2022-02-03 09:12:13.979  INFO 25760 --- [           main] liquibase.changelog                      : Custom SQL executed
2022-02-03 09:12:13.980  INFO 25760 --- [           main] liquibase.changelog                      : Custom SQL executed
2022-02-03 09:12:13.981  INFO 25760 --- [           main] liquibase.changelog                      : Custom SQL executed
2022-02-03 09:12:13.981  INFO 25760 --- [           main] liquibase.changelog                      : Custom SQL executed
2022-02-03 09:12:13.982  INFO 25760 --- [           main] liquibase.changelog                      : Custom SQL executed
2022-02-03 09:12:13.983  INFO 25760 --- [           main] liquibase.changelog                      : Custom SQL executed
2022-02-03 09:12:13.983  INFO 25760 --- [           main] liquibase.changelog                      : Custom SQL executed
2022-02-03 09:12:13.984  INFO 25760 --- [           main] liquibase.changelog                      : Custom SQL executed
2022-02-03 09:12:13.985  INFO 25760 --- [           main] liquibase.changelog                      : Custom SQL executed
2022-02-03 09:12:13.985  INFO 25760 --- [           main] liquibase.changelog                      : Custom SQL executed
2022-02-03 09:12:13.986  INFO 25760 --- [           main] liquibase.changelog                      : Custom SQL executed
2022-02-03 09:12:13.986  INFO 25760 --- [           main] liquibase.changelog                      : Custom SQL executed
2022-02-03 09:12:13.987  INFO 25760 --- [           main] liquibase.changelog                      : Custom SQL executed
2022-02-03 09:12:13.988  INFO 25760 --- [           main] liquibase.changelog                      : Custom SQL executed
2022-02-03 09:12:13.989  INFO 25760 --- [           main] liquibase.changelog                      : Custom SQL executed
2022-02-03 09:12:13.989  INFO 25760 --- [           main] liquibase.changelog                      : Custom SQL executed
2022-02-03 09:12:13.990  INFO 25760 --- [           main] liquibase.changelog                      : Custom SQL executed
2022-02-03 09:12:13.990  INFO 25760 --- [           main] liquibase.changelog                      : Custom SQL executed
2022-02-03 09:12:13.991  INFO 25760 --- [           main] liquibase.changelog                      : Custom SQL executed
2022-02-03 09:12:13.992  INFO 25760 --- [           main] liquibase.changelog                      : Custom SQL executed
2022-02-03 09:12:13.992  INFO 25760 --- [           main] liquibase.changelog                      : Custom SQL executed
2022-02-03 09:12:13.993  INFO 25760 --- [           main] liquibase.changelog                      : Custom SQL executed
2022-02-03 09:12:13.994  INFO 25760 --- [           main] liquibase.changelog                      : Custom SQL executed
2022-02-03 09:12:13.994  INFO 25760 --- [           main] liquibase.changelog                      : Custom SQL executed
2022-02-03 09:12:13.995  INFO 25760 --- [           main] liquibase.changelog                      : Custom SQL executed
2022-02-03 09:12:13.996  INFO 25760 --- [           main] liquibase.changelog                      : Custom SQL executed
2022-02-03 09:12:13.996  INFO 25760 --- [           main] liquibase.changelog                      : Custom SQL executed
2022-02-03 09:12:13.997  INFO 25760 --- [           main] liquibase.changelog                      : Custom SQL executed
2022-02-03 09:12:13.998  INFO 25760 --- [           main] liquibase.changelog                      : Custom SQL executed
2022-02-03 09:12:13.998  INFO 25760 --- [           main] liquibase.changelog                      : Custom SQL executed
2022-02-03 09:12:13.999  INFO 25760 --- [           main] liquibase.changelog                      : Custom SQL executed
2022-02-03 09:12:14.000  INFO 25760 --- [           main] liquibase.changelog                      : Custom SQL executed
2022-02-03 09:12:14.000  INFO 25760 --- [           main] liquibase.changelog                      : Custom SQL executed
2022-02-03 09:12:14.001  INFO 25760 --- [           main] liquibase.changelog                      : Custom SQL executed
2022-02-03 09:12:14.001  INFO 25760 --- [           main] liquibase.changelog                      : Custom SQL executed
2022-02-03 09:12:14.002  INFO 25760 --- [           main] liquibase.changelog                      : Custom SQL executed
2022-02-03 09:12:14.003  INFO 25760 --- [           main] liquibase.changelog                      : Custom SQL executed
2022-02-03 09:12:14.004  INFO 25760 --- [           main] liquibase.changelog                      : Custom SQL executed
2022-02-03 09:12:14.004  INFO 25760 --- [           main] liquibase.changelog                      : Custom SQL executed
2022-02-03 09:12:14.005  INFO 25760 --- [           main] liquibase.changelog                      : Custom SQL executed
2022-02-03 09:12:14.005  INFO 25760 --- [           main] liquibase.changelog                      : Custom SQL executed
2022-02-03 09:12:14.006  INFO 25760 --- [           main] liquibase.changelog                      : Custom SQL executed
2022-02-03 09:12:14.007  INFO 25760 --- [           main] liquibase.changelog                      : Custom SQL executed
2022-02-03 09:12:14.007  INFO 25760 --- [           main] liquibase.changelog                      : Custom SQL executed
2022-02-03 09:12:14.008  INFO 25760 --- [           main] liquibase.changelog                      : Custom SQL executed
2022-02-03 09:12:14.009  INFO 25760 --- [           main] liquibase.changelog                      : Custom SQL executed
2022-02-03 09:12:14.009  INFO 25760 --- [           main] liquibase.changelog                      : Custom SQL executed
2022-02-03 09:12:14.010  INFO 25760 --- [           main] liquibase.changelog                      : Custom SQL executed
2022-02-03 09:12:14.011  INFO 25760 --- [           main] liquibase.changelog                      : Custom SQL executed
2022-02-03 09:12:14.011  INFO 25760 --- [           main] liquibase.changelog                      : Custom SQL executed
2022-02-03 09:12:14.012  INFO 25760 --- [           main] liquibase.changelog                      : Custom SQL executed
2022-02-03 09:12:14.013  INFO 25760 --- [           main] liquibase.changelog                      : Custom SQL executed
2022-02-03 09:12:14.013  INFO 25760 --- [           main] liquibase.changelog                      : Custom SQL executed
2022-02-03 09:12:14.014  INFO 25760 --- [           main] liquibase.changelog                      : Custom SQL executed
2022-02-03 09:12:14.014  INFO 25760 --- [           main] liquibase.changelog                      : Custom SQL executed
2022-02-03 09:12:14.015  INFO 25760 --- [           main] liquibase.changelog                      : Custom SQL executed
2022-02-03 09:12:14.015  INFO 25760 --- [           main] liquibase.changelog                      : Custom SQL executed
2022-02-03 09:12:14.016  INFO 25760 --- [           main] liquibase.changelog                      : Custom SQL executed
2022-02-03 09:12:14.016  INFO 25760 --- [           main] liquibase.changelog                      : Custom SQL executed
2022-02-03 09:12:14.016  INFO 25760 --- [           main] liquibase.changelog                      : Custom SQL executed
2022-02-03 09:12:14.017  INFO 25760 --- [           main] liquibase.changelog                      : Custom SQL executed
2022-02-03 09:12:14.017  INFO 25760 --- [           main] liquibase.changelog                      : Custom SQL executed
2022-02-03 09:12:14.018  INFO 25760 --- [           main] liquibase.changelog                      : Custom SQL executed
2022-02-03 09:12:14.018  INFO 25760 --- [           main] liquibase.changelog                      : Custom SQL executed
2022-02-03 09:12:14.018  INFO 25760 --- [           main] liquibase.changelog                      : Custom SQL executed
2022-02-03 09:12:14.019  INFO 25760 --- [           main] liquibase.changelog                      : Custom SQL executed
2022-02-03 09:12:14.019  INFO 25760 --- [           main] liquibase.changelog                      : Custom SQL executed
2022-02-03 09:12:14.020  INFO 25760 --- [           main] liquibase.changelog                      : Custom SQL executed
2022-02-03 09:12:14.020  INFO 25760 --- [           main] liquibase.changelog                      : Custom SQL executed
2022-02-03 09:12:14.020  INFO 25760 --- [           main] liquibase.changelog                      : Custom SQL executed
2022-02-03 09:12:14.021  INFO 25760 --- [           main] liquibase.changelog                      : Custom SQL executed
2022-02-03 09:12:14.021  INFO 25760 --- [           main] liquibase.changelog                      : Custom SQL executed
2022-02-03 09:12:14.022  INFO 25760 --- [           main] liquibase.changelog                      : Custom SQL executed
2022-02-03 09:12:14.023  INFO 25760 --- [           main] liquibase.changelog                      : Custom SQL executed
2022-02-03 09:12:14.023  INFO 25760 --- [           main] liquibase.changelog                      : Custom SQL executed
2022-02-03 09:12:14.024  INFO 25760 --- [           main] liquibase.changelog                      : Custom SQL executed
2022-02-03 09:12:14.025  INFO 25760 --- [           main] liquibase.changelog                      : Custom SQL executed
2022-02-03 09:12:14.025  INFO 25760 --- [           main] liquibase.changelog                      : Custom SQL executed
2022-02-03 09:12:14.026  INFO 25760 --- [           main] liquibase.changelog                      : Custom SQL executed
2022-02-03 09:12:14.026  INFO 25760 --- [           main] liquibase.changelog                      : Custom SQL executed
2022-02-03 09:12:14.027  INFO 25760 --- [           main] liquibase.changelog                      : Custom SQL executed
2022-02-03 09:12:14.028  INFO 25760 --- [           main] liquibase.changelog                      : Custom SQL executed
2022-02-03 09:12:14.028  INFO 25760 --- [           main] liquibase.changelog                      : Custom SQL executed
2022-02-03 09:12:14.029  INFO 25760 --- [           main] liquibase.changelog                      : Custom SQL executed
2022-02-03 09:12:14.030  INFO 25760 --- [           main] liquibase.changelog                      : Custom SQL executed
2022-02-03 09:12:14.030  INFO 25760 --- [           main] liquibase.changelog                      : Custom SQL executed
2022-02-03 09:12:14.031  INFO 25760 --- [           main] liquibase.changelog                      : Custom SQL executed
2022-02-03 09:12:14.032  INFO 25760 --- [           main] liquibase.changelog                      : Custom SQL executed
2022-02-03 09:12:14.032  INFO 25760 --- [           main] liquibase.changelog                      : Custom SQL executed
2022-02-03 09:12:14.033  INFO 25760 --- [           main] liquibase.changelog                      : Custom SQL executed
2022-02-03 09:12:14.034  INFO 25760 --- [           main] liquibase.changelog                      : Custom SQL executed
2022-02-03 09:12:14.034  INFO 25760 --- [           main] liquibase.changelog                      : Custom SQL executed
2022-02-03 09:12:14.035  INFO 25760 --- [           main] liquibase.changelog                      : Custom SQL executed
2022-02-03 09:12:14.035  INFO 25760 --- [           main] liquibase.changelog                      : Custom SQL executed
2022-02-03 09:12:14.036  INFO 25760 --- [           main] liquibase.changelog                      : Custom SQL executed
2022-02-03 09:12:14.036  INFO 25760 --- [           main] liquibase.changelog                      : Custom SQL executed
2022-02-03 09:12:14.037  INFO 25760 --- [           main] liquibase.changelog                      : Custom SQL executed
2022-02-03 09:12:14.037  INFO 25760 --- [           main] liquibase.changelog                      : Custom SQL executed
2022-02-03 09:12:14.038  INFO 25760 --- [           main] liquibase.changelog                      : Custom SQL executed
2022-02-03 09:12:14.038  INFO 25760 --- [           main] liquibase.changelog                      : Custom SQL executed
2022-02-03 09:12:14.038  INFO 25760 --- [           main] liquibase.changelog                      : Custom SQL executed
2022-02-03 09:12:14.039  INFO 25760 --- [           main] liquibase.changelog                      : Custom SQL executed
2022-02-03 09:12:14.039  INFO 25760 --- [           main] liquibase.changelog                      : Custom SQL executed
2022-02-03 09:12:14.040  INFO 25760 --- [           main] liquibase.changelog                      : Custom SQL executed
2022-02-03 09:12:14.040  INFO 25760 --- [           main] liquibase.changelog                      : Custom SQL executed
2022-02-03 09:12:14.040  INFO 25760 --- [           main] liquibase.changelog                      : Custom SQL executed
2022-02-03 09:12:14.041  INFO 25760 --- [           main] liquibase.changelog                      : Custom SQL executed
2022-02-03 09:12:14.041  INFO 25760 --- [           main] liquibase.changelog                      : Custom SQL executed
2022-02-03 09:12:14.042  INFO 25760 --- [           main] liquibase.changelog                      : Custom SQL executed
2022-02-03 09:12:14.042  INFO 25760 --- [           main] liquibase.changelog                      : Custom SQL executed
2022-02-03 09:12:14.043  INFO 25760 --- [           main] liquibase.changelog                      : Custom SQL executed
2022-02-03 09:12:14.044  INFO 25760 --- [           main] liquibase.changelog                      : Custom SQL executed
2022-02-03 09:12:14.045  INFO 25760 --- [           main] liquibase.changelog                      : Custom SQL executed
2022-02-03 09:12:14.045  INFO 25760 --- [           main] liquibase.changelog                      : Custom SQL executed
2022-02-03 09:12:14.046  INFO 25760 --- [           main] liquibase.changelog                      : Custom SQL executed
2022-02-03 09:12:14.047  INFO 25760 --- [           main] liquibase.changelog                      : Custom SQL executed
2022-02-03 09:12:14.047  INFO 25760 --- [           main] liquibase.changelog                      : Custom SQL executed
2022-02-03 09:12:14.048  INFO 25760 --- [           main] liquibase.changelog                      : Custom SQL executed
2022-02-03 09:12:14.048  INFO 25760 --- [           main] liquibase.changelog                      : Custom SQL executed
2022-02-03 09:12:14.049  INFO 25760 --- [           main] liquibase.changelog                      : Custom SQL executed
2022-02-03 09:12:14.050  INFO 25760 --- [           main] liquibase.changelog                      : Custom SQL executed
2022-02-03 09:12:14.051  INFO 25760 --- [           main] liquibase.changelog                      : Custom SQL executed
2022-02-03 09:12:14.051  INFO 25760 --- [           main] liquibase.changelog                      : Custom SQL executed
2022-02-03 09:12:14.052  INFO 25760 --- [           main] liquibase.changelog                      : Custom SQL executed
2022-02-03 09:12:14.052  INFO 25760 --- [           main] liquibase.changelog                      : Custom SQL executed
2022-02-03 09:12:14.053  INFO 25760 --- [           main] liquibase.changelog                      : Custom SQL executed
2022-02-03 09:12:14.054  INFO 25760 --- [           main] liquibase.changelog                      : Custom SQL executed
2022-02-03 09:12:14.055  INFO 25760 --- [           main] liquibase.changelog                      : Custom SQL executed
2022-02-03 09:12:14.055  INFO 25760 --- [           main] liquibase.changelog                      : Custom SQL executed
2022-02-03 09:12:14.056  INFO 25760 --- [           main] liquibase.changelog                      : Custom SQL executed
2022-02-03 09:12:14.057  INFO 25760 --- [           main] liquibase.changelog                      : Custom SQL executed
2022-02-03 09:12:14.057  INFO 25760 --- [           main] liquibase.changelog                      : Custom SQL executed
2022-02-03 09:12:14.058  INFO 25760 --- [           main] liquibase.changelog                      : Custom SQL executed
2022-02-03 09:12:14.059  INFO 25760 --- [           main] liquibase.changelog                      : Custom SQL executed
2022-02-03 09:12:14.060  INFO 25760 --- [           main] liquibase.changelog                      : Custom SQL executed
2022-02-03 09:12:14.060  INFO 25760 --- [           main] liquibase.changelog                      : Custom SQL executed
2022-02-03 09:12:14.061  INFO 25760 --- [           main] liquibase.changelog                      : Custom SQL executed
2022-02-03 09:12:14.061  INFO 25760 --- [           main] liquibase.changelog                      : Custom SQL executed
2022-02-03 09:12:14.062  INFO 25760 --- [           main] liquibase.changelog                      : Custom SQL executed
2022-02-03 09:12:14.063  INFO 25760 --- [           main] liquibase.changelog                      : Custom SQL executed
2022-02-03 09:12:14.063  INFO 25760 --- [           main] liquibase.changelog                      : Custom SQL executed
2022-02-03 09:12:14.064  INFO 25760 --- [           main] liquibase.changelog                      : Custom SQL executed
2022-02-03 09:12:14.065  INFO 25760 --- [           main] liquibase.changelog                      : Custom SQL executed
2022-02-03 09:12:14.065  INFO 25760 --- [           main] liquibase.changelog                      : Custom SQL executed
2022-02-03 09:12:14.066  INFO 25760 --- [           main] liquibase.changelog                      : Custom SQL executed
2022-02-03 09:12:14.067  INFO 25760 --- [           main] liquibase.changelog                      : Custom SQL executed
2022-02-03 09:12:14.067  INFO 25760 --- [           main] liquibase.changelog                      : Custom SQL executed
2022-02-03 09:12:14.068  INFO 25760 --- [           main] liquibase.changelog                      : Custom SQL executed
2022-02-03 09:12:14.069  INFO 25760 --- [           main] liquibase.changelog                      : Custom SQL executed
2022-02-03 09:12:14.069  INFO 25760 --- [           main] liquibase.changelog                      : Custom SQL executed
2022-02-03 09:12:14.070  INFO 25760 --- [           main] liquibase.changelog                      : Custom SQL executed
2022-02-03 09:12:14.071  INFO 25760 --- [           main] liquibase.changelog                      : Custom SQL executed
2022-02-03 09:12:14.071  INFO 25760 --- [           main] liquibase.changelog                      : Custom SQL executed
2022-02-03 09:12:14.072  INFO 25760 --- [           main] liquibase.changelog                      : Custom SQL executed
2022-02-03 09:12:14.073  INFO 25760 --- [           main] liquibase.changelog                      : Custom SQL executed
2022-02-03 09:12:14.073  INFO 25760 --- [           main] liquibase.changelog                      : Custom SQL executed
2022-02-03 09:12:14.074  INFO 25760 --- [           main] liquibase.changelog                      : Custom SQL executed
2022-02-03 09:12:14.075  INFO 25760 --- [           main] liquibase.changelog                      : Custom SQL executed
2022-02-03 09:12:14.076  INFO 25760 --- [           main] liquibase.changelog                      : Custom SQL executed
2022-02-03 09:12:14.076  INFO 25760 --- [           main] liquibase.changelog                      : Custom SQL executed
2022-02-03 09:12:14.077  INFO 25760 --- [           main] liquibase.changelog                      : Custom SQL executed
2022-02-03 09:12:14.077  INFO 25760 --- [           main] liquibase.changelog                      : Custom SQL executed
2022-02-03 09:12:14.078  INFO 25760 --- [           main] liquibase.changelog                      : Custom SQL executed
2022-02-03 09:12:14.079  INFO 25760 --- [           main] liquibase.changelog                      : Custom SQL executed
2022-02-03 09:12:14.079  INFO 25760 --- [           main] liquibase.changelog                      : Custom SQL executed
2022-02-03 09:12:14.080  INFO 25760 --- [           main] liquibase.changelog                      : Custom SQL executed
2022-02-03 09:12:14.081  INFO 25760 --- [           main] liquibase.changelog                      : Custom SQL executed
2022-02-03 09:12:14.082  INFO 25760 --- [           main] liquibase.changelog                      : Custom SQL executed
2022-02-03 09:12:14.083  INFO 25760 --- [           main] liquibase.changelog                      : Custom SQL executed
2022-02-03 09:12:14.084  INFO 25760 --- [           main] liquibase.changelog                      : Custom SQL executed
2022-02-03 09:12:14.084  INFO 25760 --- [           main] liquibase.changelog                      : Custom SQL executed
2022-02-03 09:12:14.085  INFO 25760 --- [           main] liquibase.changelog                      : Custom SQL executed
2022-02-03 09:12:14.086  INFO 25760 --- [           main] liquibase.changelog                      : Custom SQL executed
2022-02-03 09:12:14.087  INFO 25760 --- [           main] liquibase.changelog                      : Custom SQL executed
2022-02-03 09:12:14.087  INFO 25760 --- [           main] liquibase.changelog                      : Custom SQL executed
2022-02-03 09:12:14.088  INFO 25760 --- [           main] liquibase.changelog                      : Custom SQL executed
2022-02-03 09:12:14.089  INFO 25760 --- [           main] liquibase.changelog                      : Custom SQL executed
2022-02-03 09:12:14.089  INFO 25760 --- [           main] liquibase.changelog                      : Custom SQL executed
2022-02-03 09:12:14.090  INFO 25760 --- [           main] liquibase.changelog                      : Custom SQL executed
2022-02-03 09:12:14.091  INFO 25760 --- [           main] liquibase.changelog                      : Custom SQL executed
2022-02-03 09:12:14.091  INFO 25760 --- [           main] liquibase.changelog                      : Custom SQL executed
2022-02-03 09:12:14.092  INFO 25760 --- [           main] liquibase.changelog                      : Custom SQL executed
2022-02-03 09:12:14.093  INFO 25760 --- [           main] liquibase.changelog                      : Custom SQL executed
2022-02-03 09:12:14.093  INFO 25760 --- [           main] liquibase.changelog                      : Custom SQL executed
2022-02-03 09:12:14.094  INFO 25760 --- [           main] liquibase.changelog                      : Custom SQL executed
2022-02-03 09:12:14.095  INFO 25760 --- [           main] liquibase.changelog                      : Custom SQL executed
2022-02-03 09:12:14.095  INFO 25760 --- [           main] liquibase.changelog                      : Custom SQL executed
2022-02-03 09:12:14.096  INFO 25760 --- [           main] liquibase.changelog                      : Custom SQL executed
2022-02-03 09:12:14.097  INFO 25760 --- [           main] liquibase.changelog                      : Custom SQL executed
2022-02-03 09:12:14.097  INFO 25760 --- [           main] liquibase.changelog                      : Custom SQL executed
2022-02-03 09:12:14.098  INFO 25760 --- [           main] liquibase.changelog                      : Custom SQL executed
2022-02-03 09:12:14.099  INFO 25760 --- [           main] liquibase.changelog                      : Custom SQL executed
2022-02-03 09:12:14.099  INFO 25760 --- [           main] liquibase.changelog                      : Custom SQL executed
2022-02-03 09:12:14.100  INFO 25760 --- [           main] liquibase.changelog                      : Custom SQL executed
2022-02-03 09:12:14.101  INFO 25760 --- [           main] liquibase.changelog                      : Custom SQL executed
2022-02-03 09:12:14.104  INFO 25760 --- [           main] liquibase.changelog                      : Custom SQL executed
2022-02-03 09:12:14.104  INFO 25760 --- [           main] liquibase.changelog                      : Custom SQL executed
2022-02-03 09:12:14.105  INFO 25760 --- [           main] liquibase.changelog                      : Custom SQL executed
2022-02-03 09:12:14.106  INFO 25760 --- [           main] liquibase.changelog                      : Custom SQL executed
2022-02-03 09:12:14.107  INFO 25760 --- [           main] liquibase.changelog                      : Custom SQL executed
2022-02-03 09:12:14.107  INFO 25760 --- [           main] liquibase.changelog                      : Custom SQL executed
2022-02-03 09:12:14.108  INFO 25760 --- [           main] liquibase.changelog                      : Custom SQL executed
2022-02-03 09:12:14.109  INFO 25760 --- [           main] liquibase.changelog                      : Custom SQL executed
2022-02-03 09:12:14.109  INFO 25760 --- [           main] liquibase.changelog                      : Custom SQL executed
2022-02-03 09:12:14.110  INFO 25760 --- [           main] liquibase.changelog                      : Custom SQL executed
2022-02-03 09:12:14.111  INFO 25760 --- [           main] liquibase.changelog                      : Custom SQL executed
2022-02-03 09:12:14.112  INFO 25760 --- [           main] liquibase.changelog                      : Custom SQL executed
2022-02-03 09:12:14.113  INFO 25760 --- [           main] liquibase.changelog                      : Custom SQL executed
2022-02-03 09:12:14.114  INFO 25760 --- [           main] liquibase.changelog                      : Custom SQL executed
2022-02-03 09:12:14.114  INFO 25760 --- [           main] liquibase.changelog                      : Custom SQL executed
2022-02-03 09:12:14.115  INFO 25760 --- [           main] liquibase.changelog                      : Custom SQL executed
2022-02-03 09:12:14.115  INFO 25760 --- [           main] liquibase.changelog                      : Custom SQL executed
2022-02-03 09:12:14.116  INFO 25760 --- [           main] liquibase.changelog                      : Custom SQL executed
2022-02-03 09:12:14.116  INFO 25760 --- [           main] liquibase.changelog                      : Custom SQL executed
2022-02-03 09:12:14.117  INFO 25760 --- [           main] liquibase.changelog                      : Custom SQL executed
2022-02-03 09:12:14.118  INFO 25760 --- [           main] liquibase.changelog                      : Custom SQL executed
2022-02-03 09:12:14.118  INFO 25760 --- [           main] liquibase.changelog                      : Custom SQL executed
2022-02-03 09:12:14.119  INFO 25760 --- [           main] liquibase.changelog                      : Custom SQL executed
2022-02-03 09:12:14.120  INFO 25760 --- [           main] liquibase.changelog                      : Custom SQL executed
2022-02-03 09:12:14.120  INFO 25760 --- [           main] liquibase.changelog                      : Custom SQL executed
2022-02-03 09:12:14.121  INFO 25760 --- [           main] liquibase.changelog                      : Custom SQL executed
2022-02-03 09:12:14.122  INFO 25760 --- [           main] liquibase.changelog                      : Custom SQL executed
2022-02-03 09:12:14.122  INFO 25760 --- [           main] liquibase.changelog                      : Custom SQL executed
2022-02-03 09:12:14.123  INFO 25760 --- [           main] liquibase.changelog                      : Custom SQL executed
2022-02-03 09:12:14.124  INFO 25760 --- [           main] liquibase.changelog                      : Custom SQL executed
2022-02-03 09:12:14.124  INFO 25760 --- [           main] liquibase.changelog                      : Custom SQL executed
2022-02-03 09:12:14.128  INFO 25760 --- [           main] liquibase.changelog                      : Custom SQL executed
2022-02-03 09:12:14.129  INFO 25760 --- [           main] liquibase.changelog                      : Custom SQL executed
2022-02-03 09:12:14.130  INFO 25760 --- [           main] liquibase.changelog                      : Custom SQL executed
2022-02-03 09:12:14.131  INFO 25760 --- [           main] liquibase.changelog                      : Custom SQL executed
2022-02-03 09:12:14.131  INFO 25760 --- [           main] liquibase.changelog                      : Custom SQL executed
2022-02-03 09:12:14.131  INFO 25760 --- [           main] liquibase.changelog                      : Custom SQL executed
2022-02-03 09:12:14.132  INFO 25760 --- [           main] liquibase.changelog                      : Custom SQL executed
2022-02-03 09:12:14.132  INFO 25760 --- [           main] liquibase.changelog                      : Custom SQL executed
2022-02-03 09:12:14.133  INFO 25760 --- [           main] liquibase.changelog                      : Custom SQL executed
2022-02-03 09:12:14.133  INFO 25760 --- [           main] liquibase.changelog                      : Custom SQL executed
2022-02-03 09:12:14.134  INFO 25760 --- [           main] liquibase.changelog                      : Custom SQL executed
2022-02-03 09:12:14.134  INFO 25760 --- [           main] liquibase.changelog                      : Custom SQL executed
2022-02-03 09:12:14.134  INFO 25760 --- [           main] liquibase.changelog                      : Custom SQL executed
2022-02-03 09:12:14.135  INFO 25760 --- [           main] liquibase.changelog                      : Custom SQL executed
2022-02-03 09:12:14.135  INFO 25760 --- [           main] liquibase.changelog                      : Custom SQL executed
2022-02-03 09:12:14.136  INFO 25760 --- [           main] liquibase.changelog                      : Custom SQL executed
2022-02-03 09:12:14.136  INFO 25760 --- [           main] liquibase.changelog                      : Custom SQL executed
2022-02-03 09:12:14.136  INFO 25760 --- [           main] liquibase.changelog                      : Custom SQL executed
2022-02-03 09:12:14.137  INFO 25760 --- [           main] liquibase.changelog                      : Custom SQL executed
2022-02-03 09:12:14.137  INFO 25760 --- [           main] liquibase.changelog                      : Custom SQL executed
2022-02-03 09:12:14.138  INFO 25760 --- [           main] liquibase.changelog                      : Custom SQL executed
2022-02-03 09:12:14.138  INFO 25760 --- [           main] liquibase.changelog                      : Custom SQL executed
2022-02-03 09:12:14.138  INFO 25760 --- [           main] liquibase.changelog                      : Custom SQL executed
2022-02-03 09:12:14.139  INFO 25760 --- [           main] liquibase.changelog                      : Custom SQL executed
2022-02-03 09:12:14.139  INFO 25760 --- [           main] liquibase.changelog                      : Custom SQL executed
2022-02-03 09:12:14.140  INFO 25760 --- [           main] liquibase.changelog                      : Custom SQL executed
2022-02-03 09:12:14.140  INFO 25760 --- [           main] liquibase.changelog                      : Custom SQL executed
2022-02-03 09:12:14.140  INFO 25760 --- [           main] liquibase.changelog                      : Custom SQL executed
2022-02-03 09:12:14.141  INFO 25760 --- [           main] liquibase.changelog                      : Custom SQL executed
2022-02-03 09:12:14.141  INFO 25760 --- [           main] liquibase.changelog                      : Custom SQL executed
2022-02-03 09:12:14.142  INFO 25760 --- [           main] liquibase.changelog                      : Custom SQL executed
2022-02-03 09:12:14.142  INFO 25760 --- [           main] liquibase.changelog                      : Custom SQL executed
2022-02-03 09:12:14.142  INFO 25760 --- [           main] liquibase.changelog                      : Custom SQL executed
2022-02-03 09:12:14.143  INFO 25760 --- [           main] liquibase.changelog                      : Custom SQL executed
2022-02-03 09:12:14.143  INFO 25760 --- [           main] liquibase.changelog                      : Custom SQL executed
2022-02-03 09:12:14.144  INFO 25760 --- [           main] liquibase.changelog                      : Custom SQL executed
2022-02-03 09:12:14.144  INFO 25760 --- [           main] liquibase.changelog                      : Custom SQL executed
2022-02-03 09:12:14.144  INFO 25760 --- [           main] liquibase.changelog                      : Custom SQL executed
2022-02-03 09:12:14.145  INFO 25760 --- [           main] liquibase.changelog                      : Custom SQL executed
2022-02-03 09:12:14.145  INFO 25760 --- [           main] liquibase.changelog                      : Custom SQL executed
2022-02-03 09:12:14.146  INFO 25760 --- [           main] liquibase.changelog                      : Custom SQL executed
2022-02-03 09:12:14.146  INFO 25760 --- [           main] liquibase.changelog                      : Custom SQL executed
2022-02-03 09:12:14.146  INFO 25760 --- [           main] liquibase.changelog                      : Custom SQL executed
2022-02-03 09:12:14.147  INFO 25760 --- [           main] liquibase.changelog                      : Custom SQL executed
2022-02-03 09:12:14.147  INFO 25760 --- [           main] liquibase.changelog                      : Custom SQL executed
2022-02-03 09:12:14.148  INFO 25760 --- [           main] liquibase.changelog                      : Custom SQL executed
2022-02-03 09:12:14.148  INFO 25760 --- [           main] liquibase.changelog                      : Custom SQL executed
2022-02-03 09:12:14.148  INFO 25760 --- [           main] liquibase.changelog                      : Custom SQL executed
2022-02-03 09:12:14.149  INFO 25760 --- [           main] liquibase.changelog                      : Custom SQL executed
2022-02-03 09:12:14.149  INFO 25760 --- [           main] liquibase.changelog                      : Custom SQL executed
2022-02-03 09:12:14.150  INFO 25760 --- [           main] liquibase.changelog                      : Custom SQL executed
2022-02-03 09:12:14.150  INFO 25760 --- [           main] liquibase.changelog                      : Custom SQL executed
2022-02-03 09:12:14.150  INFO 25760 --- [           main] liquibase.changelog                      : Custom SQL executed
2022-02-03 09:12:14.151  INFO 25760 --- [           main] liquibase.changelog                      : Custom SQL executed
2022-02-03 09:12:14.151  INFO 25760 --- [           main] liquibase.changelog                      : Custom SQL executed
2022-02-03 09:12:14.152  INFO 25760 --- [           main] liquibase.changelog                      : Custom SQL executed
2022-02-03 09:12:14.152  INFO 25760 --- [           main] liquibase.changelog                      : Custom SQL executed
2022-02-03 09:12:14.153  INFO 25760 --- [           main] liquibase.changelog                      : Custom SQL executed
2022-02-03 09:12:14.154  INFO 25760 --- [           main] liquibase.changelog                      : Custom SQL executed
2022-02-03 09:12:14.154  INFO 25760 --- [           main] liquibase.changelog                      : Custom SQL executed
2022-02-03 09:12:14.155  INFO 25760 --- [           main] liquibase.changelog                      : Custom SQL executed
2022-02-03 09:12:14.155  INFO 25760 --- [           main] liquibase.changelog                      : Custom SQL executed
2022-02-03 09:12:14.156  INFO 25760 --- [           main] liquibase.changelog                      : Custom SQL executed
2022-02-03 09:12:14.157  INFO 25760 --- [           main] liquibase.changelog                      : Custom SQL executed
2022-02-03 09:12:14.157  INFO 25760 --- [           main] liquibase.changelog                      : Custom SQL executed
2022-02-03 09:12:14.158  INFO 25760 --- [           main] liquibase.changelog                      : Custom SQL executed
2022-02-03 09:12:14.158  INFO 25760 --- [           main] liquibase.changelog                      : Custom SQL executed
2022-02-03 09:12:14.159  INFO 25760 --- [           main] liquibase.changelog                      : Custom SQL executed
2022-02-03 09:12:14.159  INFO 25760 --- [           main] liquibase.changelog                      : Custom SQL executed
2022-02-03 09:12:14.159  INFO 25760 --- [           main] liquibase.changelog                      : Custom SQL executed
2022-02-03 09:12:14.160  INFO 25760 --- [           main] liquibase.changelog                      : Custom SQL executed
2022-02-03 09:12:14.160  INFO 25760 --- [           main] liquibase.changelog                      : Custom SQL executed
2022-02-03 09:12:14.160  INFO 25760 --- [           main] liquibase.changelog                      : Custom SQL executed
2022-02-03 09:12:14.161  INFO 25760 --- [           main] liquibase.changelog                      : Custom SQL executed
2022-02-03 09:12:14.161  INFO 25760 --- [           main] liquibase.changelog                      : Custom SQL executed
2022-02-03 09:12:14.162  INFO 25760 --- [           main] liquibase.changelog                      : Custom SQL executed
2022-02-03 09:12:14.162  INFO 25760 --- [           main] liquibase.changelog                      : Custom SQL executed
2022-02-03 09:12:14.162  INFO 25760 --- [           main] liquibase.changelog                      : Custom SQL executed
2022-02-03 09:12:14.163  INFO 25760 --- [           main] liquibase.changelog                      : Custom SQL executed
2022-02-03 09:12:14.163  INFO 25760 --- [           main] liquibase.changelog                      : Custom SQL executed
2022-02-03 09:12:14.164  INFO 25760 --- [           main] liquibase.changelog                      : Custom SQL executed
2022-02-03 09:12:14.164  INFO 25760 --- [           main] liquibase.changelog                      : Custom SQL executed
2022-02-03 09:12:14.164  INFO 25760 --- [           main] liquibase.changelog                      : Custom SQL executed
2022-02-03 09:12:14.165  INFO 25760 --- [           main] liquibase.changelog                      : Custom SQL executed
2022-02-03 09:12:14.165  INFO 25760 --- [           main] liquibase.changelog                      : Custom SQL executed
2022-02-03 09:12:14.166  INFO 25760 --- [           main] liquibase.changelog                      : Custom SQL executed
2022-02-03 09:12:14.166  INFO 25760 --- [           main] liquibase.changelog                      : Custom SQL executed
2022-02-03 09:12:14.166  INFO 25760 --- [           main] liquibase.changelog                      : Custom SQL executed
2022-02-03 09:12:14.167  INFO 25760 --- [           main] liquibase.changelog                      : Custom SQL executed
2022-02-03 09:12:14.167  INFO 25760 --- [           main] liquibase.changelog                      : Custom SQL executed
2022-02-03 09:12:14.168  INFO 25760 --- [           main] liquibase.changelog                      : Custom SQL executed
2022-02-03 09:12:14.168  INFO 25760 --- [           main] liquibase.changelog                      : Custom SQL executed
2022-02-03 09:12:14.168  INFO 25760 --- [           main] liquibase.changelog                      : Custom SQL executed
2022-02-03 09:12:14.169  INFO 25760 --- [           main] liquibase.changelog                      : Custom SQL executed
2022-02-03 09:12:14.169  INFO 25760 --- [           main] liquibase.changelog                      : Custom SQL executed
2022-02-03 09:12:14.170  INFO 25760 --- [           main] liquibase.changelog                      : Custom SQL executed
2022-02-03 09:12:14.170  INFO 25760 --- [           main] liquibase.changelog                      : Custom SQL executed
2022-02-03 09:12:14.170  INFO 25760 --- [           main] liquibase.changelog                      : Custom SQL executed
2022-02-03 09:12:14.171  INFO 25760 --- [           main] liquibase.changelog                      : Custom SQL executed
2022-02-03 09:12:14.171  INFO 25760 --- [           main] liquibase.changelog                      : Custom SQL executed
2022-02-03 09:12:14.172  INFO 25760 --- [           main] liquibase.changelog                      : Custom SQL executed
2022-02-03 09:12:14.172  INFO 25760 --- [           main] liquibase.changelog                      : Custom SQL executed
2022-02-03 09:12:14.172  INFO 25760 --- [           main] liquibase.changelog                      : Custom SQL executed
2022-02-03 09:12:14.173  INFO 25760 --- [           main] liquibase.changelog                      : Custom SQL executed
2022-02-03 09:12:14.173  INFO 25760 --- [           main] liquibase.changelog                      : Custom SQL executed
2022-02-03 09:12:14.173  INFO 25760 --- [           main] liquibase.changelog                      : Custom SQL executed
2022-02-03 09:12:14.174  INFO 25760 --- [           main] liquibase.changelog                      : Custom SQL executed
2022-02-03 09:12:14.174  INFO 25760 --- [           main] liquibase.changelog                      : Custom SQL executed
2022-02-03 09:12:14.175  INFO 25760 --- [           main] liquibase.changelog                      : Custom SQL executed
2022-02-03 09:12:14.175  INFO 25760 --- [           main] liquibase.changelog                      : Custom SQL executed
2022-02-03 09:12:14.175  INFO 25760 --- [           main] liquibase.changelog                      : Custom SQL executed
2022-02-03 09:12:14.176  INFO 25760 --- [           main] liquibase.changelog                      : Custom SQL executed
2022-02-03 09:12:14.176  INFO 25760 --- [           main] liquibase.changelog                      : Custom SQL executed
2022-02-03 09:12:14.176  INFO 25760 --- [           main] liquibase.changelog                      : Custom SQL executed
2022-02-03 09:12:14.177  INFO 25760 --- [           main] liquibase.changelog                      : Custom SQL executed
2022-02-03 09:12:14.177  INFO 25760 --- [           main] liquibase.changelog                      : Custom SQL executed
2022-02-03 09:12:14.178  INFO 25760 --- [           main] liquibase.changelog                      : Custom SQL executed
2022-02-03 09:12:14.178  INFO 25760 --- [           main] liquibase.changelog                      : Custom SQL executed
2022-02-03 09:12:14.179  INFO 25760 --- [           main] liquibase.changelog                      : Custom SQL executed
2022-02-03 09:12:14.179  INFO 25760 --- [           main] liquibase.changelog                      : Custom SQL executed
2022-02-03 09:12:14.179  INFO 25760 --- [           main] liquibase.changelog                      : Custom SQL executed
2022-02-03 09:12:14.180  INFO 25760 --- [           main] liquibase.changelog                      : Custom SQL executed
2022-02-03 09:12:14.180  INFO 25760 --- [           main] liquibase.changelog                      : Custom SQL executed
2022-02-03 09:12:14.181  INFO 25760 --- [           main] liquibase.changelog                      : Custom SQL executed
2022-02-03 09:12:14.181  INFO 25760 --- [           main] liquibase.changelog                      : Custom SQL executed
2022-02-03 09:12:14.181  INFO 25760 --- [           main] liquibase.changelog                      : Custom SQL executed
2022-02-03 09:12:14.182  INFO 25760 --- [           main] liquibase.changelog                      : Custom SQL executed
2022-02-03 09:12:14.182  INFO 25760 --- [           main] liquibase.changelog                      : Custom SQL executed
2022-02-03 09:12:14.183  INFO 25760 --- [           main] liquibase.changelog                      : Custom SQL executed
2022-02-03 09:12:14.183  INFO 25760 --- [           main] liquibase.changelog                      : Custom SQL executed
2022-02-03 09:12:14.183  INFO 25760 --- [           main] liquibase.changelog                      : Custom SQL executed
2022-02-03 09:12:14.184  INFO 25760 --- [           main] liquibase.changelog                      : Custom SQL executed
2022-02-03 09:12:14.184  INFO 25760 --- [           main] liquibase.changelog                      : Custom SQL executed
2022-02-03 09:12:14.185  INFO 25760 --- [           main] liquibase.changelog                      : Custom SQL executed
2022-02-03 09:12:14.185  INFO 25760 --- [           main] liquibase.changelog                      : Custom SQL executed
2022-02-03 09:12:14.185  INFO 25760 --- [           main] liquibase.changelog                      : Custom SQL executed
2022-02-03 09:12:14.186  INFO 25760 --- [           main] liquibase.changelog                      : Custom SQL executed
2022-02-03 09:12:14.186  INFO 25760 --- [           main] liquibase.changelog                      : Custom SQL executed
2022-02-03 09:12:14.187  INFO 25760 --- [           main] liquibase.changelog                      : Custom SQL executed
2022-02-03 09:12:14.187  INFO 25760 --- [           main] liquibase.changelog                      : Custom SQL executed
2022-02-03 09:12:14.187  INFO 25760 --- [           main] liquibase.changelog                      : Custom SQL executed
2022-02-03 09:12:14.188  INFO 25760 --- [           main] liquibase.changelog                      : Custom SQL executed
2022-02-03 09:12:14.188  INFO 25760 --- [           main] liquibase.changelog                      : Custom SQL executed
2022-02-03 09:12:14.188  INFO 25760 --- [           main] liquibase.changelog                      : Custom SQL executed
2022-02-03 09:12:14.189  INFO 25760 --- [           main] liquibase.changelog                      : Custom SQL executed
2022-02-03 09:12:14.189  INFO 25760 --- [           main] liquibase.changelog                      : Custom SQL executed
2022-02-03 09:12:14.190  INFO 25760 --- [           main] liquibase.changelog                      : Custom SQL executed
2022-02-03 09:12:14.190  INFO 25760 --- [           main] liquibase.changelog                      : Custom SQL executed
2022-02-03 09:12:14.190  INFO 25760 --- [           main] liquibase.changelog                      : Custom SQL executed
2022-02-03 09:12:14.191  INFO 25760 --- [           main] liquibase.changelog                      : Custom SQL executed
2022-02-03 09:12:14.191  INFO 25760 --- [           main] liquibase.changelog                      : Custom SQL executed
2022-02-03 09:12:14.192  INFO 25760 --- [           main] liquibase.changelog                      : Custom SQL executed
2022-02-03 09:12:14.192  INFO 25760 --- [           main] liquibase.changelog                      : Custom SQL executed
2022-02-03 09:12:14.192  INFO 25760 --- [           main] liquibase.changelog                      : Custom SQL executed
2022-02-03 09:12:14.193  INFO 25760 --- [           main] liquibase.changelog                      : Custom SQL executed
2022-02-03 09:12:14.193  INFO 25760 --- [           main] liquibase.changelog                      : Custom SQL executed
2022-02-03 09:12:14.194  INFO 25760 --- [           main] liquibase.changelog                      : Custom SQL executed
2022-02-03 09:12:14.194  INFO 25760 --- [           main] liquibase.changelog                      : Custom SQL executed
2022-02-03 09:12:14.195  INFO 25760 --- [           main] liquibase.changelog                      : Custom SQL executed
2022-02-03 09:12:14.195  INFO 25760 --- [           main] liquibase.changelog                      : Custom SQL executed
2022-02-03 09:12:14.195  INFO 25760 --- [           main] liquibase.changelog                      : Custom SQL executed
2022-02-03 09:12:14.196  INFO 25760 --- [           main] liquibase.changelog                      : Custom SQL executed
2022-02-03 09:12:14.196  INFO 25760 --- [           main] liquibase.changelog                      : Custom SQL executed
2022-02-03 09:12:14.197  INFO 25760 --- [           main] liquibase.changelog                      : Custom SQL executed
2022-02-03 09:12:14.197  INFO 25760 --- [           main] liquibase.changelog                      : Custom SQL executed
2022-02-03 09:12:14.198  INFO 25760 --- [           main] liquibase.changelog                      : Custom SQL executed
2022-02-03 09:12:14.198  INFO 25760 --- [           main] liquibase.changelog                      : Custom SQL executed
2022-02-03 09:12:14.198  INFO 25760 --- [           main] liquibase.changelog                      : Custom SQL executed
2022-02-03 09:12:14.199  INFO 25760 --- [           main] liquibase.changelog                      : Custom SQL executed
2022-02-03 09:12:14.199  INFO 25760 --- [           main] liquibase.changelog                      : Custom SQL executed
2022-02-03 09:12:14.200  INFO 25760 --- [           main] liquibase.changelog                      : Custom SQL executed
2022-02-03 09:12:14.200  INFO 25760 --- [           main] liquibase.changelog                      : Custom SQL executed
2022-02-03 09:12:14.200  INFO 25760 --- [           main] liquibase.changelog                      : Custom SQL executed
2022-02-03 09:12:14.201  INFO 25760 --- [           main] liquibase.changelog                      : Custom SQL executed
2022-02-03 09:12:14.201  INFO 25760 --- [           main] liquibase.changelog                      : Custom SQL executed
2022-02-03 09:12:14.202  INFO 25760 --- [           main] liquibase.changelog                      : Custom SQL executed
2022-02-03 09:12:14.202  INFO 25760 --- [           main] liquibase.changelog                      : Custom SQL executed
2022-02-03 09:12:14.203  INFO 25760 --- [           main] liquibase.changelog                      : Custom SQL executed
2022-02-03 09:12:14.204  INFO 25760 --- [           main] liquibase.changelog                      : Custom SQL executed
2022-02-03 09:12:14.204  INFO 25760 --- [           main] liquibase.changelog                      : Custom SQL executed
2022-02-03 09:12:14.204  INFO 25760 --- [           main] liquibase.changelog                      : Custom SQL executed
2022-02-03 09:12:14.205  INFO 25760 --- [           main] liquibase.changelog                      : Custom SQL executed
2022-02-03 09:12:14.205  INFO 25760 --- [           main] liquibase.changelog                      : Custom SQL executed
2022-02-03 09:12:14.206  INFO 25760 --- [           main] liquibase.changelog                      : Custom SQL executed
2022-02-03 09:12:14.206  INFO 25760 --- [           main] liquibase.changelog                      : Custom SQL executed
2022-02-03 09:12:14.207  INFO 25760 --- [           main] liquibase.changelog                      : Custom SQL executed
2022-02-03 09:12:14.207  INFO 25760 --- [           main] liquibase.changelog                      : Custom SQL executed
2022-02-03 09:12:14.207  INFO 25760 --- [           main] liquibase.changelog                      : Custom SQL executed
2022-02-03 09:12:14.208  INFO 25760 --- [           main] liquibase.changelog                      : Custom SQL executed
2022-02-03 09:12:14.208  INFO 25760 --- [           main] liquibase.changelog                      : Custom SQL executed
2022-02-03 09:12:14.209  INFO 25760 --- [           main] liquibase.changelog                      : Custom SQL executed
2022-02-03 09:12:14.209  INFO 25760 --- [           main] liquibase.changelog                      : Custom SQL executed
2022-02-03 09:12:14.209  INFO 25760 --- [           main] liquibase.changelog                      : Custom SQL executed
2022-02-03 09:12:14.210  INFO 25760 --- [           main] liquibase.changelog                      : Custom SQL executed
2022-02-03 09:12:14.210  INFO 25760 --- [           main] liquibase.changelog                      : Custom SQL executed
2022-02-03 09:12:14.211  INFO 25760 --- [           main] liquibase.changelog                      : Custom SQL executed
2022-02-03 09:12:14.211  INFO 25760 --- [           main] liquibase.changelog                      : Custom SQL executed
2022-02-03 09:12:14.212  INFO 25760 --- [           main] liquibase.changelog                      : Custom SQL executed
2022-02-03 09:12:14.212  INFO 25760 --- [           main] liquibase.changelog                      : Custom SQL executed
2022-02-03 09:12:14.213  INFO 25760 --- [           main] liquibase.changelog                      : Custom SQL executed
2022-02-03 09:12:14.214  INFO 25760 --- [           main] liquibase.changelog                      : Custom SQL executed
2022-02-03 09:12:14.214  INFO 25760 --- [           main] liquibase.changelog                      : Custom SQL executed
2022-02-03 09:12:14.215  INFO 25760 --- [           main] liquibase.changelog                      : Custom SQL executed
2022-02-03 09:12:14.216  INFO 25760 --- [           main] liquibase.changelog                      : Custom SQL executed
2022-02-03 09:12:14.216  INFO 25760 --- [           main] liquibase.changelog                      : Custom SQL executed
2022-02-03 09:12:14.217  INFO 25760 --- [           main] liquibase.changelog                      : Custom SQL executed
2022-02-03 09:12:14.218  INFO 25760 --- [           main] liquibase.changelog                      : Custom SQL executed
2022-02-03 09:12:14.218  INFO 25760 --- [           main] liquibase.changelog                      : Custom SQL executed
2022-02-03 09:12:14.219  INFO 25760 --- [           main] liquibase.changelog                      : Custom SQL executed
2022-02-03 09:12:14.219  INFO 25760 --- [           main] liquibase.changelog                      : Custom SQL executed
2022-02-03 09:12:14.220  INFO 25760 --- [           main] liquibase.changelog                      : Custom SQL executed
2022-02-03 09:12:14.221  INFO 25760 --- [           main] liquibase.changelog                      : Custom SQL executed
2022-02-03 09:12:14.221  INFO 25760 --- [           main] liquibase.changelog                      : Custom SQL executed
2022-02-03 09:12:14.222  INFO 25760 --- [           main] liquibase.changelog                      : Custom SQL executed
2022-02-03 09:12:14.222  INFO 25760 --- [           main] liquibase.changelog                      : Custom SQL executed
2022-02-03 09:12:14.223  INFO 25760 --- [           main] liquibase.changelog                      : Custom SQL executed
2022-02-03 09:12:14.223  INFO 25760 --- [           main] liquibase.changelog                      : Custom SQL executed
2022-02-03 09:12:14.224  INFO 25760 --- [           main] liquibase.changelog                      : Custom SQL executed
2022-02-03 09:12:14.232  INFO 25760 --- [           main] liquibase.changelog                      : Custom SQL executed
2022-02-03 09:12:14.232  INFO 25760 --- [           main] liquibase.changelog                      : Custom SQL executed
2022-02-03 09:12:14.233  INFO 25760 --- [           main] liquibase.changelog                      : Custom SQL executed
2022-02-03 09:12:14.233  INFO 25760 --- [           main] liquibase.changelog                      : Custom SQL executed
2022-02-03 09:12:14.234  INFO 25760 --- [           main] liquibase.changelog                      : Custom SQL executed
2022-02-03 09:12:14.234  INFO 25760 --- [           main] liquibase.changelog                      : Custom SQL executed
2022-02-03 09:12:14.234  INFO 25760 --- [           main] liquibase.changelog                      : Custom SQL executed
2022-02-03 09:12:14.235  INFO 25760 --- [           main] liquibase.changelog                      : Custom SQL executed
2022-02-03 09:12:14.235  INFO 25760 --- [           main] liquibase.changelog                      : Custom SQL executed
2022-02-03 09:12:14.236  INFO 25760 --- [           main] liquibase.changelog                      : Custom SQL executed
2022-02-03 09:12:14.236  INFO 25760 --- [           main] liquibase.changelog                      : Custom SQL executed
2022-02-03 09:12:14.236  INFO 25760 --- [           main] liquibase.changelog                      : Custom SQL executed
2022-02-03 09:12:14.237  INFO 25760 --- [           main] liquibase.changelog                      : Custom SQL executed
2022-02-03 09:12:14.237  INFO 25760 --- [           main] liquibase.changelog                      : Custom SQL executed
2022-02-03 09:12:14.238  INFO 25760 --- [           main] liquibase.changelog                      : Custom SQL executed
2022-02-03 09:12:14.238  INFO 25760 --- [           main] liquibase.changelog                      : Custom SQL executed
2022-02-03 09:12:14.238  INFO 25760 --- [           main] liquibase.changelog                      : Custom SQL executed
2022-02-03 09:12:14.239  INFO 25760 --- [           main] liquibase.changelog                      : Custom SQL executed
2022-02-03 09:12:14.239  INFO 25760 --- [           main] liquibase.changelog                      : Custom SQL executed
2022-02-03 09:12:14.240  INFO 25760 --- [           main] liquibase.changelog                      : Custom SQL executed
2022-02-03 09:12:14.240  INFO 25760 --- [           main] liquibase.changelog                      : Custom SQL executed
2022-02-03 09:12:14.241  INFO 25760 --- [           main] liquibase.changelog                      : Custom SQL executed
2022-02-03 09:12:14.241  INFO 25760 --- [           main] liquibase.changelog                      : Custom SQL executed
2022-02-03 09:12:14.242  INFO 25760 --- [           main] liquibase.changelog                      : Custom SQL executed
2022-02-03 09:12:14.242  INFO 25760 --- [           main] liquibase.changelog                      : Custom SQL executed
2022-02-03 09:12:14.243  INFO 25760 --- [           main] liquibase.changelog                      : Custom SQL executed
2022-02-03 09:12:14.244  INFO 25760 --- [           main] liquibase.changelog                      : Custom SQL executed
2022-02-03 09:12:14.244  INFO 25760 --- [           main] liquibase.changelog                      : Custom SQL executed
2022-02-03 09:12:14.245  INFO 25760 --- [           main] liquibase.changelog                      : Custom SQL executed
2022-02-03 09:12:14.245  INFO 25760 --- [           main] liquibase.changelog                      : Custom SQL executed
2022-02-03 09:12:14.246  INFO 25760 --- [           main] liquibase.changelog                      : Custom SQL executed
2022-02-03 09:12:14.246  INFO 25760 --- [           main] liquibase.changelog                      : Custom SQL executed
2022-02-03 09:12:14.247  INFO 25760 --- [           main] liquibase.changelog                      : Custom SQL executed
2022-02-03 09:12:14.247  INFO 25760 --- [           main] liquibase.changelog                      : Custom SQL executed
2022-02-03 09:12:14.248  INFO 25760 --- [           main] liquibase.changelog                      : Custom SQL executed
2022-02-03 09:12:14.248  INFO 25760 --- [           main] liquibase.changelog                      : Custom SQL executed
2022-02-03 09:12:14.249  INFO 25760 --- [           main] liquibase.changelog                      : Custom SQL executed
2022-02-03 09:12:14.249  INFO 25760 --- [           main] liquibase.changelog                      : Custom SQL executed
2022-02-03 09:12:14.249  INFO 25760 --- [           main] liquibase.changelog                      : Custom SQL executed
2022-02-03 09:12:14.250  INFO 25760 --- [           main] liquibase.changelog                      : Custom SQL executed
2022-02-03 09:12:14.250  INFO 25760 --- [           main] liquibase.changelog                      : Custom SQL executed
2022-02-03 09:12:14.251  INFO 25760 --- [           main] liquibase.changelog                      : Custom SQL executed
2022-02-03 09:12:14.251  INFO 25760 --- [           main] liquibase.changelog                      : Custom SQL executed
2022-02-03 09:12:14.252  INFO 25760 --- [           main] liquibase.changelog                      : Custom SQL executed
2022-02-03 09:12:14.252  INFO 25760 --- [           main] liquibase.changelog                      : Custom SQL executed
2022-02-03 09:12:14.253  INFO 25760 --- [           main] liquibase.changelog                      : Custom SQL executed
2022-02-03 09:12:14.253  INFO 25760 --- [           main] liquibase.changelog                      : Custom SQL executed
2022-02-03 09:12:14.253  INFO 25760 --- [           main] liquibase.changelog                      : Custom SQL executed
2022-02-03 09:12:14.254  INFO 25760 --- [           main] liquibase.changelog                      : Custom SQL executed
2022-02-03 09:12:14.254  INFO 25760 --- [           main] liquibase.changelog                      : Custom SQL executed
2022-02-03 09:12:14.255  INFO 25760 --- [           main] liquibase.changelog                      : Custom SQL executed
2022-02-03 09:12:14.255  INFO 25760 --- [           main] liquibase.changelog                      : Custom SQL executed
2022-02-03 09:12:14.256  INFO 25760 --- [           main] liquibase.changelog                      : Custom SQL executed
2022-02-03 09:12:14.256  INFO 25760 --- [           main] liquibase.changelog                      : Custom SQL executed
2022-02-03 09:12:14.256  INFO 25760 --- [           main] liquibase.changelog                      : Custom SQL executed
2022-02-03 09:12:14.257  INFO 25760 --- [           main] liquibase.changelog                      : Custom SQL executed
2022-02-03 09:12:14.257  INFO 25760 --- [           main] liquibase.changelog                      : Custom SQL executed
2022-02-03 09:12:14.265  INFO 25760 --- [           main] liquibase.changelog                      : Custom SQL executed
2022-02-03 09:12:14.266  INFO 25760 --- [           main] liquibase.changelog                      : Custom SQL executed
2022-02-03 09:12:14.266  INFO 25760 --- [           main] liquibase.changelog                      : Custom SQL executed
2022-02-03 09:12:14.267  INFO 25760 --- [           main] liquibase.changelog                      : Custom SQL executed
2022-02-03 09:12:14.268  INFO 25760 --- [           main] liquibase.changelog                      : Custom SQL executed
2022-02-03 09:12:14.268  INFO 25760 --- [           main] liquibase.changelog                      : Custom SQL executed
2022-02-03 09:12:14.269  INFO 25760 --- [           main] liquibase.changelog                      : Custom SQL executed
2022-02-03 09:12:14.269  INFO 25760 --- [           main] liquibase.changelog                      : Custom SQL executed
2022-02-03 09:12:14.270  INFO 25760 --- [           main] liquibase.changelog                      : Custom SQL executed
2022-02-03 09:12:14.271  INFO 25760 --- [           main] liquibase.changelog                      : Custom SQL executed
2022-02-03 09:12:14.271  INFO 25760 --- [           main] liquibase.changelog                      : Custom SQL executed
2022-02-03 09:12:14.272  INFO 25760 --- [           main] liquibase.changelog                      : Custom SQL executed
2022-02-03 09:12:14.273  INFO 25760 --- [           main] liquibase.changelog                      : Custom SQL executed
2022-02-03 09:12:14.273  INFO 25760 --- [           main] liquibase.changelog                      : Custom SQL executed
2022-02-03 09:12:14.274  INFO 25760 --- [           main] liquibase.changelog                      : Custom SQL executed
2022-02-03 09:12:14.274  INFO 25760 --- [           main] liquibase.changelog                      : Custom SQL executed
2022-02-03 09:12:14.275  INFO 25760 --- [           main] liquibase.changelog                      : Custom SQL executed
2022-02-03 09:12:14.275  INFO 25760 --- [           main] liquibase.changelog                      : Custom SQL executed
2022-02-03 09:12:14.275  INFO 25760 --- [           main] liquibase.changelog                      : Custom SQL executed
2022-02-03 09:12:14.276  INFO 25760 --- [           main] liquibase.changelog                      : Custom SQL executed
2022-02-03 09:12:14.276  INFO 25760 --- [           main] liquibase.changelog                      : Custom SQL executed
2022-02-03 09:12:14.277  INFO 25760 --- [           main] liquibase.changelog                      : Custom SQL executed
2022-02-03 09:12:14.277  INFO 25760 --- [           main] liquibase.changelog                      : Custom SQL executed
2022-02-03 09:12:14.277  INFO 25760 --- [           main] liquibase.changelog                      : Custom SQL executed
2022-02-03 09:12:14.278  INFO 25760 --- [           main] liquibase.changelog                      : Custom SQL executed
2022-02-03 09:12:14.278  INFO 25760 --- [           main] liquibase.changelog                      : Custom SQL executed
2022-02-03 09:12:14.279  INFO 25760 --- [           main] liquibase.changelog                      : Custom SQL executed
2022-02-03 09:12:14.279  INFO 25760 --- [           main] liquibase.changelog                      : Custom SQL executed
2022-02-03 09:12:14.279  INFO 25760 --- [           main] liquibase.changelog                      : Custom SQL executed
2022-02-03 09:12:14.280  INFO 25760 --- [           main] liquibase.changelog                      : Custom SQL executed
2022-02-03 09:12:14.280  INFO 25760 --- [           main] liquibase.changelog                      : Custom SQL executed
2022-02-03 09:12:14.281  INFO 25760 --- [           main] liquibase.changelog                      : Custom SQL executed
2022-02-03 09:12:14.281  INFO 25760 --- [           main] liquibase.changelog                      : Custom SQL executed
2022-02-03 09:12:14.281  INFO 25760 --- [           main] liquibase.changelog                      : Custom SQL executed
2022-02-03 09:12:14.282  INFO 25760 --- [           main] liquibase.changelog                      : Custom SQL executed
2022-02-03 09:12:14.282  INFO 25760 --- [           main] liquibase.changelog                      : Custom SQL executed
2022-02-03 09:12:14.283  INFO 25760 --- [           main] liquibase.changelog                      : Custom SQL executed
2022-02-03 09:12:14.283  INFO 25760 --- [           main] liquibase.changelog                      : Custom SQL executed
2022-02-03 09:12:14.284  INFO 25760 --- [           main] liquibase.changelog                      : Custom SQL executed
2022-02-03 09:12:14.284  INFO 25760 --- [           main] liquibase.changelog                      : Custom SQL executed
2022-02-03 09:12:14.284  INFO 25760 --- [           main] liquibase.changelog                      : Custom SQL executed
2022-02-03 09:12:14.285  INFO 25760 --- [           main] liquibase.changelog                      : Custom SQL executed
2022-02-03 09:12:14.285  INFO 25760 --- [           main] liquibase.changelog                      : Custom SQL executed
2022-02-03 09:12:14.286  INFO 25760 --- [           main] liquibase.changelog                      : Custom SQL executed
2022-02-03 09:12:14.286  INFO 25760 --- [           main] liquibase.changelog                      : Custom SQL executed
2022-02-03 09:12:14.286  INFO 25760 --- [           main] liquibase.changelog                      : Custom SQL executed
2022-02-03 09:12:14.287  INFO 25760 --- [           main] liquibase.changelog                      : Custom SQL executed
2022-02-03 09:12:14.287  INFO 25760 --- [           main] liquibase.changelog                      : Custom SQL executed
2022-02-03 09:12:14.287  INFO 25760 --- [           main] liquibase.changelog                      : Custom SQL executed
2022-02-03 09:12:14.288  INFO 25760 --- [           main] liquibase.changelog                      : Custom SQL executed
2022-02-03 09:12:14.288  INFO 25760 --- [           main] liquibase.changelog                      : Custom SQL executed
2022-02-03 09:12:14.289  INFO 25760 --- [           main] liquibase.changelog                      : Custom SQL executed
2022-02-03 09:12:14.289  INFO 25760 --- [           main] liquibase.changelog                      : Custom SQL executed
2022-02-03 09:12:14.289  INFO 25760 --- [           main] liquibase.changelog                      : Custom SQL executed
2022-02-03 09:12:14.290  INFO 25760 --- [           main] liquibase.changelog                      : Custom SQL executed
2022-02-03 09:12:14.290  INFO 25760 --- [           main] liquibase.changelog                      : Custom SQL executed
2022-02-03 09:12:14.291  INFO 25760 --- [           main] liquibase.changelog                      : Custom SQL executed
2022-02-03 09:12:14.291  INFO 25760 --- [           main] liquibase.changelog                      : Custom SQL executed
2022-02-03 09:12:14.291  INFO 25760 --- [           main] liquibase.changelog                      : Custom SQL executed
2022-02-03 09:12:14.292  INFO 25760 --- [           main] liquibase.changelog                      : Custom SQL executed
2022-02-03 09:12:14.292  INFO 25760 --- [           main] liquibase.changelog                      : Custom SQL executed
2022-02-03 09:12:14.293  INFO 25760 --- [           main] liquibase.changelog                      : Custom SQL executed
2022-02-03 09:12:14.293  INFO 25760 --- [           main] liquibase.changelog                      : Custom SQL executed
2022-02-03 09:12:14.293  INFO 25760 --- [           main] liquibase.changelog                      : Custom SQL executed
2022-02-03 09:12:14.294  INFO 25760 --- [           main] liquibase.changelog                      : Custom SQL executed
2022-02-03 09:12:14.294  INFO 25760 --- [           main] liquibase.changelog                      : Custom SQL executed
2022-02-03 09:12:14.295  INFO 25760 --- [           main] liquibase.changelog                      : Custom SQL executed
2022-02-03 09:12:14.295  INFO 25760 --- [           main] liquibase.changelog                      : Custom SQL executed
2022-02-03 09:12:14.296  INFO 25760 --- [           main] liquibase.changelog                      : Custom SQL executed
2022-02-03 09:12:14.296  INFO 25760 --- [           main] liquibase.changelog                      : Custom SQL executed
2022-02-03 09:12:14.296  INFO 25760 --- [           main] liquibase.changelog                      : Custom SQL executed
2022-02-03 09:12:14.297  INFO 25760 --- [           main] liquibase.changelog                      : Custom SQL executed
2022-02-03 09:12:14.297  INFO 25760 --- [           main] liquibase.changelog                      : Custom SQL executed
2022-02-03 09:12:14.298  INFO 25760 --- [           main] liquibase.changelog                      : Custom SQL executed
2022-02-03 09:12:14.298  INFO 25760 --- [           main] liquibase.changelog                      : Custom SQL executed
2022-02-03 09:12:14.298  INFO 25760 --- [           main] liquibase.changelog                      : Custom SQL executed
2022-02-03 09:12:14.299  INFO 25760 --- [           main] liquibase.changelog                      : Custom SQL executed
2022-02-03 09:12:14.299  INFO 25760 --- [           main] liquibase.changelog                      : Custom SQL executed
2022-02-03 09:12:14.299  INFO 25760 --- [           main] liquibase.changelog                      : Custom SQL executed
2022-02-03 09:12:14.300  INFO 25760 --- [           main] liquibase.changelog                      : Custom SQL executed
2022-02-03 09:12:14.300  INFO 25760 --- [           main] liquibase.changelog                      : Custom SQL executed
2022-02-03 09:12:14.301  INFO 25760 --- [           main] liquibase.changelog                      : Custom SQL executed
2022-02-03 09:12:14.301  INFO 25760 --- [           main] liquibase.changelog                      : Custom SQL executed
2022-02-03 09:12:14.301  INFO 25760 --- [           main] liquibase.changelog                      : Custom SQL executed
2022-02-03 09:12:14.302  INFO 25760 --- [           main] liquibase.changelog                      : Custom SQL executed
2022-02-03 09:12:14.302  INFO 25760 --- [           main] liquibase.changelog                      : Custom SQL executed
2022-02-03 09:12:14.303  INFO 25760 --- [           main] liquibase.changelog                      : Custom SQL executed
2022-02-03 09:12:14.303  INFO 25760 --- [           main] liquibase.changelog                      : Custom SQL executed
2022-02-03 09:12:14.303  INFO 25760 --- [           main] liquibase.changelog                      : Custom SQL executed
2022-02-03 09:12:14.304  INFO 25760 --- [           main] liquibase.changelog                      : Custom SQL executed
2022-02-03 09:12:14.305  INFO 25760 --- [           main] liquibase.changelog                      : Custom SQL executed
2022-02-03 09:12:14.305  INFO 25760 --- [           main] liquibase.changelog                      : Custom SQL executed
2022-02-03 09:12:14.306  INFO 25760 --- [           main] liquibase.changelog                      : Custom SQL executed
2022-02-03 09:12:14.306  INFO 25760 --- [           main] liquibase.changelog                      : Custom SQL executed
2022-02-03 09:12:14.306  INFO 25760 --- [           main] liquibase.changelog                      : Custom SQL executed
2022-02-03 09:12:14.307  INFO 25760 --- [           main] liquibase.changelog                      : Custom SQL executed
2022-02-03 09:12:14.307  INFO 25760 --- [           main] liquibase.changelog                      : Custom SQL executed
2022-02-03 09:12:14.307  INFO 25760 --- [           main] liquibase.changelog                      : Custom SQL executed
2022-02-03 09:12:14.308  INFO 25760 --- [           main] liquibase.changelog                      : Custom SQL executed
2022-02-03 09:12:14.308  INFO 25760 --- [           main] liquibase.changelog                      : Custom SQL executed
2022-02-03 09:12:14.309  INFO 25760 --- [           main] liquibase.changelog                      : Custom SQL executed
2022-02-03 09:12:14.309  INFO 25760 --- [           main] liquibase.changelog                      : Custom SQL executed
2022-02-03 09:12:14.309  INFO 25760 --- [           main] liquibase.changelog                      : Custom SQL executed
2022-02-03 09:12:14.310  INFO 25760 --- [           main] liquibase.changelog                      : Custom SQL executed
2022-02-03 09:12:14.310  INFO 25760 --- [           main] liquibase.changelog                      : Custom SQL executed
2022-02-03 09:12:14.311  INFO 25760 --- [           main] liquibase.changelog                      : Custom SQL executed
2022-02-03 09:12:14.311  INFO 25760 --- [           main] liquibase.changelog                      : Custom SQL executed
2022-02-03 09:12:14.311  INFO 25760 --- [           main] liquibase.changelog                      : Custom SQL executed
2022-02-03 09:12:14.312  INFO 25760 --- [           main] liquibase.changelog                      : Custom SQL executed
2022-02-03 09:12:14.312  INFO 25760 --- [           main] liquibase.changelog                      : Custom SQL executed
2022-02-03 09:12:14.313  INFO 25760 --- [           main] liquibase.changelog                      : Custom SQL executed
2022-02-03 09:12:14.313  INFO 25760 --- [           main] liquibase.changelog                      : Custom SQL executed
2022-02-03 09:12:14.314  INFO 25760 --- [           main] liquibase.changelog                      : Custom SQL executed
2022-02-03 09:12:14.314  INFO 25760 --- [           main] liquibase.changelog                      : Custom SQL executed
2022-02-03 09:12:14.315  INFO 25760 --- [           main] liquibase.changelog                      : Custom SQL executed
2022-02-03 09:12:14.316  INFO 25760 --- [           main] liquibase.changelog                      : Custom SQL executed
2022-02-03 09:12:14.316  INFO 25760 --- [           main] liquibase.changelog                      : Custom SQL executed
2022-02-03 09:12:14.317  INFO 25760 --- [           main] liquibase.changelog                      : Custom SQL executed
2022-02-03 09:12:14.318  INFO 25760 --- [           main] liquibase.changelog                      : Custom SQL executed
2022-02-03 09:12:14.318  INFO 25760 --- [           main] liquibase.changelog                      : Custom SQL executed
2022-02-03 09:12:14.318  INFO 25760 --- [           main] liquibase.changelog                      : Custom SQL executed
2022-02-03 09:12:14.319  INFO 25760 --- [           main] liquibase.changelog                      : Custom SQL executed
2022-02-03 09:12:14.319  INFO 25760 --- [           main] liquibase.changelog                      : Custom SQL executed
2022-02-03 09:12:14.320  INFO 25760 --- [           main] liquibase.changelog                      : Custom SQL executed
2022-02-03 09:12:14.320  INFO 25760 --- [           main] liquibase.changelog                      : Custom SQL executed
2022-02-03 09:12:14.321  INFO 25760 --- [           main] liquibase.changelog                      : Custom SQL executed
2022-02-03 09:12:14.321  INFO 25760 --- [           main] liquibase.changelog                      : Custom SQL executed
2022-02-03 09:12:14.321  INFO 25760 --- [           main] liquibase.changelog                      : Custom SQL executed
2022-02-03 09:12:14.322  INFO 25760 --- [           main] liquibase.changelog                      : Custom SQL executed
2022-02-03 09:12:14.322  INFO 25760 --- [           main] liquibase.changelog                      : Custom SQL executed
2022-02-03 09:12:14.323  INFO 25760 --- [           main] liquibase.changelog                      : Custom SQL executed
2022-02-03 09:12:14.323  INFO 25760 --- [           main] liquibase.changelog                      : Custom SQL executed
2022-02-03 09:12:14.323  INFO 25760 --- [           main] liquibase.changelog                      : Custom SQL executed
2022-02-03 09:12:14.324  INFO 25760 --- [           main] liquibase.changelog                      : Custom SQL executed
2022-02-03 09:12:14.325  INFO 25760 --- [           main] liquibase.changelog                      : Custom SQL executed
2022-02-03 09:12:14.326  INFO 25760 --- [           main] liquibase.changelog                      : Custom SQL executed
2022-02-03 09:12:14.326  INFO 25760 --- [           main] liquibase.changelog                      : Custom SQL executed
2022-02-03 09:12:14.327  INFO 25760 --- [           main] liquibase.changelog                      : Custom SQL executed
2022-02-03 09:12:14.328  INFO 25760 --- [           main] liquibase.changelog                      : Custom SQL executed
2022-02-03 09:12:14.328  INFO 25760 --- [           main] liquibase.changelog                      : Custom SQL executed
2022-02-03 09:12:14.329  INFO 25760 --- [           main] liquibase.changelog                      : Custom SQL executed
2022-02-03 09:12:14.330  INFO 25760 --- [           main] liquibase.changelog                      : Custom SQL executed
2022-02-03 09:12:14.330  INFO 25760 --- [           main] liquibase.changelog                      : Custom SQL executed
2022-02-03 09:12:14.331  INFO 25760 --- [           main] liquibase.changelog                      : Custom SQL executed
2022-02-03 09:12:14.332  INFO 25760 --- [           main] liquibase.changelog                      : Custom SQL executed
2022-02-03 09:12:14.332  INFO 25760 --- [           main] liquibase.changelog                      : Custom SQL executed
2022-02-03 09:12:14.333  INFO 25760 --- [           main] liquibase.changelog                      : Custom SQL executed
2022-02-03 09:12:14.333  INFO 25760 --- [           main] liquibase.changelog                      : Custom SQL executed
2022-02-03 09:12:14.334  INFO 25760 --- [           main] liquibase.changelog                      : Custom SQL executed
2022-02-03 09:12:14.335  INFO 25760 --- [           main] liquibase.changelog                      : Custom SQL executed
2022-02-03 09:12:14.335  INFO 25760 --- [           main] liquibase.changelog                      : Custom SQL executed
2022-02-03 09:12:14.336  INFO 25760 --- [           main] liquibase.changelog                      : Custom SQL executed
2022-02-03 09:12:14.337  INFO 25760 --- [           main] liquibase.changelog                      : Custom SQL executed
2022-02-03 09:12:14.337  INFO 25760 --- [           main] liquibase.changelog                      : Custom SQL executed
2022-02-03 09:12:14.338  INFO 25760 --- [           main] liquibase.changelog                      : Custom SQL executed
2022-02-03 09:12:14.339  INFO 25760 --- [           main] liquibase.changelog                      : Custom SQL executed
2022-02-03 09:12:14.339  INFO 25760 --- [           main] liquibase.changelog                      : Custom SQL executed
2022-02-03 09:12:14.340  INFO 25760 --- [           main] liquibase.changelog                      : Custom SQL executed
2022-02-03 09:12:14.340  INFO 25760 --- [           main] liquibase.changelog                      : Custom SQL executed
2022-02-03 09:12:14.341  INFO 25760 --- [           main] liquibase.changelog                      : Custom SQL executed
2022-02-03 09:12:14.342  INFO 25760 --- [           main] liquibase.changelog                      : Custom SQL executed
2022-02-03 09:12:14.342  INFO 25760 --- [           main] liquibase.changelog                      : Custom SQL executed
2022-02-03 09:12:14.343  INFO 25760 --- [           main] liquibase.changelog                      : Custom SQL executed
2022-02-03 09:12:14.343  INFO 25760 --- [           main] liquibase.changelog                      : Custom SQL executed
2022-02-03 09:12:14.344  INFO 25760 --- [           main] liquibase.changelog                      : Custom SQL executed
2022-02-03 09:12:14.345  INFO 25760 --- [           main] liquibase.changelog                      : Custom SQL executed
2022-02-03 09:12:14.345  INFO 25760 --- [           main] liquibase.changelog                      : Custom SQL executed
2022-02-03 09:12:14.346  INFO 25760 --- [           main] liquibase.changelog                      : Custom SQL executed
2022-02-03 09:12:14.346  INFO 25760 --- [           main] liquibase.changelog                      : Custom SQL executed
2022-02-03 09:12:14.347  INFO 25760 --- [           main] liquibase.changelog                      : Custom SQL executed
2022-02-03 09:12:14.348  INFO 25760 --- [           main] liquibase.changelog                      : Custom SQL executed
2022-02-03 09:12:14.348  INFO 25760 --- [           main] liquibase.changelog                      : Custom SQL executed
2022-02-03 09:12:14.349  INFO 25760 --- [           main] liquibase.changelog                      : Custom SQL executed
2022-02-03 09:12:14.349  INFO 25760 --- [           main] liquibase.changelog                      : Custom SQL executed
2022-02-03 09:12:14.350  INFO 25760 --- [           main] liquibase.changelog                      : Custom SQL executed
2022-02-03 09:12:14.351  INFO 25760 --- [           main] liquibase.changelog                      : Custom SQL executed
2022-02-03 09:12:14.351  INFO 25760 --- [           main] liquibase.changelog                      : Custom SQL executed
2022-02-03 09:12:14.352  INFO 25760 --- [           main] liquibase.changelog                      : Custom SQL executed
2022-02-03 09:12:14.353  INFO 25760 --- [           main] liquibase.changelog                      : Custom SQL executed
2022-02-03 09:12:14.353  INFO 25760 --- [           main] liquibase.changelog                      : Custom SQL executed
2022-02-03 09:12:14.354  INFO 25760 --- [           main] liquibase.changelog                      : Custom SQL executed
2022-02-03 09:12:14.355  INFO 25760 --- [           main] liquibase.changelog                      : Custom SQL executed
2022-02-03 09:12:14.355  INFO 25760 --- [           main] liquibase.changelog                      : Custom SQL executed
2022-02-03 09:12:14.356  INFO 25760 --- [           main] liquibase.changelog                      : Custom SQL executed
2022-02-03 09:12:14.357  INFO 25760 --- [           main] liquibase.changelog                      : Custom SQL executed
2022-02-03 09:12:14.357  INFO 25760 --- [           main] liquibase.changelog                      : Custom SQL executed
2022-02-03 09:12:14.358  INFO 25760 --- [           main] liquibase.changelog                      : Custom SQL executed
2022-02-03 09:12:14.358  INFO 25760 --- [           main] liquibase.changelog                      : Custom SQL executed
2022-02-03 09:12:14.359  INFO 25760 --- [           main] liquibase.changelog                      : Custom SQL executed
2022-02-03 09:12:14.360  INFO 25760 --- [           main] liquibase.changelog                      : Custom SQL executed
2022-02-03 09:12:14.360  INFO 25760 --- [           main] liquibase.changelog                      : Custom SQL executed
2022-02-03 09:12:14.361  INFO 25760 --- [           main] liquibase.changelog                      : Custom SQL executed
2022-02-03 09:12:14.361  INFO 25760 --- [           main] liquibase.changelog                      : Custom SQL executed
2022-02-03 09:12:14.362  INFO 25760 --- [           main] liquibase.changelog                      : Custom SQL executed
2022-02-03 09:12:14.362  INFO 25760 --- [           main] liquibase.changelog                      : Custom SQL executed
2022-02-03 09:12:14.363  INFO 25760 --- [           main] liquibase.changelog                      : Custom SQL executed
2022-02-03 09:12:14.363  INFO 25760 --- [           main] liquibase.changelog                      : Custom SQL executed
2022-02-03 09:12:14.364  INFO 25760 --- [           main] liquibase.changelog                      : Custom SQL executed
2022-02-03 09:12:14.364  INFO 25760 --- [           main] liquibase.changelog                      : Custom SQL executed
2022-02-03 09:12:14.365  INFO 25760 --- [           main] liquibase.changelog                      : Custom SQL executed
2022-02-03 09:12:14.365  INFO 25760 --- [           main] liquibase.changelog                      : Custom SQL executed
2022-02-03 09:12:14.366  INFO 25760 --- [           main] liquibase.changelog                      : Custom SQL executed
2022-02-03 09:12:14.366  INFO 25760 --- [           main] liquibase.changelog                      : Custom SQL executed
2022-02-03 09:12:14.366  INFO 25760 --- [           main] liquibase.changelog                      : Custom SQL executed
2022-02-03 09:12:14.367  INFO 25760 --- [           main] liquibase.changelog                      : Custom SQL executed
2022-02-03 09:12:14.367  INFO 25760 --- [           main] liquibase.changelog                      : Custom SQL executed
2022-02-03 09:12:14.368  INFO 25760 --- [           main] liquibase.changelog                      : Custom SQL executed
2022-02-03 09:12:14.368  INFO 25760 --- [           main] liquibase.changelog                      : Custom SQL executed
2022-02-03 09:12:14.368  INFO 25760 --- [           main] liquibase.changelog                      : Custom SQL executed
2022-02-03 09:12:14.369  INFO 25760 --- [           main] liquibase.changelog                      : Custom SQL executed
2022-02-03 09:12:14.369  INFO 25760 --- [           main] liquibase.changelog                      : Custom SQL executed
2022-02-03 09:12:14.370  INFO 25760 --- [           main] liquibase.changelog                      : Custom SQL executed
2022-02-03 09:12:14.370  INFO 25760 --- [           main] liquibase.changelog                      : Custom SQL executed
2022-02-03 09:12:14.370  INFO 25760 --- [           main] liquibase.changelog                      : Custom SQL executed
2022-02-03 09:12:14.371  INFO 25760 --- [           main] liquibase.changelog                      : Custom SQL executed
2022-02-03 09:12:14.371  INFO 25760 --- [           main] liquibase.changelog                      : Custom SQL executed
2022-02-03 09:12:14.372  INFO 25760 --- [           main] liquibase.changelog                      : Custom SQL executed
2022-02-03 09:12:14.372  INFO 25760 --- [           main] liquibase.changelog                      : Custom SQL executed
2022-02-03 09:12:14.372  INFO 25760 --- [           main] liquibase.changelog                      : Custom SQL executed
2022-02-03 09:12:14.373  INFO 25760 --- [           main] liquibase.changelog                      : Custom SQL executed
2022-02-03 09:12:14.373  INFO 25760 --- [           main] liquibase.changelog                      : Custom SQL executed
2022-02-03 09:12:14.374  INFO 25760 --- [           main] liquibase.changelog                      : Custom SQL executed
2022-02-03 09:12:14.374  INFO 25760 --- [           main] liquibase.changelog                      : Custom SQL executed
2022-02-03 09:12:14.375  INFO 25760 --- [           main] liquibase.changelog                      : Custom SQL executed
2022-02-03 09:12:14.375  INFO 25760 --- [           main] liquibase.changelog                      : Custom SQL executed
2022-02-03 09:12:14.376  INFO 25760 --- [           main] liquibase.changelog                      : Custom SQL executed
2022-02-03 09:12:14.376  INFO 25760 --- [           main] liquibase.changelog                      : Custom SQL executed
2022-02-03 09:12:14.376  INFO 25760 --- [           main] liquibase.changelog                      : Custom SQL executed
2022-02-03 09:12:14.377  INFO 25760 --- [           main] liquibase.changelog                      : Custom SQL executed
2022-02-03 09:12:14.377  INFO 25760 --- [           main] liquibase.changelog                      : Custom SQL executed
2022-02-03 09:12:14.378  INFO 25760 --- [           main] liquibase.changelog                      : Custom SQL executed
2022-02-03 09:12:14.378  INFO 25760 --- [           main] liquibase.changelog                      : Custom SQL executed
2022-02-03 09:12:14.379  INFO 25760 --- [           main] liquibase.changelog                      : Custom SQL executed
2022-02-03 09:12:14.379  INFO 25760 --- [           main] liquibase.changelog                      : Custom SQL executed
2022-02-03 09:12:14.379  INFO 25760 --- [           main] liquibase.changelog                      : Custom SQL executed
2022-02-03 09:12:14.380  INFO 25760 --- [           main] liquibase.changelog                      : Custom SQL executed
2022-02-03 09:12:14.380  INFO 25760 --- [           main] liquibase.changelog                      : Custom SQL executed
2022-02-03 09:12:14.381  INFO 25760 --- [           main] liquibase.changelog                      : Custom SQL executed
2022-02-03 09:12:14.381  INFO 25760 --- [           main] liquibase.changelog                      : Custom SQL executed
2022-02-03 09:12:14.381  INFO 25760 --- [           main] liquibase.changelog                      : Custom SQL executed
2022-02-03 09:12:14.382  INFO 25760 --- [           main] liquibase.changelog                      : Custom SQL executed
2022-02-03 09:12:14.382  INFO 25760 --- [           main] liquibase.changelog                      : Custom SQL executed
2022-02-03 09:12:14.383  INFO 25760 --- [           main] liquibase.changelog                      : Custom SQL executed
2022-02-03 09:12:14.384  INFO 25760 --- [           main] liquibase.changelog                      : Custom SQL executed
2022-02-03 09:12:14.384  INFO 25760 --- [           main] liquibase.changelog                      : Custom SQL executed
2022-02-03 09:12:14.385  INFO 25760 --- [           main] liquibase.changelog                      : Custom SQL executed
2022-02-03 09:12:14.385  INFO 25760 --- [           main] liquibase.changelog                      : Custom SQL executed
2022-02-03 09:12:14.385  INFO 25760 --- [           main] liquibase.changelog                      : Custom SQL executed
2022-02-03 09:12:14.386  INFO 25760 --- [           main] liquibase.changelog                      : Custom SQL executed
2022-02-03 09:12:14.386  INFO 25760 --- [           main] liquibase.changelog                      : Custom SQL executed
2022-02-03 09:12:14.387  INFO 25760 --- [           main] liquibase.changelog                      : Custom SQL executed
2022-02-03 09:12:14.387  INFO 25760 --- [           main] liquibase.changelog                      : Custom SQL executed
2022-02-03 09:12:14.388  INFO 25760 --- [           main] liquibase.changelog                      : Custom SQL executed
2022-02-03 09:12:14.388  INFO 25760 --- [           main] liquibase.changelog                      : Custom SQL executed
2022-02-03 09:12:14.388  INFO 25760 --- [           main] liquibase.changelog                      : Custom SQL executed
2022-02-03 09:12:14.389  INFO 25760 --- [           main] liquibase.changelog                      : Custom SQL executed
2022-02-03 09:12:14.389  INFO 25760 --- [           main] liquibase.changelog                      : Custom SQL executed
2022-02-03 09:12:14.390  INFO 25760 --- [           main] liquibase.changelog                      : Custom SQL executed
2022-02-03 09:12:14.390  INFO 25760 --- [           main] liquibase.changelog                      : Custom SQL executed
2022-02-03 09:12:14.391  INFO 25760 --- [           main] liquibase.changelog                      : Custom SQL executed
2022-02-03 09:12:14.392  INFO 25760 --- [           main] liquibase.changelog                      : Custom SQL executed
2022-02-03 09:12:14.392  INFO 25760 --- [           main] liquibase.changelog                      : Custom SQL executed
2022-02-03 09:12:14.393  INFO 25760 --- [           main] liquibase.changelog                      : Custom SQL executed
2022-02-03 09:12:14.393  INFO 25760 --- [           main] liquibase.changelog                      : Custom SQL executed
2022-02-03 09:12:14.394  INFO 25760 --- [           main] liquibase.changelog                      : Custom SQL executed
2022-02-03 09:12:14.394  INFO 25760 --- [           main] liquibase.changelog                      : Custom SQL executed
2022-02-03 09:12:14.395  INFO 25760 --- [           main] liquibase.changelog                      : Custom SQL executed
2022-02-03 09:12:14.395  INFO 25760 --- [           main] liquibase.changelog                      : Custom SQL executed
2022-02-03 09:12:14.396  INFO 25760 --- [           main] liquibase.changelog                      : Custom SQL executed
2022-02-03 09:12:14.396  INFO 25760 --- [           main] liquibase.changelog                      : Custom SQL executed
2022-02-03 09:12:14.397  INFO 25760 --- [           main] liquibase.changelog                      : Custom SQL executed
2022-02-03 09:12:14.397  INFO 25760 --- [           main] liquibase.changelog                      : Custom SQL executed
2022-02-03 09:12:14.398  INFO 25760 --- [           main] liquibase.changelog                      : Custom SQL executed
2022-02-03 09:12:14.398  INFO 25760 --- [           main] liquibase.changelog                      : Custom SQL executed
2022-02-03 09:12:14.399  INFO 25760 --- [           main] liquibase.changelog                      : Custom SQL executed
2022-02-03 09:12:14.399  INFO 25760 --- [           main] liquibase.changelog                      : Custom SQL executed
2022-02-03 09:12:14.400  INFO 25760 --- [           main] liquibase.changelog                      : Custom SQL executed
2022-02-03 09:12:14.401  INFO 25760 --- [           main] liquibase.changelog                      : Custom SQL executed
2022-02-03 09:12:14.401  INFO 25760 --- [           main] liquibase.changelog                      : Custom SQL executed
2022-02-03 09:12:14.402  INFO 25760 --- [           main] liquibase.changelog                      : Custom SQL executed
2022-02-03 09:12:14.402  INFO 25760 --- [           main] liquibase.changelog                      : Custom SQL executed
2022-02-03 09:12:14.403  INFO 25760 --- [           main] liquibase.changelog                      : Custom SQL executed
2022-02-03 09:12:14.403  INFO 25760 --- [           main] liquibase.changelog                      : Custom SQL executed
2022-02-03 09:12:14.403  INFO 25760 --- [           main] liquibase.changelog                      : Custom SQL executed
2022-02-03 09:12:14.404  INFO 25760 --- [           main] liquibase.changelog                      : Custom SQL executed
2022-02-03 09:12:14.404  INFO 25760 --- [           main] liquibase.changelog                      : Custom SQL executed
2022-02-03 09:12:14.405  INFO 25760 --- [           main] liquibase.changelog                      : Custom SQL executed
2022-02-03 09:12:14.405  INFO 25760 --- [           main] liquibase.changelog                      : Custom SQL executed
2022-02-03 09:12:14.406  INFO 25760 --- [           main] liquibase.changelog                      : Custom SQL executed
2022-02-03 09:12:14.406  INFO 25760 --- [           main] liquibase.changelog                      : Custom SQL executed
2022-02-03 09:12:14.407  INFO 25760 --- [           main] liquibase.changelog                      : Custom SQL executed
2022-02-03 09:12:14.408  INFO 25760 --- [           main] liquibase.changelog                      : Custom SQL executed
2022-02-03 09:12:14.408  INFO 25760 --- [           main] liquibase.changelog                      : Custom SQL executed
2022-02-03 09:12:14.409  INFO 25760 --- [           main] liquibase.changelog                      : Custom SQL executed
2022-02-03 09:12:14.410  INFO 25760 --- [           main] liquibase.changelog                      : Custom SQL executed
2022-02-03 09:12:14.410  INFO 25760 --- [           main] liquibase.changelog                      : Custom SQL executed
2022-02-03 09:12:14.411  INFO 25760 --- [           main] liquibase.changelog                      : Custom SQL executed
2022-02-03 09:12:14.412  INFO 25760 --- [           main] liquibase.changelog                      : Custom SQL executed
2022-02-03 09:12:14.413  INFO 25760 --- [           main] liquibase.changelog                      : Custom SQL executed
2022-02-03 09:12:14.413  INFO 25760 --- [           main] liquibase.changelog                      : Custom SQL executed
2022-02-03 09:12:14.414  INFO 25760 --- [           main] liquibase.changelog                      : Custom SQL executed
2022-02-03 09:12:14.415  INFO 25760 --- [           main] liquibase.changelog                      : Custom SQL executed
2022-02-03 09:12:14.416  INFO 25760 --- [           main] liquibase.changelog                      : Custom SQL executed
2022-02-03 09:12:14.416  INFO 25760 --- [           main] liquibase.changelog                      : Custom SQL executed
2022-02-03 09:12:14.417  INFO 25760 --- [           main] liquibase.changelog                      : Custom SQL executed
2022-02-03 09:12:14.418  INFO 25760 --- [           main] liquibase.changelog                      : Custom SQL executed
2022-02-03 09:12:14.418  INFO 25760 --- [           main] liquibase.changelog                      : Custom SQL executed
2022-02-03 09:12:14.419  INFO 25760 --- [           main] liquibase.changelog                      : Custom SQL executed
2022-02-03 09:12:14.419  INFO 25760 --- [           main] liquibase.changelog                      : Custom SQL executed
2022-02-03 09:12:14.420  INFO 25760 --- [           main] liquibase.changelog                      : Custom SQL executed
2022-02-03 09:12:14.420  INFO 25760 --- [           main] liquibase.changelog                      : Custom SQL executed
2022-02-03 09:12:14.421  INFO 25760 --- [           main] liquibase.changelog                      : Custom SQL executed
2022-02-03 09:12:14.421  INFO 25760 --- [           main] liquibase.changelog                      : Custom SQL executed
2022-02-03 09:12:14.421  INFO 25760 --- [           main] liquibase.changelog                      : Custom SQL executed
2022-02-03 09:12:14.422  INFO 25760 --- [           main] liquibase.changelog                      : Custom SQL executed
2022-02-03 09:12:14.422  INFO 25760 --- [           main] liquibase.changelog                      : Custom SQL executed
2022-02-03 09:12:14.423  INFO 25760 --- [           main] liquibase.changelog                      : Custom SQL executed
2022-02-03 09:12:14.423  INFO 25760 --- [           main] liquibase.changelog                      : Custom SQL executed
2022-02-03 09:12:14.423  INFO 25760 --- [           main] liquibase.changelog                      : Custom SQL executed
2022-02-03 09:12:14.424  INFO 25760 --- [           main] liquibase.changelog                      : Custom SQL executed
2022-02-03 09:12:14.424  INFO 25760 --- [           main] liquibase.changelog                      : Custom SQL executed
2022-02-03 09:12:14.425  INFO 25760 --- [           main] liquibase.changelog                      : Custom SQL executed
2022-02-03 09:12:14.425  INFO 25760 --- [           main] liquibase.changelog                      : Custom SQL executed
2022-02-03 09:12:14.425  INFO 25760 --- [           main] liquibase.changelog                      : Custom SQL executed
2022-02-03 09:12:14.426  INFO 25760 --- [           main] liquibase.changelog                      : Custom SQL executed
2022-02-03 09:12:14.426  INFO 25760 --- [           main] liquibase.changelog                      : Custom SQL executed
2022-02-03 09:12:14.427  INFO 25760 --- [           main] liquibase.changelog                      : Custom SQL executed
2022-02-03 09:12:14.427  INFO 25760 --- [           main] liquibase.changelog                      : Custom SQL executed
2022-02-03 09:12:14.427  INFO 25760 --- [           main] liquibase.changelog                      : Custom SQL executed
2022-02-03 09:12:14.428  INFO 25760 --- [           main] liquibase.changelog                      : Custom SQL executed
2022-02-03 09:12:14.428  INFO 25760 --- [           main] liquibase.changelog                      : Custom SQL executed
2022-02-03 09:12:14.429  INFO 25760 --- [           main] liquibase.changelog                      : Custom SQL executed
2022-02-03 09:12:14.429  INFO 25760 --- [           main] liquibase.changelog                      : Custom SQL executed
2022-02-03 09:12:14.430  INFO 25760 --- [           main] liquibase.changelog                      : Custom SQL executed
2022-02-03 09:12:14.430  INFO 25760 --- [           main] liquibase.changelog                      : Custom SQL executed
2022-02-03 09:12:14.431  INFO 25760 --- [           main] liquibase.changelog                      : Custom SQL executed
2022-02-03 09:12:14.431  INFO 25760 --- [           main] liquibase.changelog                      : Custom SQL executed
2022-02-03 09:12:14.432  INFO 25760 --- [           main] liquibase.changelog                      : Custom SQL executed
2022-02-03 09:12:14.432  INFO 25760 --- [           main] liquibase.changelog                      : Custom SQL executed
2022-02-03 09:12:14.433  INFO 25760 --- [           main] liquibase.changelog                      : Custom SQL executed
2022-02-03 09:12:14.434  INFO 25760 --- [           main] liquibase.changelog                      : Custom SQL executed
2022-02-03 09:12:14.434  INFO 25760 --- [           main] liquibase.changelog                      : Custom SQL executed
2022-02-03 09:12:14.434  INFO 25760 --- [           main] liquibase.changelog                      : Custom SQL executed
2022-02-03 09:12:14.435  INFO 25760 --- [           main] liquibase.changelog                      : Custom SQL executed
2022-02-03 09:12:14.435  INFO 25760 --- [           main] liquibase.changelog                      : Custom SQL executed
2022-02-03 09:12:14.436  INFO 25760 --- [           main] liquibase.changelog                      : Custom SQL executed
2022-02-03 09:12:14.437  INFO 25760 --- [           main] liquibase.changelog                      : Custom SQL executed
2022-02-03 09:12:14.437  INFO 25760 --- [           main] liquibase.changelog                      : Custom SQL executed
2022-02-03 09:12:14.438  INFO 25760 --- [           main] liquibase.changelog                      : Custom SQL executed
2022-02-03 09:12:14.439  INFO 25760 --- [           main] liquibase.changelog                      : Custom SQL executed
2022-02-03 09:12:14.440  INFO 25760 --- [           main] liquibase.changelog                      : Custom SQL executed
2022-02-03 09:12:14.440  INFO 25760 --- [           main] liquibase.changelog                      : Custom SQL executed
2022-02-03 09:12:14.441  INFO 25760 --- [           main] liquibase.changelog                      : Custom SQL executed
2022-02-03 09:12:14.441  INFO 25760 --- [           main] liquibase.changelog                      : Custom SQL executed
2022-02-03 09:12:14.441  INFO 25760 --- [           main] liquibase.changelog                      : Custom SQL executed
2022-02-03 09:12:14.442  INFO 25760 --- [           main] liquibase.changelog                      : Custom SQL executed
2022-02-03 09:12:14.442  INFO 25760 --- [           main] liquibase.changelog                      : Custom SQL executed
2022-02-03 09:12:14.443  INFO 25760 --- [           main] liquibase.changelog                      : Custom SQL executed
2022-02-03 09:12:14.443  INFO 25760 --- [           main] liquibase.changelog                      : Custom SQL executed
2022-02-03 09:12:14.443  INFO 25760 --- [           main] liquibase.changelog                      : Custom SQL executed
2022-02-03 09:12:14.444  INFO 25760 --- [           main] liquibase.changelog                      : Custom SQL executed
2022-02-03 09:12:14.444  INFO 25760 --- [           main] liquibase.changelog                      : Custom SQL executed
2022-02-03 09:12:14.445  INFO 25760 --- [           main] liquibase.changelog                      : Custom SQL executed
2022-02-03 09:12:14.445  INFO 25760 --- [           main] liquibase.changelog                      : Custom SQL executed
2022-02-03 09:12:14.445  INFO 25760 --- [           main] liquibase.changelog                      : Custom SQL executed
2022-02-03 09:12:14.446  INFO 25760 --- [           main] liquibase.changelog                      : Custom SQL executed
2022-02-03 09:12:14.446  INFO 25760 --- [           main] liquibase.changelog                      : Custom SQL executed
2022-02-03 09:12:14.447  INFO 25760 --- [           main] liquibase.changelog                      : Custom SQL executed
2022-02-03 09:12:14.447  INFO 25760 --- [           main] liquibase.changelog                      : Custom SQL executed
2022-02-03 09:12:14.448  INFO 25760 --- [           main] liquibase.changelog                      : Custom SQL executed
2022-02-03 09:12:14.448  INFO 25760 --- [           main] liquibase.changelog                      : Custom SQL executed
2022-02-03 09:12:14.449  INFO 25760 --- [           main] liquibase.changelog                      : Custom SQL executed
2022-02-03 09:12:14.449  INFO 25760 --- [           main] liquibase.changelog                      : Custom SQL executed
2022-02-03 09:12:14.450  INFO 25760 --- [           main] liquibase.changelog                      : Custom SQL executed
2022-02-03 09:12:14.450  INFO 25760 --- [           main] liquibase.changelog                      : Custom SQL executed
2022-02-03 09:12:14.450  INFO 25760 --- [           main] liquibase.changelog                      : Custom SQL executed
2022-02-03 09:12:14.451  INFO 25760 --- [           main] liquibase.changelog                      : Custom SQL executed
2022-02-03 09:12:14.451  INFO 25760 --- [           main] liquibase.changelog                      : Custom SQL executed
2022-02-03 09:12:14.452  INFO 25760 --- [           main] liquibase.changelog                      : Custom SQL executed
2022-02-03 09:12:14.452  INFO 25760 --- [           main] liquibase.changelog                      : Custom SQL executed
2022-02-03 09:12:14.452  INFO 25760 --- [           main] liquibase.changelog                      : Custom SQL executed
2022-02-03 09:12:14.453  INFO 25760 --- [           main] liquibase.changelog                      : Custom SQL executed
2022-02-03 09:12:14.453  INFO 25760 --- [           main] liquibase.changelog                      : Custom SQL executed
2022-02-03 09:12:14.453  INFO 25760 --- [           main] liquibase.changelog                      : Custom SQL executed
2022-02-03 09:12:14.454  INFO 25760 --- [           main] liquibase.changelog                      : Custom SQL executed
2022-02-03 09:12:14.454  INFO 25760 --- [           main] liquibase.changelog                      : Custom SQL executed
2022-02-03 09:12:14.455  INFO 25760 --- [           main] liquibase.changelog                      : Custom SQL executed
2022-02-03 09:12:14.455  INFO 25760 --- [           main] liquibase.changelog                      : Custom SQL executed
2022-02-03 09:12:14.455  INFO 25760 --- [           main] liquibase.changelog                      : Custom SQL executed
2022-02-03 09:12:14.456  INFO 25760 --- [           main] liquibase.changelog                      : Custom SQL executed
2022-02-03 09:12:14.456  INFO 25760 --- [           main] liquibase.changelog                      : Custom SQL executed
2022-02-03 09:12:14.457  INFO 25760 --- [           main] liquibase.changelog                      : Custom SQL executed
2022-02-03 09:12:14.457  INFO 25760 --- [           main] liquibase.changelog                      : Custom SQL executed
2022-02-03 09:12:14.458  INFO 25760 --- [           main] liquibase.changelog                      : Custom SQL executed
2022-02-03 09:12:14.458  INFO 25760 --- [           main] liquibase.changelog                      : Custom SQL executed
2022-02-03 09:12:14.458  INFO 25760 --- [           main] liquibase.changelog                      : Custom SQL executed
2022-02-03 09:12:14.459  INFO 25760 --- [           main] liquibase.changelog                      : Custom SQL executed
2022-02-03 09:12:14.459  INFO 25760 --- [           main] liquibase.changelog                      : Custom SQL executed
2022-02-03 09:12:14.459  INFO 25760 --- [           main] liquibase.changelog                      : Custom SQL executed
2022-02-03 09:12:14.460  INFO 25760 --- [           main] liquibase.changelog                      : Custom SQL executed
2022-02-03 09:12:14.460  INFO 25760 --- [           main] liquibase.changelog                      : Custom SQL executed
2022-02-03 09:12:14.461  INFO 25760 --- [           main] liquibase.changelog                      : Custom SQL executed
2022-02-03 09:12:14.461  INFO 25760 --- [           main] liquibase.changelog                      : Custom SQL executed
2022-02-03 09:12:14.461  INFO 25760 --- [           main] liquibase.changelog                      : Custom SQL executed
2022-02-03 09:12:14.462  INFO 25760 --- [           main] liquibase.changelog                      : Custom SQL executed
2022-02-03 09:12:14.462  INFO 25760 --- [           main] liquibase.changelog                      : Custom SQL executed
2022-02-03 09:12:14.463  INFO 25760 --- [           main] liquibase.changelog                      : Custom SQL executed
2022-02-03 09:12:14.463  INFO 25760 --- [           main] liquibase.changelog                      : Custom SQL executed
2022-02-03 09:12:14.463  INFO 25760 --- [           main] liquibase.changelog                      : Custom SQL executed
2022-02-03 09:12:14.464  INFO 25760 --- [           main] liquibase.changelog                      : Custom SQL executed
2022-02-03 09:12:14.464  INFO 25760 --- [           main] liquibase.changelog                      : Custom SQL executed
2022-02-03 09:12:14.465  INFO 25760 --- [           main] liquibase.changelog                      : Custom SQL executed
2022-02-03 09:12:14.465  INFO 25760 --- [           main] liquibase.changelog                      : Custom SQL executed
2022-02-03 09:12:14.465  INFO 25760 --- [           main] liquibase.changelog                      : Custom SQL executed
2022-02-03 09:12:14.466  INFO 25760 --- [           main] liquibase.changelog                      : Custom SQL executed
2022-02-03 09:12:14.466  INFO 25760 --- [           main] liquibase.changelog                      : Custom SQL executed
2022-02-03 09:12:14.466  INFO 25760 --- [           main] liquibase.changelog                      : Custom SQL executed
2022-02-03 09:12:14.467  INFO 25760 --- [           main] liquibase.changelog                      : Custom SQL executed
2022-02-03 09:12:14.467  INFO 25760 --- [           main] liquibase.changelog                      : Custom SQL executed
2022-02-03 09:12:14.468  INFO 25760 --- [           main] liquibase.changelog                      : Custom SQL executed
2022-02-03 09:12:14.468  INFO 25760 --- [           main] liquibase.changelog                      : Custom SQL executed
2022-02-03 09:12:14.468  INFO 25760 --- [           main] liquibase.changelog                      : Custom SQL executed
2022-02-03 09:12:14.469  INFO 25760 --- [           main] liquibase.changelog                      : Custom SQL executed
2022-02-03 09:12:14.469  INFO 25760 --- [           main] liquibase.changelog                      : Custom SQL executed
2022-02-03 09:12:14.470  INFO 25760 --- [           main] liquibase.changelog                      : Custom SQL executed
2022-02-03 09:12:14.470  INFO 25760 --- [           main] liquibase.changelog                      : Custom SQL executed
2022-02-03 09:12:14.470  INFO 25760 --- [           main] liquibase.changelog                      : Custom SQL executed
2022-02-03 09:12:14.471  INFO 25760 --- [           main] liquibase.changelog                      : Custom SQL executed
2022-02-03 09:12:14.471  INFO 25760 --- [           main] liquibase.changelog                      : Custom SQL executed
2022-02-03 09:12:14.472  INFO 25760 --- [           main] liquibase.changelog                      : Custom SQL executed
2022-02-03 09:12:14.472  INFO 25760 --- [           main] liquibase.changelog                      : Custom SQL executed
2022-02-03 09:12:14.472  INFO 25760 --- [           main] liquibase.changelog                      : Custom SQL executed
2022-02-03 09:12:14.473  INFO 25760 --- [           main] liquibase.changelog                      : Custom SQL executed
2022-02-03 09:12:14.473  INFO 25760 --- [           main] liquibase.changelog                      : Custom SQL executed
2022-02-03 09:12:14.473  INFO 25760 --- [           main] liquibase.changelog                      : Custom SQL executed
2022-02-03 09:12:14.474  INFO 25760 --- [           main] liquibase.changelog                      : Custom SQL executed
2022-02-03 09:12:14.474  INFO 25760 --- [           main] liquibase.changelog                      : Custom SQL executed
2022-02-03 09:12:14.475  INFO 25760 --- [           main] liquibase.changelog                      : Custom SQL executed
2022-02-03 09:12:14.475  INFO 25760 --- [           main] liquibase.changelog                      : Custom SQL executed
2022-02-03 09:12:14.476  INFO 25760 --- [           main] liquibase.changelog                      : Custom SQL executed
2022-02-03 09:12:14.477  INFO 25760 --- [           main] liquibase.changelog                      : Custom SQL executed
2022-02-03 09:12:14.477  INFO 25760 --- [           main] liquibase.changelog                      : Custom SQL executed
2022-02-03 09:12:14.478  INFO 25760 --- [           main] liquibase.changelog                      : Custom SQL executed
2022-02-03 09:12:14.478  INFO 25760 --- [           main] liquibase.changelog                      : Custom SQL executed
2022-02-03 09:12:14.479  INFO 25760 --- [           main] liquibase.changelog                      : Custom SQL executed
2022-02-03 09:12:14.479  INFO 25760 --- [           main] liquibase.changelog                      : Custom SQL executed
2022-02-03 09:12:14.479  INFO 25760 --- [           main] liquibase.changelog                      : Custom SQL executed
2022-02-03 09:12:14.480  INFO 25760 --- [           main] liquibase.changelog                      : Custom SQL executed
2022-02-03 09:12:14.480  INFO 25760 --- [           main] liquibase.changelog                      : Custom SQL executed
2022-02-03 09:12:14.480  INFO 25760 --- [           main] liquibase.changelog                      : Custom SQL executed
2022-02-03 09:12:14.481  INFO 25760 --- [           main] liquibase.changelog                      : Custom SQL executed
2022-02-03 09:12:14.481  INFO 25760 --- [           main] liquibase.changelog                      : Custom SQL executed
2022-02-03 09:12:14.482  INFO 25760 --- [           main] liquibase.changelog                      : Custom SQL executed
2022-02-03 09:12:14.482  INFO 25760 --- [           main] liquibase.changelog                      : Custom SQL executed
2022-02-03 09:12:14.482  INFO 25760 --- [           main] liquibase.changelog                      : Custom SQL executed
2022-02-03 09:12:14.483  INFO 25760 --- [           main] liquibase.changelog                      : Custom SQL executed
2022-02-03 09:12:14.483  INFO 25760 --- [           main] liquibase.changelog                      : Custom SQL executed
2022-02-03 09:12:14.484  INFO 25760 --- [           main] liquibase.changelog                      : Custom SQL executed
2022-02-03 09:12:14.484  INFO 25760 --- [           main] liquibase.changelog                      : Custom SQL executed
2022-02-03 09:12:14.484  INFO 25760 --- [           main] liquibase.changelog                      : Custom SQL executed
2022-02-03 09:12:14.485  INFO 25760 --- [           main] liquibase.changelog                      : Custom SQL executed
2022-02-03 09:12:14.485  INFO 25760 --- [           main] liquibase.changelog                      : Custom SQL executed
2022-02-03 09:12:14.485  INFO 25760 --- [           main] liquibase.changelog                      : Custom SQL executed
2022-02-03 09:12:14.486  INFO 25760 --- [           main] liquibase.changelog                      : Custom SQL executed
2022-02-03 09:12:14.486  INFO 25760 --- [           main] liquibase.changelog                      : Custom SQL executed
2022-02-03 09:12:14.487  INFO 25760 --- [           main] liquibase.changelog                      : Custom SQL executed
2022-02-03 09:12:14.487  INFO 25760 --- [           main] liquibase.changelog                      : Custom SQL executed
2022-02-03 09:12:14.487  INFO 25760 --- [           main] liquibase.changelog                      : Custom SQL executed
2022-02-03 09:12:14.488  INFO 25760 --- [           main] liquibase.changelog                      : Custom SQL executed
2022-02-03 09:12:14.488  INFO 25760 --- [           main] liquibase.changelog                      : Custom SQL executed
2022-02-03 09:12:14.489  INFO 25760 --- [           main] liquibase.changelog                      : Custom SQL executed
2022-02-03 09:12:14.489  INFO 25760 --- [           main] liquibase.changelog                      : Custom SQL executed
2022-02-03 09:12:14.489  INFO 25760 --- [           main] liquibase.changelog                      : Custom SQL executed
2022-02-03 09:12:14.490  INFO 25760 --- [           main] liquibase.changelog                      : Custom SQL executed
2022-02-03 09:12:14.490  INFO 25760 --- [           main] liquibase.changelog                      : Custom SQL executed
2022-02-03 09:12:14.491  INFO 25760 --- [           main] liquibase.changelog                      : Custom SQL executed
2022-02-03 09:12:14.491  INFO 25760 --- [           main] liquibase.changelog                      : Custom SQL executed
2022-02-03 09:12:14.491  INFO 25760 --- [           main] liquibase.changelog                      : Custom SQL executed
2022-02-03 09:12:14.492  INFO 25760 --- [           main] liquibase.changelog                      : Custom SQL executed
2022-02-03 09:12:14.492  INFO 25760 --- [           main] liquibase.changelog                      : Custom SQL executed
2022-02-03 09:12:14.493  INFO 25760 --- [           main] liquibase.changelog                      : Custom SQL executed
2022-02-03 09:12:14.493  INFO 25760 --- [           main] liquibase.changelog                      : Custom SQL executed
2022-02-03 09:12:14.493  INFO 25760 --- [           main] liquibase.changelog                      : Custom SQL executed
2022-02-03 09:12:14.494  INFO 25760 --- [           main] liquibase.changelog                      : Custom SQL executed
2022-02-03 09:12:14.494  INFO 25760 --- [           main] liquibase.changelog                      : Custom SQL executed
2022-02-03 09:12:14.494  INFO 25760 --- [           main] liquibase.changelog                      : Custom SQL executed
2022-02-03 09:12:14.495  INFO 25760 --- [           main] liquibase.changelog                      : Custom SQL executed
2022-02-03 09:12:14.495  INFO 25760 --- [           main] liquibase.changelog                      : Custom SQL executed
2022-02-03 09:12:14.496  INFO 25760 --- [           main] liquibase.changelog                      : Custom SQL executed
2022-02-03 09:12:14.496  INFO 25760 --- [           main] liquibase.changelog                      : Custom SQL executed
2022-02-03 09:12:14.496  INFO 25760 --- [           main] liquibase.changelog                      : Custom SQL executed
2022-02-03 09:12:14.497  INFO 25760 --- [           main] liquibase.changelog                      : Custom SQL executed
2022-02-03 09:12:14.497  INFO 25760 --- [           main] liquibase.changelog                      : Custom SQL executed
2022-02-03 09:12:14.498  INFO 25760 --- [           main] liquibase.changelog                      : Custom SQL executed
2022-02-03 09:12:14.498  INFO 25760 --- [           main] liquibase.changelog                      : Custom SQL executed
2022-02-03 09:12:14.498  INFO 25760 --- [           main] liquibase.changelog                      : Custom SQL executed
2022-02-03 09:12:14.499  INFO 25760 --- [           main] liquibase.changelog                      : Custom SQL executed
2022-02-03 09:12:14.499  INFO 25760 --- [           main] liquibase.changelog                      : Custom SQL executed
2022-02-03 09:12:14.500  INFO 25760 --- [           main] liquibase.changelog                      : Custom SQL executed
2022-02-03 09:12:14.500  INFO 25760 --- [           main] liquibase.changelog                      : Custom SQL executed
2022-02-03 09:12:14.500  INFO 25760 --- [           main] liquibase.changelog                      : Custom SQL executed
2022-02-03 09:12:14.501  INFO 25760 --- [           main] liquibase.changelog                      : Custom SQL executed
2022-02-03 09:12:14.501  INFO 25760 --- [           main] liquibase.changelog                      : Custom SQL executed
2022-02-03 09:12:14.501  INFO 25760 --- [           main] liquibase.changelog                      : Custom SQL executed
2022-02-03 09:12:14.502  INFO 25760 --- [           main] liquibase.changelog                      : Custom SQL executed
2022-02-03 09:12:14.502  INFO 25760 --- [           main] liquibase.changelog                      : Custom SQL executed
2022-02-03 09:12:14.503  INFO 25760 --- [           main] liquibase.changelog                      : Custom SQL executed
2022-02-03 09:12:14.503  INFO 25760 --- [           main] liquibase.changelog                      : Custom SQL executed
2022-02-03 09:12:14.503  INFO 25760 --- [           main] liquibase.changelog                      : Custom SQL executed
2022-02-03 09:12:14.504  INFO 25760 --- [           main] liquibase.changelog                      : Custom SQL executed
2022-02-03 09:12:14.504  INFO 25760 --- [           main] liquibase.changelog                      : Custom SQL executed
2022-02-03 09:12:14.504  INFO 25760 --- [           main] liquibase.changelog                      : Custom SQL executed
2022-02-03 09:12:14.505  INFO 25760 --- [           main] liquibase.changelog                      : Custom SQL executed
2022-02-03 09:12:14.505  INFO 25760 --- [           main] liquibase.changelog                      : Custom SQL executed
2022-02-03 09:12:14.506  INFO 25760 --- [           main] liquibase.changelog                      : Custom SQL executed
2022-02-03 09:12:14.506  INFO 25760 --- [           main] liquibase.changelog                      : Custom SQL executed
2022-02-03 09:12:14.506  INFO 25760 --- [           main] liquibase.changelog                      : Custom SQL executed
2022-02-03 09:12:14.507  INFO 25760 --- [           main] liquibase.changelog                      : Custom SQL executed
2022-02-03 09:12:14.507  INFO 25760 --- [           main] liquibase.changelog                      : Custom SQL executed
2022-02-03 09:12:14.508  INFO 25760 --- [           main] liquibase.changelog                      : Custom SQL executed
2022-02-03 09:12:14.508  INFO 25760 --- [           main] liquibase.changelog                      : Custom SQL executed
2022-02-03 09:12:14.509  INFO 25760 --- [           main] liquibase.changelog                      : Custom SQL executed
2022-02-03 09:12:14.510  INFO 25760 --- [           main] liquibase.changelog                      : Custom SQL executed
2022-02-03 09:12:14.510  INFO 25760 --- [           main] liquibase.changelog                      : Custom SQL executed
2022-02-03 09:12:14.511  INFO 25760 --- [           main] liquibase.changelog                      : Custom SQL executed
2022-02-03 09:12:14.512  INFO 25760 --- [           main] liquibase.changelog                      : Custom SQL executed
2022-02-03 09:12:14.512  INFO 25760 --- [           main] liquibase.changelog                      : Custom SQL executed
2022-02-03 09:12:14.513  INFO 25760 --- [           main] liquibase.changelog                      : Custom SQL executed
2022-02-03 09:12:14.513  INFO 25760 --- [           main] liquibase.changelog                      : Custom SQL executed
2022-02-03 09:12:14.514  INFO 25760 --- [           main] liquibase.changelog                      : Custom SQL executed
2022-02-03 09:12:14.514  INFO 25760 --- [           main] liquibase.changelog                      : Custom SQL executed
2022-02-03 09:12:14.515  INFO 25760 --- [           main] liquibase.changelog                      : Custom SQL executed
2022-02-03 09:12:14.515  INFO 25760 --- [           main] liquibase.changelog                      : Custom SQL executed
2022-02-03 09:12:14.516  INFO 25760 --- [           main] liquibase.changelog                      : Custom SQL executed
2022-02-03 09:12:14.516  INFO 25760 --- [           main] liquibase.changelog                      : Custom SQL executed
2022-02-03 09:12:14.516  INFO 25760 --- [           main] liquibase.changelog                      : Custom SQL executed
2022-02-03 09:12:14.517  INFO 25760 --- [           main] liquibase.changelog                      : Custom SQL executed
2022-02-03 09:12:14.517  INFO 25760 --- [           main] liquibase.changelog                      : Custom SQL executed
2022-02-03 09:12:14.518  INFO 25760 --- [           main] liquibase.changelog                      : Custom SQL executed
2022-02-03 09:12:14.518  INFO 25760 --- [           main] liquibase.changelog                      : Custom SQL executed
2022-02-03 09:12:14.519  INFO 25760 --- [           main] liquibase.changelog                      : Custom SQL executed
2022-02-03 09:12:14.519  INFO 25760 --- [           main] liquibase.changelog                      : Custom SQL executed
2022-02-03 09:12:14.519  INFO 25760 --- [           main] liquibase.changelog                      : Custom SQL executed
2022-02-03 09:12:14.520  INFO 25760 --- [           main] liquibase.changelog                      : Custom SQL executed
2022-02-03 09:12:14.520  INFO 25760 --- [           main] liquibase.changelog                      : Custom SQL executed
2022-02-03 09:12:14.521  INFO 25760 --- [           main] liquibase.changelog                      : Custom SQL executed
2022-02-03 09:12:14.521  INFO 25760 --- [           main] liquibase.changelog                      : Custom SQL executed
2022-02-03 09:12:14.521  INFO 25760 --- [           main] liquibase.changelog                      : Custom SQL executed
2022-02-03 09:12:14.522  INFO 25760 --- [           main] liquibase.changelog                      : Custom SQL executed
2022-02-03 09:12:14.522  INFO 25760 --- [           main] liquibase.changelog                      : Custom SQL executed
2022-02-03 09:12:14.523  INFO 25760 --- [           main] liquibase.changelog                      : Custom SQL executed
2022-02-03 09:12:14.523  INFO 25760 --- [           main] liquibase.changelog                      : Custom SQL executed
2022-02-03 09:12:14.523  INFO 25760 --- [           main] liquibase.changelog                      : Custom SQL executed
2022-02-03 09:12:14.524  INFO 25760 --- [           main] liquibase.changelog                      : Custom SQL executed
2022-02-03 09:12:14.524  INFO 25760 --- [           main] liquibase.changelog                      : Custom SQL executed
2022-02-03 09:12:14.524  INFO 25760 --- [           main] liquibase.changelog                      : Custom SQL executed
2022-02-03 09:12:14.525  INFO 25760 --- [           main] liquibase.changelog                      : Custom SQL executed
2022-02-03 09:12:14.525  INFO 25760 --- [           main] liquibase.changelog                      : Custom SQL executed
2022-02-03 09:12:14.526  INFO 25760 --- [           main] liquibase.changelog                      : Custom SQL executed
2022-02-03 09:12:14.526  INFO 25760 --- [           main] liquibase.changelog                      : Custom SQL executed
2022-02-03 09:12:14.526  INFO 25760 --- [           main] liquibase.changelog                      : Custom SQL executed
2022-02-03 09:12:14.527  INFO 25760 --- [           main] liquibase.changelog                      : Custom SQL executed
2022-02-03 09:12:14.527  INFO 25760 --- [           main] liquibase.changelog                      : Custom SQL executed
2022-02-03 09:12:14.528  INFO 25760 --- [           main] liquibase.changelog                      : Custom SQL executed
2022-02-03 09:12:14.528  INFO 25760 --- [           main] liquibase.changelog                      : Custom SQL executed
2022-02-03 09:12:14.529  INFO 25760 --- [           main] liquibase.changelog                      : Custom SQL executed
2022-02-03 09:12:14.529  INFO 25760 --- [           main] liquibase.changelog                      : Custom SQL executed
2022-02-03 09:12:14.529  INFO 25760 --- [           main] liquibase.changelog                      : Custom SQL executed
2022-02-03 09:12:14.530  INFO 25760 --- [           main] liquibase.changelog                      : Custom SQL executed
2022-02-03 09:12:14.530  INFO 25760 --- [           main] liquibase.changelog                      : Custom SQL executed
2022-02-03 09:12:14.531  INFO 25760 --- [           main] liquibase.changelog                      : Custom SQL executed
2022-02-03 09:12:14.531  INFO 25760 --- [           main] liquibase.changelog                      : Custom SQL executed
2022-02-03 09:12:14.532  INFO 25760 --- [           main] liquibase.changelog                      : Custom SQL executed
2022-02-03 09:12:14.532  INFO 25760 --- [           main] liquibase.changelog                      : Custom SQL executed
2022-02-03 09:12:14.533  INFO 25760 --- [           main] liquibase.changelog                      : Custom SQL executed
2022-02-03 09:12:14.533  INFO 25760 --- [           main] liquibase.changelog                      : Custom SQL executed
2022-02-03 09:12:14.534  INFO 25760 --- [           main] liquibase.changelog                      : Custom SQL executed
2022-02-03 09:12:14.534  INFO 25760 --- [           main] liquibase.changelog                      : Custom SQL executed
2022-02-03 09:12:14.535  INFO 25760 --- [           main] liquibase.changelog                      : Custom SQL executed
2022-02-03 09:12:14.535  INFO 25760 --- [           main] liquibase.changelog                      : Custom SQL executed
2022-02-03 09:12:14.536  INFO 25760 --- [           main] liquibase.changelog                      : Custom SQL executed
2022-02-03 09:12:14.536  INFO 25760 --- [           main] liquibase.changelog                      : Custom SQL executed
2022-02-03 09:12:14.537  INFO 25760 --- [           main] liquibase.changelog                      : Custom SQL executed
2022-02-03 09:12:14.537  INFO 25760 --- [           main] liquibase.changelog                      : Custom SQL executed
2022-02-03 09:12:14.538  INFO 25760 --- [           main] liquibase.changelog                      : Custom SQL executed
2022-02-03 09:12:14.538  INFO 25760 --- [           main] liquibase.changelog                      : Custom SQL executed
2022-02-03 09:12:14.538  INFO 25760 --- [           main] liquibase.changelog                      : Custom SQL executed
2022-02-03 09:12:14.539  INFO 25760 --- [           main] liquibase.changelog                      : Custom SQL executed
2022-02-03 09:12:14.539  INFO 25760 --- [           main] liquibase.changelog                      : Custom SQL executed
2022-02-03 09:12:14.540  INFO 25760 --- [           main] liquibase.changelog                      : Custom SQL executed
2022-02-03 09:12:14.540  INFO 25760 --- [           main] liquibase.changelog                      : Custom SQL executed
2022-02-03 09:12:14.541  INFO 25760 --- [           main] liquibase.changelog                      : Custom SQL executed
2022-02-03 09:12:14.541  INFO 25760 --- [           main] liquibase.changelog                      : Custom SQL executed
2022-02-03 09:12:14.541  INFO 25760 --- [           main] liquibase.changelog                      : Custom SQL executed
2022-02-03 09:12:14.542  INFO 25760 --- [           main] liquibase.changelog                      : Custom SQL executed
2022-02-03 09:12:14.542  INFO 25760 --- [           main] liquibase.changelog                      : Custom SQL executed
2022-02-03 09:12:14.543  INFO 25760 --- [           main] liquibase.changelog                      : Custom SQL executed
2022-02-03 09:12:14.543  INFO 25760 --- [           main] liquibase.changelog                      : Custom SQL executed
2022-02-03 09:12:14.544  INFO 25760 --- [           main] liquibase.changelog                      : Custom SQL executed
2022-02-03 09:12:14.544  INFO 25760 --- [           main] liquibase.changelog                      : Custom SQL executed
2022-02-03 09:12:14.545  INFO 25760 --- [           main] liquibase.changelog                      : Custom SQL executed
2022-02-03 09:12:14.545  INFO 25760 --- [           main] liquibase.changelog                      : Custom SQL executed
2022-02-03 09:12:14.545  INFO 25760 --- [           main] liquibase.changelog                      : Custom SQL executed
2022-02-03 09:12:14.546  INFO 25760 --- [           main] liquibase.changelog                      : Custom SQL executed
2022-02-03 09:12:14.546  INFO 25760 --- [           main] liquibase.changelog                      : Custom SQL executed
2022-02-03 09:12:14.547  INFO 25760 --- [           main] liquibase.changelog                      : Custom SQL executed
2022-02-03 09:12:14.547  INFO 25760 --- [           main] liquibase.changelog                      : Custom SQL executed
2022-02-03 09:12:14.548  INFO 25760 --- [           main] liquibase.changelog                      : Custom SQL executed
2022-02-03 09:12:14.548  INFO 25760 --- [           main] liquibase.changelog                      : Custom SQL executed
2022-02-03 09:12:14.549  INFO 25760 --- [           main] liquibase.changelog                      : Custom SQL executed
2022-02-03 09:12:14.549  INFO 25760 --- [           main] liquibase.changelog                      : Custom SQL executed
2022-02-03 09:12:14.549  INFO 25760 --- [           main] liquibase.changelog                      : Custom SQL executed
2022-02-03 09:12:14.550  INFO 25760 --- [           main] liquibase.changelog                      : Custom SQL executed
2022-02-03 09:12:14.550  INFO 25760 --- [           main] liquibase.changelog                      : Custom SQL executed
2022-02-03 09:12:14.551  INFO 25760 --- [           main] liquibase.changelog                      : Custom SQL executed
2022-02-03 09:12:14.551  INFO 25760 --- [           main] liquibase.changelog                      : Custom SQL executed
2022-02-03 09:12:14.552  INFO 25760 --- [           main] liquibase.changelog                      : Custom SQL executed
2022-02-03 09:12:14.552  INFO 25760 --- [           main] liquibase.changelog                      : Custom SQL executed
2022-02-03 09:12:14.553  INFO 25760 --- [           main] liquibase.changelog                      : Custom SQL executed
2022-02-03 09:12:14.554  INFO 25760 --- [           main] liquibase.changelog                      : Custom SQL executed
2022-02-03 09:12:14.554  INFO 25760 --- [           main] liquibase.changelog                      : Custom SQL executed
2022-02-03 09:12:14.555  INFO 25760 --- [           main] liquibase.changelog                      : Custom SQL executed
2022-02-03 09:12:14.555  INFO 25760 --- [           main] liquibase.changelog                      : Custom SQL executed
2022-02-03 09:12:14.555  INFO 25760 --- [           main] liquibase.changelog                      : Custom SQL executed
2022-02-03 09:12:14.556  INFO 25760 --- [           main] liquibase.changelog                      : Custom SQL executed
2022-02-03 09:12:14.556  INFO 25760 --- [           main] liquibase.changelog                      : Custom SQL executed
2022-02-03 09:12:14.556  INFO 25760 --- [           main] liquibase.changelog                      : Custom SQL executed
2022-02-03 09:12:14.557  INFO 25760 --- [           main] liquibase.changelog                      : Custom SQL executed
2022-02-03 09:12:14.557  INFO 25760 --- [           main] liquibase.changelog                      : Custom SQL executed
2022-02-03 09:12:14.558  INFO 25760 --- [           main] liquibase.changelog                      : Custom SQL executed
2022-02-03 09:12:14.558  INFO 25760 --- [           main] liquibase.changelog                      : Custom SQL executed
2022-02-03 09:12:14.558  INFO 25760 --- [           main] liquibase.changelog                      : Custom SQL executed
2022-02-03 09:12:14.559  INFO 25760 --- [           main] liquibase.changelog                      : Custom SQL executed
2022-02-03 09:12:14.559  INFO 25760 --- [           main] liquibase.changelog                      : Custom SQL executed
2022-02-03 09:12:14.560  INFO 25760 --- [           main] liquibase.changelog                      : Custom SQL executed
2022-02-03 09:12:14.560  INFO 25760 --- [           main] liquibase.changelog                      : Custom SQL executed
2022-02-03 09:12:14.560  INFO 25760 --- [           main] liquibase.changelog                      : Custom SQL executed
2022-02-03 09:12:14.561  INFO 25760 --- [           main] liquibase.changelog                      : Custom SQL executed
2022-02-03 09:12:14.561  INFO 25760 --- [           main] liquibase.changelog                      : Custom SQL executed
2022-02-03 09:12:14.562  INFO 25760 --- [           main] liquibase.changelog                      : Custom SQL executed
2022-02-03 09:12:14.562  INFO 25760 --- [           main] liquibase.changelog                      : Custom SQL executed
2022-02-03 09:12:14.562  INFO 25760 --- [           main] liquibase.changelog                      : Custom SQL executed
2022-02-03 09:12:14.563  INFO 25760 --- [           main] liquibase.changelog                      : Custom SQL executed
2022-02-03 09:12:14.563  INFO 25760 --- [           main] liquibase.changelog                      : Custom SQL executed
2022-02-03 09:12:14.564  INFO 25760 --- [           main] liquibase.changelog                      : Custom SQL executed
2022-02-03 09:12:14.564  INFO 25760 --- [           main] liquibase.changelog                      : Custom SQL executed
2022-02-03 09:12:14.564  INFO 25760 --- [           main] liquibase.changelog                      : Custom SQL executed
2022-02-03 09:12:14.565  INFO 25760 --- [           main] liquibase.changelog                      : Custom SQL executed
2022-02-03 09:12:14.565  INFO 25760 --- [           main] liquibase.changelog                      : Custom SQL executed
2022-02-03 09:12:14.566  INFO 25760 --- [           main] liquibase.changelog                      : Custom SQL executed
2022-02-03 09:12:14.566  INFO 25760 --- [           main] liquibase.changelog                      : Custom SQL executed
2022-02-03 09:12:14.566  INFO 25760 --- [           main] liquibase.changelog                      : Custom SQL executed
2022-02-03 09:12:14.567  INFO 25760 --- [           main] liquibase.changelog                      : Custom SQL executed
2022-02-03 09:12:14.567  INFO 25760 --- [           main] liquibase.changelog                      : Custom SQL executed
2022-02-03 09:12:14.568  INFO 25760 --- [           main] liquibase.changelog                      : Custom SQL executed
2022-02-03 09:12:14.568  INFO 25760 --- [           main] liquibase.changelog                      : Custom SQL executed
2022-02-03 09:12:14.568  INFO 25760 --- [           main] liquibase.changelog                      : Custom SQL executed
2022-02-03 09:12:14.569  INFO 25760 --- [           main] liquibase.changelog                      : Custom SQL executed
2022-02-03 09:12:14.570  INFO 25760 --- [           main] liquibase.changelog                      : Custom SQL executed
2022-02-03 09:12:14.570  INFO 25760 --- [           main] liquibase.changelog                      : Custom SQL executed
2022-02-03 09:12:14.571  INFO 25760 --- [           main] liquibase.changelog                      : Custom SQL executed
2022-02-03 09:12:14.572  INFO 25760 --- [           main] liquibase.changelog                      : Custom SQL executed
2022-02-03 09:12:14.572  INFO 25760 --- [           main] liquibase.changelog                      : Custom SQL executed
2022-02-03 09:12:14.573  INFO 25760 --- [           main] liquibase.changelog                      : Custom SQL executed
2022-02-03 09:12:14.573  INFO 25760 --- [           main] liquibase.changelog                      : Custom SQL executed
2022-02-03 09:12:14.573  INFO 25760 --- [           main] liquibase.changelog                      : Custom SQL executed
2022-02-03 09:12:14.574  INFO 25760 --- [           main] liquibase.changelog                      : Custom SQL executed
2022-02-03 09:12:14.574  INFO 25760 --- [           main] liquibase.changelog                      : Custom SQL executed
2022-02-03 09:12:14.574  INFO 25760 --- [           main] liquibase.changelog                      : Custom SQL executed
2022-02-03 09:12:14.575  INFO 25760 --- [           main] liquibase.changelog                      : Custom SQL executed
2022-02-03 09:12:14.575  INFO 25760 --- [           main] liquibase.changelog                      : Custom SQL executed
2022-02-03 09:12:14.576  INFO 25760 --- [           main] liquibase.changelog                      : Custom SQL executed
2022-02-03 09:12:14.576  INFO 25760 --- [           main] liquibase.changelog                      : Custom SQL executed
2022-02-03 09:12:14.577  INFO 25760 --- [           main] liquibase.changelog                      : Custom SQL executed
2022-02-03 09:12:14.577  INFO 25760 --- [           main] liquibase.changelog                      : Custom SQL executed
2022-02-03 09:12:14.578  INFO 25760 --- [           main] liquibase.changelog                      : Custom SQL executed
2022-02-03 09:12:14.578  INFO 25760 --- [           main] liquibase.changelog                      : Custom SQL executed
2022-02-03 09:12:14.578  INFO 25760 --- [           main] liquibase.changelog                      : Custom SQL executed
2022-02-03 09:12:14.579  INFO 25760 --- [           main] liquibase.changelog                      : Custom SQL executed
2022-02-03 09:12:14.579  INFO 25760 --- [           main] liquibase.changelog                      : Custom SQL executed
2022-02-03 09:12:14.580  INFO 25760 --- [           main] liquibase.changelog                      : Custom SQL executed
2022-02-03 09:12:14.580  INFO 25760 --- [           main] liquibase.changelog                      : Custom SQL executed
2022-02-03 09:12:14.580  INFO 25760 --- [           main] liquibase.changelog                      : Custom SQL executed
2022-02-03 09:12:14.603  INFO 25760 --- [           main] liquibase.changelog                      : ChangeSet db/data/municipio_data.yaml::estados_data::alejandro.hernandez ran successfully in 1433ms
2022-02-03 09:12:14.614  INFO 25760 --- [           main] liquibase.changelog                      : Custom SQL executed
2022-02-03 09:12:14.615  INFO 25760 --- [           main] liquibase.changelog                      : Custom SQL executed
2022-02-03 09:12:14.615  INFO 25760 --- [           main] liquibase.changelog                      : Custom SQL executed
2022-02-03 09:12:14.616  INFO 25760 --- [           main] liquibase.changelog                      : Custom SQL executed
2022-02-03 09:12:14.617  INFO 25760 --- [           main] liquibase.changelog                      : Custom SQL executed
2022-02-03 09:12:14.618  INFO 25760 --- [           main] liquibase.changelog                      : Custom SQL executed
2022-02-03 09:12:14.619  INFO 25760 --- [           main] liquibase.changelog                      : Custom SQL executed
2022-02-03 09:12:14.619  INFO 25760 --- [           main] liquibase.changelog                      : Custom SQL executed
2022-02-03 09:12:14.620  INFO 25760 --- [           main] liquibase.changelog                      : Custom SQL executed
2022-02-03 09:12:14.621  INFO 25760 --- [           main] liquibase.changelog                      : Custom SQL executed
2022-02-03 09:12:14.622  INFO 25760 --- [           main] liquibase.changelog                      : Custom SQL executed
2022-02-03 09:12:14.622  INFO 25760 --- [           main] liquibase.changelog                      : Custom SQL executed
2022-02-03 09:12:14.623  INFO 25760 --- [           main] liquibase.changelog                      : Custom SQL executed
2022-02-03 09:12:14.624  INFO 25760 --- [           main] liquibase.changelog                      : Custom SQL executed
2022-02-03 09:12:14.625  INFO 25760 --- [           main] liquibase.changelog                      : Custom SQL executed
2022-02-03 09:12:14.626  INFO 25760 --- [           main] liquibase.changelog                      : Custom SQL executed
2022-02-03 09:12:14.626  INFO 25760 --- [           main] liquibase.changelog                      : Custom SQL executed
2022-02-03 09:12:14.627  INFO 25760 --- [           main] liquibase.changelog                      : Custom SQL executed
2022-02-03 09:12:14.628  INFO 25760 --- [           main] liquibase.changelog                      : Custom SQL executed
2022-02-03 09:12:14.629  INFO 25760 --- [           main] liquibase.changelog                      : Custom SQL executed
2022-02-03 09:12:14.629  INFO 25760 --- [           main] liquibase.changelog                      : Custom SQL executed
2022-02-03 09:12:14.630  INFO 25760 --- [           main] liquibase.changelog                      : Custom SQL executed
2022-02-03 09:12:14.631  INFO 25760 --- [           main] liquibase.changelog                      : Custom SQL executed
2022-02-03 09:12:14.632  INFO 25760 --- [           main] liquibase.changelog                      : Custom SQL executed
2022-02-03 09:12:14.632  INFO 25760 --- [           main] liquibase.changelog                      : Custom SQL executed
2022-02-03 09:12:14.633  INFO 25760 --- [           main] liquibase.changelog                      : Custom SQL executed
2022-02-03 09:12:14.634  INFO 25760 --- [           main] liquibase.changelog                      : Custom SQL executed
2022-02-03 09:12:14.634  INFO 25760 --- [           main] liquibase.changelog                      : Custom SQL executed
2022-02-03 09:12:14.635  INFO 25760 --- [           main] liquibase.changelog                      : Custom SQL executed
2022-02-03 09:12:14.636  INFO 25760 --- [           main] liquibase.changelog                      : Custom SQL executed
2022-02-03 09:12:14.637  INFO 25760 --- [           main] liquibase.changelog                      : Custom SQL executed
2022-02-03 09:12:14.637  INFO 25760 --- [           main] liquibase.changelog                      : Custom SQL executed
2022-02-03 09:12:14.638  INFO 25760 --- [           main] liquibase.changelog                      : Custom SQL executed
2022-02-03 09:12:14.639  INFO 25760 --- [           main] liquibase.changelog                      : Custom SQL executed
2022-02-03 09:12:14.640  INFO 25760 --- [           main] liquibase.changelog                      : Custom SQL executed
2022-02-03 09:12:14.640  INFO 25760 --- [           main] liquibase.changelog                      : Custom SQL executed
2022-02-03 09:12:14.641  INFO 25760 --- [           main] liquibase.changelog                      : Custom SQL executed
2022-02-03 09:12:14.642  INFO 25760 --- [           main] liquibase.changelog                      : Custom SQL executed
2022-02-03 09:12:14.642  INFO 25760 --- [           main] liquibase.changelog                      : Custom SQL executed
2022-02-03 09:12:14.643  INFO 25760 --- [           main] liquibase.changelog                      : Custom SQL executed
2022-02-03 09:12:14.644  INFO 25760 --- [           main] liquibase.changelog                      : Custom SQL executed
2022-02-03 09:12:14.644  INFO 25760 --- [           main] liquibase.changelog                      : Custom SQL executed
2022-02-03 09:12:14.645  INFO 25760 --- [           main] liquibase.changelog                      : Custom SQL executed
2022-02-03 09:12:14.646  INFO 25760 --- [           main] liquibase.changelog                      : Custom SQL executed
2022-02-03 09:12:14.646  INFO 25760 --- [           main] liquibase.changelog                      : Custom SQL executed
2022-02-03 09:12:14.647  INFO 25760 --- [           main] liquibase.changelog                      : Custom SQL executed
2022-02-03 09:12:14.648  INFO 25760 --- [           main] liquibase.changelog                      : Custom SQL executed
2022-02-03 09:12:14.648  INFO 25760 --- [           main] liquibase.changelog                      : Custom SQL executed
2022-02-03 09:12:14.649  INFO 25760 --- [           main] liquibase.changelog                      : Custom SQL executed
2022-02-03 09:12:14.649  INFO 25760 --- [           main] liquibase.changelog                      : Custom SQL executed
2022-02-03 09:12:14.650  INFO 25760 --- [           main] liquibase.changelog                      : Custom SQL executed
2022-02-03 09:12:14.650  INFO 25760 --- [           main] liquibase.changelog                      : Custom SQL executed
2022-02-03 09:12:14.651  INFO 25760 --- [           main] liquibase.changelog                      : Custom SQL executed
2022-02-03 09:12:14.652  INFO 25760 --- [           main] liquibase.changelog                      : Custom SQL executed
2022-02-03 09:12:14.652  INFO 25760 --- [           main] liquibase.changelog                      : Custom SQL executed
2022-02-03 09:12:14.653  INFO 25760 --- [           main] liquibase.changelog                      : Custom SQL executed
2022-02-03 09:12:14.654  INFO 25760 --- [           main] liquibase.changelog                      : Custom SQL executed
2022-02-03 09:12:14.654  INFO 25760 --- [           main] liquibase.changelog                      : Custom SQL executed
2022-02-03 09:12:14.655  INFO 25760 --- [           main] liquibase.changelog                      : Custom SQL executed
2022-02-03 09:12:14.656  INFO 25760 --- [           main] liquibase.changelog                      : Custom SQL executed
2022-02-03 09:12:14.657  INFO 25760 --- [           main] liquibase.changelog                      : Custom SQL executed
2022-02-03 09:12:14.657  INFO 25760 --- [           main] liquibase.changelog                      : Custom SQL executed
2022-02-03 09:12:14.658  INFO 25760 --- [           main] liquibase.changelog                      : Custom SQL executed
2022-02-03 09:12:14.659  INFO 25760 --- [           main] liquibase.changelog                      : Custom SQL executed
2022-02-03 09:12:14.659  INFO 25760 --- [           main] liquibase.changelog                      : Custom SQL executed
2022-02-03 09:12:14.660  INFO 25760 --- [           main] liquibase.changelog                      : Custom SQL executed
2022-02-03 09:12:14.661  INFO 25760 --- [           main] liquibase.changelog                      : Custom SQL executed
2022-02-03 09:12:14.661  INFO 25760 --- [           main] liquibase.changelog                      : Custom SQL executed
2022-02-03 09:12:14.662  INFO 25760 --- [           main] liquibase.changelog                      : Custom SQL executed
2022-02-03 09:12:14.663  INFO 25760 --- [           main] liquibase.changelog                      : Custom SQL executed
2022-02-03 09:12:14.663  INFO 25760 --- [           main] liquibase.changelog                      : Custom SQL executed
2022-02-03 09:12:14.664  INFO 25760 --- [           main] liquibase.changelog                      : Custom SQL executed
2022-02-03 09:12:14.665  INFO 25760 --- [           main] liquibase.changelog                      : Custom SQL executed
2022-02-03 09:12:14.665  INFO 25760 --- [           main] liquibase.changelog                      : Custom SQL executed
2022-02-03 09:12:14.666  INFO 25760 --- [           main] liquibase.changelog                      : Custom SQL executed
2022-02-03 09:12:14.666  INFO 25760 --- [           main] liquibase.changelog                      : Custom SQL executed
2022-02-03 09:12:14.667  INFO 25760 --- [           main] liquibase.changelog                      : Custom SQL executed
2022-02-03 09:12:14.667  INFO 25760 --- [           main] liquibase.changelog                      : Custom SQL executed
2022-02-03 09:12:14.668  INFO 25760 --- [           main] liquibase.changelog                      : Custom SQL executed
2022-02-03 09:12:14.668  INFO 25760 --- [           main] liquibase.changelog                      : Custom SQL executed
2022-02-03 09:12:14.668  INFO 25760 --- [           main] liquibase.changelog                      : Custom SQL executed
2022-02-03 09:12:14.669  INFO 25760 --- [           main] liquibase.changelog                      : Custom SQL executed
2022-02-03 09:12:14.669  INFO 25760 --- [           main] liquibase.changelog                      : Custom SQL executed
2022-02-03 09:12:14.670  INFO 25760 --- [           main] liquibase.changelog                      : Custom SQL executed
2022-02-03 09:12:14.670  INFO 25760 --- [           main] liquibase.changelog                      : Custom SQL executed
2022-02-03 09:12:14.671  INFO 25760 --- [           main] liquibase.changelog                      : Custom SQL executed
2022-02-03 09:12:14.671  INFO 25760 --- [           main] liquibase.changelog                      : Custom SQL executed
2022-02-03 09:12:14.671  INFO 25760 --- [           main] liquibase.changelog                      : Custom SQL executed
2022-02-03 09:12:14.672  INFO 25760 --- [           main] liquibase.changelog                      : Custom SQL executed
2022-02-03 09:12:14.673  INFO 25760 --- [           main] liquibase.changelog                      : Custom SQL executed
2022-02-03 09:12:14.673  INFO 25760 --- [           main] liquibase.changelog                      : Custom SQL executed
2022-02-03 09:12:14.673  INFO 25760 --- [           main] liquibase.changelog                      : Custom SQL executed
2022-02-03 09:12:14.674  INFO 25760 --- [           main] liquibase.changelog                      : Custom SQL executed
2022-02-03 09:12:14.674  INFO 25760 --- [           main] liquibase.changelog                      : Custom SQL executed
2022-02-03 09:12:14.675  INFO 25760 --- [           main] liquibase.changelog                      : Custom SQL executed
2022-02-03 09:12:14.675  INFO 25760 --- [           main] liquibase.changelog                      : Custom SQL executed
2022-02-03 09:12:14.675  INFO 25760 --- [           main] liquibase.changelog                      : Custom SQL executed
2022-02-03 09:12:14.676  INFO 25760 --- [           main] liquibase.changelog                      : Custom SQL executed
2022-02-03 09:12:14.676  INFO 25760 --- [           main] liquibase.changelog                      : Custom SQL executed
2022-02-03 09:12:14.677  INFO 25760 --- [           main] liquibase.changelog                      : Custom SQL executed
2022-02-03 09:12:14.677  INFO 25760 --- [           main] liquibase.changelog                      : Custom SQL executed
2022-02-03 09:12:14.678  INFO 25760 --- [           main] liquibase.changelog                      : Custom SQL executed
2022-02-03 09:12:14.678  INFO 25760 --- [           main] liquibase.changelog                      : Custom SQL executed
2022-02-03 09:12:14.678  INFO 25760 --- [           main] liquibase.changelog                      : Custom SQL executed
2022-02-03 09:12:14.679  INFO 25760 --- [           main] liquibase.changelog                      : Custom SQL executed
2022-02-03 09:12:14.679  INFO 25760 --- [           main] liquibase.changelog                      : Custom SQL executed
2022-02-03 09:12:14.680  INFO 25760 --- [           main] liquibase.changelog                      : Custom SQL executed
2022-02-03 09:12:14.680  INFO 25760 --- [           main] liquibase.changelog                      : Custom SQL executed
2022-02-03 09:12:14.681  INFO 25760 --- [           main] liquibase.changelog                      : Custom SQL executed
2022-02-03 09:12:14.681  INFO 25760 --- [           main] liquibase.changelog                      : Custom SQL executed
2022-02-03 09:12:14.682  INFO 25760 --- [           main] liquibase.changelog                      : Custom SQL executed
2022-02-03 09:12:14.682  INFO 25760 --- [           main] liquibase.changelog                      : Custom SQL executed
2022-02-03 09:12:14.683  INFO 25760 --- [           main] liquibase.changelog                      : Custom SQL executed
2022-02-03 09:12:14.684  INFO 25760 --- [           main] liquibase.changelog                      : Custom SQL executed
2022-02-03 09:12:14.684  INFO 25760 --- [           main] liquibase.changelog                      : Custom SQL executed
2022-02-03 09:12:14.685  INFO 25760 --- [           main] liquibase.changelog                      : Custom SQL executed
2022-02-03 09:12:14.686  INFO 25760 --- [           main] liquibase.changelog                      : Custom SQL executed
2022-02-03 09:12:14.686  INFO 25760 --- [           main] liquibase.changelog                      : Custom SQL executed
2022-02-03 09:12:14.687  INFO 25760 --- [           main] liquibase.changelog                      : Custom SQL executed
2022-02-03 09:12:14.688  INFO 25760 --- [           main] liquibase.changelog                      : Custom SQL executed
2022-02-03 09:12:14.688  INFO 25760 --- [           main] liquibase.changelog                      : Custom SQL executed
2022-02-03 09:12:14.689  INFO 25760 --- [           main] liquibase.changelog                      : Custom SQL executed
2022-02-03 09:12:14.689  INFO 25760 --- [           main] liquibase.changelog                      : Custom SQL executed
2022-02-03 09:12:14.689  INFO 25760 --- [           main] liquibase.changelog                      : Custom SQL executed
2022-02-03 09:12:14.690  INFO 25760 --- [           main] liquibase.changelog                      : Custom SQL executed
2022-02-03 09:12:14.690  INFO 25760 --- [           main] liquibase.changelog                      : Custom SQL executed
2022-02-03 09:12:14.691  INFO 25760 --- [           main] liquibase.changelog                      : Custom SQL executed
2022-02-03 09:12:14.691  INFO 25760 --- [           main] liquibase.changelog                      : Custom SQL executed
2022-02-03 09:12:14.691  INFO 25760 --- [           main] liquibase.changelog                      : Custom SQL executed
2022-02-03 09:12:14.692  INFO 25760 --- [           main] liquibase.changelog                      : Custom SQL executed
2022-02-03 09:12:14.692  INFO 25760 --- [           main] liquibase.changelog                      : ChangeSet db/data/pais_data.yaml::pais_data::alejandro.hernandez ran successfully in 80ms
2022-02-03 09:12:14.694  INFO 25760 --- [           main] liquibase.changelog                      : New row inserted into cat_escolaridad
2022-02-03 09:12:14.695  INFO 25760 --- [           main] liquibase.changelog                      : New row inserted into cat_escolaridad
2022-02-03 09:12:14.696  INFO 25760 --- [           main] liquibase.changelog                      : New row inserted into cat_escolaridad
2022-02-03 09:12:14.697  INFO 25760 --- [           main] liquibase.changelog                      : New row inserted into cat_escolaridad
2022-02-03 09:12:14.698  INFO 25760 --- [           main] liquibase.changelog                      : New row inserted into cat_escolaridad
2022-02-03 09:12:14.699  INFO 25760 --- [           main] liquibase.changelog                      : New row inserted into cat_escolaridad
2022-02-03 09:12:14.699  INFO 25760 --- [           main] liquibase.changelog                      : New row inserted into cat_escolaridad
2022-02-03 09:12:14.700  INFO 25760 --- [           main] liquibase.changelog                      : New row inserted into cat_escolaridad
2022-02-03 09:12:14.701  INFO 25760 --- [           main] liquibase.changelog                      : New row inserted into cat_escolaridad
2022-02-03 09:12:14.702  INFO 25760 --- [           main] liquibase.changelog                      : New row inserted into cat_escolaridad
2022-02-03 09:12:14.703  INFO 25760 --- [           main] liquibase.changelog                      : New row inserted into cat_escolaridad
2022-02-03 09:12:14.704  INFO 25760 --- [           main] liquibase.changelog                      : New row inserted into cat_escolaridad
2022-02-03 09:12:14.704  INFO 25760 --- [           main] liquibase.changelog                      : New row inserted into cat_escolaridad
2022-02-03 09:12:14.705  INFO 25760 --- [           main] liquibase.changelog                      : New row inserted into cat_escolaridad
2022-02-03 09:12:14.705  INFO 25760 --- [           main] liquibase.changelog                      : New row inserted into cat_escolaridad
2022-02-03 09:12:14.706  INFO 25760 --- [           main] liquibase.changelog                      : New row inserted into cat_escolaridad
2022-02-03 09:12:14.707  INFO 25760 --- [           main] liquibase.changelog                      : New row inserted into cat_escolaridad
2022-02-03 09:12:14.707  INFO 25760 --- [           main] liquibase.changelog                      : New row inserted into cat_escolaridad
2022-02-03 09:12:14.708  INFO 25760 --- [           main] liquibase.changelog                      : New row inserted into cat_escolaridad
2022-02-03 09:12:14.709  INFO 25760 --- [           main] liquibase.changelog                      : ChangeSet db/data/escolaridad_data.yaml::escolaridad_data::alejandro.hernandez ran successfully in 16ms
2022-02-03 09:12:14.712  INFO 25760 --- [           main] liquibase.changelog                      : Custom SQL executed
2022-02-03 09:12:14.713  INFO 25760 --- [           main] liquibase.changelog                      : Custom SQL executed
2022-02-03 09:12:14.713  INFO 25760 --- [           main] liquibase.changelog                      : Custom SQL executed
2022-02-03 09:12:14.714  INFO 25760 --- [           main] liquibase.changelog                      : Custom SQL executed
2022-02-03 09:12:14.714  INFO 25760 --- [           main] liquibase.changelog                      : Custom SQL executed
2022-02-03 09:12:14.715  INFO 25760 --- [           main] liquibase.changelog                      : Custom SQL executed
2022-02-03 09:12:14.716  INFO 25760 --- [           main] liquibase.changelog                      : Custom SQL executed
2022-02-03 09:12:14.717  INFO 25760 --- [           main] liquibase.changelog                      : Custom SQL executed
2022-02-03 09:12:14.718  INFO 25760 --- [           main] liquibase.changelog                      : Custom SQL executed
2022-02-03 09:12:14.718  INFO 25760 --- [           main] liquibase.changelog                      : Custom SQL executed
2022-02-03 09:12:14.719  INFO 25760 --- [           main] liquibase.changelog                      : Custom SQL executed
2022-02-03 09:12:14.719  INFO 25760 --- [           main] liquibase.changelog                      : Custom SQL executed
2022-02-03 09:12:14.720  INFO 25760 --- [           main] liquibase.changelog                      : Custom SQL executed
2022-02-03 09:12:14.721  INFO 25760 --- [           main] liquibase.changelog                      : Custom SQL executed
2022-02-03 09:12:14.722  INFO 25760 --- [           main] liquibase.changelog                      : Custom SQL executed
2022-02-03 09:12:14.722  INFO 25760 --- [           main] liquibase.changelog                      : Custom SQL executed
2022-02-03 09:12:14.723  INFO 25760 --- [           main] liquibase.changelog                      : Custom SQL executed
2022-02-03 09:12:14.724  INFO 25760 --- [           main] liquibase.changelog                      : Custom SQL executed
2022-02-03 09:12:14.725  INFO 25760 --- [           main] liquibase.changelog                      : Custom SQL executed
2022-02-03 09:12:14.726  INFO 25760 --- [           main] liquibase.changelog                      : Custom SQL executed
2022-02-03 09:12:14.727  INFO 25760 --- [           main] liquibase.changelog                      : Custom SQL executed
2022-02-03 09:12:14.728  INFO 25760 --- [           main] liquibase.changelog                      : Custom SQL executed
2022-02-03 09:12:14.729  INFO 25760 --- [           main] liquibase.changelog                      : Custom SQL executed
2022-02-03 09:12:14.729  INFO 25760 --- [           main] liquibase.changelog                      : Custom SQL executed
2022-02-03 09:12:14.730  INFO 25760 --- [           main] liquibase.changelog                      : Custom SQL executed
2022-02-03 09:12:14.731  INFO 25760 --- [           main] liquibase.changelog                      : Custom SQL executed
2022-02-03 09:12:14.732  INFO 25760 --- [           main] liquibase.changelog                      : Custom SQL executed
2022-02-03 09:12:14.733  INFO 25760 --- [           main] liquibase.changelog                      : Custom SQL executed
2022-02-03 09:12:14.734  INFO 25760 --- [           main] liquibase.changelog                      : Custom SQL executed
2022-02-03 09:12:14.734  INFO 25760 --- [           main] liquibase.changelog                      : Custom SQL executed
2022-02-03 09:12:14.735  INFO 25760 --- [           main] liquibase.changelog                      : Custom SQL executed
2022-02-03 09:12:14.735  INFO 25760 --- [           main] liquibase.changelog                      : Custom SQL executed
2022-02-03 09:12:14.736  INFO 25760 --- [           main] liquibase.changelog                      : Custom SQL executed
2022-02-03 09:12:14.736  INFO 25760 --- [           main] liquibase.changelog                      : Custom SQL executed
2022-02-03 09:12:14.737  INFO 25760 --- [           main] liquibase.changelog                      : Custom SQL executed
2022-02-03 09:12:14.737  INFO 25760 --- [           main] liquibase.changelog                      : Custom SQL executed
2022-02-03 09:12:14.738  INFO 25760 --- [           main] liquibase.changelog                      : Custom SQL executed
2022-02-03 09:12:14.738  INFO 25760 --- [           main] liquibase.changelog                      : Custom SQL executed
2022-02-03 09:12:14.739  INFO 25760 --- [           main] liquibase.changelog                      : Custom SQL executed
2022-02-03 09:12:14.739  INFO 25760 --- [           main] liquibase.changelog                      : Custom SQL executed
2022-02-03 09:12:14.740  INFO 25760 --- [           main] liquibase.changelog                      : Custom SQL executed
2022-02-03 09:12:14.741  INFO 25760 --- [           main] liquibase.changelog                      : Custom SQL executed
2022-02-03 09:12:14.742  INFO 25760 --- [           main] liquibase.changelog                      : Custom SQL executed
2022-02-03 09:12:14.743  INFO 25760 --- [           main] liquibase.changelog                      : Custom SQL executed
2022-02-03 09:12:14.743  INFO 25760 --- [           main] liquibase.changelog                      : Custom SQL executed
2022-02-03 09:12:14.744  INFO 25760 --- [           main] liquibase.changelog                      : Custom SQL executed
2022-02-03 09:12:14.744  INFO 25760 --- [           main] liquibase.changelog                      : Custom SQL executed
2022-02-03 09:12:14.745  INFO 25760 --- [           main] liquibase.changelog                      : Custom SQL executed
2022-02-03 09:12:14.746  INFO 25760 --- [           main] liquibase.changelog                      : Custom SQL executed
2022-02-03 09:12:14.746  INFO 25760 --- [           main] liquibase.changelog                      : Custom SQL executed
2022-02-03 09:12:14.747  INFO 25760 --- [           main] liquibase.changelog                      : Custom SQL executed
2022-02-03 09:12:14.747  INFO 25760 --- [           main] liquibase.changelog                      : Custom SQL executed
2022-02-03 09:12:14.748  INFO 25760 --- [           main] liquibase.changelog                      : Custom SQL executed
2022-02-03 09:12:14.748  INFO 25760 --- [           main] liquibase.changelog                      : Custom SQL executed
2022-02-03 09:12:14.749  INFO 25760 --- [           main] liquibase.changelog                      : Custom SQL executed
2022-02-03 09:12:14.750  INFO 25760 --- [           main] liquibase.changelog                      : Custom SQL executed
2022-02-03 09:12:14.751  INFO 25760 --- [           main] liquibase.changelog                      : Custom SQL executed
2022-02-03 09:12:14.751  INFO 25760 --- [           main] liquibase.changelog                      : Custom SQL executed
2022-02-03 09:12:14.752  INFO 25760 --- [           main] liquibase.changelog                      : Custom SQL executed
2022-02-03 09:12:14.752  INFO 25760 --- [           main] liquibase.changelog                      : Custom SQL executed
2022-02-03 09:12:14.753  INFO 25760 --- [           main] liquibase.changelog                      : Custom SQL executed
2022-02-03 09:12:14.753  INFO 25760 --- [           main] liquibase.changelog                      : Custom SQL executed
2022-02-03 09:12:14.754  INFO 25760 --- [           main] liquibase.changelog                      : Custom SQL executed
2022-02-03 09:12:14.755  INFO 25760 --- [           main] liquibase.changelog                      : Custom SQL executed
2022-02-03 09:12:14.756  INFO 25760 --- [           main] liquibase.changelog                      : Custom SQL executed
2022-02-03 09:12:14.757  INFO 25760 --- [           main] liquibase.changelog                      : Custom SQL executed
2022-02-03 09:12:14.757  INFO 25760 --- [           main] liquibase.changelog                      : Custom SQL executed
2022-02-03 09:12:14.758  INFO 25760 --- [           main] liquibase.changelog                      : Custom SQL executed
2022-02-03 09:12:14.759  INFO 25760 --- [           main] liquibase.changelog                      : Custom SQL executed
2022-02-03 09:12:14.760  INFO 25760 --- [           main] liquibase.changelog                      : Custom SQL executed
2022-02-03 09:12:14.760  INFO 25760 --- [           main] liquibase.changelog                      : Custom SQL executed
2022-02-03 09:12:14.760  INFO 25760 --- [           main] liquibase.changelog                      : ChangeSet db/data/etnia_data.yaml::etnia_data::alejandro.hernandez ran successfully in 49ms
2022-02-03 09:12:14.763  INFO 25760 --- [           main] liquibase.changelog                      : Custom SQL executed
2022-02-03 09:12:14.764  INFO 25760 --- [           main] liquibase.changelog                      : Custom SQL executed
2022-02-03 09:12:14.764  INFO 25760 --- [           main] liquibase.changelog                      : ChangeSet db/data/ocupacion_data.yaml::ocupacion_data::alejandro.hernandez ran successfully in 2ms
2022-02-03 09:12:14.766  INFO 25760 --- [           main] liquibase.changelog                      : Custom SQL executed
2022-02-03 09:12:14.766  INFO 25760 --- [           main] liquibase.changelog                      : Custom SQL executed
2022-02-03 09:12:14.767  INFO 25760 --- [           main] liquibase.changelog                      : Custom SQL executed
2022-02-03 09:12:14.767  INFO 25760 --- [           main] liquibase.changelog                      : ChangeSet db/data/parentesco_data.yaml::pais_data::alejandro.hernandez ran successfully in 2ms
2022-02-03 09:12:14.769  INFO 25760 --- [           main] liquibase.changelog                      : New row inserted into cat_edo_civil
2022-02-03 09:12:14.770  INFO 25760 --- [           main] liquibase.changelog                      : New row inserted into cat_edo_civil
2022-02-03 09:12:14.770  INFO 25760 --- [           main] liquibase.changelog                      : New row inserted into cat_edo_civil
2022-02-03 09:12:14.771  INFO 25760 --- [           main] liquibase.changelog                      : New row inserted into cat_edo_civil
2022-02-03 09:12:14.771  INFO 25760 --- [           main] liquibase.changelog                      : New row inserted into cat_edo_civil
2022-02-03 09:12:14.772  INFO 25760 --- [           main] liquibase.changelog                      : New row inserted into cat_edo_civil
2022-02-03 09:12:14.772  INFO 25760 --- [           main] liquibase.changelog                      : New row inserted into cat_edo_civil
2022-02-03 09:12:14.773  INFO 25760 --- [           main] liquibase.changelog                      : New row inserted into cat_edo_civil
2022-02-03 09:12:14.773  INFO 25760 --- [           main] liquibase.changelog                      : ChangeSet db/data/estados_civil_data.yaml::estados_data::alejandro.hernandez ran successfully in 5ms
2022-02-03 09:12:14.775  INFO 25760 --- [           main] liquibase.lockservice                    : Successfully released change log lock
2022-02-03 09:12:14.889  INFO 25760 --- [           main] o.hibernate.jpa.internal.util.LogHelper  : HHH000204: Processing PersistenceUnitInfo [name: default]
2022-02-03 09:12:14.938  INFO 25760 --- [           main] org.hibernate.Version                    : HHH000412: Hibernate ORM core version 5.6.4.Final
2022-02-03 09:12:15.071  INFO 25760 --- [           main] o.hibernate.annotations.common.Version   : HCANN000001: Hibernate Commons Annotations {5.1.2.Final}
2022-02-03 09:12:15.157  INFO 25760 --- [           main] org.hibernate.dialect.Dialect            : HHH000400: Using dialect: org.hibernate.dialect.H2Dialect
2022-02-03 09:12:15.754  INFO 25760 --- [           main] o.h.e.t.j.p.i.JtaPlatformInitiator       : HHH000490: Using JtaPlatform implementation: [org.hibernate.engine.transaction.jta.platform.internal.NoJtaPlatform]
2022-02-03 09:12:15.759  INFO 25760 --- [           main] j.LocalContainerEntityManagerFactoryBean : Initialized JPA EntityManagerFactory for persistence unit 'default'
2022-02-03 09:12:16.344  WARN 25760 --- [           main] JpaBaseConfiguration$JpaWebConfiguration : spring.jpa.open-in-view is enabled by default. Therefore, database queries may be performed during view rendering. Explicitly configure spring.jpa.open-in-view to disable this warning
2022-02-03 09:12:16.422  INFO 25760 --- [           main] .s.s.UserDetailsServiceAutoConfiguration : 

Using generated security password: 71c786fa-593c-40b5-8da5-655b8ca9750a

2022-02-03 09:12:16.516  INFO 25760 --- [           main] o.s.s.web.DefaultSecurityFilterChain     : Creating filter chain: any request, [org.springframework.security.web.context.request.async.WebAsyncManagerIntegrationFilter@4a5c29dc, org.springframework.security.web.context.SecurityContextPersistenceFilter@1248ac5d, org.springframework.security.web.header.HeaderWriterFilter@250cbcb9, org.springframework.security.web.authentication.logout.LogoutFilter@4a9e03b, mx.gob.oadprs.sicosel.security.JWTAuthorizationFilter@2f90ad92, org.springframework.security.web.savedrequest.RequestCacheAwareFilter@21e58e9a, org.springframework.security.web.servletapi.SecurityContextHolderAwareRequestFilter@3da1191b, org.springframework.security.web.authentication.AnonymousAuthenticationFilter@4710332d, org.springframework.security.web.session.SessionManagementFilter@771f4556, org.springframework.security.web.access.ExceptionTranslationFilter@5dd02ce0, org.springframework.security.web.access.intercept.FilterSecurityInterceptor@3c79c7fa]
2022-02-03 09:12:17.003  INFO 25760 --- [           main] o.s.b.w.embedded.tomcat.TomcatWebServer  : Tomcat started on port(s): 33107 (http) with context path ''
2022-02-03 09:12:17.009  INFO 25760 --- [           main] m.g.o.sicosel.services.FolioServiceSpec  : Started FolioServiceSpec in 7.175 seconds (JVM running for 8.584)
]]></system-out>
  </testcase>
</testsuite>